[0.917s] Invoking command in '/home/fnikolay/turtlebot3_ws/build/turtlebot3_teleop': PYTHONPATH=/home/fnikolay/turtlebot3_ws/install/turtlebot3_teleop/lib/python3.8/site-packages:${PYTHONPATH} /usr/bin/python3 setup.py develop --prefix /home/fnikolay/turtlebot3_ws/install/turtlebot3_teleop --uninstall --editable --build-directory /home/fnikolay/turtlebot3_ws/build/turtlebot3_teleop/build
[1.242s] running develop
[1.481s] Invoked command in '/home/fnikolay/turtlebot3_ws/build/turtlebot3_teleop' returned '0': PYTHONPATH=/home/fnikolay/turtlebot3_ws/install/turtlebot3_teleop/lib/python3.8/site-packages:${PYTHONPATH} /usr/bin/python3 setup.py develop --prefix /home/fnikolay/turtlebot3_ws/install/turtlebot3_teleop --uninstall --editable --build-directory /home/fnikolay/turtlebot3_ws/build/turtlebot3_teleop/build
[1.482s] Invoking command in '/home/fnikolay/turtlebot3_ws/src/turtlebot3/turtlebot3_teleop': PYTHONPATH=/home/fnikolay/turtlebot3_ws/install/turtlebot3_teleop/lib/python3.8/site-packages:${PYTHONPATH} /usr/bin/python3 setup.py egg_info --egg-base ../../../build/turtlebot3_teleop build --build-base /home/fnikolay/turtlebot3_ws/build/turtlebot3_teleop/build install --prefix /home/fnikolay/turtlebot3_ws/install/turtlebot3_teleop --record /home/fnikolay/turtlebot3_ws/build/turtlebot3_teleop/install.log --single-version-externally-managed
[1.774s] running egg_info
[1.775s] writing ../../../build/turtlebot3_teleop/turtlebot3_teleop.egg-info/PKG-INFO
[1.775s] writing dependency_links to ../../../build/turtlebot3_teleop/turtlebot3_teleop.egg-info/dependency_links.txt
[1.775s] writing entry points to ../../../build/turtlebot3_teleop/turtlebot3_teleop.egg-info/entry_points.txt
[1.775s] writing requirements to ../../../build/turtlebot3_teleop/turtlebot3_teleop.egg-info/requires.txt
[1.775s] writing top-level names to ../../../build/turtlebot3_teleop/turtlebot3_teleop.egg-info/top_level.txt
[1.820s] reading manifest file '../../../build/turtlebot3_teleop/turtlebot3_teleop.egg-info/SOURCES.txt'
[1.822s] writing manifest file '../../../build/turtlebot3_teleop/turtlebot3_teleop.egg-info/SOURCES.txt'
[1.822s] running build
[1.823s] running build_py
[1.823s] running install
[1.824s] running install_lib
[1.826s] running install_data
[1.826s] running install_egg_info
[1.829s] removing '/home/fnikolay/turtlebot3_ws/install/turtlebot3_teleop/lib/python3.8/site-packages/turtlebot3_teleop-2.1.4-py3.8.egg-info' (and everything under it)
[1.829s] Copying ../../../build/turtlebot3_teleop/turtlebot3_teleop.egg-info to /home/fnikolay/turtlebot3_ws/install/turtlebot3_teleop/lib/python3.8/site-packages/turtlebot3_teleop-2.1.4-py3.8.egg-info
[1.830s] running install_scripts
[1.855s] Installing teleop_keyboard script to /home/fnikolay/turtlebot3_ws/install/turtlebot3_teleop/lib/turtlebot3_teleop
[1.855s] writing list of installed files to '/home/fnikolay/turtlebot3_ws/build/turtlebot3_teleop/install.log'
[1.894s] Invoked command in '/home/fnikolay/turtlebot3_ws/src/turtlebot3/turtlebot3_teleop' returned '0': PYTHONPATH=/home/fnikolay/turtlebot3_ws/install/turtlebot3_teleop/lib/python3.8/site-packages:${PYTHONPATH} /usr/bin/python3 setup.py egg_info --egg-base ../../../build/turtlebot3_teleop build --build-base /home/fnikolay/turtlebot3_ws/build/turtlebot3_teleop/build install --prefix /home/fnikolay/turtlebot3_ws/install/turtlebot3_teleop --record /home/fnikolay/turtlebot3_ws/build/turtlebot3_teleop/install.log --single-version-externally-managed
