[0.022s] Invoking command in '/home/fnikolay/turtlebot3_ws/build/turtlebot3_gazebo': AMENT_PREFIX_PATH=/home/fnikolay/turtlebot3_ws/install/turtlebot3_description:${AMENT_PREFIX_PATH} CMAKE_PREFIX_PATH=/home/fnikolay/turtlebot3_ws/install/turtlebot3_description:/opt/ros/foxy /usr/bin/cmake /home/fnikolay/turtlebot3_ws/src/turtlebot3_simulations/turtlebot3_gazebo -DAMENT_CMAKE_SYMLINK_INSTALL=1 -DCMAKE_INSTALL_PREFIX=/home/fnikolay/turtlebot3_ws/install/turtlebot3_gazebo
[0.092s] -- Found ament_cmake: 0.9.9 (/opt/ros/foxy/share/ament_cmake/cmake)
[0.119s] -- Using PYTHON_EXECUTABLE: /usr/bin/python3
[0.415s] -- Override CMake install command with custom implementation using symlinks instead of copying resources
[1.328s] -- Found DART: /usr/include (Required is at least version "6.6") found components: dart 
[2.026s] -- Found Protobuf: /usr/lib/x86_64-linux-gnu/libprotobuf.so;-lpthread (found version "3.6.1") 
[2.141s] -- Looking for ignition-math6 -- found version 6.11.0
[2.271s] -- Searching for dependencies of ignition-math6
[2.364s] -- Looking for OGRE...
[2.413s] -- Found Ogre Ghadamon (1.9.0)
[2.637s] -- Found OGRE: optimized;/usr/lib/x86_64-linux-gnu/libOgreMain.so;debug;/usr/lib/x86_64-linux-gnu/libOgreMain.so
[2.649s] -- Looking for OGRE_Paging...
[2.650s] -- Found OGRE_Paging: optimized;/usr/lib/x86_64-linux-gnu/libOgrePaging.so;debug;/usr/lib/x86_64-linux-gnu/libOgrePaging.so
[2.650s] -- Looking for OGRE_Terrain...
[2.650s] -- Found OGRE_Terrain: optimized;/usr/lib/x86_64-linux-gnu/libOgreTerrain.so;debug;/usr/lib/x86_64-linux-gnu/libOgreTerrain.so
[2.650s] -- Looking for OGRE_Property...
[2.650s] -- Found OGRE_Property: optimized;/usr/lib/x86_64-linux-gnu/libOgreProperty.so;debug;/usr/lib/x86_64-linux-gnu/libOgreProperty.so
[2.650s] -- Looking for OGRE_RTShaderSystem...
[2.650s] -- Found OGRE_RTShaderSystem: optimized;/usr/lib/x86_64-linux-gnu/libOgreRTShaderSystem.so;debug;/usr/lib/x86_64-linux-gnu/libOgreRTShaderSystem.so
[2.651s] -- Looking for OGRE_Volume...
[2.651s] -- Found OGRE_Volume: optimized;/usr/lib/x86_64-linux-gnu/libOgreVolume.so;debug;/usr/lib/x86_64-linux-gnu/libOgreVolume.so
[2.651s] -- Looking for OGRE_Overlay...
[2.651s] -- Found OGRE_Overlay: optimized;/usr/lib/x86_64-linux-gnu/libOgreOverlay.so;debug;/usr/lib/x86_64-linux-gnu/libOgreOverlay.so
[2.898s] -- Looking for ignition-math6 -- found version 6.11.0
[2.916s] -- Looking for ignition-transport8 -- found version 8.2.1
[2.917s] -- Searching for dependencies of ignition-transport8
[2.961s] -- Found Protobuf: /usr/lib/x86_64-linux-gnu/libprotobuf.so;-lpthread (found suitable version "3.6.1", minimum required is "3") 
[3.013s] -- Config-file not installed for ZeroMQ -- checking for pkg-config
[3.019s] -- Checking for module 'libzmq >= 4'
[3.177s] --   Found libzmq , version 4.3.2
[3.261s] -- Checking for module 'uuid'
[3.301s] --   Found uuid, version 2.34.0
[3.367s] -- Looking for ignition-msgs5 -- found version 5.9.0
[3.368s] -- Searching for dependencies of ignition-msgs5
[3.389s] -- Looking for ignition-math6 -- found version 6.11.0
[3.395s] -- Checking for module 'tinyxml2'
[3.427s] --   Found tinyxml2, version 6.2.0
[3.477s] -- Looking for ignition-msgs5 -- found version 5.9.0
[3.479s] -- Looking for ignition-common3 -- found version 3.14.0
[3.479s] -- Searching for dependencies of ignition-common3
[3.490s] -- Looking for dlfcn.h - found
[3.490s] -- Looking for libdl - found
[3.549s] -- Searching for <ignition-common3> component [graphics]
[3.550s] -- Looking for ignition-common3-graphics -- found version 3.14.0
[3.551s] -- Searching for dependencies of ignition-common3-graphics
[3.551s] -- Looking for ignition-math6 -- found version 6.11.0
[3.577s] -- Looking for ignition-fuel_tools4 -- found version 4.4.0
[3.578s] -- Searching for dependencies of ignition-fuel_tools4
[3.680s] -- Checking for module 'jsoncpp'
[3.701s] --   Found jsoncpp, version 1.7.4
[3.782s] -- Checking for module 'libzip'
[3.830s] --   Found libzip, version 1.5.1
[3.879s] -- Looking for ignition-common3 -- found version 3.14.0
[3.879s] -- Looking for ignition-math6 -- found version 6.11.0
[3.879s] -- Looking for ignition-msgs5 -- found version 5.9.0
[3.907s] -- Found gazebo_ros_pkgs: 3.5.3 (/opt/ros/foxy/share/gazebo_ros_pkgs/cmake)
[3.918s] -- Found geometry_msgs: 2.0.5 (/opt/ros/foxy/share/geometry_msgs/cmake)
[3.944s] -- Using all available rosidl_typesupport_c: rosidl_typesupport_fastrtps_c;rosidl_typesupport_introspection_c
[3.950s] -- Found rosidl_adapter: 1.2.1 (/opt/ros/foxy/share/rosidl_adapter/cmake)
[4.111s] -- Using all available rosidl_typesupport_cpp: rosidl_typesupport_fastrtps_cpp;rosidl_typesupport_introspection_cpp
[4.271s] -- Found nav_msgs: 2.0.5 (/opt/ros/foxy/share/nav_msgs/cmake)
[4.387s] -- Found rclcpp: 2.4.1 (/opt/ros/foxy/share/rclcpp/cmake)
[4.437s] -- Found rmw_implementation_cmake: 1.0.3 (/opt/ros/foxy/share/rmw_implementation_cmake/cmake)
[4.440s] -- Using RMW implementation 'rmw_fastrtps_cpp' as default
[4.628s] -- Found sensor_msgs: 2.0.5 (/opt/ros/foxy/share/sensor_msgs/cmake)
[4.757s] -- Found tf2: 0.13.13 (/opt/ros/foxy/share/tf2/cmake)
[4.876s] -- Configuring done
[5.137s] -- Generating done
[5.141s] -- Build files have been written to: /home/fnikolay/turtlebot3_ws/build/turtlebot3_gazebo
[5.161s] Invoked command in '/home/fnikolay/turtlebot3_ws/build/turtlebot3_gazebo' returned '0': AMENT_PREFIX_PATH=/home/fnikolay/turtlebot3_ws/install/turtlebot3_description:${AMENT_PREFIX_PATH} CMAKE_PREFIX_PATH=/home/fnikolay/turtlebot3_ws/install/turtlebot3_description:/opt/ros/foxy /usr/bin/cmake /home/fnikolay/turtlebot3_ws/src/turtlebot3_simulations/turtlebot3_gazebo -DAMENT_CMAKE_SYMLINK_INSTALL=1 -DCMAKE_INSTALL_PREFIX=/home/fnikolay/turtlebot3_ws/install/turtlebot3_gazebo
[5.163s] Invoking command in '/home/fnikolay/turtlebot3_ws/build/turtlebot3_gazebo': AMENT_PREFIX_PATH=/home/fnikolay/turtlebot3_ws/install/turtlebot3_description:${AMENT_PREFIX_PATH} CMAKE_PREFIX_PATH=/home/fnikolay/turtlebot3_ws/install/turtlebot3_description:/opt/ros/foxy /usr/bin/cmake --build /home/fnikolay/turtlebot3_ws/build/turtlebot3_gazebo -- -j4 -l4
[5.336s] [ 25%] Built target obstacle2
[5.343s] [ 50%] Built target obstacles
[5.345s] [ 75%] Built target turtlebot3_drive
[5.354s] [100%] Built target obstacle1
[5.400s] Invoked command in '/home/fnikolay/turtlebot3_ws/build/turtlebot3_gazebo' returned '0': AMENT_PREFIX_PATH=/home/fnikolay/turtlebot3_ws/install/turtlebot3_description:${AMENT_PREFIX_PATH} CMAKE_PREFIX_PATH=/home/fnikolay/turtlebot3_ws/install/turtlebot3_description:/opt/ros/foxy /usr/bin/cmake --build /home/fnikolay/turtlebot3_ws/build/turtlebot3_gazebo -- -j4 -l4
[5.525s] Invoking command in '/home/fnikolay/turtlebot3_ws/build/turtlebot3_gazebo': AMENT_PREFIX_PATH=/home/fnikolay/turtlebot3_ws/install/turtlebot3_description:${AMENT_PREFIX_PATH} CMAKE_PREFIX_PATH=/home/fnikolay/turtlebot3_ws/install/turtlebot3_description:/opt/ros/foxy /usr/bin/cmake --install /home/fnikolay/turtlebot3_ws/build/turtlebot3_gazebo
[5.549s] -- Install configuration: ""
[5.549s] -- Execute custom install script
[5.550s] -- Up-to-date symlink: /home/fnikolay/turtlebot3_ws/install/turtlebot3_gazebo/lib/turtlebot3_gazebo/turtlebot3_drive
[5.551s] -- Up-to-date symlink: /home/fnikolay/turtlebot3_ws/install/turtlebot3_gazebo/share/turtlebot3_gazebo//launch/empty_world.launch.py
[5.552s] -- Up-to-date symlink: /home/fnikolay/turtlebot3_ws/install/turtlebot3_gazebo/share/turtlebot3_gazebo//launch/robot_state_publisher.launch.py
[5.552s] -- Up-to-date symlink: /home/fnikolay/turtlebot3_ws/install/turtlebot3_gazebo/share/turtlebot3_gazebo//launch/turtlebot3_autorace.launch.py
[5.552s] -- Up-to-date symlink: /home/fnikolay/turtlebot3_ws/install/turtlebot3_gazebo/share/turtlebot3_gazebo//launch/turtlebot3_dqn_stage1.launch.py
[5.552s] -- Up-to-date symlink: /home/fnikolay/turtlebot3_ws/install/turtlebot3_gazebo/share/turtlebot3_gazebo//launch/turtlebot3_dqn_stage2.launch.py
[5.552s] -- Up-to-date symlink: /home/fnikolay/turtlebot3_ws/install/turtlebot3_gazebo/share/turtlebot3_gazebo//launch/turtlebot3_dqn_stage3.launch.py
[5.553s] -- Up-to-date symlink: /home/fnikolay/turtlebot3_ws/install/turtlebot3_gazebo/share/turtlebot3_gazebo//launch/turtlebot3_dqn_stage4.launch.py
[5.553s] -- Up-to-date symlink: /home/fnikolay/turtlebot3_ws/install/turtlebot3_gazebo/share/turtlebot3_gazebo//launch/turtlebot3_house.launch.py
[5.553s] -- Up-to-date symlink: /home/fnikolay/turtlebot3_ws/install/turtlebot3_gazebo/share/turtlebot3_gazebo//launch/turtlebot3_world.launch.py
[5.555s] -- Up-to-date symlink: /home/fnikolay/turtlebot3_ws/install/turtlebot3_gazebo/share/turtlebot3_gazebo//models/turtlebot3_autorace/course/materials/scripts/course.material
[5.555s] -- Up-to-date symlink: /home/fnikolay/turtlebot3_ws/install/turtlebot3_gazebo/share/turtlebot3_gazebo//models/turtlebot3_autorace/course/materials/textures/course.png
[5.555s] -- Up-to-date symlink: /home/fnikolay/turtlebot3_ws/install/turtlebot3_gazebo/share/turtlebot3_gazebo//models/turtlebot3_autorace/course/model.config
[5.556s] -- Up-to-date symlink: /home/fnikolay/turtlebot3_ws/install/turtlebot3_gazebo/share/turtlebot3_gazebo//models/turtlebot3_autorace/course/model.sdf
[5.556s] -- Up-to-date symlink: /home/fnikolay/turtlebot3_ws/install/turtlebot3_gazebo/share/turtlebot3_gazebo//models/turtlebot3_autorace/ground/model.config
[5.556s] -- Up-to-date symlink: /home/fnikolay/turtlebot3_ws/install/turtlebot3_gazebo/share/turtlebot3_gazebo//models/turtlebot3_autorace/ground/model.sdf
[5.556s] -- Up-to-date symlink: /home/fnikolay/turtlebot3_ws/install/turtlebot3_gazebo/share/turtlebot3_gazebo//models/turtlebot3_autorace/lights/model.config
[5.557s] -- Up-to-date symlink: /home/fnikolay/turtlebot3_ws/install/turtlebot3_gazebo/share/turtlebot3_gazebo//models/turtlebot3_autorace/lights/model.sdf
[5.557s] -- Up-to-date symlink: /home/fnikolay/turtlebot3_ws/install/turtlebot3_gazebo/share/turtlebot3_gazebo//models/turtlebot3_autorace/model.config
[5.557s] -- Up-to-date symlink: /home/fnikolay/turtlebot3_ws/install/turtlebot3_gazebo/share/turtlebot3_gazebo//models/turtlebot3_autorace/traffic_bar_down/materials/scripts/traffic_bar.material
[5.557s] -- Up-to-date symlink: /home/fnikolay/turtlebot3_ws/install/turtlebot3_gazebo/share/turtlebot3_gazebo//models/turtlebot3_autorace/traffic_bar_down/materials/textures/traffic_bar.png
[5.562s] -- Up-to-date symlink: /home/fnikolay/turtlebot3_ws/install/turtlebot3_gazebo/share/turtlebot3_gazebo//models/turtlebot3_autorace/traffic_bar_down/model.config
[5.565s] -- Up-to-date symlink: /home/fnikolay/turtlebot3_ws/install/turtlebot3_gazebo/share/turtlebot3_gazebo//models/turtlebot3_autorace/traffic_bar_down/model.sdf
[5.565s] -- Up-to-date symlink: /home/fnikolay/turtlebot3_ws/install/turtlebot3_gazebo/share/turtlebot3_gazebo//models/turtlebot3_autorace/traffic_bar_up/materials/scripts/traffic_bar.material
[5.565s] -- Up-to-date symlink: /home/fnikolay/turtlebot3_ws/install/turtlebot3_gazebo/share/turtlebot3_gazebo//models/turtlebot3_autorace/traffic_bar_up/materials/textures/traffic_bar.png
[5.566s] -- Up-to-date symlink: /home/fnikolay/turtlebot3_ws/install/turtlebot3_gazebo/share/turtlebot3_gazebo//models/turtlebot3_autorace/traffic_bar_up/model.config
[5.566s] -- Up-to-date symlink: /home/fnikolay/turtlebot3_ws/install/turtlebot3_gazebo/share/turtlebot3_gazebo//models/turtlebot3_autorace/traffic_bar_up/model.sdf
[5.566s] -- Up-to-date symlink: /home/fnikolay/turtlebot3_ws/install/turtlebot3_gazebo/share/turtlebot3_gazebo//models/turtlebot3_autorace/traffic_light_green/model.config
[5.566s] -- Up-to-date symlink: /home/fnikolay/turtlebot3_ws/install/turtlebot3_gazebo/share/turtlebot3_gazebo//models/turtlebot3_autorace/traffic_light_green/model.sdf
[5.567s] -- Up-to-date symlink: /home/fnikolay/turtlebot3_ws/install/turtlebot3_gazebo/share/turtlebot3_gazebo//models/turtlebot3_autorace/traffic_light_red/model.config
[5.567s] -- Up-to-date symlink: /home/fnikolay/turtlebot3_ws/install/turtlebot3_gazebo/share/turtlebot3_gazebo//models/turtlebot3_autorace/traffic_light_red/model.sdf
[5.567s] -- Up-to-date symlink: /home/fnikolay/turtlebot3_ws/install/turtlebot3_gazebo/share/turtlebot3_gazebo//models/turtlebot3_autorace/traffic_light_yellow/model.config
[5.567s] -- Up-to-date symlink: /home/fnikolay/turtlebot3_ws/install/turtlebot3_gazebo/share/turtlebot3_gazebo//models/turtlebot3_autorace/traffic_light_yellow/model.sdf
[5.567s] -- Up-to-date symlink: /home/fnikolay/turtlebot3_ws/install/turtlebot3_gazebo/share/turtlebot3_gazebo//models/turtlebot3_autorace/traffic_parking/materials/scripts/traffic_parking.material
[5.568s] -- Up-to-date symlink: /home/fnikolay/turtlebot3_ws/install/turtlebot3_gazebo/share/turtlebot3_gazebo//models/turtlebot3_autorace/traffic_parking/materials/textures/traffic_parking.png
[5.568s] -- Up-to-date symlink: /home/fnikolay/turtlebot3_ws/install/turtlebot3_gazebo/share/turtlebot3_gazebo//models/turtlebot3_autorace/traffic_parking/model.config
[5.568s] -- Up-to-date symlink: /home/fnikolay/turtlebot3_ws/install/turtlebot3_gazebo/share/turtlebot3_gazebo//models/turtlebot3_autorace/traffic_parking/model.sdf
[5.568s] -- Up-to-date symlink: /home/fnikolay/turtlebot3_ws/install/turtlebot3_gazebo/share/turtlebot3_gazebo//models/turtlebot3_autorace/traffic_stop/materials/scripts/traffic_stop.material
[5.568s] -- Up-to-date symlink: /home/fnikolay/turtlebot3_ws/install/turtlebot3_gazebo/share/turtlebot3_gazebo//models/turtlebot3_autorace/traffic_stop/materials/textures/traffic_stop.png
[5.568s] -- Up-to-date symlink: /home/fnikolay/turtlebot3_ws/install/turtlebot3_gazebo/share/turtlebot3_gazebo//models/turtlebot3_autorace/traffic_stop/model.config
[5.569s] -- Up-to-date symlink: /home/fnikolay/turtlebot3_ws/install/turtlebot3_gazebo/share/turtlebot3_gazebo//models/turtlebot3_autorace/traffic_stop/model.sdf
[5.569s] -- Up-to-date symlink: /home/fnikolay/turtlebot3_ws/install/turtlebot3_gazebo/share/turtlebot3_gazebo//models/turtlebot3_autorace/traffic_tunnel/materials/scripts/tunnel.material
[5.569s] -- Up-to-date symlink: /home/fnikolay/turtlebot3_ws/install/turtlebot3_gazebo/share/turtlebot3_gazebo//models/turtlebot3_autorace/traffic_tunnel/materials/textures/tunnel.png
[5.569s] -- Up-to-date symlink: /home/fnikolay/turtlebot3_ws/install/turtlebot3_gazebo/share/turtlebot3_gazebo//models/turtlebot3_autorace/traffic_tunnel/model.config
[5.569s] -- Up-to-date symlink: /home/fnikolay/turtlebot3_ws/install/turtlebot3_gazebo/share/turtlebot3_gazebo//models/turtlebot3_autorace/traffic_tunnel/model.sdf
[5.569s] -- Up-to-date symlink: /home/fnikolay/turtlebot3_ws/install/turtlebot3_gazebo/share/turtlebot3_gazebo//models/turtlebot3_autorace/tunnel_obstacles/model.config
[5.570s] -- Up-to-date symlink: /home/fnikolay/turtlebot3_ws/install/turtlebot3_gazebo/share/turtlebot3_gazebo//models/turtlebot3_autorace/tunnel_obstacles/model.sdf
[5.570s] -- Up-to-date symlink: /home/fnikolay/turtlebot3_ws/install/turtlebot3_gazebo/share/turtlebot3_gazebo//models/turtlebot3_autorace/tunnel_wall/model.config
[5.570s] -- Up-to-date symlink: /home/fnikolay/turtlebot3_ws/install/turtlebot3_gazebo/share/turtlebot3_gazebo//models/turtlebot3_autorace/tunnel_wall/model.sdf
[5.570s] -- Up-to-date symlink: /home/fnikolay/turtlebot3_ws/install/turtlebot3_gazebo/share/turtlebot3_gazebo//models/turtlebot3_burger/meshes/burger_base.dae
[5.570s] -- Up-to-date symlink: /home/fnikolay/turtlebot3_ws/install/turtlebot3_gazebo/share/turtlebot3_gazebo//models/turtlebot3_burger/meshes/lds.dae
[5.570s] -- Up-to-date symlink: /home/fnikolay/turtlebot3_ws/install/turtlebot3_gazebo/share/turtlebot3_gazebo//models/turtlebot3_burger/meshes/tire.dae
[5.571s] -- Up-to-date symlink: /home/fnikolay/turtlebot3_ws/install/turtlebot3_gazebo/share/turtlebot3_gazebo//models/turtlebot3_burger/model-1_4.sdf
[5.571s] -- Up-to-date symlink: /home/fnikolay/turtlebot3_ws/install/turtlebot3_gazebo/share/turtlebot3_gazebo//models/turtlebot3_burger/model.config
[5.571s] -- Up-to-date symlink: /home/fnikolay/turtlebot3_ws/install/turtlebot3_gazebo/share/turtlebot3_gazebo//models/turtlebot3_burger/model.sdf
[5.571s] -- Up-to-date symlink: /home/fnikolay/turtlebot3_ws/install/turtlebot3_gazebo/share/turtlebot3_gazebo//models/turtlebot3_dqn_world/goal_box/model.config
[5.571s] -- Up-to-date symlink: /home/fnikolay/turtlebot3_ws/install/turtlebot3_gazebo/share/turtlebot3_gazebo//models/turtlebot3_dqn_world/goal_box/model.sdf
[5.571s] -- Up-to-date symlink: /home/fnikolay/turtlebot3_ws/install/turtlebot3_gazebo/share/turtlebot3_gazebo//models/turtlebot3_dqn_world/inner_walls/model.config
[5.572s] -- Up-to-date symlink: /home/fnikolay/turtlebot3_ws/install/turtlebot3_gazebo/share/turtlebot3_gazebo//models/turtlebot3_dqn_world/inner_walls/model.sdf
[5.572s] -- Up-to-date symlink: /home/fnikolay/turtlebot3_ws/install/turtlebot3_gazebo/share/turtlebot3_gazebo//models/turtlebot3_dqn_world/model.config
[5.572s] -- Up-to-date symlink: /home/fnikolay/turtlebot3_ws/install/turtlebot3_gazebo/share/turtlebot3_gazebo//models/turtlebot3_dqn_world/model.sdf
[5.572s] -- Up-to-date symlink: /home/fnikolay/turtlebot3_ws/install/turtlebot3_gazebo/share/turtlebot3_gazebo//models/turtlebot3_dqn_world/obstacle1/model.config
[5.572s] -- Up-to-date symlink: /home/fnikolay/turtlebot3_ws/install/turtlebot3_gazebo/share/turtlebot3_gazebo//models/turtlebot3_dqn_world/obstacle1/model.sdf
[5.572s] -- Up-to-date symlink: /home/fnikolay/turtlebot3_ws/install/turtlebot3_gazebo/share/turtlebot3_gazebo//models/turtlebot3_dqn_world/obstacle2/model.config
[5.572s] -- Up-to-date symlink: /home/fnikolay/turtlebot3_ws/install/turtlebot3_gazebo/share/turtlebot3_gazebo//models/turtlebot3_dqn_world/obstacle2/model.sdf
[5.573s] -- Up-to-date symlink: /home/fnikolay/turtlebot3_ws/install/turtlebot3_gazebo/share/turtlebot3_gazebo//models/turtlebot3_dqn_world/obstacle_plugin/CMakeLists.txt
[5.573s] -- Up-to-date symlink: /home/fnikolay/turtlebot3_ws/install/turtlebot3_gazebo/share/turtlebot3_gazebo//models/turtlebot3_dqn_world/obstacle_plugin/obstacle1.cc
[5.573s] -- Up-to-date symlink: /home/fnikolay/turtlebot3_ws/install/turtlebot3_gazebo/share/turtlebot3_gazebo//models/turtlebot3_dqn_world/obstacle_plugin/obstacle2.cc
[5.573s] -- Up-to-date symlink: /home/fnikolay/turtlebot3_ws/install/turtlebot3_gazebo/share/turtlebot3_gazebo//models/turtlebot3_dqn_world/obstacle_plugin/obstacles.cc
[5.573s] -- Up-to-date symlink: /home/fnikolay/turtlebot3_ws/install/turtlebot3_gazebo/share/turtlebot3_gazebo//models/turtlebot3_dqn_world/obstacles/model.config
[5.573s] -- Up-to-date symlink: /home/fnikolay/turtlebot3_ws/install/turtlebot3_gazebo/share/turtlebot3_gazebo//models/turtlebot3_dqn_world/obstacles/model.sdf
[5.574s] -- Up-to-date symlink: /home/fnikolay/turtlebot3_ws/install/turtlebot3_gazebo/share/turtlebot3_gazebo//models/turtlebot3_house/model.config
[5.574s] -- Up-to-date symlink: /home/fnikolay/turtlebot3_ws/install/turtlebot3_gazebo/share/turtlebot3_gazebo//models/turtlebot3_house/model.sdf
[5.575s] -- Up-to-date symlink: /home/fnikolay/turtlebot3_ws/install/turtlebot3_gazebo/share/turtlebot3_gazebo//models/turtlebot3_waffle/meshes/lds.dae
[5.579s] -- Up-to-date symlink: /home/fnikolay/turtlebot3_ws/install/turtlebot3_gazebo/share/turtlebot3_gazebo//models/turtlebot3_waffle/meshes/r200.dae
[5.581s] -- Up-to-date symlink: /home/fnikolay/turtlebot3_ws/install/turtlebot3_gazebo/share/turtlebot3_gazebo//models/turtlebot3_waffle/meshes/tire.dae
[5.581s] -- Up-to-date symlink: /home/fnikolay/turtlebot3_ws/install/turtlebot3_gazebo/share/turtlebot3_gazebo//models/turtlebot3_waffle/meshes/waffle_base.dae
[5.581s] -- Up-to-date symlink: /home/fnikolay/turtlebot3_ws/install/turtlebot3_gazebo/share/turtlebot3_gazebo//models/turtlebot3_waffle/model-1_4.sdf
[5.581s] -- Up-to-date symlink: /home/fnikolay/turtlebot3_ws/install/turtlebot3_gazebo/share/turtlebot3_gazebo//models/turtlebot3_waffle/model.config
[5.582s] -- Up-to-date symlink: /home/fnikolay/turtlebot3_ws/install/turtlebot3_gazebo/share/turtlebot3_gazebo//models/turtlebot3_waffle/model.sdf
[5.582s] -- Up-to-date symlink: /home/fnikolay/turtlebot3_ws/install/turtlebot3_gazebo/share/turtlebot3_gazebo//models/turtlebot3_waffle_pi/meshes/lds.dae
[5.582s] -- Up-to-date symlink: /home/fnikolay/turtlebot3_ws/install/turtlebot3_gazebo/share/turtlebot3_gazebo//models/turtlebot3_waffle_pi/meshes/tire.dae
[5.582s] -- Up-to-date symlink: /home/fnikolay/turtlebot3_ws/install/turtlebot3_gazebo/share/turtlebot3_gazebo//models/turtlebot3_waffle_pi/meshes/waffle_pi_base.dae
[5.582s] -- Up-to-date symlink: /home/fnikolay/turtlebot3_ws/install/turtlebot3_gazebo/share/turtlebot3_gazebo//models/turtlebot3_waffle_pi/model-1_4_.sdf
[5.582s] -- Up-to-date symlink: /home/fnikolay/turtlebot3_ws/install/turtlebot3_gazebo/share/turtlebot3_gazebo//models/turtlebot3_waffle_pi/model.config
[5.583s] -- Up-to-date symlink: /home/fnikolay/turtlebot3_ws/install/turtlebot3_gazebo/share/turtlebot3_gazebo//models/turtlebot3_waffle_pi/model.sdf
[5.583s] -- Up-to-date symlink: /home/fnikolay/turtlebot3_ws/install/turtlebot3_gazebo/share/turtlebot3_gazebo//models/turtlebot3_world/meshes/hexagon.dae
[5.583s] -- Up-to-date symlink: /home/fnikolay/turtlebot3_ws/install/turtlebot3_gazebo/share/turtlebot3_gazebo//models/turtlebot3_world/meshes/wall.dae
[5.583s] -- Up-to-date symlink: /home/fnikolay/turtlebot3_ws/install/turtlebot3_gazebo/share/turtlebot3_gazebo//models/turtlebot3_world/model-1_4.sdf
[5.584s] -- Up-to-date symlink: /home/fnikolay/turtlebot3_ws/install/turtlebot3_gazebo/share/turtlebot3_gazebo//models/turtlebot3_world/model.config
[5.584s] -- Up-to-date symlink: /home/fnikolay/turtlebot3_ws/install/turtlebot3_gazebo/share/turtlebot3_gazebo//models/turtlebot3_world/model.sdf
[5.584s] -- Up-to-date symlink: /home/fnikolay/turtlebot3_ws/install/turtlebot3_gazebo/share/turtlebot3_gazebo//rviz/tb3_gazebo.rviz
[5.584s] -- Up-to-date symlink: /home/fnikolay/turtlebot3_ws/install/turtlebot3_gazebo/share/turtlebot3_gazebo//worlds/empty_worlds/burger.model
[5.584s] -- Up-to-date symlink: /home/fnikolay/turtlebot3_ws/install/turtlebot3_gazebo/share/turtlebot3_gazebo//worlds/empty_worlds/waffle.model
[5.585s] -- Up-to-date symlink: /home/fnikolay/turtlebot3_ws/install/turtlebot3_gazebo/share/turtlebot3_gazebo//worlds/empty_worlds/waffle_pi.model
[5.585s] -- Up-to-date symlink: /home/fnikolay/turtlebot3_ws/install/turtlebot3_gazebo/share/turtlebot3_gazebo//worlds/turtlebot3_autoraces/burger.model
[5.585s] -- Up-to-date symlink: /home/fnikolay/turtlebot3_ws/install/turtlebot3_gazebo/share/turtlebot3_gazebo//worlds/turtlebot3_autoraces/waffle.model
[5.585s] -- Up-to-date symlink: /home/fnikolay/turtlebot3_ws/install/turtlebot3_gazebo/share/turtlebot3_gazebo//worlds/turtlebot3_autoraces/waffle_pi.model
[5.585s] -- Up-to-date symlink: /home/fnikolay/turtlebot3_ws/install/turtlebot3_gazebo/share/turtlebot3_gazebo//worlds/turtlebot3_dqn_stage1/burger.model
[5.585s] -- Up-to-date symlink: /home/fnikolay/turtlebot3_ws/install/turtlebot3_gazebo/share/turtlebot3_gazebo//worlds/turtlebot3_dqn_stage1/waffle.model
[5.586s] -- Up-to-date symlink: /home/fnikolay/turtlebot3_ws/install/turtlebot3_gazebo/share/turtlebot3_gazebo//worlds/turtlebot3_dqn_stage1/waffle_pi.model
[5.586s] -- Up-to-date symlink: /home/fnikolay/turtlebot3_ws/install/turtlebot3_gazebo/share/turtlebot3_gazebo//worlds/turtlebot3_dqn_stage2/burger.model
[5.586s] -- Up-to-date symlink: /home/fnikolay/turtlebot3_ws/install/turtlebot3_gazebo/share/turtlebot3_gazebo//worlds/turtlebot3_dqn_stage2/waffle.model
[5.586s] -- Up-to-date symlink: /home/fnikolay/turtlebot3_ws/install/turtlebot3_gazebo/share/turtlebot3_gazebo//worlds/turtlebot3_dqn_stage2/waffle_pi.model
[5.586s] -- Up-to-date symlink: /home/fnikolay/turtlebot3_ws/install/turtlebot3_gazebo/share/turtlebot3_gazebo//worlds/turtlebot3_dqn_stage3/burger.model
[5.587s] -- Up-to-date symlink: /home/fnikolay/turtlebot3_ws/install/turtlebot3_gazebo/share/turtlebot3_gazebo//worlds/turtlebot3_dqn_stage3/waffle.model
[5.587s] -- Up-to-date symlink: /home/fnikolay/turtlebot3_ws/install/turtlebot3_gazebo/share/turtlebot3_gazebo//worlds/turtlebot3_dqn_stage3/waffle_pi.model
[5.587s] -- Up-to-date symlink: /home/fnikolay/turtlebot3_ws/install/turtlebot3_gazebo/share/turtlebot3_gazebo//worlds/turtlebot3_dqn_stage4/burger.model
[5.587s] -- Up-to-date symlink: /home/fnikolay/turtlebot3_ws/install/turtlebot3_gazebo/share/turtlebot3_gazebo//worlds/turtlebot3_dqn_stage4/waffle.model
[5.587s] -- Up-to-date symlink: /home/fnikolay/turtlebot3_ws/install/turtlebot3_gazebo/share/turtlebot3_gazebo//worlds/turtlebot3_dqn_stage4/waffle_pi.model
[5.587s] -- Up-to-date symlink: /home/fnikolay/turtlebot3_ws/install/turtlebot3_gazebo/share/turtlebot3_gazebo//worlds/turtlebot3_houses/burger.model
[5.588s] -- Up-to-date symlink: /home/fnikolay/turtlebot3_ws/install/turtlebot3_gazebo/share/turtlebot3_gazebo//worlds/turtlebot3_houses/waffle.model
[5.588s] -- Up-to-date symlink: /home/fnikolay/turtlebot3_ws/install/turtlebot3_gazebo/share/turtlebot3_gazebo//worlds/turtlebot3_houses/waffle_pi.model
[5.588s] -- Up-to-date symlink: /home/fnikolay/turtlebot3_ws/install/turtlebot3_gazebo/share/turtlebot3_gazebo//worlds/turtlebot3_worlds/burger.model
[5.588s] -- Up-to-date symlink: /home/fnikolay/turtlebot3_ws/install/turtlebot3_gazebo/share/turtlebot3_gazebo//worlds/turtlebot3_worlds/waffle.model
[5.589s] -- Up-to-date symlink: /home/fnikolay/turtlebot3_ws/install/turtlebot3_gazebo/share/turtlebot3_gazebo//worlds/turtlebot3_worlds/waffle_pi.model
[5.589s] -- Up-to-date symlink: /home/fnikolay/turtlebot3_ws/install/turtlebot3_gazebo/include//turtlebot3_gazebo/turtlebot3_drive.hpp
[5.589s] -- Up-to-date symlink: /home/fnikolay/turtlebot3_ws/install/turtlebot3_gazebo/share/ament_index/resource_index/package_run_dependencies/turtlebot3_gazebo
[5.589s] -- Up-to-date symlink: /home/fnikolay/turtlebot3_ws/install/turtlebot3_gazebo/share/ament_index/resource_index/parent_prefix_path/turtlebot3_gazebo
[5.590s] -- Up-to-date symlink: /home/fnikolay/turtlebot3_ws/install/turtlebot3_gazebo/share/turtlebot3_gazebo/environment/ament_prefix_path.sh
[5.590s] -- Up-to-date symlink: /home/fnikolay/turtlebot3_ws/install/turtlebot3_gazebo/share/turtlebot3_gazebo/environment/ament_prefix_path.dsv
[5.590s] -- Up-to-date symlink: /home/fnikolay/turtlebot3_ws/install/turtlebot3_gazebo/share/turtlebot3_gazebo/environment/path.sh
[5.593s] -- Up-to-date symlink: /home/fnikolay/turtlebot3_ws/install/turtlebot3_gazebo/share/turtlebot3_gazebo/environment/path.dsv
[5.593s] -- Up-to-date symlink: /home/fnikolay/turtlebot3_ws/install/turtlebot3_gazebo/share/turtlebot3_gazebo/local_setup.bash
[5.593s] -- Up-to-date symlink: /home/fnikolay/turtlebot3_ws/install/turtlebot3_gazebo/share/turtlebot3_gazebo/local_setup.sh
[5.593s] -- Up-to-date symlink: /home/fnikolay/turtlebot3_ws/install/turtlebot3_gazebo/share/turtlebot3_gazebo/local_setup.zsh
[5.594s] -- Up-to-date symlink: /home/fnikolay/turtlebot3_ws/install/turtlebot3_gazebo/share/turtlebot3_gazebo/local_setup.dsv
[5.594s] -- Symlinking: /home/fnikolay/turtlebot3_ws/install/turtlebot3_gazebo/share/turtlebot3_gazebo/package.dsv
[5.622s] -- Up-to-date symlink: /home/fnikolay/turtlebot3_ws/install/turtlebot3_gazebo/share/ament_index/resource_index/packages/turtlebot3_gazebo
[5.630s] -- Up-to-date symlink: /home/fnikolay/turtlebot3_ws/install/turtlebot3_gazebo/share/turtlebot3_gazebo/cmake/ament_cmake_export_include_directories-extras.cmake
[5.630s] -- Up-to-date symlink: /home/fnikolay/turtlebot3_ws/install/turtlebot3_gazebo/share/turtlebot3_gazebo/cmake/ament_cmake_export_dependencies-extras.cmake
[5.630s] -- Up-to-date symlink: /home/fnikolay/turtlebot3_ws/install/turtlebot3_gazebo/share/turtlebot3_gazebo/cmake/turtlebot3_gazeboConfig.cmake
[5.633s] -- Up-to-date symlink: /home/fnikolay/turtlebot3_ws/install/turtlebot3_gazebo/share/turtlebot3_gazebo/cmake/turtlebot3_gazeboConfig-version.cmake
[5.633s] -- Up-to-date symlink: /home/fnikolay/turtlebot3_ws/install/turtlebot3_gazebo/share/turtlebot3_gazebo/package.xml
[5.633s] Invoked command in '/home/fnikolay/turtlebot3_ws/build/turtlebot3_gazebo' returned '0': AMENT_PREFIX_PATH=/home/fnikolay/turtlebot3_ws/install/turtlebot3_description:${AMENT_PREFIX_PATH} CMAKE_PREFIX_PATH=/home/fnikolay/turtlebot3_ws/install/turtlebot3_description:/opt/ros/foxy /usr/bin/cmake --install /home/fnikolay/turtlebot3_ws/build/turtlebot3_gazebo
