[0.190s] Invoking command in '/home/fnikolay/turtlebot3_ws/build/turtlebot3_msgs': CMAKE_PREFIX_PATH=${CMAKE_PREFIX_PATH}:/home/fnikolay/turtlebot3_ws/install/turtlebot3_teleop:/home/fnikolay/turtlebot3_ws/install/turtlebot3_example:/opt/ros/foxy:/opt/ros/galactic /usr/bin/cmake --build /home/fnikolay/turtlebot3_ws/build/turtlebot3_msgs -- -j4 -l4
[1.485s] [  1%] Built target turtlebot3_msgs__cpp
[1.514s] [ 12%] Built target turtlebot3_msgs__rosidl_generator_c
[1.682s] [ 23%] Built target turtlebot3_msgs__rosidl_typesupport_c
[1.719s] [ 35%] Built target turtlebot3_msgs__rosidl_typesupport_introspection_cpp
[1.765s] [ 46%] Built target turtlebot3_msgs__rosidl_typesupport_cpp
[1.856s] [ 57%] Built target turtlebot3_msgs__rosidl_typesupport_introspection_c
[1.887s] [ 69%] Built target turtlebot3_msgs__rosidl_typesupport_fastrtps_cpp
[1.995s] [ 80%] Built target turtlebot3_msgs__rosidl_typesupport_fastrtps_c
[2.053s] [ 80%] Built target turtlebot3_msgs
[2.143s] [ 81%] Built target turtlebot3_msgs__py
[2.220s] [ 91%] Built target turtlebot3_msgs__python
[2.376s] [ 94%] Built target turtlebot3_msgs__rosidl_typesupport_introspection_c__pyext
[2.379s] [ 97%] Built target turtlebot3_msgs__rosidl_typesupport_fastrtps_c__pyext
[2.406s] [100%] Built target turtlebot3_msgs__rosidl_typesupport_c__pyext
[2.450s] Invoked command in '/home/fnikolay/turtlebot3_ws/build/turtlebot3_msgs' returned '0': CMAKE_PREFIX_PATH=${CMAKE_PREFIX_PATH}:/home/fnikolay/turtlebot3_ws/install/turtlebot3_teleop:/home/fnikolay/turtlebot3_ws/install/turtlebot3_example:/opt/ros/foxy:/opt/ros/galactic /usr/bin/cmake --build /home/fnikolay/turtlebot3_ws/build/turtlebot3_msgs -- -j4 -l4
[2.980s] Invoking command in '/home/fnikolay/turtlebot3_ws/build/turtlebot3_msgs': CMAKE_PREFIX_PATH=${CMAKE_PREFIX_PATH}:/home/fnikolay/turtlebot3_ws/install/turtlebot3_teleop:/home/fnikolay/turtlebot3_ws/install/turtlebot3_example:/opt/ros/foxy:/opt/ros/galactic /usr/bin/cmake --install /home/fnikolay/turtlebot3_ws/build/turtlebot3_msgs
[3.007s] -- Install configuration: ""
[3.045s] -- Execute custom install script
[3.051s] -- Up-to-date symlink: /home/fnikolay/turtlebot3_ws/install/turtlebot3_msgs/share/ament_index/resource_index/rosidl_interfaces/turtlebot3_msgs
[3.062s] -- Up-to-date symlink: /home/fnikolay/turtlebot3_ws/install/turtlebot3_msgs/include/turtlebot3_msgs/action/detail/patrol__functions.h
[3.065s] -- Up-to-date symlink: /home/fnikolay/turtlebot3_ws/install/turtlebot3_msgs/include/turtlebot3_msgs/action/detail/patrol__struct.h
[3.065s] -- Up-to-date symlink: /home/fnikolay/turtlebot3_ws/install/turtlebot3_msgs/include/turtlebot3_msgs/action/detail/patrol__type_support.h
[3.065s] -- Up-to-date symlink: /home/fnikolay/turtlebot3_ws/install/turtlebot3_msgs/include/turtlebot3_msgs/action/patrol.h
[3.072s] -- Up-to-date symlink: /home/fnikolay/turtlebot3_ws/install/turtlebot3_msgs/include/turtlebot3_msgs/msg/detail/sensor_state__functions.h
[3.074s] -- Up-to-date symlink: /home/fnikolay/turtlebot3_ws/install/turtlebot3_msgs/include/turtlebot3_msgs/msg/detail/sensor_state__struct.h
[3.075s] -- Up-to-date symlink: /home/fnikolay/turtlebot3_ws/install/turtlebot3_msgs/include/turtlebot3_msgs/msg/detail/sensor_state__type_support.h
[3.075s] -- Up-to-date symlink: /home/fnikolay/turtlebot3_ws/install/turtlebot3_msgs/include/turtlebot3_msgs/msg/detail/sound__functions.h
[3.076s] -- Up-to-date symlink: /home/fnikolay/turtlebot3_ws/install/turtlebot3_msgs/include/turtlebot3_msgs/msg/detail/sound__struct.h
[3.078s] -- Up-to-date symlink: /home/fnikolay/turtlebot3_ws/install/turtlebot3_msgs/include/turtlebot3_msgs/msg/detail/sound__type_support.h
[3.079s] -- Up-to-date symlink: /home/fnikolay/turtlebot3_ws/install/turtlebot3_msgs/include/turtlebot3_msgs/msg/detail/version_info__functions.h
[3.079s] -- Up-to-date symlink: /home/fnikolay/turtlebot3_ws/install/turtlebot3_msgs/include/turtlebot3_msgs/msg/detail/version_info__struct.h
[3.082s] -- Up-to-date symlink: /home/fnikolay/turtlebot3_ws/install/turtlebot3_msgs/include/turtlebot3_msgs/msg/detail/version_info__type_support.h
[3.082s] -- Up-to-date symlink: /home/fnikolay/turtlebot3_ws/install/turtlebot3_msgs/include/turtlebot3_msgs/msg/rosidl_generator_c__visibility_control.h
[3.082s] -- Up-to-date symlink: /home/fnikolay/turtlebot3_ws/install/turtlebot3_msgs/include/turtlebot3_msgs/msg/sensor_state.h
[3.083s] -- Up-to-date symlink: /home/fnikolay/turtlebot3_ws/install/turtlebot3_msgs/include/turtlebot3_msgs/msg/sound.h
[3.084s] -- Up-to-date symlink: /home/fnikolay/turtlebot3_ws/install/turtlebot3_msgs/include/turtlebot3_msgs/msg/version_info.h
[3.087s] -- Up-to-date symlink: /home/fnikolay/turtlebot3_ws/install/turtlebot3_msgs/include/turtlebot3_msgs/srv/detail/dqn__functions.h
[3.087s] -- Up-to-date symlink: /home/fnikolay/turtlebot3_ws/install/turtlebot3_msgs/include/turtlebot3_msgs/srv/detail/dqn__struct.h
[3.090s] -- Up-to-date symlink: /home/fnikolay/turtlebot3_ws/install/turtlebot3_msgs/include/turtlebot3_msgs/srv/detail/dqn__type_support.h
[3.090s] -- Up-to-date symlink: /home/fnikolay/turtlebot3_ws/install/turtlebot3_msgs/include/turtlebot3_msgs/srv/detail/sound__functions.h
[3.091s] -- Up-to-date symlink: /home/fnikolay/turtlebot3_ws/install/turtlebot3_msgs/include/turtlebot3_msgs/srv/detail/sound__struct.h
[3.091s] -- Up-to-date symlink: /home/fnikolay/turtlebot3_ws/install/turtlebot3_msgs/include/turtlebot3_msgs/srv/detail/sound__type_support.h
[3.092s] -- Up-to-date symlink: /home/fnikolay/turtlebot3_ws/install/turtlebot3_msgs/include/turtlebot3_msgs/srv/dqn.h
[3.093s] -- Up-to-date symlink: /home/fnikolay/turtlebot3_ws/install/turtlebot3_msgs/include/turtlebot3_msgs/srv/sound.h
[3.098s] -- Up-to-date symlink: /home/fnikolay/turtlebot3_ws/install/turtlebot3_msgs/share/turtlebot3_msgs/environment/library_path.sh
[3.098s] -- Up-to-date symlink: /home/fnikolay/turtlebot3_ws/install/turtlebot3_msgs/share/turtlebot3_msgs/environment/library_path.dsv
[3.098s] -- Up-to-date symlink: /home/fnikolay/turtlebot3_ws/install/turtlebot3_msgs/include/turtlebot3_msgs/action/detail/patrol__rosidl_typesupport_fastrtps_c.h
[3.098s] -- Up-to-date symlink: /home/fnikolay/turtlebot3_ws/install/turtlebot3_msgs/include/turtlebot3_msgs/msg/detail/sensor_state__rosidl_typesupport_fastrtps_c.h
[3.098s] -- Up-to-date symlink: /home/fnikolay/turtlebot3_ws/install/turtlebot3_msgs/include/turtlebot3_msgs/msg/detail/sound__rosidl_typesupport_fastrtps_c.h
[3.098s] -- Up-to-date symlink: /home/fnikolay/turtlebot3_ws/install/turtlebot3_msgs/include/turtlebot3_msgs/msg/detail/version_info__rosidl_typesupport_fastrtps_c.h
[3.098s] -- Up-to-date symlink: /home/fnikolay/turtlebot3_ws/install/turtlebot3_msgs/include/turtlebot3_msgs/msg/rosidl_typesupport_fastrtps_c__visibility_control.h
[3.098s] -- Up-to-date symlink: /home/fnikolay/turtlebot3_ws/install/turtlebot3_msgs/include/turtlebot3_msgs/srv/detail/dqn__rosidl_typesupport_fastrtps_c.h
[3.101s] -- Up-to-date symlink: /home/fnikolay/turtlebot3_ws/install/turtlebot3_msgs/include/turtlebot3_msgs/srv/detail/sound__rosidl_typesupport_fastrtps_c.h
[3.104s] -- Up-to-date symlink: /home/fnikolay/turtlebot3_ws/install/turtlebot3_msgs/lib/libturtlebot3_msgs__rosidl_typesupport_fastrtps_c.so
[3.104s] -- Up-to-date symlink: /home/fnikolay/turtlebot3_ws/install/turtlebot3_msgs/include/turtlebot3_msgs/action/detail/patrol__rosidl_typesupport_fastrtps_cpp.hpp
[3.104s] -- Up-to-date symlink: /home/fnikolay/turtlebot3_ws/install/turtlebot3_msgs/include/turtlebot3_msgs/msg/detail/sensor_state__rosidl_typesupport_fastrtps_cpp.hpp
[3.105s] -- Up-to-date symlink: /home/fnikolay/turtlebot3_ws/install/turtlebot3_msgs/include/turtlebot3_msgs/msg/detail/sound__rosidl_typesupport_fastrtps_cpp.hpp
[3.105s] -- Up-to-date symlink: /home/fnikolay/turtlebot3_ws/install/turtlebot3_msgs/include/turtlebot3_msgs/msg/detail/version_info__rosidl_typesupport_fastrtps_cpp.hpp
[3.105s] -- Up-to-date symlink: /home/fnikolay/turtlebot3_ws/install/turtlebot3_msgs/include/turtlebot3_msgs/msg/rosidl_typesupport_fastrtps_cpp__visibility_control.h
[3.105s] -- Up-to-date symlink: /home/fnikolay/turtlebot3_ws/install/turtlebot3_msgs/include/turtlebot3_msgs/srv/detail/dqn__rosidl_typesupport_fastrtps_cpp.hpp
[3.111s] -- Up-to-date symlink: /home/fnikolay/turtlebot3_ws/install/turtlebot3_msgs/include/turtlebot3_msgs/srv/detail/sound__rosidl_typesupport_fastrtps_cpp.hpp
[3.160s] -- Up-to-date symlink: /home/fnikolay/turtlebot3_ws/install/turtlebot3_msgs/lib/libturtlebot3_msgs__rosidl_typesupport_fastrtps_cpp.so
[3.179s] -- Up-to-date symlink: /home/fnikolay/turtlebot3_ws/install/turtlebot3_msgs/include/turtlebot3_msgs/action/detail/patrol__rosidl_typesupport_introspection_c.h
[3.180s] -- Up-to-date symlink: /home/fnikolay/turtlebot3_ws/install/turtlebot3_msgs/include/turtlebot3_msgs/msg/detail/sensor_state__rosidl_typesupport_introspection_c.h
[3.180s] -- Up-to-date symlink: /home/fnikolay/turtlebot3_ws/install/turtlebot3_msgs/include/turtlebot3_msgs/msg/detail/sound__rosidl_typesupport_introspection_c.h
[3.181s] -- Up-to-date symlink: /home/fnikolay/turtlebot3_ws/install/turtlebot3_msgs/include/turtlebot3_msgs/msg/detail/version_info__rosidl_typesupport_introspection_c.h
[3.182s] -- Up-to-date symlink: /home/fnikolay/turtlebot3_ws/install/turtlebot3_msgs/include/turtlebot3_msgs/msg/rosidl_typesupport_introspection_c__visibility_control.h
[3.182s] -- Up-to-date symlink: /home/fnikolay/turtlebot3_ws/install/turtlebot3_msgs/include/turtlebot3_msgs/srv/detail/dqn__rosidl_typesupport_introspection_c.h
[3.183s] -- Up-to-date symlink: /home/fnikolay/turtlebot3_ws/install/turtlebot3_msgs/include/turtlebot3_msgs/srv/detail/sound__rosidl_typesupport_introspection_c.h
[3.184s] -- Up-to-date symlink: /home/fnikolay/turtlebot3_ws/install/turtlebot3_msgs/include/turtlebot3_msgs/action/detail/patrol__builder.hpp
[3.185s] -- Up-to-date symlink: /home/fnikolay/turtlebot3_ws/install/turtlebot3_msgs/include/turtlebot3_msgs/action/detail/patrol__struct.hpp
[3.185s] -- Up-to-date symlink: /home/fnikolay/turtlebot3_ws/install/turtlebot3_msgs/include/turtlebot3_msgs/action/detail/patrol__traits.hpp
[3.186s] -- Up-to-date symlink: /home/fnikolay/turtlebot3_ws/install/turtlebot3_msgs/include/turtlebot3_msgs/action/patrol.hpp
[3.187s] -- Up-to-date symlink: /home/fnikolay/turtlebot3_ws/install/turtlebot3_msgs/include/turtlebot3_msgs/msg/detail/sensor_state__builder.hpp
[3.187s] -- Up-to-date symlink: /home/fnikolay/turtlebot3_ws/install/turtlebot3_msgs/include/turtlebot3_msgs/msg/detail/sensor_state__struct.hpp
[3.188s] -- Up-to-date symlink: /home/fnikolay/turtlebot3_ws/install/turtlebot3_msgs/include/turtlebot3_msgs/msg/detail/sensor_state__traits.hpp
[3.190s] -- Up-to-date symlink: /home/fnikolay/turtlebot3_ws/install/turtlebot3_msgs/include/turtlebot3_msgs/msg/detail/sound__builder.hpp
[3.190s] -- Up-to-date symlink: /home/fnikolay/turtlebot3_ws/install/turtlebot3_msgs/include/turtlebot3_msgs/msg/detail/sound__struct.hpp
[3.191s] -- Up-to-date symlink: /home/fnikolay/turtlebot3_ws/install/turtlebot3_msgs/include/turtlebot3_msgs/msg/detail/sound__traits.hpp
[3.192s] -- Up-to-date symlink: /home/fnikolay/turtlebot3_ws/install/turtlebot3_msgs/include/turtlebot3_msgs/msg/detail/version_info__builder.hpp
[3.193s] -- Up-to-date symlink: /home/fnikolay/turtlebot3_ws/install/turtlebot3_msgs/include/turtlebot3_msgs/msg/detail/version_info__struct.hpp
[3.193s] -- Up-to-date symlink: /home/fnikolay/turtlebot3_ws/install/turtlebot3_msgs/include/turtlebot3_msgs/msg/detail/version_info__traits.hpp
[3.194s] -- Up-to-date symlink: /home/fnikolay/turtlebot3_ws/install/turtlebot3_msgs/include/turtlebot3_msgs/msg/sensor_state.hpp
[3.195s] -- Up-to-date symlink: /home/fnikolay/turtlebot3_ws/install/turtlebot3_msgs/include/turtlebot3_msgs/msg/sound.hpp
[3.196s] -- Up-to-date symlink: /home/fnikolay/turtlebot3_ws/install/turtlebot3_msgs/include/turtlebot3_msgs/msg/version_info.hpp
[3.197s] -- Up-to-date symlink: /home/fnikolay/turtlebot3_ws/install/turtlebot3_msgs/include/turtlebot3_msgs/srv/detail/dqn__builder.hpp
[3.198s] -- Up-to-date symlink: /home/fnikolay/turtlebot3_ws/install/turtlebot3_msgs/include/turtlebot3_msgs/srv/detail/dqn__struct.hpp
[3.200s] -- Up-to-date symlink: /home/fnikolay/turtlebot3_ws/install/turtlebot3_msgs/include/turtlebot3_msgs/srv/detail/dqn__traits.hpp
[3.201s] -- Up-to-date symlink: /home/fnikolay/turtlebot3_ws/install/turtlebot3_msgs/include/turtlebot3_msgs/srv/detail/sound__builder.hpp
[3.202s] -- Up-to-date symlink: /home/fnikolay/turtlebot3_ws/install/turtlebot3_msgs/include/turtlebot3_msgs/srv/detail/sound__struct.hpp
[3.203s] -- Up-to-date symlink: /home/fnikolay/turtlebot3_ws/install/turtlebot3_msgs/include/turtlebot3_msgs/srv/detail/sound__traits.hpp
[3.203s] -- Up-to-date symlink: /home/fnikolay/turtlebot3_ws/install/turtlebot3_msgs/include/turtlebot3_msgs/srv/dqn.hpp
[3.204s] -- Up-to-date symlink: /home/fnikolay/turtlebot3_ws/install/turtlebot3_msgs/include/turtlebot3_msgs/srv/sound.hpp
[3.205s] -- Up-to-date symlink: /home/fnikolay/turtlebot3_ws/install/turtlebot3_msgs/include/turtlebot3_msgs/action/detail/patrol__rosidl_typesupport_introspection_cpp.hpp
[3.206s] -- Up-to-date symlink: /home/fnikolay/turtlebot3_ws/install/turtlebot3_msgs/include/turtlebot3_msgs/msg/detail/sensor_state__rosidl_typesupport_introspection_cpp.hpp
[3.207s] -- Up-to-date symlink: /home/fnikolay/turtlebot3_ws/install/turtlebot3_msgs/include/turtlebot3_msgs/msg/detail/sound__rosidl_typesupport_introspection_cpp.hpp
[3.207s] -- Up-to-date symlink: /home/fnikolay/turtlebot3_ws/install/turtlebot3_msgs/include/turtlebot3_msgs/msg/detail/version_info__rosidl_typesupport_introspection_cpp.hpp
[3.241s] -- Up-to-date symlink: /home/fnikolay/turtlebot3_ws/install/turtlebot3_msgs/include/turtlebot3_msgs/srv/detail/dqn__rosidl_typesupport_introspection_cpp.hpp
[3.242s] -- Up-to-date symlink: /home/fnikolay/turtlebot3_ws/install/turtlebot3_msgs/include/turtlebot3_msgs/srv/detail/sound__rosidl_typesupport_introspection_cpp.hpp
[3.243s] -- Up-to-date symlink: /home/fnikolay/turtlebot3_ws/install/turtlebot3_msgs/share/turtlebot3_msgs/environment/pythonpath.sh
[3.243s] -- Up-to-date symlink: /home/fnikolay/turtlebot3_ws/install/turtlebot3_msgs/share/turtlebot3_msgs/environment/pythonpath.dsv
[3.277s] -- Up-to-date symlink: /home/fnikolay/turtlebot3_ws/install/turtlebot3_msgs/lib/python3.8/site-packages/turtlebot3_msgs/__init__.py
[3.279s] -- Up-to-date symlink: /home/fnikolay/turtlebot3_ws/install/turtlebot3_msgs/lib/python3.8/site-packages/turtlebot3_msgs/msg/__init__.py
[3.280s] -- Up-to-date symlink: /home/fnikolay/turtlebot3_ws/install/turtlebot3_msgs/lib/python3.8/site-packages/turtlebot3_msgs/msg/_sensor_state.py
[3.286s] -- Up-to-date symlink: /home/fnikolay/turtlebot3_ws/install/turtlebot3_msgs/lib/python3.8/site-packages/turtlebot3_msgs/msg/_sound.py
[3.288s] -- Up-to-date symlink: /home/fnikolay/turtlebot3_ws/install/turtlebot3_msgs/lib/python3.8/site-packages/turtlebot3_msgs/msg/_version_info.py
[3.290s] -- Up-to-date symlink: /home/fnikolay/turtlebot3_ws/install/turtlebot3_msgs/lib/python3.8/site-packages/turtlebot3_msgs/srv/__init__.py
[3.290s] -- Up-to-date symlink: /home/fnikolay/turtlebot3_ws/install/turtlebot3_msgs/lib/python3.8/site-packages/turtlebot3_msgs/srv/_dqn.py
[3.291s] -- Up-to-date symlink: /home/fnikolay/turtlebot3_ws/install/turtlebot3_msgs/lib/python3.8/site-packages/turtlebot3_msgs/srv/_sound.py
[3.291s] -- Up-to-date symlink: /home/fnikolay/turtlebot3_ws/install/turtlebot3_msgs/lib/python3.8/site-packages/turtlebot3_msgs/action/__init__.py
[3.292s] -- Up-to-date symlink: /home/fnikolay/turtlebot3_ws/install/turtlebot3_msgs/lib/python3.8/site-packages/turtlebot3_msgs/action/_patrol.py
[3.292s] -- Up-to-date symlink: /home/fnikolay/turtlebot3_ws/install/turtlebot3_msgs/lib/python3.8/site-packages/turtlebot3_msgs/turtlebot3_msgs_s__rosidl_typesupport_fastrtps_c.cpython-38-x86_64-linux-gnu.so
[3.293s] -- Up-to-date symlink: /home/fnikolay/turtlebot3_ws/install/turtlebot3_msgs/lib/python3.8/site-packages/turtlebot3_msgs/turtlebot3_msgs_s__rosidl_typesupport_introspection_c.cpython-38-x86_64-linux-gnu.so
[3.295s] -- Up-to-date symlink: /home/fnikolay/turtlebot3_ws/install/turtlebot3_msgs/lib/python3.8/site-packages/turtlebot3_msgs/turtlebot3_msgs_s__rosidl_typesupport_c.cpython-38-x86_64-linux-gnu.so
[3.295s] -- Up-to-date symlink: /home/fnikolay/turtlebot3_ws/install/turtlebot3_msgs/lib/libturtlebot3_msgs__python.so
[3.295s] -- Up-to-date symlink: /home/fnikolay/turtlebot3_ws/install/turtlebot3_msgs/share/turtlebot3_msgs/msg/SensorState.idl
[3.295s] -- Up-to-date symlink: /home/fnikolay/turtlebot3_ws/install/turtlebot3_msgs/share/turtlebot3_msgs/msg/Sound.idl
[3.307s] -- Up-to-date symlink: /home/fnikolay/turtlebot3_ws/install/turtlebot3_msgs/share/turtlebot3_msgs/msg/VersionInfo.idl
[3.308s] -- Up-to-date symlink: /home/fnikolay/turtlebot3_ws/install/turtlebot3_msgs/share/turtlebot3_msgs/srv/Sound.idl
[3.309s] -- Up-to-date symlink: /home/fnikolay/turtlebot3_ws/install/turtlebot3_msgs/share/turtlebot3_msgs/srv/Dqn.idl
[3.317s] -- Up-to-date symlink: /home/fnikolay/turtlebot3_ws/install/turtlebot3_msgs/share/turtlebot3_msgs/action/Patrol.idl
[3.319s] -- Up-to-date symlink: /home/fnikolay/turtlebot3_ws/install/turtlebot3_msgs/share/turtlebot3_msgs/msg/SensorState.msg
[3.319s] -- Up-to-date symlink: /home/fnikolay/turtlebot3_ws/install/turtlebot3_msgs/share/turtlebot3_msgs/msg/Sound.msg
[3.320s] -- Up-to-date symlink: /home/fnikolay/turtlebot3_ws/install/turtlebot3_msgs/share/turtlebot3_msgs/msg/VersionInfo.msg
[3.320s] -- Up-to-date symlink: /home/fnikolay/turtlebot3_ws/install/turtlebot3_msgs/share/turtlebot3_msgs/srv/Sound.srv
[3.388s] -- Up-to-date symlink: /home/fnikolay/turtlebot3_ws/install/turtlebot3_msgs/share/turtlebot3_msgs/srv/Sound_Request.msg
[3.388s] -- Up-to-date symlink: /home/fnikolay/turtlebot3_ws/install/turtlebot3_msgs/share/turtlebot3_msgs/srv/Sound_Response.msg
[3.389s] -- Up-to-date symlink: /home/fnikolay/turtlebot3_ws/install/turtlebot3_msgs/share/turtlebot3_msgs/srv/Dqn.srv
[3.390s] -- Up-to-date symlink: /home/fnikolay/turtlebot3_ws/install/turtlebot3_msgs/share/turtlebot3_msgs/srv/Dqn_Request.msg
[3.391s] -- Up-to-date symlink: /home/fnikolay/turtlebot3_ws/install/turtlebot3_msgs/share/turtlebot3_msgs/srv/Dqn_Response.msg
[3.419s] -- Up-to-date symlink: /home/fnikolay/turtlebot3_ws/install/turtlebot3_msgs/share/turtlebot3_msgs/action/Patrol.action
[3.420s] -- Up-to-date symlink: /home/fnikolay/turtlebot3_ws/install/turtlebot3_msgs/share/ament_index/resource_index/package_run_dependencies/turtlebot3_msgs
[3.421s] -- Up-to-date symlink: /home/fnikolay/turtlebot3_ws/install/turtlebot3_msgs/share/ament_index/resource_index/parent_prefix_path/turtlebot3_msgs
[3.421s] -- Up-to-date symlink: /home/fnikolay/turtlebot3_ws/install/turtlebot3_msgs/share/turtlebot3_msgs/environment/ament_prefix_path.sh
[3.421s] -- Up-to-date symlink: /home/fnikolay/turtlebot3_ws/install/turtlebot3_msgs/share/turtlebot3_msgs/environment/ament_prefix_path.dsv
[3.422s] -- Up-to-date symlink: /home/fnikolay/turtlebot3_ws/install/turtlebot3_msgs/share/turtlebot3_msgs/environment/path.sh
[3.422s] -- Up-to-date symlink: /home/fnikolay/turtlebot3_ws/install/turtlebot3_msgs/share/turtlebot3_msgs/environment/path.dsv
[3.438s] -- Up-to-date symlink: /home/fnikolay/turtlebot3_ws/install/turtlebot3_msgs/share/turtlebot3_msgs/local_setup.bash
[3.439s] -- Up-to-date symlink: /home/fnikolay/turtlebot3_ws/install/turtlebot3_msgs/share/turtlebot3_msgs/local_setup.sh
[3.440s] -- Up-to-date symlink: /home/fnikolay/turtlebot3_ws/install/turtlebot3_msgs/share/turtlebot3_msgs/local_setup.zsh
[3.440s] -- Up-to-date symlink: /home/fnikolay/turtlebot3_ws/install/turtlebot3_msgs/share/turtlebot3_msgs/local_setup.dsv
[3.440s] -- Symlinking: /home/fnikolay/turtlebot3_ws/install/turtlebot3_msgs/share/turtlebot3_msgs/package.dsv
[3.451s] -- Up-to-date symlink: /home/fnikolay/turtlebot3_ws/install/turtlebot3_msgs/share/ament_index/resource_index/packages/turtlebot3_msgs
[3.452s] -- Up-to-date symlink: /home/fnikolay/turtlebot3_ws/install/turtlebot3_msgs/share/turtlebot3_msgs/cmake/rosidl_cmake-extras.cmake
[3.453s] -- Up-to-date symlink: /home/fnikolay/turtlebot3_ws/install/turtlebot3_msgs/share/turtlebot3_msgs/cmake/ament_cmake_export_dependencies-extras.cmake
[3.464s] -- Up-to-date symlink: /home/fnikolay/turtlebot3_ws/install/turtlebot3_msgs/share/turtlebot3_msgs/cmake/ament_cmake_export_libraries-extras.cmake
[3.465s] -- Up-to-date symlink: /home/fnikolay/turtlebot3_ws/install/turtlebot3_msgs/share/turtlebot3_msgs/cmake/ament_cmake_export_targets-extras.cmake
[3.467s] -- Up-to-date symlink: /home/fnikolay/turtlebot3_ws/install/turtlebot3_msgs/share/turtlebot3_msgs/cmake/ament_cmake_export_include_directories-extras.cmake
[3.467s] -- Up-to-date symlink: /home/fnikolay/turtlebot3_ws/install/turtlebot3_msgs/share/turtlebot3_msgs/cmake/rosidl_cmake_export_typesupport_libraries-extras.cmake
[3.468s] -- Up-to-date symlink: /home/fnikolay/turtlebot3_ws/install/turtlebot3_msgs/share/turtlebot3_msgs/cmake/rosidl_cmake_export_typesupport_targets-extras.cmake
[3.470s] -- Up-to-date symlink: /home/fnikolay/turtlebot3_ws/install/turtlebot3_msgs/share/turtlebot3_msgs/cmake/turtlebot3_msgsConfig.cmake
[3.470s] -- Up-to-date symlink: /home/fnikolay/turtlebot3_ws/install/turtlebot3_msgs/share/turtlebot3_msgs/cmake/turtlebot3_msgsConfig-version.cmake
[3.470s] -- Up-to-date symlink: /home/fnikolay/turtlebot3_ws/install/turtlebot3_msgs/share/turtlebot3_msgs/package.xml
[3.474s] -- Up-to-date: /home/fnikolay/turtlebot3_ws/install/turtlebot3_msgs/lib/libturtlebot3_msgs__rosidl_generator_c.so
[3.617s] -- Up-to-date: /home/fnikolay/turtlebot3_ws/install/turtlebot3_msgs/lib/libturtlebot3_msgs__rosidl_typesupport_introspection_c.so
[3.620s] -- Up-to-date: /home/fnikolay/turtlebot3_ws/install/turtlebot3_msgs/lib/libturtlebot3_msgs__rosidl_typesupport_c.so
[3.661s] -- Up-to-date: /home/fnikolay/turtlebot3_ws/install/turtlebot3_msgs/lib/libturtlebot3_msgs__rosidl_typesupport_introspection_cpp.so
[3.664s] -- Up-to-date: /home/fnikolay/turtlebot3_ws/install/turtlebot3_msgs/lib/libturtlebot3_msgs__rosidl_typesupport_cpp.so
[3.739s] -- Up-to-date: /home/fnikolay/turtlebot3_ws/install/turtlebot3_msgs/share/turtlebot3_msgs/cmake/turtlebot3_msgs__rosidl_generator_cExport.cmake
[3.739s] -- Up-to-date: /home/fnikolay/turtlebot3_ws/install/turtlebot3_msgs/share/turtlebot3_msgs/cmake/turtlebot3_msgs__rosidl_generator_cExport-noconfig.cmake
[3.740s] -- Up-to-date: /home/fnikolay/turtlebot3_ws/install/turtlebot3_msgs/share/turtlebot3_msgs/cmake/turtlebot3_msgs__rosidl_typesupport_introspection_cExport.cmake
[3.740s] -- Up-to-date: /home/fnikolay/turtlebot3_ws/install/turtlebot3_msgs/share/turtlebot3_msgs/cmake/turtlebot3_msgs__rosidl_typesupport_introspection_cExport-noconfig.cmake
[3.741s] -- Up-to-date: /home/fnikolay/turtlebot3_ws/install/turtlebot3_msgs/share/turtlebot3_msgs/cmake/turtlebot3_msgs__rosidl_typesupport_cExport.cmake
[3.741s] -- Up-to-date: /home/fnikolay/turtlebot3_ws/install/turtlebot3_msgs/share/turtlebot3_msgs/cmake/turtlebot3_msgs__rosidl_typesupport_cExport-noconfig.cmake
[3.741s] -- Up-to-date: /home/fnikolay/turtlebot3_ws/install/turtlebot3_msgs/share/turtlebot3_msgs/cmake/turtlebot3_msgs__rosidl_generator_cppExport.cmake
[3.742s] -- Up-to-date: /home/fnikolay/turtlebot3_ws/install/turtlebot3_msgs/share/turtlebot3_msgs/cmake/turtlebot3_msgs__rosidl_typesupport_introspection_cppExport.cmake
[3.742s] -- Up-to-date: /home/fnikolay/turtlebot3_ws/install/turtlebot3_msgs/share/turtlebot3_msgs/cmake/turtlebot3_msgs__rosidl_typesupport_introspection_cppExport-noconfig.cmake
[3.742s] -- Up-to-date: /home/fnikolay/turtlebot3_ws/install/turtlebot3_msgs/share/turtlebot3_msgs/cmake/turtlebot3_msgs__rosidl_typesupport_cppExport.cmake
[3.742s] -- Up-to-date: /home/fnikolay/turtlebot3_ws/install/turtlebot3_msgs/share/turtlebot3_msgs/cmake/turtlebot3_msgs__rosidl_typesupport_cppExport-noconfig.cmake
[3.816s] Invoked command in '/home/fnikolay/turtlebot3_ws/build/turtlebot3_msgs' returned '0': CMAKE_PREFIX_PATH=${CMAKE_PREFIX_PATH}:/home/fnikolay/turtlebot3_ws/install/turtlebot3_teleop:/home/fnikolay/turtlebot3_ws/install/turtlebot3_example:/opt/ros/foxy:/opt/ros/galactic /usr/bin/cmake --install /home/fnikolay/turtlebot3_ws/build/turtlebot3_msgs
