[0.023s] Invoking command in '/home/fnikolay/turtlebot3_ws/build/turtlebot3_cartographer': CMAKE_PREFIX_PATH=/opt/ros/foxy /usr/bin/cmake /home/fnikolay/turtlebot3_ws/src/turtlebot3/turtlebot3_cartographer -DAMENT_CMAKE_SYMLINK_INSTALL=1 -DCMAKE_INSTALL_PREFIX=/home/fnikolay/turtlebot3_ws/install/turtlebot3_cartographer
[0.084s] -- Found ament_cmake: 0.9.9 (/opt/ros/foxy/share/ament_cmake/cmake)
[0.113s] -- Using PYTHON_EXECUTABLE: /usr/bin/python3
[0.394s] -- Override CMake install command with custom implementation using symlinks instead of copying resources
[0.532s] -- Configuring done
[0.555s] -- Generating done
[0.556s] -- Build files have been written to: /home/fnikolay/turtlebot3_ws/build/turtlebot3_cartographer
[0.559s] Invoked command in '/home/fnikolay/turtlebot3_ws/build/turtlebot3_cartographer' returned '0': CMAKE_PREFIX_PATH=/opt/ros/foxy /usr/bin/cmake /home/fnikolay/turtlebot3_ws/src/turtlebot3/turtlebot3_cartographer -DAMENT_CMAKE_SYMLINK_INSTALL=1 -DCMAKE_INSTALL_PREFIX=/home/fnikolay/turtlebot3_ws/install/turtlebot3_cartographer
[0.562s] Invoking command in '/home/fnikolay/turtlebot3_ws/build/turtlebot3_cartographer': CMAKE_PREFIX_PATH=/opt/ros/foxy /usr/bin/cmake --build /home/fnikolay/turtlebot3_ws/build/turtlebot3_cartographer -- -j4 -l4
[0.606s] Invoked command in '/home/fnikolay/turtlebot3_ws/build/turtlebot3_cartographer' returned '0': CMAKE_PREFIX_PATH=/opt/ros/foxy /usr/bin/cmake --build /home/fnikolay/turtlebot3_ws/build/turtlebot3_cartographer -- -j4 -l4
[0.632s] Invoking command in '/home/fnikolay/turtlebot3_ws/build/turtlebot3_cartographer': CMAKE_PREFIX_PATH=/opt/ros/foxy /usr/bin/cmake --install /home/fnikolay/turtlebot3_ws/build/turtlebot3_cartographer
[0.641s] -- Install configuration: ""
[0.641s] -- Execute custom install script
[0.642s] -- Up-to-date symlink: /home/fnikolay/turtlebot3_ws/install/turtlebot3_cartographer/share/turtlebot3_cartographer/config/turtlebot3_lds_2d.lua
[0.643s] -- Up-to-date symlink: /home/fnikolay/turtlebot3_ws/install/turtlebot3_cartographer/share/turtlebot3_cartographer/launch/cartographer.launch.py
[0.643s] -- Up-to-date symlink: /home/fnikolay/turtlebot3_ws/install/turtlebot3_cartographer/share/turtlebot3_cartographer/launch/occupancy_grid.launch.py
[0.643s] -- Up-to-date symlink: /home/fnikolay/turtlebot3_ws/install/turtlebot3_cartographer/share/turtlebot3_cartographer/rviz/tb3_cartographer.rviz
[0.644s] -- Up-to-date symlink: /home/fnikolay/turtlebot3_ws/install/turtlebot3_cartographer/share/ament_index/resource_index/package_run_dependencies/turtlebot3_cartographer
[0.645s] -- Up-to-date symlink: /home/fnikolay/turtlebot3_ws/install/turtlebot3_cartographer/share/ament_index/resource_index/parent_prefix_path/turtlebot3_cartographer
[0.645s] -- Up-to-date symlink: /home/fnikolay/turtlebot3_ws/install/turtlebot3_cartographer/share/turtlebot3_cartographer/environment/ament_prefix_path.sh
[0.645s] -- Up-to-date symlink: /home/fnikolay/turtlebot3_ws/install/turtlebot3_cartographer/share/turtlebot3_cartographer/environment/ament_prefix_path.dsv
[0.646s] -- Up-to-date symlink: /home/fnikolay/turtlebot3_ws/install/turtlebot3_cartographer/share/turtlebot3_cartographer/environment/path.sh
[0.646s] -- Up-to-date symlink: /home/fnikolay/turtlebot3_ws/install/turtlebot3_cartographer/share/turtlebot3_cartographer/environment/path.dsv
[0.646s] -- Up-to-date symlink: /home/fnikolay/turtlebot3_ws/install/turtlebot3_cartographer/share/turtlebot3_cartographer/local_setup.bash
[0.647s] -- Up-to-date symlink: /home/fnikolay/turtlebot3_ws/install/turtlebot3_cartographer/share/turtlebot3_cartographer/local_setup.sh
[0.647s] -- Up-to-date symlink: /home/fnikolay/turtlebot3_ws/install/turtlebot3_cartographer/share/turtlebot3_cartographer/local_setup.zsh
[0.647s] -- Up-to-date symlink: /home/fnikolay/turtlebot3_ws/install/turtlebot3_cartographer/share/turtlebot3_cartographer/local_setup.dsv
[0.647s] -- Symlinking: /home/fnikolay/turtlebot3_ws/install/turtlebot3_cartographer/share/turtlebot3_cartographer/package.dsv
[0.661s] -- Up-to-date symlink: /home/fnikolay/turtlebot3_ws/install/turtlebot3_cartographer/share/ament_index/resource_index/packages/turtlebot3_cartographer
[0.661s] -- Up-to-date symlink: /home/fnikolay/turtlebot3_ws/install/turtlebot3_cartographer/share/turtlebot3_cartographer/cmake/turtlebot3_cartographerConfig.cmake
[0.662s] -- Up-to-date symlink: /home/fnikolay/turtlebot3_ws/install/turtlebot3_cartographer/share/turtlebot3_cartographer/cmake/turtlebot3_cartographerConfig-version.cmake
[0.662s] -- Up-to-date symlink: /home/fnikolay/turtlebot3_ws/install/turtlebot3_cartographer/share/turtlebot3_cartographer/package.xml
[0.666s] Invoked command in '/home/fnikolay/turtlebot3_ws/build/turtlebot3_cartographer' returned '0': CMAKE_PREFIX_PATH=/opt/ros/foxy /usr/bin/cmake --install /home/fnikolay/turtlebot3_ws/build/turtlebot3_cartographer
