[0.155s] Invoking command in '/home/fnikolay/turtlebot3_ws/build/dynamixel_sdk': CMAKE_PREFIX_PATH=/opt/ros/foxy /usr/bin/cmake --build /home/fnikolay/turtlebot3_ws/build/dynamixel_sdk -- -j4 -l4
[1.140s] [100%] Built target dynamixel_sdk
[1.151s] Invoked command in '/home/fnikolay/turtlebot3_ws/build/dynamixel_sdk' returned '0': CMAKE_PREFIX_PATH=/opt/ros/foxy /usr/bin/cmake --build /home/fnikolay/turtlebot3_ws/build/dynamixel_sdk -- -j4 -l4
[1.187s] Invoking command in '/home/fnikolay/turtlebot3_ws/build/dynamixel_sdk': CMAKE_PREFIX_PATH=/opt/ros/foxy /usr/bin/cmake --install /home/fnikolay/turtlebot3_ws/build/dynamixel_sdk
[1.198s] -- Install configuration: ""
[1.198s] -- Execute custom install script
[1.223s] -- Up-to-date symlink: /home/fnikolay/turtlebot3_ws/install/dynamixel_sdk/include//dynamixel_sdk/dynamixel_sdk.h
[1.224s] -- Up-to-date symlink: /home/fnikolay/turtlebot3_ws/install/dynamixel_sdk/include//dynamixel_sdk/group_bulk_read.h
[1.253s] -- Up-to-date symlink: /home/fnikolay/turtlebot3_ws/install/dynamixel_sdk/include//dynamixel_sdk/group_bulk_write.h
[1.256s] -- Up-to-date symlink: /home/fnikolay/turtlebot3_ws/install/dynamixel_sdk/include//dynamixel_sdk/group_sync_read.h
[1.257s] -- Up-to-date symlink: /home/fnikolay/turtlebot3_ws/install/dynamixel_sdk/include//dynamixel_sdk/group_sync_write.h
[1.257s] -- Up-to-date symlink: /home/fnikolay/turtlebot3_ws/install/dynamixel_sdk/include//dynamixel_sdk/packet_handler.h
[1.258s] -- Up-to-date symlink: /home/fnikolay/turtlebot3_ws/install/dynamixel_sdk/include//dynamixel_sdk/port_handler.h
[1.343s] -- Up-to-date symlink: /home/fnikolay/turtlebot3_ws/install/dynamixel_sdk/include//dynamixel_sdk/port_handler_arduino.h
[1.344s] -- Up-to-date symlink: /home/fnikolay/turtlebot3_ws/install/dynamixel_sdk/include//dynamixel_sdk/port_handler_linux.h
[1.347s] -- Up-to-date symlink: /home/fnikolay/turtlebot3_ws/install/dynamixel_sdk/include//dynamixel_sdk/port_handler_mac.h
[1.347s] -- Up-to-date symlink: /home/fnikolay/turtlebot3_ws/install/dynamixel_sdk/include//dynamixel_sdk/port_handler_windows.h
[1.348s] -- Up-to-date symlink: /home/fnikolay/turtlebot3_ws/install/dynamixel_sdk/include//dynamixel_sdk/protocol1_packet_handler.h
[1.349s] -- Up-to-date symlink: /home/fnikolay/turtlebot3_ws/install/dynamixel_sdk/include//dynamixel_sdk/protocol2_packet_handler.h
[1.350s] -- Up-to-date symlink: /home/fnikolay/turtlebot3_ws/install/dynamixel_sdk/lib/libdynamixel_sdk.so
[1.429s] -- Up-to-date symlink: /home/fnikolay/turtlebot3_ws/install/dynamixel_sdk/share/dynamixel_sdk/environment/library_path.sh
[1.432s] -- Up-to-date symlink: /home/fnikolay/turtlebot3_ws/install/dynamixel_sdk/share/dynamixel_sdk/environment/library_path.dsv
[1.434s] -- Up-to-date symlink: /home/fnikolay/turtlebot3_ws/install/dynamixel_sdk/share/ament_index/resource_index/package_run_dependencies/dynamixel_sdk
[1.465s] -- Up-to-date symlink: /home/fnikolay/turtlebot3_ws/install/dynamixel_sdk/share/ament_index/resource_index/parent_prefix_path/dynamixel_sdk
[1.468s] -- Up-to-date symlink: /home/fnikolay/turtlebot3_ws/install/dynamixel_sdk/share/dynamixel_sdk/environment/ament_prefix_path.sh
[1.468s] -- Up-to-date symlink: /home/fnikolay/turtlebot3_ws/install/dynamixel_sdk/share/dynamixel_sdk/environment/ament_prefix_path.dsv
[1.469s] -- Up-to-date symlink: /home/fnikolay/turtlebot3_ws/install/dynamixel_sdk/share/dynamixel_sdk/environment/path.sh
[1.470s] -- Up-to-date symlink: /home/fnikolay/turtlebot3_ws/install/dynamixel_sdk/share/dynamixel_sdk/environment/path.dsv
[1.470s] -- Up-to-date symlink: /home/fnikolay/turtlebot3_ws/install/dynamixel_sdk/share/dynamixel_sdk/local_setup.bash
[1.471s] -- Up-to-date symlink: /home/fnikolay/turtlebot3_ws/install/dynamixel_sdk/share/dynamixel_sdk/local_setup.sh
[1.472s] -- Up-to-date symlink: /home/fnikolay/turtlebot3_ws/install/dynamixel_sdk/share/dynamixel_sdk/local_setup.zsh
[1.472s] -- Up-to-date symlink: /home/fnikolay/turtlebot3_ws/install/dynamixel_sdk/share/dynamixel_sdk/local_setup.dsv
[1.473s] -- Symlinking: /home/fnikolay/turtlebot3_ws/install/dynamixel_sdk/share/dynamixel_sdk/package.dsv
[1.483s] -- Up-to-date symlink: /home/fnikolay/turtlebot3_ws/install/dynamixel_sdk/share/ament_index/resource_index/packages/dynamixel_sdk
[1.499s] -- Up-to-date symlink: /home/fnikolay/turtlebot3_ws/install/dynamixel_sdk/share/dynamixel_sdk/cmake/ament_cmake_export_include_directories-extras.cmake
[1.501s] -- Up-to-date symlink: /home/fnikolay/turtlebot3_ws/install/dynamixel_sdk/share/dynamixel_sdk/cmake/ament_cmake_export_libraries-extras.cmake
[1.502s] -- Up-to-date symlink: /home/fnikolay/turtlebot3_ws/install/dynamixel_sdk/share/dynamixel_sdk/cmake/dynamixel_sdkConfig.cmake
[1.503s] -- Up-to-date symlink: /home/fnikolay/turtlebot3_ws/install/dynamixel_sdk/share/dynamixel_sdk/cmake/dynamixel_sdkConfig-version.cmake
[1.516s] -- Up-to-date symlink: /home/fnikolay/turtlebot3_ws/install/dynamixel_sdk/share/dynamixel_sdk/package.xml
[1.750s] Invoked command in '/home/fnikolay/turtlebot3_ws/build/dynamixel_sdk' returned '0': CMAKE_PREFIX_PATH=/opt/ros/foxy /usr/bin/cmake --install /home/fnikolay/turtlebot3_ws/build/dynamixel_sdk
