[1.765s] Invoking command in '/home/fnikolay/turtlebot3_ws/build/turtlebot3_teleop': PYTHONPATH=/home/fnikolay/turtlebot3_ws/install/turtlebot3_teleop/lib/python3.8/site-packages:${PYTHONPATH} /usr/bin/python3 setup.py develop --prefix /home/fnikolay/turtlebot3_ws/install/turtlebot3_teleop --editable --build-directory /home/fnikolay/turtlebot3_ws/build/turtlebot3_teleop/build --no-deps install_data --install-dir /home/fnikolay/turtlebot3_ws/install/turtlebot3_teleop
[2.459s] running develop
[2.943s] running egg_info
[2.943s] creating turtlebot3_teleop.egg-info
[2.948s] writing turtlebot3_teleop.egg-info/PKG-INFO
[2.949s] writing dependency_links to turtlebot3_teleop.egg-info/dependency_links.txt
[2.949s] writing entry points to turtlebot3_teleop.egg-info/entry_points.txt
[2.949s] writing requirements to turtlebot3_teleop.egg-info/requires.txt
[2.949s] writing top-level names to turtlebot3_teleop.egg-info/top_level.txt
[2.950s] writing manifest file 'turtlebot3_teleop.egg-info/SOURCES.txt'
[3.044s] reading manifest file 'turtlebot3_teleop.egg-info/SOURCES.txt'
[3.045s] writing manifest file 'turtlebot3_teleop.egg-info/SOURCES.txt'
[3.127s] running build_ext
[3.127s] Creating /home/fnikolay/turtlebot3_ws/install/turtlebot3_teleop/lib/python3.8/site-packages/site.py
[3.142s] Creating /home/fnikolay/turtlebot3_ws/install/turtlebot3_teleop/lib/python3.8/site-packages/turtlebot3-teleop.egg-link (link to .)
[3.143s] Installing teleop_keyboard script to /home/fnikolay/turtlebot3_ws/install/turtlebot3_teleop/lib/turtlebot3_teleop
[3.143s] 
[3.143s] Installed /home/fnikolay/turtlebot3_ws/build/turtlebot3_teleop
[3.144s] running install_data
[3.144s] creating /home/fnikolay/turtlebot3_ws/install/turtlebot3_teleop/share/ament_index
[3.144s] creating /home/fnikolay/turtlebot3_ws/install/turtlebot3_teleop/share/ament_index/resource_index
[3.144s] creating /home/fnikolay/turtlebot3_ws/install/turtlebot3_teleop/share/ament_index/resource_index/packages
[3.145s] copying resource/turtlebot3_teleop -> /home/fnikolay/turtlebot3_ws/install/turtlebot3_teleop/share/ament_index/resource_index/packages
[3.145s] copying package.xml -> /home/fnikolay/turtlebot3_ws/install/turtlebot3_teleop/share/turtlebot3_teleop
[3.230s] Invoked command in '/home/fnikolay/turtlebot3_ws/build/turtlebot3_teleop' returned '0': PYTHONPATH=/home/fnikolay/turtlebot3_ws/install/turtlebot3_teleop/lib/python3.8/site-packages:${PYTHONPATH} /usr/bin/python3 setup.py develop --prefix /home/fnikolay/turtlebot3_ws/install/turtlebot3_teleop --editable --build-directory /home/fnikolay/turtlebot3_ws/build/turtlebot3_teleop/build --no-deps install_data --install-dir /home/fnikolay/turtlebot3_ws/install/turtlebot3_teleop
