[1.007s] Invoking command in '/home/fnikolay/turtlebot3_ws/build/turtlebot3_example': AMENT_PREFIX_PATH=/home/fnikolay/turtlebot3_ws/install/turtlebot3_msgs:${AMENT_PREFIX_PATH} CMAKE_PREFIX_PATH=/home/fnikolay/turtlebot3_ws/install/turtlebot3_msgs LD_LIBRARY_PATH=/home/fnikolay/turtlebot3_ws/install/turtlebot3_msgs/lib:${LD_LIBRARY_PATH} PYTHONPATH=/home/fnikolay/turtlebot3_ws/install/turtlebot3_example/lib/python3.8/site-packages:/home/fnikolay/turtlebot3_ws/install/turtlebot3_msgs/lib/python3.8/site-packages:${PYTHONPATH} /usr/bin/python3 setup.py develop --prefix /home/fnikolay/turtlebot3_ws/install/turtlebot3_example --editable --build-directory /home/fnikolay/turtlebot3_ws/build/turtlebot3_example/build --no-deps install_data --install-dir /home/fnikolay/turtlebot3_ws/install/turtlebot3_example
[1.402s] running develop
[1.636s] running egg_info
[1.636s] writing turtlebot3_example.egg-info/PKG-INFO
[1.637s] writing dependency_links to turtlebot3_example.egg-info/dependency_links.txt
[1.637s] writing entry points to turtlebot3_example.egg-info/entry_points.txt
[1.637s] writing requirements to turtlebot3_example.egg-info/requires.txt
[1.637s] writing top-level names to turtlebot3_example.egg-info/top_level.txt
[1.685s] reading manifest file 'turtlebot3_example.egg-info/SOURCES.txt'
[1.686s] writing manifest file 'turtlebot3_example.egg-info/SOURCES.txt'
[1.728s] running build_ext
[1.728s] Creating /home/fnikolay/turtlebot3_ws/install/turtlebot3_example/lib/python3.8/site-packages/turtlebot3-example.egg-link (link to .)
[1.729s] Installing turtlebot3_obstacle_detection script to /home/fnikolay/turtlebot3_ws/install/turtlebot3_example/lib/turtlebot3_example
[1.730s] Installing turtlebot3_patrol_client script to /home/fnikolay/turtlebot3_ws/install/turtlebot3_example/lib/turtlebot3_example
[1.730s] Installing turtlebot3_patrol_server script to /home/fnikolay/turtlebot3_ws/install/turtlebot3_example/lib/turtlebot3_example
[1.730s] Installing turtlebot3_position_control script to /home/fnikolay/turtlebot3_ws/install/turtlebot3_example/lib/turtlebot3_example
[1.730s] 
[1.730s] Installed /home/fnikolay/turtlebot3_ws/build/turtlebot3_example
[1.730s] running install_data
[1.769s] Invoked command in '/home/fnikolay/turtlebot3_ws/build/turtlebot3_example' returned '0': AMENT_PREFIX_PATH=/home/fnikolay/turtlebot3_ws/install/turtlebot3_msgs:${AMENT_PREFIX_PATH} CMAKE_PREFIX_PATH=/home/fnikolay/turtlebot3_ws/install/turtlebot3_msgs LD_LIBRARY_PATH=/home/fnikolay/turtlebot3_ws/install/turtlebot3_msgs/lib:${LD_LIBRARY_PATH} PYTHONPATH=/home/fnikolay/turtlebot3_ws/install/turtlebot3_example/lib/python3.8/site-packages:/home/fnikolay/turtlebot3_ws/install/turtlebot3_msgs/lib/python3.8/site-packages:${PYTHONPATH} /usr/bin/python3 setup.py develop --prefix /home/fnikolay/turtlebot3_ws/install/turtlebot3_example --editable --build-directory /home/fnikolay/turtlebot3_ws/build/turtlebot3_example/build --no-deps install_data --install-dir /home/fnikolay/turtlebot3_ws/install/turtlebot3_example
