[1.108s] Invoking command in '/home/fnikolay/turtlebot3_ws/build/turtlebot3_teleop': PYTHONPATH=/home/fnikolay/turtlebot3_ws/install/turtlebot3_teleop/lib/python3.8/site-packages:${PYTHONPATH} /usr/bin/python3 setup.py develop --prefix /home/fnikolay/turtlebot3_ws/install/turtlebot3_teleop --uninstall --editable --build-directory /home/fnikolay/turtlebot3_ws/build/turtlebot3_teleop/build
[1.540s] running develop
[1.962s] Invoked command in '/home/fnikolay/turtlebot3_ws/build/turtlebot3_teleop' returned '0': PYTHONPATH=/home/fnikolay/turtlebot3_ws/install/turtlebot3_teleop/lib/python3.8/site-packages:${PYTHONPATH} /usr/bin/python3 setup.py develop --prefix /home/fnikolay/turtlebot3_ws/install/turtlebot3_teleop --uninstall --editable --build-directory /home/fnikolay/turtlebot3_ws/build/turtlebot3_teleop/build
[1.963s] Invoking command in '/home/fnikolay/turtlebot3_ws/src/turtlebot3/turtlebot3_teleop': PYTHONPATH=/home/fnikolay/turtlebot3_ws/install/turtlebot3_teleop/lib/python3.8/site-packages:${PYTHONPATH} /usr/bin/python3 setup.py egg_info --egg-base ../../../build/turtlebot3_teleop build --build-base /home/fnikolay/turtlebot3_ws/build/turtlebot3_teleop/build install --prefix /home/fnikolay/turtlebot3_ws/install/turtlebot3_teleop --record /home/fnikolay/turtlebot3_ws/build/turtlebot3_teleop/install.log --single-version-externally-managed
[2.326s] running egg_info
[2.328s] writing ../../../build/turtlebot3_teleop/turtlebot3_teleop.egg-info/PKG-INFO
[2.328s] writing dependency_links to ../../../build/turtlebot3_teleop/turtlebot3_teleop.egg-info/dependency_links.txt
[2.329s] writing entry points to ../../../build/turtlebot3_teleop/turtlebot3_teleop.egg-info/entry_points.txt
[2.329s] writing requirements to ../../../build/turtlebot3_teleop/turtlebot3_teleop.egg-info/requires.txt
[2.329s] writing top-level names to ../../../build/turtlebot3_teleop/turtlebot3_teleop.egg-info/top_level.txt
[2.377s] reading manifest file '../../../build/turtlebot3_teleop/turtlebot3_teleop.egg-info/SOURCES.txt'
[2.378s] writing manifest file '../../../build/turtlebot3_teleop/turtlebot3_teleop.egg-info/SOURCES.txt'
[2.378s] running build
[2.378s] running build_py
[2.379s] running install
[2.380s] running install_lib
[2.381s] running install_data
[2.382s] running install_egg_info
[2.384s] removing '/home/fnikolay/turtlebot3_ws/install/turtlebot3_teleop/lib/python3.8/site-packages/turtlebot3_teleop-2.1.4-py3.8.egg-info' (and everything under it)
[2.385s] Copying ../../../build/turtlebot3_teleop/turtlebot3_teleop.egg-info to /home/fnikolay/turtlebot3_ws/install/turtlebot3_teleop/lib/python3.8/site-packages/turtlebot3_teleop-2.1.4-py3.8.egg-info
[2.386s] running install_scripts
[2.417s] Installing teleop_keyboard script to /home/fnikolay/turtlebot3_ws/install/turtlebot3_teleop/lib/turtlebot3_teleop
[2.422s] writing list of installed files to '/home/fnikolay/turtlebot3_ws/build/turtlebot3_teleop/install.log'
[2.460s] Invoked command in '/home/fnikolay/turtlebot3_ws/src/turtlebot3/turtlebot3_teleop' returned '0': PYTHONPATH=/home/fnikolay/turtlebot3_ws/install/turtlebot3_teleop/lib/python3.8/site-packages:${PYTHONPATH} /usr/bin/python3 setup.py egg_info --egg-base ../../../build/turtlebot3_teleop build --build-base /home/fnikolay/turtlebot3_ws/build/turtlebot3_teleop/build install --prefix /home/fnikolay/turtlebot3_ws/install/turtlebot3_teleop --record /home/fnikolay/turtlebot3_ws/build/turtlebot3_teleop/install.log --single-version-externally-managed
