[1.150s] Invoking command in '/home/fnikolay/turtlebot3_ws/kf_move': PYTHONPATH=/home/fnikolay/turtlebot3_ws/install/kf_move/lib/python3.8/site-packages:${PYTHONPATH} /usr/bin/python3 setup.py egg_info --egg-base ../build/kf_move build --build-base /home/fnikolay/turtlebot3_ws/build/kf_move/build install --prefix /home/fnikolay/turtlebot3_ws/install/kf_move --record /home/fnikolay/turtlebot3_ws/build/kf_move/install.log --single-version-externally-managed
[1.462s] running egg_info
[1.463s] creating ../build/kf_move/kf_move.egg-info
[1.463s] writing ../build/kf_move/kf_move.egg-info/PKG-INFO
[1.463s] writing dependency_links to ../build/kf_move/kf_move.egg-info/dependency_links.txt
[1.463s] writing entry points to ../build/kf_move/kf_move.egg-info/entry_points.txt
[1.463s] writing requirements to ../build/kf_move/kf_move.egg-info/requires.txt
[1.464s] writing top-level names to ../build/kf_move/kf_move.egg-info/top_level.txt
[1.465s] writing manifest file '../build/kf_move/kf_move.egg-info/SOURCES.txt'
[1.507s] reading manifest file '../build/kf_move/kf_move.egg-info/SOURCES.txt'
[1.511s] writing manifest file '../build/kf_move/kf_move.egg-info/SOURCES.txt'
[1.512s] running build
[1.513s] running build_py
[1.515s] creating /home/fnikolay/turtlebot3_ws/build/kf_move/build
[1.516s] creating /home/fnikolay/turtlebot3_ws/build/kf_move/build/lib
[1.517s] creating /home/fnikolay/turtlebot3_ws/build/kf_move/build/lib/kf_move
[1.518s] copying kf_move/__init__.py -> /home/fnikolay/turtlebot3_ws/build/kf_move/build/lib/kf_move
[1.519s] running install
[1.521s] running install_lib
[1.521s] creating /home/fnikolay/turtlebot3_ws/install/kf_move/lib/python3.8/site-packages/kf_move
[1.521s] copying /home/fnikolay/turtlebot3_ws/build/kf_move/build/lib/kf_move/__init__.py -> /home/fnikolay/turtlebot3_ws/install/kf_move/lib/python3.8/site-packages/kf_move
[1.522s] byte-compiling /home/fnikolay/turtlebot3_ws/install/kf_move/lib/python3.8/site-packages/kf_move/__init__.py to __init__.cpython-38.pyc
[1.522s] running install_data
[1.522s] creating /home/fnikolay/turtlebot3_ws/install/kf_move/share/ament_index
[1.522s] creating /home/fnikolay/turtlebot3_ws/install/kf_move/share/ament_index/resource_index
[1.522s] creating /home/fnikolay/turtlebot3_ws/install/kf_move/share/ament_index/resource_index/packages
[1.522s] copying resource/kf_move -> /home/fnikolay/turtlebot3_ws/install/kf_move/share/ament_index/resource_index/packages
[1.522s] copying package.xml -> /home/fnikolay/turtlebot3_ws/install/kf_move/share/kf_move
[1.522s] running install_egg_info
[1.522s] Copying ../build/kf_move/kf_move.egg-info to /home/fnikolay/turtlebot3_ws/install/kf_move/lib/python3.8/site-packages/kf_move-0.0.0-py3.8.egg-info
[1.522s] running install_scripts
[1.534s] writing list of installed files to '/home/fnikolay/turtlebot3_ws/build/kf_move/install.log'
[1.568s] Invoked command in '/home/fnikolay/turtlebot3_ws/kf_move' returned '0': PYTHONPATH=/home/fnikolay/turtlebot3_ws/install/kf_move/lib/python3.8/site-packages:${PYTHONPATH} /usr/bin/python3 setup.py egg_info --egg-base ../build/kf_move build --build-base /home/fnikolay/turtlebot3_ws/build/kf_move/build install --prefix /home/fnikolay/turtlebot3_ws/install/kf_move --record /home/fnikolay/turtlebot3_ws/build/kf_move/install.log --single-version-externally-managed
