[0.958s] Invoking command in '/home/fnikolay/turtlebot3_ws/build/kf_move': PYTHONPATH=/home/fnikolay/turtlebot3_ws/install/kf_move/lib/python3.8/site-packages:${PYTHONPATH} /usr/bin/python3 setup.py develop --prefix /home/fnikolay/turtlebot3_ws/install/kf_move --uninstall --editable --build-directory /home/fnikolay/turtlebot3_ws/build/kf_move/build
[1.286s] running develop
[1.546s] Invoked command in '/home/fnikolay/turtlebot3_ws/build/kf_move' returned '0': PYTHONPATH=/home/fnikolay/turtlebot3_ws/install/kf_move/lib/python3.8/site-packages:${PYTHONPATH} /usr/bin/python3 setup.py develop --prefix /home/fnikolay/turtlebot3_ws/install/kf_move --uninstall --editable --build-directory /home/fnikolay/turtlebot3_ws/build/kf_move/build
[1.547s] Invoking command in '/home/fnikolay/turtlebot3_ws/src/kf_move': PYTHONPATH=/home/fnikolay/turtlebot3_ws/install/kf_move/lib/python3.8/site-packages:${PYTHONPATH} /usr/bin/python3 setup.py egg_info --egg-base ../../build/kf_move build --build-base /home/fnikolay/turtlebot3_ws/build/kf_move/build install --prefix /home/fnikolay/turtlebot3_ws/install/kf_move --record /home/fnikolay/turtlebot3_ws/build/kf_move/install.log --single-version-externally-managed
[1.862s] running egg_info
[1.862s] writing ../../build/kf_move/kf_move.egg-info/PKG-INFO
[1.866s] writing dependency_links to ../../build/kf_move/kf_move.egg-info/dependency_links.txt
[1.866s] writing entry points to ../../build/kf_move/kf_move.egg-info/entry_points.txt
[1.866s] writing requirements to ../../build/kf_move/kf_move.egg-info/requires.txt
[1.866s] writing top-level names to ../../build/kf_move/kf_move.egg-info/top_level.txt
[1.906s] reading manifest file '../../build/kf_move/kf_move.egg-info/SOURCES.txt'
[1.919s] writing manifest file '../../build/kf_move/kf_move.egg-info/SOURCES.txt'
[1.919s] running build
[1.919s] running build_py
[1.919s] copying kf_move/__init__.py -> /home/fnikolay/turtlebot3_ws/build/kf_move/build/lib/kf_move
[1.919s] running install
[1.920s] running install_lib
[1.929s] copying /home/fnikolay/turtlebot3_ws/build/kf_move/build/lib/kf_move/__init__.py -> /home/fnikolay/turtlebot3_ws/install/kf_move/lib/python3.8/site-packages/kf_move
[1.930s] byte-compiling /home/fnikolay/turtlebot3_ws/install/kf_move/lib/python3.8/site-packages/kf_move/__init__.py to __init__.cpython-38.pyc
[1.931s] running install_data
[1.932s] copying resource/kf_move -> /home/fnikolay/turtlebot3_ws/install/kf_move/share/ament_index/resource_index/packages
[1.932s] copying package.xml -> /home/fnikolay/turtlebot3_ws/install/kf_move/share/kf_move
[1.943s] running install_egg_info
[1.944s] removing '/home/fnikolay/turtlebot3_ws/install/kf_move/lib/python3.8/site-packages/kf_move-0.0.0-py3.8.egg-info' (and everything under it)
[1.945s] Copying ../../build/kf_move/kf_move.egg-info to /home/fnikolay/turtlebot3_ws/install/kf_move/lib/python3.8/site-packages/kf_move-0.0.0-py3.8.egg-info
[1.952s] running install_scripts
[1.969s] writing list of installed files to '/home/fnikolay/turtlebot3_ws/build/kf_move/install.log'
[1.995s] Invoked command in '/home/fnikolay/turtlebot3_ws/src/kf_move' returned '0': PYTHONPATH=/home/fnikolay/turtlebot3_ws/install/kf_move/lib/python3.8/site-packages:${PYTHONPATH} /usr/bin/python3 setup.py egg_info --egg-base ../../build/kf_move build --build-base /home/fnikolay/turtlebot3_ws/build/kf_move/build install --prefix /home/fnikolay/turtlebot3_ws/install/kf_move --record /home/fnikolay/turtlebot3_ws/build/kf_move/install.log --single-version-externally-managed
