[0.915s] Invoking command in '/home/fnikolay/turtlebot3_ws/build/turtlebot3_teleop': PYTHONPATH=/home/fnikolay/turtlebot3_ws/install/turtlebot3_teleop/lib/python3.8/site-packages:${PYTHONPATH} /usr/bin/python3 setup.py develop --prefix /home/fnikolay/turtlebot3_ws/install/turtlebot3_teleop --uninstall --editable --build-directory /home/fnikolay/turtlebot3_ws/build/turtlebot3_teleop/build
[1.224s] running develop
[1.458s] Invoked command in '/home/fnikolay/turtlebot3_ws/build/turtlebot3_teleop' returned '0': PYTHONPATH=/home/fnikolay/turtlebot3_ws/install/turtlebot3_teleop/lib/python3.8/site-packages:${PYTHONPATH} /usr/bin/python3 setup.py develop --prefix /home/fnikolay/turtlebot3_ws/install/turtlebot3_teleop --uninstall --editable --build-directory /home/fnikolay/turtlebot3_ws/build/turtlebot3_teleop/build
[1.460s] Invoking command in '/home/fnikolay/turtlebot3_ws/src/turtlebot3/turtlebot3_teleop': PYTHONPATH=/home/fnikolay/turtlebot3_ws/install/turtlebot3_teleop/lib/python3.8/site-packages:${PYTHONPATH} /usr/bin/python3 setup.py egg_info --egg-base ../../../build/turtlebot3_teleop build --build-base /home/fnikolay/turtlebot3_ws/build/turtlebot3_teleop/build install --prefix /home/fnikolay/turtlebot3_ws/install/turtlebot3_teleop --record /home/fnikolay/turtlebot3_ws/build/turtlebot3_teleop/install.log --single-version-externally-managed
[1.772s] running egg_info
[1.773s] writing ../../../build/turtlebot3_teleop/turtlebot3_teleop.egg-info/PKG-INFO
[1.773s] writing dependency_links to ../../../build/turtlebot3_teleop/turtlebot3_teleop.egg-info/dependency_links.txt
[1.773s] writing entry points to ../../../build/turtlebot3_teleop/turtlebot3_teleop.egg-info/entry_points.txt
[1.773s] writing requirements to ../../../build/turtlebot3_teleop/turtlebot3_teleop.egg-info/requires.txt
[1.774s] writing top-level names to ../../../build/turtlebot3_teleop/turtlebot3_teleop.egg-info/top_level.txt
[1.823s] reading manifest file '../../../build/turtlebot3_teleop/turtlebot3_teleop.egg-info/SOURCES.txt'
[1.824s] writing manifest file '../../../build/turtlebot3_teleop/turtlebot3_teleop.egg-info/SOURCES.txt'
[1.824s] running build
[1.824s] running build_py
[1.825s] running install
[1.826s] running install_lib
[1.828s] running install_data
[1.828s] running install_egg_info
[1.830s] removing '/home/fnikolay/turtlebot3_ws/install/turtlebot3_teleop/lib/python3.8/site-packages/turtlebot3_teleop-2.1.4-py3.8.egg-info' (and everything under it)
[1.830s] Copying ../../../build/turtlebot3_teleop/turtlebot3_teleop.egg-info to /home/fnikolay/turtlebot3_ws/install/turtlebot3_teleop/lib/python3.8/site-packages/turtlebot3_teleop-2.1.4-py3.8.egg-info
[1.831s] running install_scripts
[1.852s] Installing teleop_keyboard script to /home/fnikolay/turtlebot3_ws/install/turtlebot3_teleop/lib/turtlebot3_teleop
[1.852s] writing list of installed files to '/home/fnikolay/turtlebot3_ws/build/turtlebot3_teleop/install.log'
[1.895s] Invoked command in '/home/fnikolay/turtlebot3_ws/src/turtlebot3/turtlebot3_teleop' returned '0': PYTHONPATH=/home/fnikolay/turtlebot3_ws/install/turtlebot3_teleop/lib/python3.8/site-packages:${PYTHONPATH} /usr/bin/python3 setup.py egg_info --egg-base ../../../build/turtlebot3_teleop build --build-base /home/fnikolay/turtlebot3_ws/build/turtlebot3_teleop/build install --prefix /home/fnikolay/turtlebot3_ws/install/turtlebot3_teleop --record /home/fnikolay/turtlebot3_ws/build/turtlebot3_teleop/install.log --single-version-externally-managed
