[0.896s] Invoking command in '/home/fnikolay/turtlebot3_ws/src/kf_move': PYTHONPATH=/home/fnikolay/turtlebot3_ws/install/kf_move/lib/python3.8/site-packages:${PYTHONPATH} /usr/bin/python3 setup.py egg_info --egg-base ../../build/kf_move build --build-base /home/fnikolay/turtlebot3_ws/build/kf_move/build install --prefix /home/fnikolay/turtlebot3_ws/install/kf_move --record /home/fnikolay/turtlebot3_ws/build/kf_move/install.log --single-version-externally-managed
[1.200s] running egg_info
[1.201s] writing ../../build/kf_move/kf_move.egg-info/PKG-INFO
[1.202s] writing dependency_links to ../../build/kf_move/kf_move.egg-info/dependency_links.txt
[1.202s] writing entry points to ../../build/kf_move/kf_move.egg-info/entry_points.txt
[1.202s] writing requirements to ../../build/kf_move/kf_move.egg-info/requires.txt
[1.203s] writing top-level names to ../../build/kf_move/kf_move.egg-info/top_level.txt
[1.249s] reading manifest file '../../build/kf_move/kf_move.egg-info/SOURCES.txt'
[1.259s] writing manifest file '../../build/kf_move/kf_move.egg-info/SOURCES.txt'
[1.259s] running build
[1.259s] running build_py
[1.259s] copying kf_move/__init__.py -> /home/fnikolay/turtlebot3_ws/build/kf_move/build/lib/kf_move
[1.259s] running install
[1.261s] running install_lib
[1.262s] copying /home/fnikolay/turtlebot3_ws/build/kf_move/build/lib/kf_move/__init__.py -> /home/fnikolay/turtlebot3_ws/install/kf_move/lib/python3.8/site-packages/kf_move
[1.263s] byte-compiling /home/fnikolay/turtlebot3_ws/install/kf_move/lib/python3.8/site-packages/kf_move/__init__.py to __init__.cpython-38.pyc
[1.264s] running install_data
[1.265s] copying resource/kf_move -> /home/fnikolay/turtlebot3_ws/install/kf_move/share/ament_index/resource_index/packages
[1.265s] copying package.xml -> /home/fnikolay/turtlebot3_ws/install/kf_move/share/kf_move
[1.266s] running install_egg_info
[1.267s] removing '/home/fnikolay/turtlebot3_ws/install/kf_move/lib/python3.8/site-packages/kf_move-0.0.0-py3.8.egg-info' (and everything under it)
[1.267s] Copying ../../build/kf_move/kf_move.egg-info to /home/fnikolay/turtlebot3_ws/install/kf_move/lib/python3.8/site-packages/kf_move-0.0.0-py3.8.egg-info
[1.269s] running install_scripts
[1.289s] writing list of installed files to '/home/fnikolay/turtlebot3_ws/build/kf_move/install.log'
[1.333s] Invoked command in '/home/fnikolay/turtlebot3_ws/src/kf_move' returned '0': PYTHONPATH=/home/fnikolay/turtlebot3_ws/install/kf_move/lib/python3.8/site-packages:${PYTHONPATH} /usr/bin/python3 setup.py egg_info --egg-base ../../build/kf_move build --build-base /home/fnikolay/turtlebot3_ws/build/kf_move/build install --prefix /home/fnikolay/turtlebot3_ws/install/kf_move --record /home/fnikolay/turtlebot3_ws/build/kf_move/install.log --single-version-externally-managed
