[0.578s] Invoking command in '/home/fnikolay/turtlebot3_ws/build/turtlebot3_gazebo': CMAKE_PREFIX_PATH=/home/fnikolay/turtlebot3_ws/install/turtlebot3_description:/home/fnikolay/turtlebot3_ws/install/turtlebot3:/home/fnikolay/turtlebot3_ws/install/turtlebot3_simulations:/home/fnikolay/turtlebot3_ws/install/turtlebot3_bringup:/home/fnikolay/turtlebot3_ws/install/turtlebot3_node:/home/fnikolay/turtlebot3_ws/install/turtlebot3_navigation2:/home/fnikolay/turtlebot3_ws/install/turtlebot3_fake_node:/home/fnikolay/turtlebot3_ws/install/turtlebot3_msgs:/home/fnikolay/turtlebot3_ws/install/turtlebot3_gazebo:/home/fnikolay/turtlebot3_ws/install/turtlebot3_cartographer:/home/fnikolay/turtlebot3_ws/install/dynamixel_sdk_examples:/home/fnikolay/turtlebot3_ws/install/dynamixel_sdk_custom_interfaces:/home/fnikolay/turtlebot3_ws/install/dynamixel_sdk:/home/fnikolay/turtlebot3_ws/install/turtlebot3_teleop:/home/fnikolay/turtlebot3_ws/install/turtlebot3_example:/home/fnikolay/turtlebot3_ws/install/my_package:/home/fnikolay/turtlebot3_ws/install/kf_move:/opt/ros/foxy /usr/bin/cmake --build /home/fnikolay/turtlebot3_ws/build/turtlebot3_gazebo -- -j4 -l4
[5.000s] [ 25%] Built target obstacles
[5.203s] [ 50%] Built target obstacle1
[5.406s] [ 75%] Built target turtlebot3_drive
[5.538s] [100%] Built target obstacle2
[5.550s] Invoked command in '/home/fnikolay/turtlebot3_ws/build/turtlebot3_gazebo' returned '0': CMAKE_PREFIX_PATH=/home/fnikolay/turtlebot3_ws/install/turtlebot3_description:/home/fnikolay/turtlebot3_ws/install/turtlebot3:/home/fnikolay/turtlebot3_ws/install/turtlebot3_simulations:/home/fnikolay/turtlebot3_ws/install/turtlebot3_bringup:/home/fnikolay/turtlebot3_ws/install/turtlebot3_node:/home/fnikolay/turtlebot3_ws/install/turtlebot3_navigation2:/home/fnikolay/turtlebot3_ws/install/turtlebot3_fake_node:/home/fnikolay/turtlebot3_ws/install/turtlebot3_msgs:/home/fnikolay/turtlebot3_ws/install/turtlebot3_gazebo:/home/fnikolay/turtlebot3_ws/install/turtlebot3_cartographer:/home/fnikolay/turtlebot3_ws/install/dynamixel_sdk_examples:/home/fnikolay/turtlebot3_ws/install/dynamixel_sdk_custom_interfaces:/home/fnikolay/turtlebot3_ws/install/dynamixel_sdk:/home/fnikolay/turtlebot3_ws/install/turtlebot3_teleop:/home/fnikolay/turtlebot3_ws/install/turtlebot3_example:/home/fnikolay/turtlebot3_ws/install/my_package:/home/fnikolay/turtlebot3_ws/install/kf_move:/opt/ros/foxy /usr/bin/cmake --build /home/fnikolay/turtlebot3_ws/build/turtlebot3_gazebo -- -j4 -l4
[5.589s] Invoking command in '/home/fnikolay/turtlebot3_ws/build/turtlebot3_gazebo': CMAKE_PREFIX_PATH=/home/fnikolay/turtlebot3_ws/install/turtlebot3_description:/home/fnikolay/turtlebot3_ws/install/turtlebot3:/home/fnikolay/turtlebot3_ws/install/turtlebot3_simulations:/home/fnikolay/turtlebot3_ws/install/turtlebot3_bringup:/home/fnikolay/turtlebot3_ws/install/turtlebot3_node:/home/fnikolay/turtlebot3_ws/install/turtlebot3_navigation2:/home/fnikolay/turtlebot3_ws/install/turtlebot3_fake_node:/home/fnikolay/turtlebot3_ws/install/turtlebot3_msgs:/home/fnikolay/turtlebot3_ws/install/turtlebot3_gazebo:/home/fnikolay/turtlebot3_ws/install/turtlebot3_cartographer:/home/fnikolay/turtlebot3_ws/install/dynamixel_sdk_examples:/home/fnikolay/turtlebot3_ws/install/dynamixel_sdk_custom_interfaces:/home/fnikolay/turtlebot3_ws/install/dynamixel_sdk:/home/fnikolay/turtlebot3_ws/install/turtlebot3_teleop:/home/fnikolay/turtlebot3_ws/install/turtlebot3_example:/home/fnikolay/turtlebot3_ws/install/my_package:/home/fnikolay/turtlebot3_ws/install/kf_move:/opt/ros/foxy /usr/bin/cmake --install /home/fnikolay/turtlebot3_ws/build/turtlebot3_gazebo
[5.679s] -- Install configuration: ""
[5.740s] -- Execute custom install script
[5.801s] -- Up-to-date symlink: /home/fnikolay/turtlebot3_ws/install/turtlebot3_gazebo/lib/turtlebot3_gazebo/turtlebot3_drive
[5.804s] -- Up-to-date symlink: /home/fnikolay/turtlebot3_ws/install/turtlebot3_gazebo/share/turtlebot3_gazebo//launch/empty_world.launch.py
[5.804s] -- Up-to-date symlink: /home/fnikolay/turtlebot3_ws/install/turtlebot3_gazebo/share/turtlebot3_gazebo//launch/robot_state_publisher.launch.py
[5.806s] -- Up-to-date symlink: /home/fnikolay/turtlebot3_ws/install/turtlebot3_gazebo/share/turtlebot3_gazebo//launch/turtlebot3_autorace.launch.py
[5.806s] -- Up-to-date symlink: /home/fnikolay/turtlebot3_ws/install/turtlebot3_gazebo/share/turtlebot3_gazebo//launch/turtlebot3_dqn_stage1.launch.py
[5.890s] -- Up-to-date symlink: /home/fnikolay/turtlebot3_ws/install/turtlebot3_gazebo/share/turtlebot3_gazebo//launch/turtlebot3_dqn_stage2.launch.py
[5.890s] -- Up-to-date symlink: /home/fnikolay/turtlebot3_ws/install/turtlebot3_gazebo/share/turtlebot3_gazebo//launch/turtlebot3_dqn_stage3.launch.py
[5.892s] -- Up-to-date symlink: /home/fnikolay/turtlebot3_ws/install/turtlebot3_gazebo/share/turtlebot3_gazebo//launch/turtlebot3_dqn_stage4.launch.py
[5.892s] -- Up-to-date symlink: /home/fnikolay/turtlebot3_ws/install/turtlebot3_gazebo/share/turtlebot3_gazebo//launch/turtlebot3_house.launch.py
[5.892s] -- Up-to-date symlink: /home/fnikolay/turtlebot3_ws/install/turtlebot3_gazebo/share/turtlebot3_gazebo//launch/turtlebot3_world.launch.py
[6.242s] -- Up-to-date symlink: /home/fnikolay/turtlebot3_ws/install/turtlebot3_gazebo/share/turtlebot3_gazebo//models/turtlebot3_autorace/course/materials/scripts/course.material
[6.244s] -- Up-to-date symlink: /home/fnikolay/turtlebot3_ws/install/turtlebot3_gazebo/share/turtlebot3_gazebo//models/turtlebot3_autorace/course/materials/textures/course.png
[6.245s] -- Up-to-date symlink: /home/fnikolay/turtlebot3_ws/install/turtlebot3_gazebo/share/turtlebot3_gazebo//models/turtlebot3_autorace/course/model.config
[6.247s] -- Up-to-date symlink: /home/fnikolay/turtlebot3_ws/install/turtlebot3_gazebo/share/turtlebot3_gazebo//models/turtlebot3_autorace/course/model.sdf
[6.249s] -- Up-to-date symlink: /home/fnikolay/turtlebot3_ws/install/turtlebot3_gazebo/share/turtlebot3_gazebo//models/turtlebot3_autorace/ground/model.config
[6.250s] -- Up-to-date symlink: /home/fnikolay/turtlebot3_ws/install/turtlebot3_gazebo/share/turtlebot3_gazebo//models/turtlebot3_autorace/ground/model.sdf
[6.251s] -- Up-to-date symlink: /home/fnikolay/turtlebot3_ws/install/turtlebot3_gazebo/share/turtlebot3_gazebo//models/turtlebot3_autorace/lights/model.config
[6.252s] -- Up-to-date symlink: /home/fnikolay/turtlebot3_ws/install/turtlebot3_gazebo/share/turtlebot3_gazebo//models/turtlebot3_autorace/lights/model.sdf
[6.253s] -- Up-to-date symlink: /home/fnikolay/turtlebot3_ws/install/turtlebot3_gazebo/share/turtlebot3_gazebo//models/turtlebot3_autorace/model.config
[6.254s] -- Up-to-date symlink: /home/fnikolay/turtlebot3_ws/install/turtlebot3_gazebo/share/turtlebot3_gazebo//models/turtlebot3_autorace/traffic_bar_down/materials/scripts/traffic_bar.material
[6.254s] -- Up-to-date symlink: /home/fnikolay/turtlebot3_ws/install/turtlebot3_gazebo/share/turtlebot3_gazebo//models/turtlebot3_autorace/traffic_bar_down/materials/textures/traffic_bar.png
[6.255s] -- Up-to-date symlink: /home/fnikolay/turtlebot3_ws/install/turtlebot3_gazebo/share/turtlebot3_gazebo//models/turtlebot3_autorace/traffic_bar_down/model.config
[6.255s] -- Up-to-date symlink: /home/fnikolay/turtlebot3_ws/install/turtlebot3_gazebo/share/turtlebot3_gazebo//models/turtlebot3_autorace/traffic_bar_down/model.sdf
[6.256s] -- Up-to-date symlink: /home/fnikolay/turtlebot3_ws/install/turtlebot3_gazebo/share/turtlebot3_gazebo//models/turtlebot3_autorace/traffic_bar_up/materials/scripts/traffic_bar.material
[6.256s] -- Up-to-date symlink: /home/fnikolay/turtlebot3_ws/install/turtlebot3_gazebo/share/turtlebot3_gazebo//models/turtlebot3_autorace/traffic_bar_up/materials/textures/traffic_bar.png
[6.256s] -- Up-to-date symlink: /home/fnikolay/turtlebot3_ws/install/turtlebot3_gazebo/share/turtlebot3_gazebo//models/turtlebot3_autorace/traffic_bar_up/model.config
[6.257s] -- Up-to-date symlink: /home/fnikolay/turtlebot3_ws/install/turtlebot3_gazebo/share/turtlebot3_gazebo//models/turtlebot3_autorace/traffic_bar_up/model.sdf
[6.257s] -- Up-to-date symlink: /home/fnikolay/turtlebot3_ws/install/turtlebot3_gazebo/share/turtlebot3_gazebo//models/turtlebot3_autorace/traffic_light_green/model.config
[6.257s] -- Up-to-date symlink: /home/fnikolay/turtlebot3_ws/install/turtlebot3_gazebo/share/turtlebot3_gazebo//models/turtlebot3_autorace/traffic_light_green/model.sdf
[6.258s] -- Up-to-date symlink: /home/fnikolay/turtlebot3_ws/install/turtlebot3_gazebo/share/turtlebot3_gazebo//models/turtlebot3_autorace/traffic_light_red/model.config
[6.258s] -- Up-to-date symlink: /home/fnikolay/turtlebot3_ws/install/turtlebot3_gazebo/share/turtlebot3_gazebo//models/turtlebot3_autorace/traffic_light_red/model.sdf
[6.259s] -- Up-to-date symlink: /home/fnikolay/turtlebot3_ws/install/turtlebot3_gazebo/share/turtlebot3_gazebo//models/turtlebot3_autorace/traffic_light_yellow/model.config
[6.259s] -- Up-to-date symlink: /home/fnikolay/turtlebot3_ws/install/turtlebot3_gazebo/share/turtlebot3_gazebo//models/turtlebot3_autorace/traffic_light_yellow/model.sdf
[6.260s] -- Up-to-date symlink: /home/fnikolay/turtlebot3_ws/install/turtlebot3_gazebo/share/turtlebot3_gazebo//models/turtlebot3_autorace/traffic_parking/materials/scripts/traffic_parking.material
[6.260s] -- Up-to-date symlink: /home/fnikolay/turtlebot3_ws/install/turtlebot3_gazebo/share/turtlebot3_gazebo//models/turtlebot3_autorace/traffic_parking/materials/textures/traffic_parking.png
[6.260s] -- Up-to-date symlink: /home/fnikolay/turtlebot3_ws/install/turtlebot3_gazebo/share/turtlebot3_gazebo//models/turtlebot3_autorace/traffic_parking/model.config
[6.260s] -- Up-to-date symlink: /home/fnikolay/turtlebot3_ws/install/turtlebot3_gazebo/share/turtlebot3_gazebo//models/turtlebot3_autorace/traffic_parking/model.sdf
[6.261s] -- Up-to-date symlink: /home/fnikolay/turtlebot3_ws/install/turtlebot3_gazebo/share/turtlebot3_gazebo//models/turtlebot3_autorace/traffic_stop/materials/scripts/traffic_stop.material
[6.261s] -- Up-to-date symlink: /home/fnikolay/turtlebot3_ws/install/turtlebot3_gazebo/share/turtlebot3_gazebo//models/turtlebot3_autorace/traffic_stop/materials/textures/traffic_stop.png
[6.262s] -- Up-to-date symlink: /home/fnikolay/turtlebot3_ws/install/turtlebot3_gazebo/share/turtlebot3_gazebo//models/turtlebot3_autorace/traffic_stop/model.config
[6.262s] -- Up-to-date symlink: /home/fnikolay/turtlebot3_ws/install/turtlebot3_gazebo/share/turtlebot3_gazebo//models/turtlebot3_autorace/traffic_stop/model.sdf
[6.263s] -- Up-to-date symlink: /home/fnikolay/turtlebot3_ws/install/turtlebot3_gazebo/share/turtlebot3_gazebo//models/turtlebot3_autorace/traffic_tunnel/materials/scripts/tunnel.material
[6.263s] -- Up-to-date symlink: /home/fnikolay/turtlebot3_ws/install/turtlebot3_gazebo/share/turtlebot3_gazebo//models/turtlebot3_autorace/traffic_tunnel/materials/textures/tunnel.png
[6.264s] -- Up-to-date symlink: /home/fnikolay/turtlebot3_ws/install/turtlebot3_gazebo/share/turtlebot3_gazebo//models/turtlebot3_autorace/traffic_tunnel/model.config
[6.264s] -- Up-to-date symlink: /home/fnikolay/turtlebot3_ws/install/turtlebot3_gazebo/share/turtlebot3_gazebo//models/turtlebot3_autorace/traffic_tunnel/model.sdf
[6.264s] -- Up-to-date symlink: /home/fnikolay/turtlebot3_ws/install/turtlebot3_gazebo/share/turtlebot3_gazebo//models/turtlebot3_autorace/tunnel_obstacles/model.config
[6.272s] -- Up-to-date symlink: /home/fnikolay/turtlebot3_ws/install/turtlebot3_gazebo/share/turtlebot3_gazebo//models/turtlebot3_autorace/tunnel_obstacles/model.sdf
[6.275s] -- Up-to-date symlink: /home/fnikolay/turtlebot3_ws/install/turtlebot3_gazebo/share/turtlebot3_gazebo//models/turtlebot3_autorace/tunnel_wall/model.config
[6.275s] -- Up-to-date symlink: /home/fnikolay/turtlebot3_ws/install/turtlebot3_gazebo/share/turtlebot3_gazebo//models/turtlebot3_autorace/tunnel_wall/model.sdf
[6.293s] -- Up-to-date symlink: /home/fnikolay/turtlebot3_ws/install/turtlebot3_gazebo/share/turtlebot3_gazebo//models/turtlebot3_burger/meshes/burger_base.dae
[6.296s] -- Up-to-date symlink: /home/fnikolay/turtlebot3_ws/install/turtlebot3_gazebo/share/turtlebot3_gazebo//models/turtlebot3_burger/meshes/lds.dae
[6.296s] -- Up-to-date symlink: /home/fnikolay/turtlebot3_ws/install/turtlebot3_gazebo/share/turtlebot3_gazebo//models/turtlebot3_burger/meshes/tire.dae
[6.297s] -- Up-to-date symlink: /home/fnikolay/turtlebot3_ws/install/turtlebot3_gazebo/share/turtlebot3_gazebo//models/turtlebot3_burger/model-1_4.sdf
[6.303s] -- Up-to-date symlink: /home/fnikolay/turtlebot3_ws/install/turtlebot3_gazebo/share/turtlebot3_gazebo//models/turtlebot3_burger/model.config
[6.303s] -- Up-to-date symlink: /home/fnikolay/turtlebot3_ws/install/turtlebot3_gazebo/share/turtlebot3_gazebo//models/turtlebot3_burger/model.sdf
[6.304s] -- Up-to-date symlink: /home/fnikolay/turtlebot3_ws/install/turtlebot3_gazebo/share/turtlebot3_gazebo//models/turtlebot3_dqn_world/goal_box/model.config
[6.304s] -- Up-to-date symlink: /home/fnikolay/turtlebot3_ws/install/turtlebot3_gazebo/share/turtlebot3_gazebo//models/turtlebot3_dqn_world/goal_box/model.sdf
[6.305s] -- Up-to-date symlink: /home/fnikolay/turtlebot3_ws/install/turtlebot3_gazebo/share/turtlebot3_gazebo//models/turtlebot3_dqn_world/inner_walls/model.config
[6.305s] -- Up-to-date symlink: /home/fnikolay/turtlebot3_ws/install/turtlebot3_gazebo/share/turtlebot3_gazebo//models/turtlebot3_dqn_world/inner_walls/model.sdf
[6.305s] -- Up-to-date symlink: /home/fnikolay/turtlebot3_ws/install/turtlebot3_gazebo/share/turtlebot3_gazebo//models/turtlebot3_dqn_world/model.config
[6.305s] -- Up-to-date symlink: /home/fnikolay/turtlebot3_ws/install/turtlebot3_gazebo/share/turtlebot3_gazebo//models/turtlebot3_dqn_world/model.sdf
[6.306s] -- Up-to-date symlink: /home/fnikolay/turtlebot3_ws/install/turtlebot3_gazebo/share/turtlebot3_gazebo//models/turtlebot3_dqn_world/obstacle1/model.config
[6.306s] -- Up-to-date symlink: /home/fnikolay/turtlebot3_ws/install/turtlebot3_gazebo/share/turtlebot3_gazebo//models/turtlebot3_dqn_world/obstacle1/model.sdf
[6.306s] -- Up-to-date symlink: /home/fnikolay/turtlebot3_ws/install/turtlebot3_gazebo/share/turtlebot3_gazebo//models/turtlebot3_dqn_world/obstacle2/model.config
[6.307s] -- Up-to-date symlink: /home/fnikolay/turtlebot3_ws/install/turtlebot3_gazebo/share/turtlebot3_gazebo//models/turtlebot3_dqn_world/obstacle2/model.sdf
[6.307s] -- Up-to-date symlink: /home/fnikolay/turtlebot3_ws/install/turtlebot3_gazebo/share/turtlebot3_gazebo//models/turtlebot3_dqn_world/obstacle_plugin/CMakeLists.txt
[6.307s] -- Up-to-date symlink: /home/fnikolay/turtlebot3_ws/install/turtlebot3_gazebo/share/turtlebot3_gazebo//models/turtlebot3_dqn_world/obstacle_plugin/obstacle1.cc
[6.307s] -- Up-to-date symlink: /home/fnikolay/turtlebot3_ws/install/turtlebot3_gazebo/share/turtlebot3_gazebo//models/turtlebot3_dqn_world/obstacle_plugin/obstacle2.cc
[6.308s] -- Up-to-date symlink: /home/fnikolay/turtlebot3_ws/install/turtlebot3_gazebo/share/turtlebot3_gazebo//models/turtlebot3_dqn_world/obstacle_plugin/obstacles.cc
[6.308s] -- Up-to-date symlink: /home/fnikolay/turtlebot3_ws/install/turtlebot3_gazebo/share/turtlebot3_gazebo//models/turtlebot3_dqn_world/obstacles/model.config
[6.308s] -- Up-to-date symlink: /home/fnikolay/turtlebot3_ws/install/turtlebot3_gazebo/share/turtlebot3_gazebo//models/turtlebot3_dqn_world/obstacles/model.sdf
[6.309s] -- Up-to-date symlink: /home/fnikolay/turtlebot3_ws/install/turtlebot3_gazebo/share/turtlebot3_gazebo//models/turtlebot3_house/model.config
[6.309s] -- Up-to-date symlink: /home/fnikolay/turtlebot3_ws/install/turtlebot3_gazebo/share/turtlebot3_gazebo//models/turtlebot3_house/model.sdf
[6.309s] -- Up-to-date symlink: /home/fnikolay/turtlebot3_ws/install/turtlebot3_gazebo/share/turtlebot3_gazebo//models/turtlebot3_waffle/meshes/lds.dae
[6.310s] -- Up-to-date symlink: /home/fnikolay/turtlebot3_ws/install/turtlebot3_gazebo/share/turtlebot3_gazebo//models/turtlebot3_waffle/meshes/r200.dae
[6.310s] -- Up-to-date symlink: /home/fnikolay/turtlebot3_ws/install/turtlebot3_gazebo/share/turtlebot3_gazebo//models/turtlebot3_waffle/meshes/tire.dae
[6.310s] -- Up-to-date symlink: /home/fnikolay/turtlebot3_ws/install/turtlebot3_gazebo/share/turtlebot3_gazebo//models/turtlebot3_waffle/meshes/waffle_base.dae
[6.310s] -- Up-to-date symlink: /home/fnikolay/turtlebot3_ws/install/turtlebot3_gazebo/share/turtlebot3_gazebo//models/turtlebot3_waffle/model-1_4.sdf
[6.311s] -- Up-to-date symlink: /home/fnikolay/turtlebot3_ws/install/turtlebot3_gazebo/share/turtlebot3_gazebo//models/turtlebot3_waffle/model.config
[6.311s] -- Up-to-date symlink: /home/fnikolay/turtlebot3_ws/install/turtlebot3_gazebo/share/turtlebot3_gazebo//models/turtlebot3_waffle/model.sdf
[6.311s] -- Up-to-date symlink: /home/fnikolay/turtlebot3_ws/install/turtlebot3_gazebo/share/turtlebot3_gazebo//models/turtlebot3_waffle_pi/meshes/lds.dae
[6.311s] -- Up-to-date symlink: /home/fnikolay/turtlebot3_ws/install/turtlebot3_gazebo/share/turtlebot3_gazebo//models/turtlebot3_waffle_pi/meshes/tire.dae
[6.312s] -- Up-to-date symlink: /home/fnikolay/turtlebot3_ws/install/turtlebot3_gazebo/share/turtlebot3_gazebo//models/turtlebot3_waffle_pi/meshes/waffle_pi_base.dae
[6.312s] -- Up-to-date symlink: /home/fnikolay/turtlebot3_ws/install/turtlebot3_gazebo/share/turtlebot3_gazebo//models/turtlebot3_waffle_pi/model-1_4_.sdf
[6.312s] -- Up-to-date symlink: /home/fnikolay/turtlebot3_ws/install/turtlebot3_gazebo/share/turtlebot3_gazebo//models/turtlebot3_waffle_pi/model.config
[6.313s] -- Up-to-date symlink: /home/fnikolay/turtlebot3_ws/install/turtlebot3_gazebo/share/turtlebot3_gazebo//models/turtlebot3_waffle_pi/model.sdf
[6.313s] -- Up-to-date symlink: /home/fnikolay/turtlebot3_ws/install/turtlebot3_gazebo/share/turtlebot3_gazebo//models/turtlebot3_world/meshes/hexagon.dae
[6.313s] -- Up-to-date symlink: /home/fnikolay/turtlebot3_ws/install/turtlebot3_gazebo/share/turtlebot3_gazebo//models/turtlebot3_world/meshes/wall.dae
[6.313s] -- Up-to-date symlink: /home/fnikolay/turtlebot3_ws/install/turtlebot3_gazebo/share/turtlebot3_gazebo//models/turtlebot3_world/model-1_4.sdf
[6.314s] -- Up-to-date symlink: /home/fnikolay/turtlebot3_ws/install/turtlebot3_gazebo/share/turtlebot3_gazebo//models/turtlebot3_world/model.config
[6.314s] -- Up-to-date symlink: /home/fnikolay/turtlebot3_ws/install/turtlebot3_gazebo/share/turtlebot3_gazebo//models/turtlebot3_world/model.sdf
[6.353s] -- Up-to-date symlink: /home/fnikolay/turtlebot3_ws/install/turtlebot3_gazebo/share/turtlebot3_gazebo//rviz/tb3_gazebo.rviz
[6.370s] -- Up-to-date symlink: /home/fnikolay/turtlebot3_ws/install/turtlebot3_gazebo/share/turtlebot3_gazebo//worlds/empty_worlds/burger.model
[6.370s] -- Up-to-date symlink: /home/fnikolay/turtlebot3_ws/install/turtlebot3_gazebo/share/turtlebot3_gazebo//worlds/empty_worlds/waffle.model
[6.371s] -- Up-to-date symlink: /home/fnikolay/turtlebot3_ws/install/turtlebot3_gazebo/share/turtlebot3_gazebo//worlds/empty_worlds/waffle_pi.model
[6.371s] -- Up-to-date symlink: /home/fnikolay/turtlebot3_ws/install/turtlebot3_gazebo/share/turtlebot3_gazebo//worlds/turtlebot3_autoraces/burger.model
[6.371s] -- Up-to-date symlink: /home/fnikolay/turtlebot3_ws/install/turtlebot3_gazebo/share/turtlebot3_gazebo//worlds/turtlebot3_autoraces/waffle.model
[6.372s] -- Up-to-date symlink: /home/fnikolay/turtlebot3_ws/install/turtlebot3_gazebo/share/turtlebot3_gazebo//worlds/turtlebot3_autoraces/waffle_pi.model
[6.372s] -- Up-to-date symlink: /home/fnikolay/turtlebot3_ws/install/turtlebot3_gazebo/share/turtlebot3_gazebo//worlds/turtlebot3_dqn_stage1/burger.model
[6.372s] -- Up-to-date symlink: /home/fnikolay/turtlebot3_ws/install/turtlebot3_gazebo/share/turtlebot3_gazebo//worlds/turtlebot3_dqn_stage1/waffle.model
[6.373s] -- Up-to-date symlink: /home/fnikolay/turtlebot3_ws/install/turtlebot3_gazebo/share/turtlebot3_gazebo//worlds/turtlebot3_dqn_stage1/waffle_pi.model
[6.373s] -- Up-to-date symlink: /home/fnikolay/turtlebot3_ws/install/turtlebot3_gazebo/share/turtlebot3_gazebo//worlds/turtlebot3_dqn_stage2/burger.model
[6.374s] -- Up-to-date symlink: /home/fnikolay/turtlebot3_ws/install/turtlebot3_gazebo/share/turtlebot3_gazebo//worlds/turtlebot3_dqn_stage2/waffle.model
[6.374s] -- Up-to-date symlink: /home/fnikolay/turtlebot3_ws/install/turtlebot3_gazebo/share/turtlebot3_gazebo//worlds/turtlebot3_dqn_stage2/waffle_pi.model
[6.375s] -- Up-to-date symlink: /home/fnikolay/turtlebot3_ws/install/turtlebot3_gazebo/share/turtlebot3_gazebo//worlds/turtlebot3_dqn_stage3/burger.model
[6.375s] -- Up-to-date symlink: /home/fnikolay/turtlebot3_ws/install/turtlebot3_gazebo/share/turtlebot3_gazebo//worlds/turtlebot3_dqn_stage3/waffle.model
[6.375s] -- Up-to-date symlink: /home/fnikolay/turtlebot3_ws/install/turtlebot3_gazebo/share/turtlebot3_gazebo//worlds/turtlebot3_dqn_stage3/waffle_pi.model
[6.376s] -- Up-to-date symlink: /home/fnikolay/turtlebot3_ws/install/turtlebot3_gazebo/share/turtlebot3_gazebo//worlds/turtlebot3_dqn_stage4/burger.model
[6.376s] -- Up-to-date symlink: /home/fnikolay/turtlebot3_ws/install/turtlebot3_gazebo/share/turtlebot3_gazebo//worlds/turtlebot3_dqn_stage4/waffle.model
[6.377s] -- Up-to-date symlink: /home/fnikolay/turtlebot3_ws/install/turtlebot3_gazebo/share/turtlebot3_gazebo//worlds/turtlebot3_dqn_stage4/waffle_pi.model
[6.381s] -- Up-to-date symlink: /home/fnikolay/turtlebot3_ws/install/turtlebot3_gazebo/share/turtlebot3_gazebo//worlds/turtlebot3_houses/burger.model
[6.381s] -- Up-to-date symlink: /home/fnikolay/turtlebot3_ws/install/turtlebot3_gazebo/share/turtlebot3_gazebo//worlds/turtlebot3_houses/waffle.model
[6.381s] -- Up-to-date symlink: /home/fnikolay/turtlebot3_ws/install/turtlebot3_gazebo/share/turtlebot3_gazebo//worlds/turtlebot3_houses/waffle_pi.model
[6.381s] -- Up-to-date symlink: /home/fnikolay/turtlebot3_ws/install/turtlebot3_gazebo/share/turtlebot3_gazebo//worlds/turtlebot3_worlds/burger.model
[6.382s] -- Up-to-date symlink: /home/fnikolay/turtlebot3_ws/install/turtlebot3_gazebo/share/turtlebot3_gazebo//worlds/turtlebot3_worlds/waffle.model
[6.382s] -- Up-to-date symlink: /home/fnikolay/turtlebot3_ws/install/turtlebot3_gazebo/share/turtlebot3_gazebo//worlds/turtlebot3_worlds/waffle_pi.model
[6.382s] -- Up-to-date symlink: /home/fnikolay/turtlebot3_ws/install/turtlebot3_gazebo/include//turtlebot3_gazebo/turtlebot3_drive.hpp
[6.382s] -- Up-to-date symlink: /home/fnikolay/turtlebot3_ws/install/turtlebot3_gazebo/share/ament_index/resource_index/package_run_dependencies/turtlebot3_gazebo
[6.382s] -- Up-to-date symlink: /home/fnikolay/turtlebot3_ws/install/turtlebot3_gazebo/share/ament_index/resource_index/parent_prefix_path/turtlebot3_gazebo
[6.383s] -- Up-to-date symlink: /home/fnikolay/turtlebot3_ws/install/turtlebot3_gazebo/share/turtlebot3_gazebo/environment/ament_prefix_path.sh
[6.383s] -- Up-to-date symlink: /home/fnikolay/turtlebot3_ws/install/turtlebot3_gazebo/share/turtlebot3_gazebo/environment/ament_prefix_path.dsv
[6.384s] -- Up-to-date symlink: /home/fnikolay/turtlebot3_ws/install/turtlebot3_gazebo/share/turtlebot3_gazebo/environment/path.sh
[6.384s] -- Up-to-date symlink: /home/fnikolay/turtlebot3_ws/install/turtlebot3_gazebo/share/turtlebot3_gazebo/environment/path.dsv
[6.385s] -- Up-to-date symlink: /home/fnikolay/turtlebot3_ws/install/turtlebot3_gazebo/share/turtlebot3_gazebo/local_setup.bash
[6.385s] -- Up-to-date symlink: /home/fnikolay/turtlebot3_ws/install/turtlebot3_gazebo/share/turtlebot3_gazebo/local_setup.sh
[6.386s] -- Up-to-date symlink: /home/fnikolay/turtlebot3_ws/install/turtlebot3_gazebo/share/turtlebot3_gazebo/local_setup.zsh
[6.386s] -- Up-to-date symlink: /home/fnikolay/turtlebot3_ws/install/turtlebot3_gazebo/share/turtlebot3_gazebo/local_setup.dsv
[6.387s] -- Symlinking: /home/fnikolay/turtlebot3_ws/install/turtlebot3_gazebo/share/turtlebot3_gazebo/package.dsv
[6.399s] -- Up-to-date symlink: /home/fnikolay/turtlebot3_ws/install/turtlebot3_gazebo/share/ament_index/resource_index/packages/turtlebot3_gazebo
[6.400s] -- Up-to-date symlink: /home/fnikolay/turtlebot3_ws/install/turtlebot3_gazebo/share/turtlebot3_gazebo/cmake/ament_cmake_export_include_directories-extras.cmake
[6.403s] -- Up-to-date symlink: /home/fnikolay/turtlebot3_ws/install/turtlebot3_gazebo/share/turtlebot3_gazebo/cmake/ament_cmake_export_dependencies-extras.cmake
[6.403s] -- Up-to-date symlink: /home/fnikolay/turtlebot3_ws/install/turtlebot3_gazebo/share/turtlebot3_gazebo/cmake/turtlebot3_gazeboConfig.cmake
[6.404s] -- Up-to-date symlink: /home/fnikolay/turtlebot3_ws/install/turtlebot3_gazebo/share/turtlebot3_gazebo/cmake/turtlebot3_gazeboConfig-version.cmake
[6.407s] -- Up-to-date symlink: /home/fnikolay/turtlebot3_ws/install/turtlebot3_gazebo/share/turtlebot3_gazebo/package.xml
[6.416s] Invoked command in '/home/fnikolay/turtlebot3_ws/build/turtlebot3_gazebo' returned '0': CMAKE_PREFIX_PATH=/home/fnikolay/turtlebot3_ws/install/turtlebot3_description:/home/fnikolay/turtlebot3_ws/install/turtlebot3:/home/fnikolay/turtlebot3_ws/install/turtlebot3_simulations:/home/fnikolay/turtlebot3_ws/install/turtlebot3_bringup:/home/fnikolay/turtlebot3_ws/install/turtlebot3_node:/home/fnikolay/turtlebot3_ws/install/turtlebot3_navigation2:/home/fnikolay/turtlebot3_ws/install/turtlebot3_fake_node:/home/fnikolay/turtlebot3_ws/install/turtlebot3_msgs:/home/fnikolay/turtlebot3_ws/install/turtlebot3_gazebo:/home/fnikolay/turtlebot3_ws/install/turtlebot3_cartographer:/home/fnikolay/turtlebot3_ws/install/dynamixel_sdk_examples:/home/fnikolay/turtlebot3_ws/install/dynamixel_sdk_custom_interfaces:/home/fnikolay/turtlebot3_ws/install/dynamixel_sdk:/home/fnikolay/turtlebot3_ws/install/turtlebot3_teleop:/home/fnikolay/turtlebot3_ws/install/turtlebot3_example:/home/fnikolay/turtlebot3_ws/install/my_package:/home/fnikolay/turtlebot3_ws/install/kf_move:/opt/ros/foxy /usr/bin/cmake --install /home/fnikolay/turtlebot3_ws/build/turtlebot3_gazebo
