[0.036s] Invoking command in '/home/fnikolay/turtlebot3_ws/build/turtlebot3_msgs': CMAKE_PREFIX_PATH=/opt/ros/foxy /usr/bin/cmake /home/fnikolay/turtlebot3_ws/src/turtlebot3_msgs -DAMENT_CMAKE_SYMLINK_INSTALL=1 -DCMAKE_INSTALL_PREFIX=/home/fnikolay/turtlebot3_ws/install/turtlebot3_msgs
[0.443s] -- Found action_msgs: 1.0.0 (/opt/ros/foxy/share/action_msgs/cmake)
[0.615s] -- Found PythonInterp: /usr/bin/python3 (found suitable version "3.8.10", minimum required is "3") 
[0.615s] -- Using PYTHON_EXECUTABLE: /usr/bin/python3
[1.051s] -- Override CMake install command with custom implementation using symlinks instead of copying resources
[1.470s] -- Using all available rosidl_typesupport_c: rosidl_typesupport_fastrtps_c;rosidl_typesupport_introspection_c
[1.502s] -- Found rosidl_adapter: 1.2.1 (/opt/ros/foxy/share/rosidl_adapter/cmake)
[2.285s] -- Using all available rosidl_typesupport_cpp: rosidl_typesupport_fastrtps_cpp;rosidl_typesupport_introspection_cpp
[2.800s] -- Found rosidl_default_generators: 1.0.1 (/opt/ros/foxy/share/rosidl_default_generators/cmake)
[2.831s] -- Found std_msgs: 2.0.5 (/opt/ros/foxy/share/std_msgs/cmake)
[3.134s] -- Found PythonInterp: /usr/bin/python3 (found version "3.8.10") 
[3.439s] -- Found ament_cmake_cppcheck: 0.9.6 (/opt/ros/foxy/share/ament_cmake_cppcheck/cmake)
[3.459s] -- Found ament_cmake_cpplint: 0.9.6 (/opt/ros/foxy/share/ament_cmake_cpplint/cmake)
[3.470s] -- Found ament_cmake_uncrustify: 0.9.6 (/opt/ros/foxy/share/ament_cmake_uncrustify/cmake)
[3.479s] -- Found ament_cmake_ros: 0.9.2 (/opt/ros/foxy/share/ament_cmake_ros/cmake)
[3.832s] -- Using all available rosidl_typesupport_c: rosidl_typesupport_fastrtps_c;rosidl_typesupport_introspection_c
[3.946s] -- Using all available rosidl_typesupport_cpp: rosidl_typesupport_fastrtps_cpp;rosidl_typesupport_introspection_cpp
[3.982s] -- Found PythonInterp: /usr/bin/python3 (found suitable version "3.8.10", minimum required is "3.5") 
[3.982s] -- Found python_cmake_module: 0.8.1 (/opt/ros/foxy/share/python_cmake_module/cmake)
[4.009s] -- Using PYTHON_EXECUTABLE: /usr/bin/python3
[4.009s] -- Using PYTHON_INCLUDE_DIRS: /usr/include/python3.8
[4.009s] -- Using PYTHON_LIBRARIES: /usr/lib/x86_64-linux-gnu/libpython3.8.so
[4.087s] -- Found ament_cmake_flake8: 0.9.6 (/opt/ros/foxy/share/ament_cmake_flake8/cmake)
[4.159s] -- Found ament_cmake_pep257: 0.9.6 (/opt/ros/foxy/share/ament_cmake_pep257/cmake)
[4.296s] -- Configuring done
[4.919s] -- Generating done
[4.926s] -- Build files have been written to: /home/fnikolay/turtlebot3_ws/build/turtlebot3_msgs
[4.944s] Invoked command in '/home/fnikolay/turtlebot3_ws/build/turtlebot3_msgs' returned '0': CMAKE_PREFIX_PATH=/opt/ros/foxy /usr/bin/cmake /home/fnikolay/turtlebot3_ws/src/turtlebot3_msgs -DAMENT_CMAKE_SYMLINK_INSTALL=1 -DCMAKE_INSTALL_PREFIX=/home/fnikolay/turtlebot3_ws/install/turtlebot3_msgs
[4.945s] Invoking command in '/home/fnikolay/turtlebot3_ws/build/turtlebot3_msgs': CMAKE_PREFIX_PATH=/opt/ros/foxy /usr/bin/cmake --build /home/fnikolay/turtlebot3_ws/build/turtlebot3_msgs -- -j4 -l4
[5.051s] [  1%] Built target turtlebot3_msgs__cpp
[5.065s] [ 12%] Built target turtlebot3_msgs__rosidl_generator_c
[5.110s] [ 23%] Built target turtlebot3_msgs__rosidl_typesupport_cpp
[5.124s] [ 35%] Built target turtlebot3_msgs__rosidl_typesupport_c
[5.130s] [ 46%] Built target turtlebot3_msgs__rosidl_typesupport_fastrtps_cpp
[5.178s] [ 57%] Built target turtlebot3_msgs__rosidl_typesupport_introspection_cpp
[5.184s] [ 69%] Built target turtlebot3_msgs__rosidl_typesupport_introspection_c
[5.194s] [ 70%] [32m[1mLinking CXX shared library libturtlebot3_msgs__rosidl_typesupport_fastrtps_c.so[0m
[6.926s] [ 80%] Built target turtlebot3_msgs__rosidl_typesupport_fastrtps_c
[6.952s] [ 80%] Built target turtlebot3_msgs
[6.977s] [ 81%] Built target turtlebot3_msgs__py
[7.029s] [ 91%] Built target turtlebot3_msgs__python
[7.078s] [ 92%] [32m[1mLinking CXX shared library rosidl_generator_py/turtlebot3_msgs/turtlebot3_msgs_s__rosidl_typesupport_fastrtps_c.cpython-38-x86_64-linux-gnu.so[0m
[7.094s] [ 95%] Built target turtlebot3_msgs__rosidl_typesupport_introspection_c__pyext
[7.110s] [ 98%] Built target turtlebot3_msgs__rosidl_typesupport_c__pyext
[7.217s] [100%] Built target turtlebot3_msgs__rosidl_typesupport_fastrtps_c__pyext
[7.232s] Invoked command in '/home/fnikolay/turtlebot3_ws/build/turtlebot3_msgs' returned '0': CMAKE_PREFIX_PATH=/opt/ros/foxy /usr/bin/cmake --build /home/fnikolay/turtlebot3_ws/build/turtlebot3_msgs -- -j4 -l4
[7.407s] Invoking command in '/home/fnikolay/turtlebot3_ws/build/turtlebot3_msgs': CMAKE_PREFIX_PATH=/opt/ros/foxy /usr/bin/cmake --install /home/fnikolay/turtlebot3_ws/build/turtlebot3_msgs
[7.417s] -- Install configuration: ""
[7.417s] -- Execute custom install script
[7.417s] -- Up-to-date symlink: /home/fnikolay/turtlebot3_ws/install/turtlebot3_msgs/share/ament_index/resource_index/rosidl_interfaces/turtlebot3_msgs
[7.418s] -- Up-to-date symlink: /home/fnikolay/turtlebot3_ws/install/turtlebot3_msgs/include/turtlebot3_msgs/action/detail/patrol__functions.h
[7.418s] -- Up-to-date symlink: /home/fnikolay/turtlebot3_ws/install/turtlebot3_msgs/include/turtlebot3_msgs/action/detail/patrol__struct.h
[7.419s] -- Up-to-date symlink: /home/fnikolay/turtlebot3_ws/install/turtlebot3_msgs/include/turtlebot3_msgs/action/detail/patrol__type_support.h
[7.419s] -- Up-to-date symlink: /home/fnikolay/turtlebot3_ws/install/turtlebot3_msgs/include/turtlebot3_msgs/action/patrol.h
[7.419s] -- Up-to-date symlink: /home/fnikolay/turtlebot3_ws/install/turtlebot3_msgs/include/turtlebot3_msgs/msg/detail/sensor_state__functions.h
[7.420s] -- Up-to-date symlink: /home/fnikolay/turtlebot3_ws/install/turtlebot3_msgs/include/turtlebot3_msgs/msg/detail/sensor_state__struct.h
[7.420s] -- Up-to-date symlink: /home/fnikolay/turtlebot3_ws/install/turtlebot3_msgs/include/turtlebot3_msgs/msg/detail/sensor_state__type_support.h
[7.420s] -- Up-to-date symlink: /home/fnikolay/turtlebot3_ws/install/turtlebot3_msgs/include/turtlebot3_msgs/msg/detail/sound__functions.h
[7.420s] -- Up-to-date symlink: /home/fnikolay/turtlebot3_ws/install/turtlebot3_msgs/include/turtlebot3_msgs/msg/detail/sound__struct.h
[7.421s] -- Up-to-date symlink: /home/fnikolay/turtlebot3_ws/install/turtlebot3_msgs/include/turtlebot3_msgs/msg/detail/sound__type_support.h
[7.421s] -- Up-to-date symlink: /home/fnikolay/turtlebot3_ws/install/turtlebot3_msgs/include/turtlebot3_msgs/msg/detail/version_info__functions.h
[7.421s] -- Up-to-date symlink: /home/fnikolay/turtlebot3_ws/install/turtlebot3_msgs/include/turtlebot3_msgs/msg/detail/version_info__struct.h
[7.421s] -- Up-to-date symlink: /home/fnikolay/turtlebot3_ws/install/turtlebot3_msgs/include/turtlebot3_msgs/msg/detail/version_info__type_support.h
[7.422s] -- Up-to-date symlink: /home/fnikolay/turtlebot3_ws/install/turtlebot3_msgs/include/turtlebot3_msgs/msg/rosidl_generator_c__visibility_control.h
[7.422s] -- Up-to-date symlink: /home/fnikolay/turtlebot3_ws/install/turtlebot3_msgs/include/turtlebot3_msgs/msg/sensor_state.h
[7.422s] -- Up-to-date symlink: /home/fnikolay/turtlebot3_ws/install/turtlebot3_msgs/include/turtlebot3_msgs/msg/sound.h
[7.422s] -- Up-to-date symlink: /home/fnikolay/turtlebot3_ws/install/turtlebot3_msgs/include/turtlebot3_msgs/msg/version_info.h
[7.423s] -- Up-to-date symlink: /home/fnikolay/turtlebot3_ws/install/turtlebot3_msgs/include/turtlebot3_msgs/srv/detail/dqn__functions.h
[7.423s] -- Up-to-date symlink: /home/fnikolay/turtlebot3_ws/install/turtlebot3_msgs/include/turtlebot3_msgs/srv/detail/dqn__struct.h
[7.423s] -- Up-to-date symlink: /home/fnikolay/turtlebot3_ws/install/turtlebot3_msgs/include/turtlebot3_msgs/srv/detail/dqn__type_support.h
[7.423s] -- Up-to-date symlink: /home/fnikolay/turtlebot3_ws/install/turtlebot3_msgs/include/turtlebot3_msgs/srv/detail/sound__functions.h
[7.424s] -- Up-to-date symlink: /home/fnikolay/turtlebot3_ws/install/turtlebot3_msgs/include/turtlebot3_msgs/srv/detail/sound__struct.h
[7.424s] -- Up-to-date symlink: /home/fnikolay/turtlebot3_ws/install/turtlebot3_msgs/include/turtlebot3_msgs/srv/detail/sound__type_support.h
[7.424s] -- Up-to-date symlink: /home/fnikolay/turtlebot3_ws/install/turtlebot3_msgs/include/turtlebot3_msgs/srv/dqn.h
[7.424s] -- Up-to-date symlink: /home/fnikolay/turtlebot3_ws/install/turtlebot3_msgs/include/turtlebot3_msgs/srv/sound.h
[7.424s] -- Up-to-date symlink: /home/fnikolay/turtlebot3_ws/install/turtlebot3_msgs/share/turtlebot3_msgs/environment/library_path.sh
[7.425s] -- Up-to-date symlink: /home/fnikolay/turtlebot3_ws/install/turtlebot3_msgs/share/turtlebot3_msgs/environment/library_path.dsv
[7.426s] -- Up-to-date symlink: /home/fnikolay/turtlebot3_ws/install/turtlebot3_msgs/include/turtlebot3_msgs/action/detail/patrol__rosidl_typesupport_fastrtps_c.h
[7.426s] -- Up-to-date symlink: /home/fnikolay/turtlebot3_ws/install/turtlebot3_msgs/include/turtlebot3_msgs/msg/detail/sensor_state__rosidl_typesupport_fastrtps_c.h
[7.426s] -- Up-to-date symlink: /home/fnikolay/turtlebot3_ws/install/turtlebot3_msgs/include/turtlebot3_msgs/msg/detail/sound__rosidl_typesupport_fastrtps_c.h
[7.426s] -- Up-to-date symlink: /home/fnikolay/turtlebot3_ws/install/turtlebot3_msgs/include/turtlebot3_msgs/msg/detail/version_info__rosidl_typesupport_fastrtps_c.h
[7.426s] -- Up-to-date symlink: /home/fnikolay/turtlebot3_ws/install/turtlebot3_msgs/include/turtlebot3_msgs/msg/rosidl_typesupport_fastrtps_c__visibility_control.h
[7.427s] -- Up-to-date symlink: /home/fnikolay/turtlebot3_ws/install/turtlebot3_msgs/include/turtlebot3_msgs/srv/detail/dqn__rosidl_typesupport_fastrtps_c.h
[7.427s] -- Up-to-date symlink: /home/fnikolay/turtlebot3_ws/install/turtlebot3_msgs/include/turtlebot3_msgs/srv/detail/sound__rosidl_typesupport_fastrtps_c.h
[7.427s] -- Up-to-date symlink: /home/fnikolay/turtlebot3_ws/install/turtlebot3_msgs/lib/libturtlebot3_msgs__rosidl_typesupport_fastrtps_c.so
[7.429s] -- Up-to-date symlink: /home/fnikolay/turtlebot3_ws/install/turtlebot3_msgs/include/turtlebot3_msgs/action/detail/patrol__rosidl_typesupport_fastrtps_cpp.hpp
[7.429s] -- Up-to-date symlink: /home/fnikolay/turtlebot3_ws/install/turtlebot3_msgs/include/turtlebot3_msgs/msg/detail/sensor_state__rosidl_typesupport_fastrtps_cpp.hpp
[7.429s] -- Up-to-date symlink: /home/fnikolay/turtlebot3_ws/install/turtlebot3_msgs/include/turtlebot3_msgs/msg/detail/sound__rosidl_typesupport_fastrtps_cpp.hpp
[7.429s] -- Up-to-date symlink: /home/fnikolay/turtlebot3_ws/install/turtlebot3_msgs/include/turtlebot3_msgs/msg/detail/version_info__rosidl_typesupport_fastrtps_cpp.hpp
[7.430s] -- Up-to-date symlink: /home/fnikolay/turtlebot3_ws/install/turtlebot3_msgs/include/turtlebot3_msgs/msg/rosidl_typesupport_fastrtps_cpp__visibility_control.h
[7.431s] -- Up-to-date symlink: /home/fnikolay/turtlebot3_ws/install/turtlebot3_msgs/include/turtlebot3_msgs/srv/detail/dqn__rosidl_typesupport_fastrtps_cpp.hpp
[7.431s] -- Up-to-date symlink: /home/fnikolay/turtlebot3_ws/install/turtlebot3_msgs/include/turtlebot3_msgs/srv/detail/sound__rosidl_typesupport_fastrtps_cpp.hpp
[7.431s] -- Up-to-date symlink: /home/fnikolay/turtlebot3_ws/install/turtlebot3_msgs/lib/libturtlebot3_msgs__rosidl_typesupport_fastrtps_cpp.so
[7.431s] -- Up-to-date symlink: /home/fnikolay/turtlebot3_ws/install/turtlebot3_msgs/include/turtlebot3_msgs/action/detail/patrol__rosidl_typesupport_introspection_c.h
[7.431s] -- Up-to-date symlink: /home/fnikolay/turtlebot3_ws/install/turtlebot3_msgs/include/turtlebot3_msgs/msg/detail/sensor_state__rosidl_typesupport_introspection_c.h
[7.432s] -- Up-to-date symlink: /home/fnikolay/turtlebot3_ws/install/turtlebot3_msgs/include/turtlebot3_msgs/msg/detail/sound__rosidl_typesupport_introspection_c.h
[7.432s] -- Up-to-date symlink: /home/fnikolay/turtlebot3_ws/install/turtlebot3_msgs/include/turtlebot3_msgs/msg/detail/version_info__rosidl_typesupport_introspection_c.h
[7.433s] -- Up-to-date symlink: /home/fnikolay/turtlebot3_ws/install/turtlebot3_msgs/include/turtlebot3_msgs/msg/rosidl_typesupport_introspection_c__visibility_control.h
[7.433s] -- Up-to-date symlink: /home/fnikolay/turtlebot3_ws/install/turtlebot3_msgs/include/turtlebot3_msgs/srv/detail/dqn__rosidl_typesupport_introspection_c.h
[7.434s] -- Up-to-date symlink: /home/fnikolay/turtlebot3_ws/install/turtlebot3_msgs/include/turtlebot3_msgs/srv/detail/sound__rosidl_typesupport_introspection_c.h
[7.434s] -- Up-to-date symlink: /home/fnikolay/turtlebot3_ws/install/turtlebot3_msgs/include/turtlebot3_msgs/action/detail/patrol__builder.hpp
[7.434s] -- Up-to-date symlink: /home/fnikolay/turtlebot3_ws/install/turtlebot3_msgs/include/turtlebot3_msgs/action/detail/patrol__struct.hpp
[7.434s] -- Up-to-date symlink: /home/fnikolay/turtlebot3_ws/install/turtlebot3_msgs/include/turtlebot3_msgs/action/detail/patrol__traits.hpp
[7.438s] -- Up-to-date symlink: /home/fnikolay/turtlebot3_ws/install/turtlebot3_msgs/include/turtlebot3_msgs/action/patrol.hpp
[7.438s] -- Up-to-date symlink: /home/fnikolay/turtlebot3_ws/install/turtlebot3_msgs/include/turtlebot3_msgs/msg/detail/sensor_state__builder.hpp
[7.438s] -- Up-to-date symlink: /home/fnikolay/turtlebot3_ws/install/turtlebot3_msgs/include/turtlebot3_msgs/msg/detail/sensor_state__struct.hpp
[7.439s] -- Up-to-date symlink: /home/fnikolay/turtlebot3_ws/install/turtlebot3_msgs/include/turtlebot3_msgs/msg/detail/sensor_state__traits.hpp
[7.439s] -- Up-to-date symlink: /home/fnikolay/turtlebot3_ws/install/turtlebot3_msgs/include/turtlebot3_msgs/msg/detail/sound__builder.hpp
[7.439s] -- Up-to-date symlink: /home/fnikolay/turtlebot3_ws/install/turtlebot3_msgs/include/turtlebot3_msgs/msg/detail/sound__struct.hpp
[7.439s] -- Up-to-date symlink: /home/fnikolay/turtlebot3_ws/install/turtlebot3_msgs/include/turtlebot3_msgs/msg/detail/sound__traits.hpp
[7.439s] -- Up-to-date symlink: /home/fnikolay/turtlebot3_ws/install/turtlebot3_msgs/include/turtlebot3_msgs/msg/detail/version_info__builder.hpp
[7.439s] -- Up-to-date symlink: /home/fnikolay/turtlebot3_ws/install/turtlebot3_msgs/include/turtlebot3_msgs/msg/detail/version_info__struct.hpp
[7.439s] -- Up-to-date symlink: /home/fnikolay/turtlebot3_ws/install/turtlebot3_msgs/include/turtlebot3_msgs/msg/detail/version_info__traits.hpp
[7.439s] -- Up-to-date symlink: /home/fnikolay/turtlebot3_ws/install/turtlebot3_msgs/include/turtlebot3_msgs/msg/sensor_state.hpp
[7.439s] -- Up-to-date symlink: /home/fnikolay/turtlebot3_ws/install/turtlebot3_msgs/include/turtlebot3_msgs/msg/sound.hpp
[7.439s] -- Up-to-date symlink: /home/fnikolay/turtlebot3_ws/install/turtlebot3_msgs/include/turtlebot3_msgs/msg/version_info.hpp
[7.440s] -- Up-to-date symlink: /home/fnikolay/turtlebot3_ws/install/turtlebot3_msgs/include/turtlebot3_msgs/srv/detail/dqn__builder.hpp
[7.440s] -- Up-to-date symlink: /home/fnikolay/turtlebot3_ws/install/turtlebot3_msgs/include/turtlebot3_msgs/srv/detail/dqn__struct.hpp
[7.440s] -- Up-to-date symlink: /home/fnikolay/turtlebot3_ws/install/turtlebot3_msgs/include/turtlebot3_msgs/srv/detail/dqn__traits.hpp
[7.440s] -- Up-to-date symlink: /home/fnikolay/turtlebot3_ws/install/turtlebot3_msgs/include/turtlebot3_msgs/srv/detail/sound__builder.hpp
[7.441s] -- Up-to-date symlink: /home/fnikolay/turtlebot3_ws/install/turtlebot3_msgs/include/turtlebot3_msgs/srv/detail/sound__struct.hpp
[7.441s] -- Up-to-date symlink: /home/fnikolay/turtlebot3_ws/install/turtlebot3_msgs/include/turtlebot3_msgs/srv/detail/sound__traits.hpp
[7.441s] -- Up-to-date symlink: /home/fnikolay/turtlebot3_ws/install/turtlebot3_msgs/include/turtlebot3_msgs/srv/dqn.hpp
[7.441s] -- Up-to-date symlink: /home/fnikolay/turtlebot3_ws/install/turtlebot3_msgs/include/turtlebot3_msgs/srv/sound.hpp
[7.442s] -- Up-to-date symlink: /home/fnikolay/turtlebot3_ws/install/turtlebot3_msgs/include/turtlebot3_msgs/action/detail/patrol__rosidl_typesupport_introspection_cpp.hpp
[7.442s] -- Up-to-date symlink: /home/fnikolay/turtlebot3_ws/install/turtlebot3_msgs/include/turtlebot3_msgs/msg/detail/sensor_state__rosidl_typesupport_introspection_cpp.hpp
[7.445s] -- Up-to-date symlink: /home/fnikolay/turtlebot3_ws/install/turtlebot3_msgs/include/turtlebot3_msgs/msg/detail/sound__rosidl_typesupport_introspection_cpp.hpp
[7.445s] -- Up-to-date symlink: /home/fnikolay/turtlebot3_ws/install/turtlebot3_msgs/include/turtlebot3_msgs/msg/detail/version_info__rosidl_typesupport_introspection_cpp.hpp
[7.446s] -- Up-to-date symlink: /home/fnikolay/turtlebot3_ws/install/turtlebot3_msgs/include/turtlebot3_msgs/srv/detail/dqn__rosidl_typesupport_introspection_cpp.hpp
[7.446s] -- Up-to-date symlink: /home/fnikolay/turtlebot3_ws/install/turtlebot3_msgs/include/turtlebot3_msgs/srv/detail/sound__rosidl_typesupport_introspection_cpp.hpp
[7.446s] -- Up-to-date symlink: /home/fnikolay/turtlebot3_ws/install/turtlebot3_msgs/share/turtlebot3_msgs/environment/pythonpath.sh
[7.446s] -- Up-to-date symlink: /home/fnikolay/turtlebot3_ws/install/turtlebot3_msgs/share/turtlebot3_msgs/environment/pythonpath.dsv
[7.446s] -- Up-to-date symlink: /home/fnikolay/turtlebot3_ws/install/turtlebot3_msgs/lib/python3.8/site-packages/turtlebot3_msgs/__init__.py
[7.446s] -- Up-to-date symlink: /home/fnikolay/turtlebot3_ws/install/turtlebot3_msgs/lib/python3.8/site-packages/turtlebot3_msgs/msg/__init__.py
[7.446s] -- Up-to-date symlink: /home/fnikolay/turtlebot3_ws/install/turtlebot3_msgs/lib/python3.8/site-packages/turtlebot3_msgs/msg/_sensor_state.py
[7.446s] -- Up-to-date symlink: /home/fnikolay/turtlebot3_ws/install/turtlebot3_msgs/lib/python3.8/site-packages/turtlebot3_msgs/msg/_sound.py
[7.446s] -- Up-to-date symlink: /home/fnikolay/turtlebot3_ws/install/turtlebot3_msgs/lib/python3.8/site-packages/turtlebot3_msgs/msg/_version_info.py
[7.453s] -- Up-to-date symlink: /home/fnikolay/turtlebot3_ws/install/turtlebot3_msgs/lib/python3.8/site-packages/turtlebot3_msgs/srv/__init__.py
[7.453s] -- Up-to-date symlink: /home/fnikolay/turtlebot3_ws/install/turtlebot3_msgs/lib/python3.8/site-packages/turtlebot3_msgs/srv/_dqn.py
[7.454s] -- Up-to-date symlink: /home/fnikolay/turtlebot3_ws/install/turtlebot3_msgs/lib/python3.8/site-packages/turtlebot3_msgs/srv/_sound.py
[7.458s] -- Up-to-date symlink: /home/fnikolay/turtlebot3_ws/install/turtlebot3_msgs/lib/python3.8/site-packages/turtlebot3_msgs/action/__init__.py
[7.458s] -- Up-to-date symlink: /home/fnikolay/turtlebot3_ws/install/turtlebot3_msgs/lib/python3.8/site-packages/turtlebot3_msgs/action/_patrol.py
[7.459s] -- Up-to-date symlink: /home/fnikolay/turtlebot3_ws/install/turtlebot3_msgs/lib/python3.8/site-packages/turtlebot3_msgs/turtlebot3_msgs_s__rosidl_typesupport_fastrtps_c.cpython-38-x86_64-linux-gnu.so
[7.460s] -- Up-to-date symlink: /home/fnikolay/turtlebot3_ws/install/turtlebot3_msgs/lib/python3.8/site-packages/turtlebot3_msgs/turtlebot3_msgs_s__rosidl_typesupport_introspection_c.cpython-38-x86_64-linux-gnu.so
[7.461s] -- Up-to-date symlink: /home/fnikolay/turtlebot3_ws/install/turtlebot3_msgs/lib/python3.8/site-packages/turtlebot3_msgs/turtlebot3_msgs_s__rosidl_typesupport_c.cpython-38-x86_64-linux-gnu.so
[7.461s] -- Up-to-date symlink: /home/fnikolay/turtlebot3_ws/install/turtlebot3_msgs/lib/libturtlebot3_msgs__python.so
[7.461s] -- Up-to-date symlink: /home/fnikolay/turtlebot3_ws/install/turtlebot3_msgs/share/turtlebot3_msgs/msg/SensorState.idl
[7.462s] -- Up-to-date symlink: /home/fnikolay/turtlebot3_ws/install/turtlebot3_msgs/share/turtlebot3_msgs/msg/Sound.idl
[7.462s] -- Up-to-date symlink: /home/fnikolay/turtlebot3_ws/install/turtlebot3_msgs/share/turtlebot3_msgs/msg/VersionInfo.idl
[7.462s] -- Up-to-date symlink: /home/fnikolay/turtlebot3_ws/install/turtlebot3_msgs/share/turtlebot3_msgs/srv/Sound.idl
[7.463s] -- Up-to-date symlink: /home/fnikolay/turtlebot3_ws/install/turtlebot3_msgs/share/turtlebot3_msgs/srv/Dqn.idl
[7.463s] -- Up-to-date symlink: /home/fnikolay/turtlebot3_ws/install/turtlebot3_msgs/share/turtlebot3_msgs/action/Patrol.idl
[7.463s] -- Up-to-date symlink: /home/fnikolay/turtlebot3_ws/install/turtlebot3_msgs/share/turtlebot3_msgs/msg/SensorState.msg
[7.464s] -- Up-to-date symlink: /home/fnikolay/turtlebot3_ws/install/turtlebot3_msgs/share/turtlebot3_msgs/msg/Sound.msg
[7.464s] -- Up-to-date symlink: /home/fnikolay/turtlebot3_ws/install/turtlebot3_msgs/share/turtlebot3_msgs/msg/VersionInfo.msg
[7.464s] -- Up-to-date symlink: /home/fnikolay/turtlebot3_ws/install/turtlebot3_msgs/share/turtlebot3_msgs/srv/Sound.srv
[7.464s] -- Up-to-date symlink: /home/fnikolay/turtlebot3_ws/install/turtlebot3_msgs/share/turtlebot3_msgs/srv/Sound_Request.msg
[7.465s] -- Up-to-date symlink: /home/fnikolay/turtlebot3_ws/install/turtlebot3_msgs/share/turtlebot3_msgs/srv/Sound_Response.msg
[7.465s] -- Up-to-date symlink: /home/fnikolay/turtlebot3_ws/install/turtlebot3_msgs/share/turtlebot3_msgs/srv/Dqn.srv
[7.465s] -- Up-to-date symlink: /home/fnikolay/turtlebot3_ws/install/turtlebot3_msgs/share/turtlebot3_msgs/srv/Dqn_Request.msg
[7.466s] -- Up-to-date symlink: /home/fnikolay/turtlebot3_ws/install/turtlebot3_msgs/share/turtlebot3_msgs/srv/Dqn_Response.msg
[7.466s] -- Up-to-date symlink: /home/fnikolay/turtlebot3_ws/install/turtlebot3_msgs/share/turtlebot3_msgs/action/Patrol.action
[7.469s] -- Up-to-date symlink: /home/fnikolay/turtlebot3_ws/install/turtlebot3_msgs/share/ament_index/resource_index/package_run_dependencies/turtlebot3_msgs
[7.469s] -- Up-to-date symlink: /home/fnikolay/turtlebot3_ws/install/turtlebot3_msgs/share/ament_index/resource_index/parent_prefix_path/turtlebot3_msgs
[7.469s] -- Up-to-date symlink: /home/fnikolay/turtlebot3_ws/install/turtlebot3_msgs/share/turtlebot3_msgs/environment/ament_prefix_path.sh
[7.469s] -- Up-to-date symlink: /home/fnikolay/turtlebot3_ws/install/turtlebot3_msgs/share/turtlebot3_msgs/environment/ament_prefix_path.dsv
[7.469s] -- Up-to-date symlink: /home/fnikolay/turtlebot3_ws/install/turtlebot3_msgs/share/turtlebot3_msgs/environment/path.sh
[7.469s] -- Up-to-date symlink: /home/fnikolay/turtlebot3_ws/install/turtlebot3_msgs/share/turtlebot3_msgs/environment/path.dsv
[7.469s] -- Up-to-date symlink: /home/fnikolay/turtlebot3_ws/install/turtlebot3_msgs/share/turtlebot3_msgs/local_setup.bash
[7.469s] -- Up-to-date symlink: /home/fnikolay/turtlebot3_ws/install/turtlebot3_msgs/share/turtlebot3_msgs/local_setup.sh
[7.470s] -- Up-to-date symlink: /home/fnikolay/turtlebot3_ws/install/turtlebot3_msgs/share/turtlebot3_msgs/local_setup.zsh
[7.470s] -- Up-to-date symlink: /home/fnikolay/turtlebot3_ws/install/turtlebot3_msgs/share/turtlebot3_msgs/local_setup.dsv
[7.470s] -- Symlinking: /home/fnikolay/turtlebot3_ws/install/turtlebot3_msgs/share/turtlebot3_msgs/package.dsv
[7.480s] -- Up-to-date symlink: /home/fnikolay/turtlebot3_ws/install/turtlebot3_msgs/share/ament_index/resource_index/packages/turtlebot3_msgs
[7.480s] -- Up-to-date symlink: /home/fnikolay/turtlebot3_ws/install/turtlebot3_msgs/share/turtlebot3_msgs/cmake/rosidl_cmake-extras.cmake
[7.481s] -- Up-to-date symlink: /home/fnikolay/turtlebot3_ws/install/turtlebot3_msgs/share/turtlebot3_msgs/cmake/ament_cmake_export_dependencies-extras.cmake
[7.481s] -- Up-to-date symlink: /home/fnikolay/turtlebot3_ws/install/turtlebot3_msgs/share/turtlebot3_msgs/cmake/ament_cmake_export_libraries-extras.cmake
[7.481s] -- Up-to-date symlink: /home/fnikolay/turtlebot3_ws/install/turtlebot3_msgs/share/turtlebot3_msgs/cmake/ament_cmake_export_targets-extras.cmake
[7.482s] -- Up-to-date symlink: /home/fnikolay/turtlebot3_ws/install/turtlebot3_msgs/share/turtlebot3_msgs/cmake/ament_cmake_export_include_directories-extras.cmake
[7.482s] -- Up-to-date symlink: /home/fnikolay/turtlebot3_ws/install/turtlebot3_msgs/share/turtlebot3_msgs/cmake/rosidl_cmake_export_typesupport_libraries-extras.cmake
[7.485s] -- Up-to-date symlink: /home/fnikolay/turtlebot3_ws/install/turtlebot3_msgs/share/turtlebot3_msgs/cmake/rosidl_cmake_export_typesupport_targets-extras.cmake
[7.485s] -- Up-to-date symlink: /home/fnikolay/turtlebot3_ws/install/turtlebot3_msgs/share/turtlebot3_msgs/cmake/turtlebot3_msgsConfig.cmake
[7.485s] -- Up-to-date symlink: /home/fnikolay/turtlebot3_ws/install/turtlebot3_msgs/share/turtlebot3_msgs/cmake/turtlebot3_msgsConfig-version.cmake
[7.485s] -- Up-to-date symlink: /home/fnikolay/turtlebot3_ws/install/turtlebot3_msgs/share/turtlebot3_msgs/package.xml
[7.485s] -- Up-to-date: /home/fnikolay/turtlebot3_ws/install/turtlebot3_msgs/lib/libturtlebot3_msgs__rosidl_generator_c.so
[7.486s] -- Up-to-date: /home/fnikolay/turtlebot3_ws/install/turtlebot3_msgs/lib/libturtlebot3_msgs__rosidl_typesupport_introspection_c.so
[7.486s] -- Up-to-date: /home/fnikolay/turtlebot3_ws/install/turtlebot3_msgs/lib/libturtlebot3_msgs__rosidl_typesupport_c.so
[7.486s] -- Up-to-date: /home/fnikolay/turtlebot3_ws/install/turtlebot3_msgs/lib/libturtlebot3_msgs__rosidl_typesupport_introspection_cpp.so
[7.488s] -- Up-to-date: /home/fnikolay/turtlebot3_ws/install/turtlebot3_msgs/lib/libturtlebot3_msgs__rosidl_typesupport_cpp.so
[7.524s] Compiling '/home/fnikolay/turtlebot3_ws/install/turtlebot3_msgs/lib/python3.8/site-packages/turtlebot3_msgs/__init__.py'...
[7.529s] -- Up-to-date: /home/fnikolay/turtlebot3_ws/install/turtlebot3_msgs/share/turtlebot3_msgs/cmake/turtlebot3_msgs__rosidl_generator_cExport.cmake
[7.529s] -- Installing: /home/fnikolay/turtlebot3_ws/install/turtlebot3_msgs/share/turtlebot3_msgs/cmake/turtlebot3_msgs__rosidl_generator_cExport-noconfig.cmake
[7.530s] -- Up-to-date: /home/fnikolay/turtlebot3_ws/install/turtlebot3_msgs/share/turtlebot3_msgs/cmake/turtlebot3_msgs__rosidl_typesupport_introspection_cExport.cmake
[7.531s] -- Installing: /home/fnikolay/turtlebot3_ws/install/turtlebot3_msgs/share/turtlebot3_msgs/cmake/turtlebot3_msgs__rosidl_typesupport_introspection_cExport-noconfig.cmake
[7.533s] -- Up-to-date: /home/fnikolay/turtlebot3_ws/install/turtlebot3_msgs/share/turtlebot3_msgs/cmake/turtlebot3_msgs__rosidl_typesupport_cExport.cmake
[7.534s] -- Installing: /home/fnikolay/turtlebot3_ws/install/turtlebot3_msgs/share/turtlebot3_msgs/cmake/turtlebot3_msgs__rosidl_typesupport_cExport-noconfig.cmake
[7.536s] -- Up-to-date: /home/fnikolay/turtlebot3_ws/install/turtlebot3_msgs/share/turtlebot3_msgs/cmake/turtlebot3_msgs__rosidl_generator_cppExport.cmake
[7.536s] -- Up-to-date: /home/fnikolay/turtlebot3_ws/install/turtlebot3_msgs/share/turtlebot3_msgs/cmake/turtlebot3_msgs__rosidl_typesupport_introspection_cppExport.cmake
[7.542s] -- Installing: /home/fnikolay/turtlebot3_ws/install/turtlebot3_msgs/share/turtlebot3_msgs/cmake/turtlebot3_msgs__rosidl_typesupport_introspection_cppExport-noconfig.cmake
[7.543s] -- Up-to-date: /home/fnikolay/turtlebot3_ws/install/turtlebot3_msgs/share/turtlebot3_msgs/cmake/turtlebot3_msgs__rosidl_typesupport_cppExport.cmake
[7.543s] -- Installing: /home/fnikolay/turtlebot3_ws/install/turtlebot3_msgs/share/turtlebot3_msgs/cmake/turtlebot3_msgs__rosidl_typesupport_cppExport-noconfig.cmake
[7.543s] Invoked command in '/home/fnikolay/turtlebot3_ws/build/turtlebot3_msgs' returned '0': CMAKE_PREFIX_PATH=/opt/ros/foxy /usr/bin/cmake --install /home/fnikolay/turtlebot3_ws/build/turtlebot3_msgs
