[0.071s] Invoking command in '/home/fnikolay/turtlebot3_ws/build/dynamixel_sdk_examples': AMENT_PREFIX_PATH=/home/fnikolay/turtlebot3_ws/install/dynamixel_sdk_custom_interfaces:/home/fnikolay/turtlebot3_ws/install/dynamixel_sdk:${AMENT_PREFIX_PATH} CMAKE_PREFIX_PATH=/home/fnikolay/turtlebot3_ws/install/dynamixel_sdk_custom_interfaces:/home/fnikolay/turtlebot3_ws/install/dynamixel_sdk:/opt/ros/foxy LD_LIBRARY_PATH=/home/fnikolay/turtlebot3_ws/install/dynamixel_sdk_custom_interfaces/lib:/home/fnikolay/turtlebot3_ws/install/dynamixel_sdk/lib:${LD_LIBRARY_PATH} PYTHONPATH=/home/fnikolay/turtlebot3_ws/install/dynamixel_sdk_custom_interfaces/lib/python3.8/site-packages:${PYTHONPATH} /usr/bin/cmake --build /home/fnikolay/turtlebot3_ws/build/dynamixel_sdk_examples -- -j4 -l4
[0.953s] [100%] Built target read_write_node
[0.965s] Invoked command in '/home/fnikolay/turtlebot3_ws/build/dynamixel_sdk_examples' returned '0': AMENT_PREFIX_PATH=/home/fnikolay/turtlebot3_ws/install/dynamixel_sdk_custom_interfaces:/home/fnikolay/turtlebot3_ws/install/dynamixel_sdk:${AMENT_PREFIX_PATH} CMAKE_PREFIX_PATH=/home/fnikolay/turtlebot3_ws/install/dynamixel_sdk_custom_interfaces:/home/fnikolay/turtlebot3_ws/install/dynamixel_sdk:/opt/ros/foxy LD_LIBRARY_PATH=/home/fnikolay/turtlebot3_ws/install/dynamixel_sdk_custom_interfaces/lib:/home/fnikolay/turtlebot3_ws/install/dynamixel_sdk/lib:${LD_LIBRARY_PATH} PYTHONPATH=/home/fnikolay/turtlebot3_ws/install/dynamixel_sdk_custom_interfaces/lib/python3.8/site-packages:${PYTHONPATH} /usr/bin/cmake --build /home/fnikolay/turtlebot3_ws/build/dynamixel_sdk_examples -- -j4 -l4
[0.992s] Invoking command in '/home/fnikolay/turtlebot3_ws/build/dynamixel_sdk_examples': AMENT_PREFIX_PATH=/home/fnikolay/turtlebot3_ws/install/dynamixel_sdk_custom_interfaces:/home/fnikolay/turtlebot3_ws/install/dynamixel_sdk:${AMENT_PREFIX_PATH} CMAKE_PREFIX_PATH=/home/fnikolay/turtlebot3_ws/install/dynamixel_sdk_custom_interfaces:/home/fnikolay/turtlebot3_ws/install/dynamixel_sdk:/opt/ros/foxy LD_LIBRARY_PATH=/home/fnikolay/turtlebot3_ws/install/dynamixel_sdk_custom_interfaces/lib:/home/fnikolay/turtlebot3_ws/install/dynamixel_sdk/lib:${LD_LIBRARY_PATH} PYTHONPATH=/home/fnikolay/turtlebot3_ws/install/dynamixel_sdk_custom_interfaces/lib/python3.8/site-packages:${PYTHONPATH} /usr/bin/cmake --install /home/fnikolay/turtlebot3_ws/build/dynamixel_sdk_examples
[1.002s] -- Install configuration: ""
[1.033s] -- Execute custom install script
[1.068s] -- Up-to-date symlink: /home/fnikolay/turtlebot3_ws/install/dynamixel_sdk_examples/lib/dynamixel_sdk_examples/read_write_node
[1.080s] -- Up-to-date symlink: /home/fnikolay/turtlebot3_ws/install/dynamixel_sdk_examples/share/ament_index/resource_index/package_run_dependencies/dynamixel_sdk_examples
[1.179s] -- Up-to-date symlink: /home/fnikolay/turtlebot3_ws/install/dynamixel_sdk_examples/share/ament_index/resource_index/parent_prefix_path/dynamixel_sdk_examples
[1.184s] -- Up-to-date symlink: /home/fnikolay/turtlebot3_ws/install/dynamixel_sdk_examples/share/dynamixel_sdk_examples/environment/ament_prefix_path.sh
[1.184s] -- Up-to-date symlink: /home/fnikolay/turtlebot3_ws/install/dynamixel_sdk_examples/share/dynamixel_sdk_examples/environment/ament_prefix_path.dsv
[1.211s] -- Up-to-date symlink: /home/fnikolay/turtlebot3_ws/install/dynamixel_sdk_examples/share/dynamixel_sdk_examples/environment/path.sh
[1.212s] -- Up-to-date symlink: /home/fnikolay/turtlebot3_ws/install/dynamixel_sdk_examples/share/dynamixel_sdk_examples/environment/path.dsv
[1.214s] -- Up-to-date symlink: /home/fnikolay/turtlebot3_ws/install/dynamixel_sdk_examples/share/dynamixel_sdk_examples/local_setup.bash
[1.214s] -- Up-to-date symlink: /home/fnikolay/turtlebot3_ws/install/dynamixel_sdk_examples/share/dynamixel_sdk_examples/local_setup.sh
[1.230s] -- Up-to-date symlink: /home/fnikolay/turtlebot3_ws/install/dynamixel_sdk_examples/share/dynamixel_sdk_examples/local_setup.zsh
[1.230s] -- Up-to-date symlink: /home/fnikolay/turtlebot3_ws/install/dynamixel_sdk_examples/share/dynamixel_sdk_examples/local_setup.dsv
[1.231s] -- Symlinking: /home/fnikolay/turtlebot3_ws/install/dynamixel_sdk_examples/share/dynamixel_sdk_examples/package.dsv
[1.242s] -- Up-to-date symlink: /home/fnikolay/turtlebot3_ws/install/dynamixel_sdk_examples/share/ament_index/resource_index/packages/dynamixel_sdk_examples
[1.243s] -- Up-to-date symlink: /home/fnikolay/turtlebot3_ws/install/dynamixel_sdk_examples/share/dynamixel_sdk_examples/cmake/dynamixel_sdk_examplesConfig.cmake
[1.244s] -- Up-to-date symlink: /home/fnikolay/turtlebot3_ws/install/dynamixel_sdk_examples/share/dynamixel_sdk_examples/cmake/dynamixel_sdk_examplesConfig-version.cmake
[1.245s] -- Up-to-date symlink: /home/fnikolay/turtlebot3_ws/install/dynamixel_sdk_examples/share/dynamixel_sdk_examples/package.xml
[1.248s] Invoked command in '/home/fnikolay/turtlebot3_ws/build/dynamixel_sdk_examples' returned '0': AMENT_PREFIX_PATH=/home/fnikolay/turtlebot3_ws/install/dynamixel_sdk_custom_interfaces:/home/fnikolay/turtlebot3_ws/install/dynamixel_sdk:${AMENT_PREFIX_PATH} CMAKE_PREFIX_PATH=/home/fnikolay/turtlebot3_ws/install/dynamixel_sdk_custom_interfaces:/home/fnikolay/turtlebot3_ws/install/dynamixel_sdk:/opt/ros/foxy LD_LIBRARY_PATH=/home/fnikolay/turtlebot3_ws/install/dynamixel_sdk_custom_interfaces/lib:/home/fnikolay/turtlebot3_ws/install/dynamixel_sdk/lib:${LD_LIBRARY_PATH} PYTHONPATH=/home/fnikolay/turtlebot3_ws/install/dynamixel_sdk_custom_interfaces/lib/python3.8/site-packages:${PYTHONPATH} /usr/bin/cmake --install /home/fnikolay/turtlebot3_ws/build/dynamixel_sdk_examples
