[1.267s] Invoking command in '/home/fnikolay/turtlebot3_ws/build/turtlebot3_teleop': PYTHONPATH=/home/fnikolay/turtlebot3_ws/install/turtlebot3_teleop/lib/python3.8/site-packages:${PYTHONPATH} /usr/bin/python3 setup.py develop --prefix /home/fnikolay/turtlebot3_ws/install/turtlebot3_teleop --uninstall --editable --build-directory /home/fnikolay/turtlebot3_ws/build/turtlebot3_teleop/build
[1.834s] running develop
[2.217s] Invoked command in '/home/fnikolay/turtlebot3_ws/build/turtlebot3_teleop' returned '0': PYTHONPATH=/home/fnikolay/turtlebot3_ws/install/turtlebot3_teleop/lib/python3.8/site-packages:${PYTHONPATH} /usr/bin/python3 setup.py develop --prefix /home/fnikolay/turtlebot3_ws/install/turtlebot3_teleop --uninstall --editable --build-directory /home/fnikolay/turtlebot3_ws/build/turtlebot3_teleop/build
[2.218s] Invoking command in '/home/fnikolay/turtlebot3_ws/src/turtlebot3/turtlebot3_teleop': PYTHONPATH=/home/fnikolay/turtlebot3_ws/install/turtlebot3_teleop/lib/python3.8/site-packages:${PYTHONPATH} /usr/bin/python3 setup.py egg_info --egg-base ../../../build/turtlebot3_teleop build --build-base /home/fnikolay/turtlebot3_ws/build/turtlebot3_teleop/build install --prefix /home/fnikolay/turtlebot3_ws/install/turtlebot3_teleop --record /home/fnikolay/turtlebot3_ws/build/turtlebot3_teleop/install.log --single-version-externally-managed
[2.606s] running egg_info
[2.607s] writing ../../../build/turtlebot3_teleop/turtlebot3_teleop.egg-info/PKG-INFO
[2.607s] writing dependency_links to ../../../build/turtlebot3_teleop/turtlebot3_teleop.egg-info/dependency_links.txt
[2.608s] writing entry points to ../../../build/turtlebot3_teleop/turtlebot3_teleop.egg-info/entry_points.txt
[2.608s] writing requirements to ../../../build/turtlebot3_teleop/turtlebot3_teleop.egg-info/requires.txt
[2.608s] writing top-level names to ../../../build/turtlebot3_teleop/turtlebot3_teleop.egg-info/top_level.txt
[2.714s] reading manifest file '../../../build/turtlebot3_teleop/turtlebot3_teleop.egg-info/SOURCES.txt'
[2.716s] writing manifest file '../../../build/turtlebot3_teleop/turtlebot3_teleop.egg-info/SOURCES.txt'
[2.716s] running build
[2.716s] running build_py
[2.717s] running install
[2.719s] running install_lib
[2.729s] running install_data
[2.730s] running install_egg_info
[2.732s] removing '/home/fnikolay/turtlebot3_ws/install/turtlebot3_teleop/lib/python3.8/site-packages/turtlebot3_teleop-2.1.4-py3.8.egg-info' (and everything under it)
[2.733s] Copying ../../../build/turtlebot3_teleop/turtlebot3_teleop.egg-info to /home/fnikolay/turtlebot3_ws/install/turtlebot3_teleop/lib/python3.8/site-packages/turtlebot3_teleop-2.1.4-py3.8.egg-info
[2.734s] running install_scripts
[2.783s] Installing teleop_keyboard script to /home/fnikolay/turtlebot3_ws/install/turtlebot3_teleop/lib/turtlebot3_teleop
[2.783s] writing list of installed files to '/home/fnikolay/turtlebot3_ws/build/turtlebot3_teleop/install.log'
[2.853s] Invoked command in '/home/fnikolay/turtlebot3_ws/src/turtlebot3/turtlebot3_teleop' returned '0': PYTHONPATH=/home/fnikolay/turtlebot3_ws/install/turtlebot3_teleop/lib/python3.8/site-packages:${PYTHONPATH} /usr/bin/python3 setup.py egg_info --egg-base ../../../build/turtlebot3_teleop build --build-base /home/fnikolay/turtlebot3_ws/build/turtlebot3_teleop/build install --prefix /home/fnikolay/turtlebot3_ws/install/turtlebot3_teleop --record /home/fnikolay/turtlebot3_ws/build/turtlebot3_teleop/install.log --single-version-externally-managed
