[0.085s] Invoking command in '/home/fnikolay/turtlebot3_ws/build/dynamixel_sdk_examples': AMENT_PREFIX_PATH=/home/fnikolay/turtlebot3_ws/install/dynamixel_sdk_custom_interfaces:/home/fnikolay/turtlebot3_ws/install/dynamixel_sdk:${AMENT_PREFIX_PATH} CMAKE_PREFIX_PATH=/home/fnikolay/turtlebot3_ws/install/dynamixel_sdk_custom_interfaces:/home/fnikolay/turtlebot3_ws/install/dynamixel_sdk:/opt/ros/foxy LD_LIBRARY_PATH=/home/fnikolay/turtlebot3_ws/install/dynamixel_sdk_custom_interfaces/lib:/home/fnikolay/turtlebot3_ws/install/dynamixel_sdk/lib:${LD_LIBRARY_PATH} PYTHONPATH=/home/fnikolay/turtlebot3_ws/install/dynamixel_sdk_custom_interfaces/lib/python3.8/site-packages:${PYTHONPATH} /usr/bin/cmake --build /home/fnikolay/turtlebot3_ws/build/dynamixel_sdk_examples -- -j4 -l4
[0.227s] [100%] Built target read_write_node
[0.238s] Invoked command in '/home/fnikolay/turtlebot3_ws/build/dynamixel_sdk_examples' returned '0': AMENT_PREFIX_PATH=/home/fnikolay/turtlebot3_ws/install/dynamixel_sdk_custom_interfaces:/home/fnikolay/turtlebot3_ws/install/dynamixel_sdk:${AMENT_PREFIX_PATH} CMAKE_PREFIX_PATH=/home/fnikolay/turtlebot3_ws/install/dynamixel_sdk_custom_interfaces:/home/fnikolay/turtlebot3_ws/install/dynamixel_sdk:/opt/ros/foxy LD_LIBRARY_PATH=/home/fnikolay/turtlebot3_ws/install/dynamixel_sdk_custom_interfaces/lib:/home/fnikolay/turtlebot3_ws/install/dynamixel_sdk/lib:${LD_LIBRARY_PATH} PYTHONPATH=/home/fnikolay/turtlebot3_ws/install/dynamixel_sdk_custom_interfaces/lib/python3.8/site-packages:${PYTHONPATH} /usr/bin/cmake --build /home/fnikolay/turtlebot3_ws/build/dynamixel_sdk_examples -- -j4 -l4
[0.267s] Invoking command in '/home/fnikolay/turtlebot3_ws/build/dynamixel_sdk_examples': AMENT_PREFIX_PATH=/home/fnikolay/turtlebot3_ws/install/dynamixel_sdk_custom_interfaces:/home/fnikolay/turtlebot3_ws/install/dynamixel_sdk:${AMENT_PREFIX_PATH} CMAKE_PREFIX_PATH=/home/fnikolay/turtlebot3_ws/install/dynamixel_sdk_custom_interfaces:/home/fnikolay/turtlebot3_ws/install/dynamixel_sdk:/opt/ros/foxy LD_LIBRARY_PATH=/home/fnikolay/turtlebot3_ws/install/dynamixel_sdk_custom_interfaces/lib:/home/fnikolay/turtlebot3_ws/install/dynamixel_sdk/lib:${LD_LIBRARY_PATH} PYTHONPATH=/home/fnikolay/turtlebot3_ws/install/dynamixel_sdk_custom_interfaces/lib/python3.8/site-packages:${PYTHONPATH} /usr/bin/cmake --install /home/fnikolay/turtlebot3_ws/build/dynamixel_sdk_examples
[0.281s] -- Install configuration: ""
[0.283s] -- Execute custom install script
[0.286s] -- Up-to-date symlink: /home/fnikolay/turtlebot3_ws/install/dynamixel_sdk_examples/lib/dynamixel_sdk_examples/read_write_node
[0.303s] -- Up-to-date symlink: /home/fnikolay/turtlebot3_ws/install/dynamixel_sdk_examples/share/ament_index/resource_index/package_run_dependencies/dynamixel_sdk_examples
[0.304s] -- Up-to-date symlink: /home/fnikolay/turtlebot3_ws/install/dynamixel_sdk_examples/share/ament_index/resource_index/parent_prefix_path/dynamixel_sdk_examples
[0.304s] -- Up-to-date symlink: /home/fnikolay/turtlebot3_ws/install/dynamixel_sdk_examples/share/dynamixel_sdk_examples/environment/ament_prefix_path.sh
[0.305s] -- Up-to-date symlink: /home/fnikolay/turtlebot3_ws/install/dynamixel_sdk_examples/share/dynamixel_sdk_examples/environment/ament_prefix_path.dsv
[0.305s] -- Up-to-date symlink: /home/fnikolay/turtlebot3_ws/install/dynamixel_sdk_examples/share/dynamixel_sdk_examples/environment/path.sh
[0.306s] -- Up-to-date symlink: /home/fnikolay/turtlebot3_ws/install/dynamixel_sdk_examples/share/dynamixel_sdk_examples/environment/path.dsv
[0.306s] -- Up-to-date symlink: /home/fnikolay/turtlebot3_ws/install/dynamixel_sdk_examples/share/dynamixel_sdk_examples/local_setup.bash
[0.307s] -- Up-to-date symlink: /home/fnikolay/turtlebot3_ws/install/dynamixel_sdk_examples/share/dynamixel_sdk_examples/local_setup.sh
[0.307s] -- Up-to-date symlink: /home/fnikolay/turtlebot3_ws/install/dynamixel_sdk_examples/share/dynamixel_sdk_examples/local_setup.zsh
[0.307s] -- Up-to-date symlink: /home/fnikolay/turtlebot3_ws/install/dynamixel_sdk_examples/share/dynamixel_sdk_examples/local_setup.dsv
[0.308s] -- Symlinking: /home/fnikolay/turtlebot3_ws/install/dynamixel_sdk_examples/share/dynamixel_sdk_examples/package.dsv
[0.319s] -- Up-to-date symlink: /home/fnikolay/turtlebot3_ws/install/dynamixel_sdk_examples/share/ament_index/resource_index/packages/dynamixel_sdk_examples
[0.321s] -- Up-to-date symlink: /home/fnikolay/turtlebot3_ws/install/dynamixel_sdk_examples/share/dynamixel_sdk_examples/cmake/dynamixel_sdk_examplesConfig.cmake
[0.321s] -- Up-to-date symlink: /home/fnikolay/turtlebot3_ws/install/dynamixel_sdk_examples/share/dynamixel_sdk_examples/cmake/dynamixel_sdk_examplesConfig-version.cmake
[0.322s] -- Up-to-date symlink: /home/fnikolay/turtlebot3_ws/install/dynamixel_sdk_examples/share/dynamixel_sdk_examples/package.xml
[0.326s] Invoked command in '/home/fnikolay/turtlebot3_ws/build/dynamixel_sdk_examples' returned '0': AMENT_PREFIX_PATH=/home/fnikolay/turtlebot3_ws/install/dynamixel_sdk_custom_interfaces:/home/fnikolay/turtlebot3_ws/install/dynamixel_sdk:${AMENT_PREFIX_PATH} CMAKE_PREFIX_PATH=/home/fnikolay/turtlebot3_ws/install/dynamixel_sdk_custom_interfaces:/home/fnikolay/turtlebot3_ws/install/dynamixel_sdk:/opt/ros/foxy LD_LIBRARY_PATH=/home/fnikolay/turtlebot3_ws/install/dynamixel_sdk_custom_interfaces/lib:/home/fnikolay/turtlebot3_ws/install/dynamixel_sdk/lib:${LD_LIBRARY_PATH} PYTHONPATH=/home/fnikolay/turtlebot3_ws/install/dynamixel_sdk_custom_interfaces/lib/python3.8/site-packages:${PYTHONPATH} /usr/bin/cmake --install /home/fnikolay/turtlebot3_ws/build/dynamixel_sdk_examples
