[0.041s] Invoking command in '/home/fnikolay/turtlebot3_ws/build/turtlebot3_navigation2': CMAKE_PREFIX_PATH=${CMAKE_PREFIX_PATH}:/home/fnikolay/turtlebot3_ws/install/turtlebot3_teleop:/home/fnikolay/turtlebot3_ws/install/turtlebot3_example:/home/fnikolay/turtlebot3_ws/install/my_package:/home/fnikolay/turtlebot3_ws/install/kf_move:/opt/ros/foxy /usr/bin/cmake --build /home/fnikolay/turtlebot3_ws/build/turtlebot3_navigation2 -- -j4 -l4
[0.131s] Invoked command in '/home/fnikolay/turtlebot3_ws/build/turtlebot3_navigation2' returned '0': CMAKE_PREFIX_PATH=${CMAKE_PREFIX_PATH}:/home/fnikolay/turtlebot3_ws/install/turtlebot3_teleop:/home/fnikolay/turtlebot3_ws/install/turtlebot3_example:/home/fnikolay/turtlebot3_ws/install/my_package:/home/fnikolay/turtlebot3_ws/install/kf_move:/opt/ros/foxy /usr/bin/cmake --build /home/fnikolay/turtlebot3_ws/build/turtlebot3_navigation2 -- -j4 -l4
[0.164s] Invoking command in '/home/fnikolay/turtlebot3_ws/build/turtlebot3_navigation2': CMAKE_PREFIX_PATH=${CMAKE_PREFIX_PATH}:/home/fnikolay/turtlebot3_ws/install/turtlebot3_teleop:/home/fnikolay/turtlebot3_ws/install/turtlebot3_example:/home/fnikolay/turtlebot3_ws/install/my_package:/home/fnikolay/turtlebot3_ws/install/kf_move:/opt/ros/foxy /usr/bin/cmake --install /home/fnikolay/turtlebot3_ws/build/turtlebot3_navigation2
[0.187s] -- Install configuration: ""
[0.188s] -- Execute custom install script
[0.189s] -- Up-to-date symlink: /home/fnikolay/turtlebot3_ws/install/turtlebot3_navigation2/share/turtlebot3_navigation2/launch/navigation2.launch.py
[0.190s] -- Up-to-date symlink: /home/fnikolay/turtlebot3_ws/install/turtlebot3_navigation2/share/turtlebot3_navigation2/map/turtlebot3_world.pgm
[0.190s] -- Up-to-date symlink: /home/fnikolay/turtlebot3_ws/install/turtlebot3_navigation2/share/turtlebot3_navigation2/map/turtlebot3_world.yaml
[0.190s] -- Up-to-date symlink: /home/fnikolay/turtlebot3_ws/install/turtlebot3_navigation2/share/turtlebot3_navigation2/param/burger.yaml
[0.191s] -- Up-to-date symlink: /home/fnikolay/turtlebot3_ws/install/turtlebot3_navigation2/share/turtlebot3_navigation2/param/waffle.yaml
[0.191s] -- Up-to-date symlink: /home/fnikolay/turtlebot3_ws/install/turtlebot3_navigation2/share/turtlebot3_navigation2/param/waffle_pi.yaml
[0.192s] -- Up-to-date symlink: /home/fnikolay/turtlebot3_ws/install/turtlebot3_navigation2/share/turtlebot3_navigation2/rviz/tb3_navigation2.rviz
[0.192s] -- Up-to-date symlink: /home/fnikolay/turtlebot3_ws/install/turtlebot3_navigation2/share/ament_index/resource_index/package_run_dependencies/turtlebot3_navigation2
[0.193s] -- Up-to-date symlink: /home/fnikolay/turtlebot3_ws/install/turtlebot3_navigation2/share/ament_index/resource_index/parent_prefix_path/turtlebot3_navigation2
[0.193s] -- Up-to-date symlink: /home/fnikolay/turtlebot3_ws/install/turtlebot3_navigation2/share/turtlebot3_navigation2/environment/ament_prefix_path.sh
[0.194s] -- Up-to-date symlink: /home/fnikolay/turtlebot3_ws/install/turtlebot3_navigation2/share/turtlebot3_navigation2/environment/ament_prefix_path.dsv
[0.195s] -- Up-to-date symlink: /home/fnikolay/turtlebot3_ws/install/turtlebot3_navigation2/share/turtlebot3_navigation2/environment/path.sh
[0.195s] -- Up-to-date symlink: /home/fnikolay/turtlebot3_ws/install/turtlebot3_navigation2/share/turtlebot3_navigation2/environment/path.dsv
[0.196s] -- Up-to-date symlink: /home/fnikolay/turtlebot3_ws/install/turtlebot3_navigation2/share/turtlebot3_navigation2/local_setup.bash
[0.197s] -- Up-to-date symlink: /home/fnikolay/turtlebot3_ws/install/turtlebot3_navigation2/share/turtlebot3_navigation2/local_setup.sh
[0.197s] -- Up-to-date symlink: /home/fnikolay/turtlebot3_ws/install/turtlebot3_navigation2/share/turtlebot3_navigation2/local_setup.zsh
[0.197s] -- Up-to-date symlink: /home/fnikolay/turtlebot3_ws/install/turtlebot3_navigation2/share/turtlebot3_navigation2/local_setup.dsv
[0.198s] -- Symlinking: /home/fnikolay/turtlebot3_ws/install/turtlebot3_navigation2/share/turtlebot3_navigation2/package.dsv
[0.223s] -- Up-to-date symlink: /home/fnikolay/turtlebot3_ws/install/turtlebot3_navigation2/share/ament_index/resource_index/packages/turtlebot3_navigation2
[0.223s] -- Up-to-date symlink: /home/fnikolay/turtlebot3_ws/install/turtlebot3_navigation2/share/turtlebot3_navigation2/cmake/turtlebot3_navigation2Config.cmake
[0.223s] -- Up-to-date symlink: /home/fnikolay/turtlebot3_ws/install/turtlebot3_navigation2/share/turtlebot3_navigation2/cmake/turtlebot3_navigation2Config-version.cmake
[0.224s] -- Up-to-date symlink: /home/fnikolay/turtlebot3_ws/install/turtlebot3_navigation2/share/turtlebot3_navigation2/package.xml
[0.556s] Invoked command in '/home/fnikolay/turtlebot3_ws/build/turtlebot3_navigation2' returned '0': CMAKE_PREFIX_PATH=${CMAKE_PREFIX_PATH}:/home/fnikolay/turtlebot3_ws/install/turtlebot3_teleop:/home/fnikolay/turtlebot3_ws/install/turtlebot3_example:/home/fnikolay/turtlebot3_ws/install/my_package:/home/fnikolay/turtlebot3_ws/install/kf_move:/opt/ros/foxy /usr/bin/cmake --install /home/fnikolay/turtlebot3_ws/build/turtlebot3_navigation2
