[0.947s] Invoking command in '/home/fnikolay/turtlebot3_ws/build/turtlebot3_example': CMAKE_PREFIX_PATH=/home/fnikolay/turtlebot3_ws/install/turtlebot3_msgs:/home/fnikolay/turtlebot3_ws/install/turtlebot3:/home/fnikolay/turtlebot3_ws/install/turtlebot3_bringup:/home/fnikolay/turtlebot3_ws/install/turtlebot3_node:/home/fnikolay/turtlebot3_ws/install/turtlebot3_navigation2:/home/fnikolay/turtlebot3_ws/install/turtlebot3_description:/home/fnikolay/turtlebot3_ws/install/turtlebot3_cartographer:/home/fnikolay/turtlebot3_ws/install/dynamixel_sdk_examples:/home/fnikolay/turtlebot3_ws/install/dynamixel_sdk_custom_interfaces:/home/fnikolay/turtlebot3_ws/install/dynamixel_sdk LD_LIBRARY_PATH=/home/fnikolay/turtlebot3_ws/install/turtlebot3_msgs/lib:/usr/lib/x86_64-linux-gnu/gazebo-11/plugins:/opt/ros/foxy/opt/yaml_cpp_vendor/lib:/opt/ros/foxy/opt/rviz_ogre_vendor/lib:/opt/ros/foxy/lib/x86_64-linux-gnu:/opt/ros/foxy/lib:/home/fnikolay/turtlebot3_ws/install/dynamixel_sdk_custom_interfaces/lib:/home/fnikolay/turtlebot3_ws/install/dynamixel_sdk/lib:/opt/ros/galactic/opt/yaml_cpp_vendor/lib:/opt/ros/galactic/opt/rviz_ogre_vendor/lib:/opt/ros/galactic/lib/x86_64-linux-gnu:/opt/ros/galactic/lib PYTHONPATH=/home/fnikolay/turtlebot3_ws/install/turtlebot3_example/lib/python3.8/site-packages:/home/fnikolay/turtlebot3_ws/install/turtlebot3_msgs/lib/python3.8/site-packages:/opt/ros/foxy/lib/python3.8/site-packages:/home/fnikolay/turtlebot3_ws/build/turtlebot3_teleop:/home/fnikolay/turtlebot3_ws/install/turtlebot3_teleop/lib/python3.8/site-packages:/home/fnikolay/turtlebot3_ws/build/turtlebot3_example:/home/fnikolay/turtlebot3_ws/install/turtlebot3_example/lib/python3.8/site-packages:/home/fnikolay/turtlebot3_ws/install/dynamixel_sdk_custom_interfaces/lib/python3.8/site-packages:/opt/ros/galactic/lib/python3.8/site-packages /usr/bin/python3 setup.py develop --prefix /home/fnikolay/turtlebot3_ws/install/turtlebot3_example --editable --build-directory /home/fnikolay/turtlebot3_ws/build/turtlebot3_example/build --no-deps install_data --install-dir /home/fnikolay/turtlebot3_ws/install/turtlebot3_example
[1.302s] running develop
[1.546s] running egg_info
[1.546s] creating turtlebot3_example.egg-info
[1.546s] writing turtlebot3_example.egg-info/PKG-INFO
[1.546s] writing dependency_links to turtlebot3_example.egg-info/dependency_links.txt
[1.547s] writing entry points to turtlebot3_example.egg-info/entry_points.txt
[1.547s] writing requirements to turtlebot3_example.egg-info/requires.txt
[1.547s] writing top-level names to turtlebot3_example.egg-info/top_level.txt
[1.548s] writing manifest file 'turtlebot3_example.egg-info/SOURCES.txt'
[1.589s] reading manifest file 'turtlebot3_example.egg-info/SOURCES.txt'
[1.589s] writing manifest file 'turtlebot3_example.egg-info/SOURCES.txt'
[1.632s] running build_ext
[1.632s] Creating /home/fnikolay/turtlebot3_ws/install/turtlebot3_example/lib/python3.8/site-packages/site.py
[1.634s] Creating /home/fnikolay/turtlebot3_ws/install/turtlebot3_example/lib/python3.8/site-packages/turtlebot3-example.egg-link (link to .)
[1.635s] Installing turtlebot3_obstacle_detection script to /home/fnikolay/turtlebot3_ws/install/turtlebot3_example/lib/turtlebot3_example
[1.635s] Installing turtlebot3_patrol_client script to /home/fnikolay/turtlebot3_ws/install/turtlebot3_example/lib/turtlebot3_example
[1.636s] Installing turtlebot3_patrol_server script to /home/fnikolay/turtlebot3_ws/install/turtlebot3_example/lib/turtlebot3_example
[1.636s] Installing turtlebot3_position_control script to /home/fnikolay/turtlebot3_ws/install/turtlebot3_example/lib/turtlebot3_example
[1.636s] 
[1.636s] Installed /home/fnikolay/turtlebot3_ws/build/turtlebot3_example
[1.636s] running install_data
[1.636s] creating /home/fnikolay/turtlebot3_ws/install/turtlebot3_example/share/ament_index
[1.636s] creating /home/fnikolay/turtlebot3_ws/install/turtlebot3_example/share/ament_index/resource_index
[1.636s] creating /home/fnikolay/turtlebot3_ws/install/turtlebot3_example/share/ament_index/resource_index/packages
[1.636s] copying resource/turtlebot3_example -> /home/fnikolay/turtlebot3_ws/install/turtlebot3_example/share/ament_index/resource_index/packages
[1.637s] copying package.xml -> /home/fnikolay/turtlebot3_ws/install/turtlebot3_example/share/turtlebot3_example
[1.679s] Invoked command in '/home/fnikolay/turtlebot3_ws/build/turtlebot3_example' returned '0': CMAKE_PREFIX_PATH=/home/fnikolay/turtlebot3_ws/install/turtlebot3_msgs:/home/fnikolay/turtlebot3_ws/install/turtlebot3:/home/fnikolay/turtlebot3_ws/install/turtlebot3_bringup:/home/fnikolay/turtlebot3_ws/install/turtlebot3_node:/home/fnikolay/turtlebot3_ws/install/turtlebot3_navigation2:/home/fnikolay/turtlebot3_ws/install/turtlebot3_description:/home/fnikolay/turtlebot3_ws/install/turtlebot3_cartographer:/home/fnikolay/turtlebot3_ws/install/dynamixel_sdk_examples:/home/fnikolay/turtlebot3_ws/install/dynamixel_sdk_custom_interfaces:/home/fnikolay/turtlebot3_ws/install/dynamixel_sdk LD_LIBRARY_PATH=/home/fnikolay/turtlebot3_ws/install/turtlebot3_msgs/lib:/usr/lib/x86_64-linux-gnu/gazebo-11/plugins:/opt/ros/foxy/opt/yaml_cpp_vendor/lib:/opt/ros/foxy/opt/rviz_ogre_vendor/lib:/opt/ros/foxy/lib/x86_64-linux-gnu:/opt/ros/foxy/lib:/home/fnikolay/turtlebot3_ws/install/dynamixel_sdk_custom_interfaces/lib:/home/fnikolay/turtlebot3_ws/install/dynamixel_sdk/lib:/opt/ros/galactic/opt/yaml_cpp_vendor/lib:/opt/ros/galactic/opt/rviz_ogre_vendor/lib:/opt/ros/galactic/lib/x86_64-linux-gnu:/opt/ros/galactic/lib PYTHONPATH=/home/fnikolay/turtlebot3_ws/install/turtlebot3_example/lib/python3.8/site-packages:/home/fnikolay/turtlebot3_ws/install/turtlebot3_msgs/lib/python3.8/site-packages:/opt/ros/foxy/lib/python3.8/site-packages:/home/fnikolay/turtlebot3_ws/build/turtlebot3_teleop:/home/fnikolay/turtlebot3_ws/install/turtlebot3_teleop/lib/python3.8/site-packages:/home/fnikolay/turtlebot3_ws/build/turtlebot3_example:/home/fnikolay/turtlebot3_ws/install/turtlebot3_example/lib/python3.8/site-packages:/home/fnikolay/turtlebot3_ws/install/dynamixel_sdk_custom_interfaces/lib/python3.8/site-packages:/opt/ros/galactic/lib/python3.8/site-packages /usr/bin/python3 setup.py develop --prefix /home/fnikolay/turtlebot3_ws/install/turtlebot3_example --editable --build-directory /home/fnikolay/turtlebot3_ws/build/turtlebot3_example/build --no-deps install_data --install-dir /home/fnikolay/turtlebot3_ws/install/turtlebot3_example
