[0.912s] Invoking command in '/home/fnikolay/turtlebot3_ws/build/kf_move': PYTHONPATH=/home/fnikolay/turtlebot3_ws/install/kf_move/lib/python3.8/site-packages:${PYTHONPATH} /usr/bin/python3 setup.py develop --prefix /home/fnikolay/turtlebot3_ws/install/kf_move --uninstall --editable --build-directory /home/fnikolay/turtlebot3_ws/build/kf_move/build
[1.267s] running develop
[1.572s] Invoked command in '/home/fnikolay/turtlebot3_ws/build/kf_move' returned '0': PYTHONPATH=/home/fnikolay/turtlebot3_ws/install/kf_move/lib/python3.8/site-packages:${PYTHONPATH} /usr/bin/python3 setup.py develop --prefix /home/fnikolay/turtlebot3_ws/install/kf_move --uninstall --editable --build-directory /home/fnikolay/turtlebot3_ws/build/kf_move/build
[1.573s] Invoking command in '/home/fnikolay/turtlebot3_ws/src/kf_move': PYTHONPATH=/home/fnikolay/turtlebot3_ws/install/kf_move/lib/python3.8/site-packages:${PYTHONPATH} /usr/bin/python3 setup.py egg_info --egg-base ../../build/kf_move build --build-base /home/fnikolay/turtlebot3_ws/build/kf_move/build install --prefix /home/fnikolay/turtlebot3_ws/install/kf_move --record /home/fnikolay/turtlebot3_ws/build/kf_move/install.log --single-version-externally-managed
[1.886s] running egg_info
[1.886s] writing ../../build/kf_move/kf_move.egg-info/PKG-INFO
[1.887s] writing dependency_links to ../../build/kf_move/kf_move.egg-info/dependency_links.txt
[1.887s] writing entry points to ../../build/kf_move/kf_move.egg-info/entry_points.txt
[1.887s] writing requirements to ../../build/kf_move/kf_move.egg-info/requires.txt
[1.887s] writing top-level names to ../../build/kf_move/kf_move.egg-info/top_level.txt
[1.931s] reading manifest file '../../build/kf_move/kf_move.egg-info/SOURCES.txt'
[1.932s] writing manifest file '../../build/kf_move/kf_move.egg-info/SOURCES.txt'
[1.932s] running build
[1.932s] running build_py
[1.932s] copying kf_move/kf_move.py -> /home/fnikolay/turtlebot3_ws/build/kf_move/build/lib/kf_move
[1.932s] running install
[1.933s] running install_lib
[1.935s] copying /home/fnikolay/turtlebot3_ws/build/kf_move/build/lib/kf_move/kf_move.py -> /home/fnikolay/turtlebot3_ws/install/kf_move/lib/python3.8/site-packages/kf_move
[1.935s] byte-compiling /home/fnikolay/turtlebot3_ws/install/kf_move/lib/python3.8/site-packages/kf_move/kf_move.py to kf_move.cpython-38.pyc
[1.937s] running install_data
[1.941s] running install_egg_info
[1.941s] removing '/home/fnikolay/turtlebot3_ws/install/kf_move/lib/python3.8/site-packages/kf_move-0.0.0-py3.8.egg-info' (and everything under it)
[1.941s] Copying ../../build/kf_move/kf_move.egg-info to /home/fnikolay/turtlebot3_ws/install/kf_move/lib/python3.8/site-packages/kf_move-0.0.0-py3.8.egg-info
[1.947s] running install_scripts
[1.962s] Installing kf_move script to /home/fnikolay/turtlebot3_ws/install/kf_move/lib/kf_move
[1.964s] writing list of installed files to '/home/fnikolay/turtlebot3_ws/build/kf_move/install.log'
[1.990s] Invoked command in '/home/fnikolay/turtlebot3_ws/src/kf_move' returned '0': PYTHONPATH=/home/fnikolay/turtlebot3_ws/install/kf_move/lib/python3.8/site-packages:${PYTHONPATH} /usr/bin/python3 setup.py egg_info --egg-base ../../build/kf_move build --build-base /home/fnikolay/turtlebot3_ws/build/kf_move/build install --prefix /home/fnikolay/turtlebot3_ws/install/kf_move --record /home/fnikolay/turtlebot3_ws/build/kf_move/install.log --single-version-externally-managed
