[0.108s] Invoking command in '/home/fnikolay/turtlebot3_ws/build/dynamixel_sdk': CMAKE_PREFIX_PATH=/opt/ros/foxy /usr/bin/cmake --build /home/fnikolay/turtlebot3_ws/build/dynamixel_sdk -- -j4 -l4
[0.919s] [100%] Built target dynamixel_sdk
[0.928s] Invoked command in '/home/fnikolay/turtlebot3_ws/build/dynamixel_sdk' returned '0': CMAKE_PREFIX_PATH=/opt/ros/foxy /usr/bin/cmake --build /home/fnikolay/turtlebot3_ws/build/dynamixel_sdk -- -j4 -l4
[0.964s] Invoking command in '/home/fnikolay/turtlebot3_ws/build/dynamixel_sdk': CMAKE_PREFIX_PATH=/opt/ros/foxy /usr/bin/cmake --install /home/fnikolay/turtlebot3_ws/build/dynamixel_sdk
[0.973s] -- Install configuration: ""
[0.985s] -- Execute custom install script
[1.133s] -- Up-to-date symlink: /home/fnikolay/turtlebot3_ws/install/dynamixel_sdk/include//dynamixel_sdk/dynamixel_sdk.h
[1.137s] -- Up-to-date symlink: /home/fnikolay/turtlebot3_ws/install/dynamixel_sdk/include//dynamixel_sdk/group_bulk_read.h
[1.137s] -- Up-to-date symlink: /home/fnikolay/turtlebot3_ws/install/dynamixel_sdk/include//dynamixel_sdk/group_bulk_write.h
[1.137s] -- Up-to-date symlink: /home/fnikolay/turtlebot3_ws/install/dynamixel_sdk/include//dynamixel_sdk/group_sync_read.h
[1.137s] -- Up-to-date symlink: /home/fnikolay/turtlebot3_ws/install/dynamixel_sdk/include//dynamixel_sdk/group_sync_write.h
[1.137s] -- Up-to-date symlink: /home/fnikolay/turtlebot3_ws/install/dynamixel_sdk/include//dynamixel_sdk/packet_handler.h
[1.137s] -- Up-to-date symlink: /home/fnikolay/turtlebot3_ws/install/dynamixel_sdk/include//dynamixel_sdk/port_handler.h
[1.137s] -- Up-to-date symlink: /home/fnikolay/turtlebot3_ws/install/dynamixel_sdk/include//dynamixel_sdk/port_handler_arduino.h
[1.137s] -- Up-to-date symlink: /home/fnikolay/turtlebot3_ws/install/dynamixel_sdk/include//dynamixel_sdk/port_handler_linux.h
[1.138s] -- Up-to-date symlink: /home/fnikolay/turtlebot3_ws/install/dynamixel_sdk/include//dynamixel_sdk/port_handler_mac.h
[1.138s] -- Up-to-date symlink: /home/fnikolay/turtlebot3_ws/install/dynamixel_sdk/include//dynamixel_sdk/port_handler_windows.h
[1.138s] -- Up-to-date symlink: /home/fnikolay/turtlebot3_ws/install/dynamixel_sdk/include//dynamixel_sdk/protocol1_packet_handler.h
[1.138s] -- Up-to-date symlink: /home/fnikolay/turtlebot3_ws/install/dynamixel_sdk/include//dynamixel_sdk/protocol2_packet_handler.h
[1.142s] -- Up-to-date symlink: /home/fnikolay/turtlebot3_ws/install/dynamixel_sdk/lib/libdynamixel_sdk.so
[1.142s] -- Up-to-date symlink: /home/fnikolay/turtlebot3_ws/install/dynamixel_sdk/share/dynamixel_sdk/environment/library_path.sh
[1.143s] -- Up-to-date symlink: /home/fnikolay/turtlebot3_ws/install/dynamixel_sdk/share/dynamixel_sdk/environment/library_path.dsv
[1.143s] -- Up-to-date symlink: /home/fnikolay/turtlebot3_ws/install/dynamixel_sdk/share/ament_index/resource_index/package_run_dependencies/dynamixel_sdk
[1.143s] -- Up-to-date symlink: /home/fnikolay/turtlebot3_ws/install/dynamixel_sdk/share/ament_index/resource_index/parent_prefix_path/dynamixel_sdk
[1.143s] -- Up-to-date symlink: /home/fnikolay/turtlebot3_ws/install/dynamixel_sdk/share/dynamixel_sdk/environment/ament_prefix_path.sh
[1.143s] -- Up-to-date symlink: /home/fnikolay/turtlebot3_ws/install/dynamixel_sdk/share/dynamixel_sdk/environment/ament_prefix_path.dsv
[1.143s] -- Up-to-date symlink: /home/fnikolay/turtlebot3_ws/install/dynamixel_sdk/share/dynamixel_sdk/environment/path.sh
[1.143s] -- Up-to-date symlink: /home/fnikolay/turtlebot3_ws/install/dynamixel_sdk/share/dynamixel_sdk/environment/path.dsv
[1.144s] -- Up-to-date symlink: /home/fnikolay/turtlebot3_ws/install/dynamixel_sdk/share/dynamixel_sdk/local_setup.bash
[1.144s] -- Up-to-date symlink: /home/fnikolay/turtlebot3_ws/install/dynamixel_sdk/share/dynamixel_sdk/local_setup.sh
[1.144s] -- Up-to-date symlink: /home/fnikolay/turtlebot3_ws/install/dynamixel_sdk/share/dynamixel_sdk/local_setup.zsh
[1.144s] -- Up-to-date symlink: /home/fnikolay/turtlebot3_ws/install/dynamixel_sdk/share/dynamixel_sdk/local_setup.dsv
[1.144s] -- Symlinking: /home/fnikolay/turtlebot3_ws/install/dynamixel_sdk/share/dynamixel_sdk/package.dsv
[1.156s] -- Up-to-date symlink: /home/fnikolay/turtlebot3_ws/install/dynamixel_sdk/share/ament_index/resource_index/packages/dynamixel_sdk
[1.156s] -- Up-to-date symlink: /home/fnikolay/turtlebot3_ws/install/dynamixel_sdk/share/dynamixel_sdk/cmake/ament_cmake_export_include_directories-extras.cmake
[1.156s] -- Up-to-date symlink: /home/fnikolay/turtlebot3_ws/install/dynamixel_sdk/share/dynamixel_sdk/cmake/ament_cmake_export_libraries-extras.cmake
[1.156s] -- Up-to-date symlink: /home/fnikolay/turtlebot3_ws/install/dynamixel_sdk/share/dynamixel_sdk/cmake/dynamixel_sdkConfig.cmake
[1.157s] -- Up-to-date symlink: /home/fnikolay/turtlebot3_ws/install/dynamixel_sdk/share/dynamixel_sdk/cmake/dynamixel_sdkConfig-version.cmake
[1.157s] -- Up-to-date symlink: /home/fnikolay/turtlebot3_ws/install/dynamixel_sdk/share/dynamixel_sdk/package.xml
[1.399s] Invoked command in '/home/fnikolay/turtlebot3_ws/build/dynamixel_sdk' returned '0': CMAKE_PREFIX_PATH=/opt/ros/foxy /usr/bin/cmake --install /home/fnikolay/turtlebot3_ws/build/dynamixel_sdk
