[0.166s] Invoking command in '/home/fnikolay/turtlebot3_ws/build/dynamixel_sdk': CMAKE_PREFIX_PATH=${CMAKE_PREFIX_PATH}:/home/fnikolay/turtlebot3_ws/install/turtlebot3_teleop:/home/fnikolay/turtlebot3_ws/install/turtlebot3_example:/home/fnikolay/turtlebot3_ws/install/my_package:/home/fnikolay/turtlebot3_ws/install/kf_move:/opt/ros/foxy /usr/bin/cmake --build /home/fnikolay/turtlebot3_ws/build/dynamixel_sdk -- -j4 -l4
[2.351s] [100%] Built target dynamixel_sdk
[2.365s] Invoked command in '/home/fnikolay/turtlebot3_ws/build/dynamixel_sdk' returned '0': CMAKE_PREFIX_PATH=${CMAKE_PREFIX_PATH}:/home/fnikolay/turtlebot3_ws/install/turtlebot3_teleop:/home/fnikolay/turtlebot3_ws/install/turtlebot3_example:/home/fnikolay/turtlebot3_ws/install/my_package:/home/fnikolay/turtlebot3_ws/install/kf_move:/opt/ros/foxy /usr/bin/cmake --build /home/fnikolay/turtlebot3_ws/build/dynamixel_sdk -- -j4 -l4
[2.402s] Invoking command in '/home/fnikolay/turtlebot3_ws/build/dynamixel_sdk': CMAKE_PREFIX_PATH=${CMAKE_PREFIX_PATH}:/home/fnikolay/turtlebot3_ws/install/turtlebot3_teleop:/home/fnikolay/turtlebot3_ws/install/turtlebot3_example:/home/fnikolay/turtlebot3_ws/install/my_package:/home/fnikolay/turtlebot3_ws/install/kf_move:/opt/ros/foxy /usr/bin/cmake --install /home/fnikolay/turtlebot3_ws/build/dynamixel_sdk
[2.411s] -- Install configuration: ""
[2.412s] -- Execute custom install script
[2.454s] -- Up-to-date symlink: /home/fnikolay/turtlebot3_ws/install/dynamixel_sdk/include//dynamixel_sdk/dynamixel_sdk.h
[2.471s] -- Up-to-date symlink: /home/fnikolay/turtlebot3_ws/install/dynamixel_sdk/include//dynamixel_sdk/group_bulk_read.h
[2.472s] -- Up-to-date symlink: /home/fnikolay/turtlebot3_ws/install/dynamixel_sdk/include//dynamixel_sdk/group_bulk_write.h
[2.571s] -- Up-to-date symlink: /home/fnikolay/turtlebot3_ws/install/dynamixel_sdk/include//dynamixel_sdk/group_sync_read.h
[2.572s] -- Up-to-date symlink: /home/fnikolay/turtlebot3_ws/install/dynamixel_sdk/include//dynamixel_sdk/group_sync_write.h
[2.581s] -- Up-to-date symlink: /home/fnikolay/turtlebot3_ws/install/dynamixel_sdk/include//dynamixel_sdk/packet_handler.h
[2.583s] -- Up-to-date symlink: /home/fnikolay/turtlebot3_ws/install/dynamixel_sdk/include//dynamixel_sdk/port_handler.h
[2.584s] -- Up-to-date symlink: /home/fnikolay/turtlebot3_ws/install/dynamixel_sdk/include//dynamixel_sdk/port_handler_arduino.h
[2.601s] -- Up-to-date symlink: /home/fnikolay/turtlebot3_ws/install/dynamixel_sdk/include//dynamixel_sdk/port_handler_linux.h
[2.604s] -- Up-to-date symlink: /home/fnikolay/turtlebot3_ws/install/dynamixel_sdk/include//dynamixel_sdk/port_handler_mac.h
[2.604s] -- Up-to-date symlink: /home/fnikolay/turtlebot3_ws/install/dynamixel_sdk/include//dynamixel_sdk/port_handler_windows.h
[2.605s] -- Up-to-date symlink: /home/fnikolay/turtlebot3_ws/install/dynamixel_sdk/include//dynamixel_sdk/protocol1_packet_handler.h
[2.612s] -- Up-to-date symlink: /home/fnikolay/turtlebot3_ws/install/dynamixel_sdk/include//dynamixel_sdk/protocol2_packet_handler.h
[2.614s] -- Up-to-date symlink: /home/fnikolay/turtlebot3_ws/install/dynamixel_sdk/lib/libdynamixel_sdk.so
[2.632s] -- Up-to-date symlink: /home/fnikolay/turtlebot3_ws/install/dynamixel_sdk/share/dynamixel_sdk/environment/library_path.sh
[2.662s] -- Up-to-date symlink: /home/fnikolay/turtlebot3_ws/install/dynamixel_sdk/share/dynamixel_sdk/environment/library_path.dsv
[2.662s] -- Up-to-date symlink: /home/fnikolay/turtlebot3_ws/install/dynamixel_sdk/share/ament_index/resource_index/package_run_dependencies/dynamixel_sdk
[2.717s] -- Up-to-date symlink: /home/fnikolay/turtlebot3_ws/install/dynamixel_sdk/share/ament_index/resource_index/parent_prefix_path/dynamixel_sdk
[2.719s] -- Up-to-date symlink: /home/fnikolay/turtlebot3_ws/install/dynamixel_sdk/share/dynamixel_sdk/environment/ament_prefix_path.sh
[2.720s] -- Up-to-date symlink: /home/fnikolay/turtlebot3_ws/install/dynamixel_sdk/share/dynamixel_sdk/environment/ament_prefix_path.dsv
[2.721s] -- Up-to-date symlink: /home/fnikolay/turtlebot3_ws/install/dynamixel_sdk/share/dynamixel_sdk/environment/path.sh
[2.733s] -- Up-to-date symlink: /home/fnikolay/turtlebot3_ws/install/dynamixel_sdk/share/dynamixel_sdk/environment/path.dsv
[2.735s] -- Up-to-date symlink: /home/fnikolay/turtlebot3_ws/install/dynamixel_sdk/share/dynamixel_sdk/local_setup.bash
[2.736s] -- Up-to-date symlink: /home/fnikolay/turtlebot3_ws/install/dynamixel_sdk/share/dynamixel_sdk/local_setup.sh
[2.737s] -- Up-to-date symlink: /home/fnikolay/turtlebot3_ws/install/dynamixel_sdk/share/dynamixel_sdk/local_setup.zsh
[2.738s] -- Up-to-date symlink: /home/fnikolay/turtlebot3_ws/install/dynamixel_sdk/share/dynamixel_sdk/local_setup.dsv
[2.739s] -- Symlinking: /home/fnikolay/turtlebot3_ws/install/dynamixel_sdk/share/dynamixel_sdk/package.dsv
[2.803s] -- Up-to-date symlink: /home/fnikolay/turtlebot3_ws/install/dynamixel_sdk/share/ament_index/resource_index/packages/dynamixel_sdk
[2.833s] -- Up-to-date symlink: /home/fnikolay/turtlebot3_ws/install/dynamixel_sdk/share/dynamixel_sdk/cmake/ament_cmake_export_include_directories-extras.cmake
[2.837s] -- Up-to-date symlink: /home/fnikolay/turtlebot3_ws/install/dynamixel_sdk/share/dynamixel_sdk/cmake/ament_cmake_export_libraries-extras.cmake
[2.837s] -- Up-to-date symlink: /home/fnikolay/turtlebot3_ws/install/dynamixel_sdk/share/dynamixel_sdk/cmake/dynamixel_sdkConfig.cmake
[2.837s] -- Up-to-date symlink: /home/fnikolay/turtlebot3_ws/install/dynamixel_sdk/share/dynamixel_sdk/cmake/dynamixel_sdkConfig-version.cmake
[2.854s] -- Up-to-date symlink: /home/fnikolay/turtlebot3_ws/install/dynamixel_sdk/share/dynamixel_sdk/package.xml
[3.216s] Invoked command in '/home/fnikolay/turtlebot3_ws/build/dynamixel_sdk' returned '0': CMAKE_PREFIX_PATH=${CMAKE_PREFIX_PATH}:/home/fnikolay/turtlebot3_ws/install/turtlebot3_teleop:/home/fnikolay/turtlebot3_ws/install/turtlebot3_example:/home/fnikolay/turtlebot3_ws/install/my_package:/home/fnikolay/turtlebot3_ws/install/kf_move:/opt/ros/foxy /usr/bin/cmake --install /home/fnikolay/turtlebot3_ws/build/dynamixel_sdk
