[0.115s] Invoking command in '/home/fnikolay/turtlebot3_ws/build/turtlebot3_gazebo': CMAKE_PREFIX_PATH=/home/fnikolay/turtlebot3_ws/install/turtlebot3_description:/home/fnikolay/turtlebot3_ws/install/turtlebot3:/home/fnikolay/turtlebot3_ws/install/turtlebot3_simulations:/home/fnikolay/turtlebot3_ws/install/turtlebot3_bringup:/home/fnikolay/turtlebot3_ws/install/turtlebot3_node:/home/fnikolay/turtlebot3_ws/install/turtlebot3_navigation2:/home/fnikolay/turtlebot3_ws/install/turtlebot3_fake_node:/home/fnikolay/turtlebot3_ws/install/turtlebot3_msgs:/home/fnikolay/turtlebot3_ws/install/turtlebot3_gazebo:/home/fnikolay/turtlebot3_ws/install/turtlebot3_cartographer:/home/fnikolay/turtlebot3_ws/install/dynamixel_sdk_examples:/home/fnikolay/turtlebot3_ws/install/dynamixel_sdk_custom_interfaces:/home/fnikolay/turtlebot3_ws/install/dynamixel_sdk:/home/fnikolay/turtlebot3_ws/install/turtlebot3_teleop:/home/fnikolay/turtlebot3_ws/install/turtlebot3_example:/opt/ros/foxy:/opt/ros/galactic /usr/bin/cmake /home/fnikolay/turtlebot3_ws/src/turtlebot3_simulations/turtlebot3_gazebo -DCMAKE_INSTALL_PREFIX=/home/fnikolay/turtlebot3_ws/install/turtlebot3_gazebo
[0.167s] -- Found ament_cmake: 0.9.9 (/opt/ros/foxy/share/ament_cmake/cmake)
[0.294s] -- Using PYTHON_EXECUTABLE: /usr/bin/python3
[0.931s] -- Override CMake install command with custom implementation using symlinks instead of copying resources
[1.503s] -- Found DART: /usr/include (Required is at least version "6.6") found components: dart 
[2.074s] -- Found Protobuf: /usr/lib/x86_64-linux-gnu/libprotobuf.so;-lpthread (found version "3.6.1") 
[2.113s] -- Looking for ignition-math6 -- found version 6.11.0
[2.213s] -- Searching for dependencies of ignition-math6
[2.237s] -- Looking for OGRE...
[2.275s] -- Found Ogre Ghadamon (1.9.0)
[2.276s] -- Found OGRE: optimized;/usr/lib/x86_64-linux-gnu/libOgreMain.so;debug;/usr/lib/x86_64-linux-gnu/libOgreMain.so
[2.293s] -- Looking for OGRE_Paging...
[2.301s] -- Found OGRE_Paging: optimized;/usr/lib/x86_64-linux-gnu/libOgrePaging.so;debug;/usr/lib/x86_64-linux-gnu/libOgrePaging.so
[2.301s] -- Looking for OGRE_Terrain...
[2.301s] -- Found OGRE_Terrain: optimized;/usr/lib/x86_64-linux-gnu/libOgreTerrain.so;debug;/usr/lib/x86_64-linux-gnu/libOgreTerrain.so
[2.301s] -- Looking for OGRE_Property...
[2.301s] -- Found OGRE_Property: optimized;/usr/lib/x86_64-linux-gnu/libOgreProperty.so;debug;/usr/lib/x86_64-linux-gnu/libOgreProperty.so
[2.301s] -- Looking for OGRE_RTShaderSystem...
[2.302s] -- Found OGRE_RTShaderSystem: optimized;/usr/lib/x86_64-linux-gnu/libOgreRTShaderSystem.so;debug;/usr/lib/x86_64-linux-gnu/libOgreRTShaderSystem.so
[2.302s] -- Looking for OGRE_Volume...
[2.305s] -- Found OGRE_Volume: optimized;/usr/lib/x86_64-linux-gnu/libOgreVolume.so;debug;/usr/lib/x86_64-linux-gnu/libOgreVolume.so
[2.305s] -- Looking for OGRE_Overlay...
[2.306s] -- Found OGRE_Overlay: optimized;/usr/lib/x86_64-linux-gnu/libOgreOverlay.so;debug;/usr/lib/x86_64-linux-gnu/libOgreOverlay.so
[2.987s] -- Looking for ignition-math6 -- found version 6.11.0
[3.019s] -- Looking for ignition-transport8 -- found version 8.2.1
[3.019s] -- Searching for dependencies of ignition-transport8
[3.074s] -- Found Protobuf: /usr/lib/x86_64-linux-gnu/libprotobuf.so;-lpthread (found suitable version "3.6.1", minimum required is "3") 
[3.100s] -- Config-file not installed for ZeroMQ -- checking for pkg-config
[3.122s] -- Checking for module 'libzmq >= 4'
[3.268s] --   Found libzmq , version 4.3.2
[3.357s] -- Checking for module 'uuid'
[3.446s] --   Found uuid, version 2.34.0
[3.669s] -- Looking for ignition-msgs5 -- found version 5.9.0
[3.670s] -- Searching for dependencies of ignition-msgs5
[3.717s] -- Looking for ignition-math6 -- found version 6.11.0
[3.739s] -- Checking for module 'tinyxml2'
[3.813s] --   Found tinyxml2, version 6.2.0
[3.976s] -- Looking for ignition-msgs5 -- found version 5.9.0
[3.987s] -- Looking for ignition-common3 -- found version 3.14.0
[3.987s] -- Searching for dependencies of ignition-common3
[3.988s] -- Looking for dlfcn.h - found
[3.988s] -- Looking for libdl - found
[4.012s] -- Searching for <ignition-common3> component [graphics]
[4.053s] -- Looking for ignition-common3-graphics -- found version 3.14.0
[4.053s] -- Searching for dependencies of ignition-common3-graphics
[4.054s] -- Looking for ignition-math6 -- found version 6.11.0
[4.070s] -- Looking for ignition-fuel_tools4 -- found version 4.4.0
[4.070s] -- Searching for dependencies of ignition-fuel_tools4
[4.221s] -- Checking for module 'jsoncpp'
[4.263s] --   Found jsoncpp, version 1.7.4
[4.395s] -- Checking for module 'libzip'
[4.441s] --   Found libzip, version 1.5.1
[4.534s] -- Looking for ignition-common3 -- found version 3.14.0
[4.534s] -- Looking for ignition-math6 -- found version 6.11.0
[4.535s] -- Looking for ignition-msgs5 -- found version 5.9.0
[4.581s] -- Found gazebo_ros_pkgs: 3.5.3 (/opt/ros/foxy/share/gazebo_ros_pkgs/cmake)
[4.603s] -- Found geometry_msgs: 2.0.5 (/opt/ros/foxy/share/geometry_msgs/cmake)
[4.652s] -- Using all available rosidl_typesupport_c: rosidl_typesupport_fastrtps_c;rosidl_typesupport_introspection_c
[4.657s] -- Found rosidl_adapter: 1.2.1 (/opt/ros/foxy/share/rosidl_adapter/cmake)
[4.805s] -- Using all available rosidl_typesupport_cpp: rosidl_typesupport_fastrtps_cpp;rosidl_typesupport_introspection_cpp
[5.084s] -- Found nav_msgs: 2.0.5 (/opt/ros/foxy/share/nav_msgs/cmake)
[5.374s] -- Found rclcpp: 2.4.1 (/opt/ros/foxy/share/rclcpp/cmake)
[5.683s] -- Found rmw_implementation_cmake: 1.0.3 (/opt/ros/foxy/share/rmw_implementation_cmake/cmake)
[5.707s] -- Using RMW implementation 'rmw_fastrtps_cpp' as default
[6.210s] -- Found sensor_msgs: 2.0.5 (/opt/ros/foxy/share/sensor_msgs/cmake)
[6.423s] -- Found tf2: 0.13.13 (/opt/ros/foxy/share/tf2/cmake)
[6.538s] -- Configuring done
[6.780s] -- Generating done
[6.783s] -- Build files have been written to: /home/fnikolay/turtlebot3_ws/build/turtlebot3_gazebo
