[1.005s] Invoking command in '/home/fnikolay/turtlebot3_ws/build/kf_move': PYTHONPATH=/home/fnikolay/turtlebot3_ws/install/kf_move/lib/python3.8/site-packages:${PYTHONPATH} /usr/bin/python3 setup.py develop --prefix /home/fnikolay/turtlebot3_ws/install/kf_move --uninstall --editable --build-directory /home/fnikolay/turtlebot3_ws/build/kf_move/build
[1.350s] running develop
[1.608s] Invoked command in '/home/fnikolay/turtlebot3_ws/build/kf_move' returned '0': PYTHONPATH=/home/fnikolay/turtlebot3_ws/install/kf_move/lib/python3.8/site-packages:${PYTHONPATH} /usr/bin/python3 setup.py develop --prefix /home/fnikolay/turtlebot3_ws/install/kf_move --uninstall --editable --build-directory /home/fnikolay/turtlebot3_ws/build/kf_move/build
[1.610s] Invoking command in '/home/fnikolay/turtlebot3_ws/src/kf_move': PYTHONPATH=/home/fnikolay/turtlebot3_ws/install/kf_move/lib/python3.8/site-packages:${PYTHONPATH} /usr/bin/python3 setup.py egg_info --egg-base ../../build/kf_move build --build-base /home/fnikolay/turtlebot3_ws/build/kf_move/build install --prefix /home/fnikolay/turtlebot3_ws/install/kf_move --record /home/fnikolay/turtlebot3_ws/build/kf_move/install.log --single-version-externally-managed
[1.930s] running egg_info
[1.930s] writing ../../build/kf_move/kf_move.egg-info/PKG-INFO
[1.931s] writing dependency_links to ../../build/kf_move/kf_move.egg-info/dependency_links.txt
[1.931s] writing entry points to ../../build/kf_move/kf_move.egg-info/entry_points.txt
[1.931s] writing requirements to ../../build/kf_move/kf_move.egg-info/requires.txt
[1.931s] writing top-level names to ../../build/kf_move/kf_move.egg-info/top_level.txt
[1.974s] reading manifest file '../../build/kf_move/kf_move.egg-info/SOURCES.txt'
[1.976s] writing manifest file '../../build/kf_move/kf_move.egg-info/SOURCES.txt'
[1.976s] running build
[1.977s] running build_py
[1.977s] copying kf_move/Simulator.py -> /home/fnikolay/turtlebot3_ws/build/kf_move/build/lib/kf_move
[1.977s] copying kf_move/kf_move.py -> /home/fnikolay/turtlebot3_ws/build/kf_move/build/lib/kf_move
[1.977s] copying kf_move/Kalman_filter_3rd_order.py -> /home/fnikolay/turtlebot3_ws/build/kf_move/build/lib/kf_move
[1.978s] running install
[1.978s] running install_lib
[1.978s] copying /home/fnikolay/turtlebot3_ws/build/kf_move/build/lib/kf_move/Simulator.py -> /home/fnikolay/turtlebot3_ws/install/kf_move/lib/python3.8/site-packages/kf_move
[1.978s] copying /home/fnikolay/turtlebot3_ws/build/kf_move/build/lib/kf_move/kf_move.py -> /home/fnikolay/turtlebot3_ws/install/kf_move/lib/python3.8/site-packages/kf_move
[1.979s] copying /home/fnikolay/turtlebot3_ws/build/kf_move/build/lib/kf_move/Kalman_filter_3rd_order.py -> /home/fnikolay/turtlebot3_ws/install/kf_move/lib/python3.8/site-packages/kf_move
[1.979s] byte-compiling /home/fnikolay/turtlebot3_ws/install/kf_move/lib/python3.8/site-packages/kf_move/Simulator.py to Simulator.cpython-38.pyc
[1.980s] byte-compiling /home/fnikolay/turtlebot3_ws/install/kf_move/lib/python3.8/site-packages/kf_move/kf_move.py to kf_move.cpython-38.pyc
[1.980s] byte-compiling /home/fnikolay/turtlebot3_ws/install/kf_move/lib/python3.8/site-packages/kf_move/Kalman_filter_3rd_order.py to Kalman_filter_3rd_order.cpython-38.pyc
[1.981s] running install_data
[1.983s] running install_egg_info
[1.983s] removing '/home/fnikolay/turtlebot3_ws/install/kf_move/lib/python3.8/site-packages/kf_move-0.0.0-py3.8.egg-info' (and everything under it)
[1.984s] Copying ../../build/kf_move/kf_move.egg-info to /home/fnikolay/turtlebot3_ws/install/kf_move/lib/python3.8/site-packages/kf_move-0.0.0-py3.8.egg-info
[1.984s] running install_scripts
[2.003s] Installing kf_move script to /home/fnikolay/turtlebot3_ws/install/kf_move/lib/kf_move
[2.003s] writing list of installed files to '/home/fnikolay/turtlebot3_ws/build/kf_move/install.log'
[2.033s] Invoked command in '/home/fnikolay/turtlebot3_ws/src/kf_move' returned '0': PYTHONPATH=/home/fnikolay/turtlebot3_ws/install/kf_move/lib/python3.8/site-packages:${PYTHONPATH} /usr/bin/python3 setup.py egg_info --egg-base ../../build/kf_move build --build-base /home/fnikolay/turtlebot3_ws/build/kf_move/build install --prefix /home/fnikolay/turtlebot3_ws/install/kf_move --record /home/fnikolay/turtlebot3_ws/build/kf_move/install.log --single-version-externally-managed
