running develop
running egg_info
writing ../../build/kf_move/kf_move.egg-info/PKG-INFO
writing dependency_links to ../../build/kf_move/kf_move.egg-info/dependency_links.txt
writing entry points to ../../build/kf_move/kf_move.egg-info/entry_points.txt
writing requirements to ../../build/kf_move/kf_move.egg-info/requires.txt
writing top-level names to ../../build/kf_move/kf_move.egg-info/top_level.txt
reading manifest file '../../build/kf_move/kf_move.egg-info/SOURCES.txt'
writing manifest file '../../build/kf_move/kf_move.egg-info/SOURCES.txt'
running build
running build_py
copying kf_move/kf_move.py -> /home/fnikolay/turtlebot3_ws/build/kf_move/build/lib/kf_move
running install
running install_lib
copying /home/fnikolay/turtlebot3_ws/build/kf_move/build/lib/kf_move/kf_move.py -> /home/fnikolay/turtlebot3_ws/install/kf_move/lib/python3.8/site-packages/kf_move
byte-compiling /home/fnikolay/turtlebot3_ws/install/kf_move/lib/python3.8/site-packages/kf_move/kf_move.py to kf_move.cpython-38.pyc
running install_data
copying package.xml -> /home/fnikolay/turtlebot3_ws/install/kf_move/share/kf_move
running install_egg_info
removing '/home/fnikolay/turtlebot3_ws/install/kf_move/lib/python3.8/site-packages/kf_move-0.0.0-py3.8.egg-info' (and everything under it)
Copying ../../build/kf_move/kf_move.egg-info to /home/fnikolay/turtlebot3_ws/install/kf_move/lib/python3.8/site-packages/kf_move-0.0.0-py3.8.egg-info
running install_scripts
Installing kf_move script to /home/fnikolay/turtlebot3_ws/install/kf_move/lib/kf_move
writing list of installed files to '/home/fnikolay/turtlebot3_ws/build/kf_move/install.log'
