[0.794s] Invoking command in '/home/fnikolay/turtlebot3_ws/build/kf_move': PYTHONPATH=/home/fnikolay/turtlebot3_ws/install/kf_move/lib/python3.8/site-packages:${PYTHONPATH} /usr/bin/python3 setup.py develop --prefix /home/fnikolay/turtlebot3_ws/install/kf_move --uninstall --editable --build-directory /home/fnikolay/turtlebot3_ws/build/kf_move/build
[1.080s] running develop
[1.291s] Invoked command in '/home/fnikolay/turtlebot3_ws/build/kf_move' returned '0': PYTHONPATH=/home/fnikolay/turtlebot3_ws/install/kf_move/lib/python3.8/site-packages:${PYTHONPATH} /usr/bin/python3 setup.py develop --prefix /home/fnikolay/turtlebot3_ws/install/kf_move --uninstall --editable --build-directory /home/fnikolay/turtlebot3_ws/build/kf_move/build
[1.296s] Invoking command in '/home/fnikolay/turtlebot3_ws/src/kf_move': PYTHONPATH=/home/fnikolay/turtlebot3_ws/install/kf_move/lib/python3.8/site-packages:${PYTHONPATH} /usr/bin/python3 setup.py egg_info --egg-base ../../build/kf_move build --build-base /home/fnikolay/turtlebot3_ws/build/kf_move/build install --prefix /home/fnikolay/turtlebot3_ws/install/kf_move --record /home/fnikolay/turtlebot3_ws/build/kf_move/install.log --single-version-externally-managed
[1.565s] running egg_info
[1.565s] writing ../../build/kf_move/kf_move.egg-info/PKG-INFO
[1.566s] writing dependency_links to ../../build/kf_move/kf_move.egg-info/dependency_links.txt
[1.566s] writing entry points to ../../build/kf_move/kf_move.egg-info/entry_points.txt
[1.566s] writing requirements to ../../build/kf_move/kf_move.egg-info/requires.txt
[1.566s] writing top-level names to ../../build/kf_move/kf_move.egg-info/top_level.txt
[1.607s] reading manifest file '../../build/kf_move/kf_move.egg-info/SOURCES.txt'
[1.608s] writing manifest file '../../build/kf_move/kf_move.egg-info/SOURCES.txt'
[1.608s] running build
[1.608s] running build_py
[1.608s] copying kf_move/kf_move.py -> /home/fnikolay/turtlebot3_ws/build/kf_move/build/lib/kf_move
[1.608s] running install
[1.609s] running install_lib
[1.610s] copying /home/fnikolay/turtlebot3_ws/build/kf_move/build/lib/kf_move/kf_move.py -> /home/fnikolay/turtlebot3_ws/install/kf_move/lib/python3.8/site-packages/kf_move
[1.610s] byte-compiling /home/fnikolay/turtlebot3_ws/install/kf_move/lib/python3.8/site-packages/kf_move/kf_move.py to kf_move.cpython-38.pyc
[1.612s] running install_data
[1.613s] copying package.xml -> /home/fnikolay/turtlebot3_ws/install/kf_move/share/kf_move
[1.613s] running install_egg_info
[1.614s] removing '/home/fnikolay/turtlebot3_ws/install/kf_move/lib/python3.8/site-packages/kf_move-0.0.0-py3.8.egg-info' (and everything under it)
[1.615s] Copying ../../build/kf_move/kf_move.egg-info to /home/fnikolay/turtlebot3_ws/install/kf_move/lib/python3.8/site-packages/kf_move-0.0.0-py3.8.egg-info
[1.616s] running install_scripts
[1.633s] Installing kf_move script to /home/fnikolay/turtlebot3_ws/install/kf_move/lib/kf_move
[1.633s] writing list of installed files to '/home/fnikolay/turtlebot3_ws/build/kf_move/install.log'
[1.660s] Invoked command in '/home/fnikolay/turtlebot3_ws/src/kf_move' returned '0': PYTHONPATH=/home/fnikolay/turtlebot3_ws/install/kf_move/lib/python3.8/site-packages:${PYTHONPATH} /usr/bin/python3 setup.py egg_info --egg-base ../../build/kf_move build --build-base /home/fnikolay/turtlebot3_ws/build/kf_move/build install --prefix /home/fnikolay/turtlebot3_ws/install/kf_move --record /home/fnikolay/turtlebot3_ws/build/kf_move/install.log --single-version-externally-managed
