[0.939s] Invoking command in '/home/fnikolay/turtlebot3_ws/kf_move': PYTHONPATH=/home/fnikolay/turtlebot3_ws/install/kf_move/lib/python3.8/site-packages:${PYTHONPATH} /usr/bin/python3 setup.py egg_info --egg-base ../build/kf_move build --build-base /home/fnikolay/turtlebot3_ws/build/kf_move/build install --prefix /home/fnikolay/turtlebot3_ws/install/kf_move --record /home/fnikolay/turtlebot3_ws/build/kf_move/install.log --single-version-externally-managed
[1.251s] running egg_info
[1.252s] writing ../build/kf_move/kf_move.egg-info/PKG-INFO
[1.252s] writing dependency_links to ../build/kf_move/kf_move.egg-info/dependency_links.txt
[1.253s] writing entry points to ../build/kf_move/kf_move.egg-info/entry_points.txt
[1.253s] writing requirements to ../build/kf_move/kf_move.egg-info/requires.txt
[1.253s] writing top-level names to ../build/kf_move/kf_move.egg-info/top_level.txt
[1.297s] reading manifest file '../build/kf_move/kf_move.egg-info/SOURCES.txt'
[1.299s] writing manifest file '../build/kf_move/kf_move.egg-info/SOURCES.txt'
[1.299s] running build
[1.299s] running build_py
[1.300s] copying kf_move/kf_move.py -> /home/fnikolay/turtlebot3_ws/build/kf_move/build/lib/kf_move
[1.300s] running install
[1.301s] running install_lib
[1.302s] copying /home/fnikolay/turtlebot3_ws/build/kf_move/build/lib/kf_move/kf_move.py -> /home/fnikolay/turtlebot3_ws/install/kf_move/lib/python3.8/site-packages/kf_move
[1.303s] byte-compiling /home/fnikolay/turtlebot3_ws/install/kf_move/lib/python3.8/site-packages/kf_move/kf_move.py to kf_move.cpython-38.pyc
[1.306s] running install_data
[1.307s] running install_egg_info
[1.309s] removing '/home/fnikolay/turtlebot3_ws/install/kf_move/lib/python3.8/site-packages/kf_move-0.0.0-py3.8.egg-info' (and everything under it)
[1.315s] Copying ../build/kf_move/kf_move.egg-info to /home/fnikolay/turtlebot3_ws/install/kf_move/lib/python3.8/site-packages/kf_move-0.0.0-py3.8.egg-info
[1.315s] running install_scripts
[1.344s] writing list of installed files to '/home/fnikolay/turtlebot3_ws/build/kf_move/install.log'
[1.381s] Invoked command in '/home/fnikolay/turtlebot3_ws/kf_move' returned '0': PYTHONPATH=/home/fnikolay/turtlebot3_ws/install/kf_move/lib/python3.8/site-packages:${PYTHONPATH} /usr/bin/python3 setup.py egg_info --egg-base ../build/kf_move build --build-base /home/fnikolay/turtlebot3_ws/build/kf_move/build install --prefix /home/fnikolay/turtlebot3_ws/install/kf_move --record /home/fnikolay/turtlebot3_ws/build/kf_move/install.log --single-version-externally-managed
