[0.229s] Invoking command in '/home/fnikolay/turtlebot3_ws/build/turtlebot3_msgs': CMAKE_PREFIX_PATH=/opt/ros/foxy /usr/bin/cmake --build /home/fnikolay/turtlebot3_ws/build/turtlebot3_msgs -- -j4 -l4
[2.518s] [  1%] Built target turtlebot3_msgs__cpp
[2.736s] [ 12%] Built target turtlebot3_msgs__rosidl_typesupport_cpp
[2.752s] [ 23%] Built target turtlebot3_msgs__rosidl_typesupport_introspection_cpp
[2.790s] [ 35%] Built target turtlebot3_msgs__rosidl_generator_c
[2.832s] [ 46%] Built target turtlebot3_msgs__rosidl_typesupport_fastrtps_cpp
[2.887s] [ 57%] Built target turtlebot3_msgs__rosidl_typesupport_c
[2.939s] [ 69%] Built target turtlebot3_msgs__rosidl_typesupport_introspection_c
[2.967s] [ 80%] Built target turtlebot3_msgs__rosidl_typesupport_fastrtps_c
[3.139s] [ 80%] Built target turtlebot3_msgs
[3.211s] [ 81%] Built target turtlebot3_msgs__py
[3.379s] [ 91%] Built target turtlebot3_msgs__python
[3.488s] [ 94%] Built target turtlebot3_msgs__rosidl_typesupport_introspection_c__pyext
[3.503s] [ 97%] Built target turtlebot3_msgs__rosidl_typesupport_c__pyext
[3.543s] [100%] Built target turtlebot3_msgs__rosidl_typesupport_fastrtps_c__pyext
[3.874s] Invoked command in '/home/fnikolay/turtlebot3_ws/build/turtlebot3_msgs' returned '0': CMAKE_PREFIX_PATH=/opt/ros/foxy /usr/bin/cmake --build /home/fnikolay/turtlebot3_ws/build/turtlebot3_msgs -- -j4 -l4
[4.175s] Invoking command in '/home/fnikolay/turtlebot3_ws/build/turtlebot3_msgs': CMAKE_PREFIX_PATH=/opt/ros/foxy /usr/bin/cmake --install /home/fnikolay/turtlebot3_ws/build/turtlebot3_msgs
[4.191s] -- Install configuration: ""
[4.206s] -- Execute custom install script
[4.220s] -- Up-to-date symlink: /home/fnikolay/turtlebot3_ws/install/turtlebot3_msgs/share/ament_index/resource_index/rosidl_interfaces/turtlebot3_msgs
[4.227s] -- Up-to-date symlink: /home/fnikolay/turtlebot3_ws/install/turtlebot3_msgs/include/turtlebot3_msgs/action/detail/patrol__functions.h
[4.233s] -- Up-to-date symlink: /home/fnikolay/turtlebot3_ws/install/turtlebot3_msgs/include/turtlebot3_msgs/action/detail/patrol__struct.h
[4.234s] -- Up-to-date symlink: /home/fnikolay/turtlebot3_ws/install/turtlebot3_msgs/include/turtlebot3_msgs/action/detail/patrol__type_support.h
[4.235s] -- Up-to-date symlink: /home/fnikolay/turtlebot3_ws/install/turtlebot3_msgs/include/turtlebot3_msgs/action/patrol.h
[4.237s] -- Up-to-date symlink: /home/fnikolay/turtlebot3_ws/install/turtlebot3_msgs/include/turtlebot3_msgs/msg/detail/sensor_state__functions.h
[4.237s] -- Up-to-date symlink: /home/fnikolay/turtlebot3_ws/install/turtlebot3_msgs/include/turtlebot3_msgs/msg/detail/sensor_state__struct.h
[4.237s] -- Up-to-date symlink: /home/fnikolay/turtlebot3_ws/install/turtlebot3_msgs/include/turtlebot3_msgs/msg/detail/sensor_state__type_support.h
[4.238s] -- Up-to-date symlink: /home/fnikolay/turtlebot3_ws/install/turtlebot3_msgs/include/turtlebot3_msgs/msg/detail/sound__functions.h
[4.239s] -- Up-to-date symlink: /home/fnikolay/turtlebot3_ws/install/turtlebot3_msgs/include/turtlebot3_msgs/msg/detail/sound__struct.h
[4.239s] -- Up-to-date symlink: /home/fnikolay/turtlebot3_ws/install/turtlebot3_msgs/include/turtlebot3_msgs/msg/detail/sound__type_support.h
[4.240s] -- Up-to-date symlink: /home/fnikolay/turtlebot3_ws/install/turtlebot3_msgs/include/turtlebot3_msgs/msg/detail/version_info__functions.h
[4.241s] -- Up-to-date symlink: /home/fnikolay/turtlebot3_ws/install/turtlebot3_msgs/include/turtlebot3_msgs/msg/detail/version_info__struct.h
[4.241s] -- Up-to-date symlink: /home/fnikolay/turtlebot3_ws/install/turtlebot3_msgs/include/turtlebot3_msgs/msg/detail/version_info__type_support.h
[4.242s] -- Up-to-date symlink: /home/fnikolay/turtlebot3_ws/install/turtlebot3_msgs/include/turtlebot3_msgs/msg/rosidl_generator_c__visibility_control.h
[4.242s] -- Up-to-date symlink: /home/fnikolay/turtlebot3_ws/install/turtlebot3_msgs/include/turtlebot3_msgs/msg/sensor_state.h
[4.242s] -- Up-to-date symlink: /home/fnikolay/turtlebot3_ws/install/turtlebot3_msgs/include/turtlebot3_msgs/msg/sound.h
[4.249s] -- Up-to-date symlink: /home/fnikolay/turtlebot3_ws/install/turtlebot3_msgs/include/turtlebot3_msgs/msg/version_info.h
[4.251s] -- Up-to-date symlink: /home/fnikolay/turtlebot3_ws/install/turtlebot3_msgs/include/turtlebot3_msgs/srv/detail/dqn__functions.h
[4.252s] -- Up-to-date symlink: /home/fnikolay/turtlebot3_ws/install/turtlebot3_msgs/include/turtlebot3_msgs/srv/detail/dqn__struct.h
[4.252s] -- Up-to-date symlink: /home/fnikolay/turtlebot3_ws/install/turtlebot3_msgs/include/turtlebot3_msgs/srv/detail/dqn__type_support.h
[4.255s] -- Up-to-date symlink: /home/fnikolay/turtlebot3_ws/install/turtlebot3_msgs/include/turtlebot3_msgs/srv/detail/sound__functions.h
[4.255s] -- Up-to-date symlink: /home/fnikolay/turtlebot3_ws/install/turtlebot3_msgs/include/turtlebot3_msgs/srv/detail/sound__struct.h
[4.255s] -- Up-to-date symlink: /home/fnikolay/turtlebot3_ws/install/turtlebot3_msgs/include/turtlebot3_msgs/srv/detail/sound__type_support.h
[4.256s] -- Up-to-date symlink: /home/fnikolay/turtlebot3_ws/install/turtlebot3_msgs/include/turtlebot3_msgs/srv/dqn.h
[4.256s] -- Up-to-date symlink: /home/fnikolay/turtlebot3_ws/install/turtlebot3_msgs/include/turtlebot3_msgs/srv/sound.h
[4.257s] -- Up-to-date symlink: /home/fnikolay/turtlebot3_ws/install/turtlebot3_msgs/share/turtlebot3_msgs/environment/library_path.sh
[4.259s] -- Up-to-date symlink: /home/fnikolay/turtlebot3_ws/install/turtlebot3_msgs/share/turtlebot3_msgs/environment/library_path.dsv
[4.261s] -- Up-to-date symlink: /home/fnikolay/turtlebot3_ws/install/turtlebot3_msgs/include/turtlebot3_msgs/action/detail/patrol__rosidl_typesupport_fastrtps_c.h
[4.261s] -- Up-to-date symlink: /home/fnikolay/turtlebot3_ws/install/turtlebot3_msgs/include/turtlebot3_msgs/msg/detail/sensor_state__rosidl_typesupport_fastrtps_c.h
[4.267s] -- Up-to-date symlink: /home/fnikolay/turtlebot3_ws/install/turtlebot3_msgs/include/turtlebot3_msgs/msg/detail/sound__rosidl_typesupport_fastrtps_c.h
[4.268s] -- Up-to-date symlink: /home/fnikolay/turtlebot3_ws/install/turtlebot3_msgs/include/turtlebot3_msgs/msg/detail/version_info__rosidl_typesupport_fastrtps_c.h
[4.268s] -- Up-to-date symlink: /home/fnikolay/turtlebot3_ws/install/turtlebot3_msgs/include/turtlebot3_msgs/msg/rosidl_typesupport_fastrtps_c__visibility_control.h
[4.269s] -- Up-to-date symlink: /home/fnikolay/turtlebot3_ws/install/turtlebot3_msgs/include/turtlebot3_msgs/srv/detail/dqn__rosidl_typesupport_fastrtps_c.h
[4.271s] -- Up-to-date symlink: /home/fnikolay/turtlebot3_ws/install/turtlebot3_msgs/include/turtlebot3_msgs/srv/detail/sound__rosidl_typesupport_fastrtps_c.h
[4.273s] -- Up-to-date symlink: /home/fnikolay/turtlebot3_ws/install/turtlebot3_msgs/lib/libturtlebot3_msgs__rosidl_typesupport_fastrtps_c.so
[4.274s] -- Up-to-date symlink: /home/fnikolay/turtlebot3_ws/install/turtlebot3_msgs/include/turtlebot3_msgs/action/detail/patrol__rosidl_typesupport_fastrtps_cpp.hpp
[4.274s] -- Up-to-date symlink: /home/fnikolay/turtlebot3_ws/install/turtlebot3_msgs/include/turtlebot3_msgs/msg/detail/sensor_state__rosidl_typesupport_fastrtps_cpp.hpp
[4.274s] -- Up-to-date symlink: /home/fnikolay/turtlebot3_ws/install/turtlebot3_msgs/include/turtlebot3_msgs/msg/detail/sound__rosidl_typesupport_fastrtps_cpp.hpp
[4.275s] -- Up-to-date symlink: /home/fnikolay/turtlebot3_ws/install/turtlebot3_msgs/include/turtlebot3_msgs/msg/detail/version_info__rosidl_typesupport_fastrtps_cpp.hpp
[4.277s] -- Up-to-date symlink: /home/fnikolay/turtlebot3_ws/install/turtlebot3_msgs/include/turtlebot3_msgs/msg/rosidl_typesupport_fastrtps_cpp__visibility_control.h
[4.290s] -- Up-to-date symlink: /home/fnikolay/turtlebot3_ws/install/turtlebot3_msgs/include/turtlebot3_msgs/srv/detail/dqn__rosidl_typesupport_fastrtps_cpp.hpp
[4.291s] -- Up-to-date symlink: /home/fnikolay/turtlebot3_ws/install/turtlebot3_msgs/include/turtlebot3_msgs/srv/detail/sound__rosidl_typesupport_fastrtps_cpp.hpp
[4.291s] -- Up-to-date symlink: /home/fnikolay/turtlebot3_ws/install/turtlebot3_msgs/lib/libturtlebot3_msgs__rosidl_typesupport_fastrtps_cpp.so
[4.291s] -- Up-to-date symlink: /home/fnikolay/turtlebot3_ws/install/turtlebot3_msgs/include/turtlebot3_msgs/action/detail/patrol__rosidl_typesupport_introspection_c.h
[4.291s] -- Up-to-date symlink: /home/fnikolay/turtlebot3_ws/install/turtlebot3_msgs/include/turtlebot3_msgs/msg/detail/sensor_state__rosidl_typesupport_introspection_c.h
[4.291s] -- Up-to-date symlink: /home/fnikolay/turtlebot3_ws/install/turtlebot3_msgs/include/turtlebot3_msgs/msg/detail/sound__rosidl_typesupport_introspection_c.h
[4.292s] -- Up-to-date symlink: /home/fnikolay/turtlebot3_ws/install/turtlebot3_msgs/include/turtlebot3_msgs/msg/detail/version_info__rosidl_typesupport_introspection_c.h
[4.292s] -- Up-to-date symlink: /home/fnikolay/turtlebot3_ws/install/turtlebot3_msgs/include/turtlebot3_msgs/msg/rosidl_typesupport_introspection_c__visibility_control.h
[4.292s] -- Up-to-date symlink: /home/fnikolay/turtlebot3_ws/install/turtlebot3_msgs/include/turtlebot3_msgs/srv/detail/dqn__rosidl_typesupport_introspection_c.h
[4.292s] -- Up-to-date symlink: /home/fnikolay/turtlebot3_ws/install/turtlebot3_msgs/include/turtlebot3_msgs/srv/detail/sound__rosidl_typesupport_introspection_c.h
[4.292s] -- Up-to-date symlink: /home/fnikolay/turtlebot3_ws/install/turtlebot3_msgs/include/turtlebot3_msgs/action/detail/patrol__builder.hpp
[4.312s] -- Up-to-date symlink: /home/fnikolay/turtlebot3_ws/install/turtlebot3_msgs/include/turtlebot3_msgs/action/detail/patrol__struct.hpp
[4.314s] -- Up-to-date symlink: /home/fnikolay/turtlebot3_ws/install/turtlebot3_msgs/include/turtlebot3_msgs/action/detail/patrol__traits.hpp
[4.319s] -- Up-to-date symlink: /home/fnikolay/turtlebot3_ws/install/turtlebot3_msgs/include/turtlebot3_msgs/action/patrol.hpp
[4.335s] -- Up-to-date symlink: /home/fnikolay/turtlebot3_ws/install/turtlebot3_msgs/include/turtlebot3_msgs/msg/detail/sensor_state__builder.hpp
[4.335s] -- Up-to-date symlink: /home/fnikolay/turtlebot3_ws/install/turtlebot3_msgs/include/turtlebot3_msgs/msg/detail/sensor_state__struct.hpp
[4.352s] -- Up-to-date symlink: /home/fnikolay/turtlebot3_ws/install/turtlebot3_msgs/include/turtlebot3_msgs/msg/detail/sensor_state__traits.hpp
[4.353s] -- Up-to-date symlink: /home/fnikolay/turtlebot3_ws/install/turtlebot3_msgs/include/turtlebot3_msgs/msg/detail/sound__builder.hpp
[4.359s] -- Up-to-date symlink: /home/fnikolay/turtlebot3_ws/install/turtlebot3_msgs/include/turtlebot3_msgs/msg/detail/sound__struct.hpp
[4.361s] -- Up-to-date symlink: /home/fnikolay/turtlebot3_ws/install/turtlebot3_msgs/include/turtlebot3_msgs/msg/detail/sound__traits.hpp
[4.364s] -- Up-to-date symlink: /home/fnikolay/turtlebot3_ws/install/turtlebot3_msgs/include/turtlebot3_msgs/msg/detail/version_info__builder.hpp
[4.366s] -- Up-to-date symlink: /home/fnikolay/turtlebot3_ws/install/turtlebot3_msgs/include/turtlebot3_msgs/msg/detail/version_info__struct.hpp
[4.368s] -- Up-to-date symlink: /home/fnikolay/turtlebot3_ws/install/turtlebot3_msgs/include/turtlebot3_msgs/msg/detail/version_info__traits.hpp
[4.369s] -- Up-to-date symlink: /home/fnikolay/turtlebot3_ws/install/turtlebot3_msgs/include/turtlebot3_msgs/msg/sensor_state.hpp
[4.370s] -- Up-to-date symlink: /home/fnikolay/turtlebot3_ws/install/turtlebot3_msgs/include/turtlebot3_msgs/msg/sound.hpp
[4.374s] -- Up-to-date symlink: /home/fnikolay/turtlebot3_ws/install/turtlebot3_msgs/include/turtlebot3_msgs/msg/version_info.hpp
[4.375s] -- Up-to-date symlink: /home/fnikolay/turtlebot3_ws/install/turtlebot3_msgs/include/turtlebot3_msgs/srv/detail/dqn__builder.hpp
[4.376s] -- Up-to-date symlink: /home/fnikolay/turtlebot3_ws/install/turtlebot3_msgs/include/turtlebot3_msgs/srv/detail/dqn__struct.hpp
[4.376s] -- Up-to-date symlink: /home/fnikolay/turtlebot3_ws/install/turtlebot3_msgs/include/turtlebot3_msgs/srv/detail/dqn__traits.hpp
[4.550s] -- Up-to-date symlink: /home/fnikolay/turtlebot3_ws/install/turtlebot3_msgs/include/turtlebot3_msgs/srv/detail/sound__builder.hpp
[4.573s] -- Up-to-date symlink: /home/fnikolay/turtlebot3_ws/install/turtlebot3_msgs/include/turtlebot3_msgs/srv/detail/sound__struct.hpp
[4.573s] -- Up-to-date symlink: /home/fnikolay/turtlebot3_ws/install/turtlebot3_msgs/include/turtlebot3_msgs/srv/detail/sound__traits.hpp
[4.574s] -- Up-to-date symlink: /home/fnikolay/turtlebot3_ws/install/turtlebot3_msgs/include/turtlebot3_msgs/srv/dqn.hpp
[4.574s] -- Up-to-date symlink: /home/fnikolay/turtlebot3_ws/install/turtlebot3_msgs/include/turtlebot3_msgs/srv/sound.hpp
[4.575s] -- Up-to-date symlink: /home/fnikolay/turtlebot3_ws/install/turtlebot3_msgs/include/turtlebot3_msgs/action/detail/patrol__rosidl_typesupport_introspection_cpp.hpp
[4.576s] -- Up-to-date symlink: /home/fnikolay/turtlebot3_ws/install/turtlebot3_msgs/include/turtlebot3_msgs/msg/detail/sensor_state__rosidl_typesupport_introspection_cpp.hpp
[4.577s] -- Up-to-date symlink: /home/fnikolay/turtlebot3_ws/install/turtlebot3_msgs/include/turtlebot3_msgs/msg/detail/sound__rosidl_typesupport_introspection_cpp.hpp
[4.661s] -- Up-to-date symlink: /home/fnikolay/turtlebot3_ws/install/turtlebot3_msgs/include/turtlebot3_msgs/msg/detail/version_info__rosidl_typesupport_introspection_cpp.hpp
[4.661s] -- Up-to-date symlink: /home/fnikolay/turtlebot3_ws/install/turtlebot3_msgs/include/turtlebot3_msgs/srv/detail/dqn__rosidl_typesupport_introspection_cpp.hpp
[4.663s] -- Up-to-date symlink: /home/fnikolay/turtlebot3_ws/install/turtlebot3_msgs/include/turtlebot3_msgs/srv/detail/sound__rosidl_typesupport_introspection_cpp.hpp
[4.664s] -- Up-to-date symlink: /home/fnikolay/turtlebot3_ws/install/turtlebot3_msgs/share/turtlebot3_msgs/environment/pythonpath.sh
[4.665s] -- Up-to-date symlink: /home/fnikolay/turtlebot3_ws/install/turtlebot3_msgs/share/turtlebot3_msgs/environment/pythonpath.dsv
[4.734s] -- Up-to-date symlink: /home/fnikolay/turtlebot3_ws/install/turtlebot3_msgs/lib/python3.8/site-packages/turtlebot3_msgs/__init__.py
[4.748s] -- Up-to-date symlink: /home/fnikolay/turtlebot3_ws/install/turtlebot3_msgs/lib/python3.8/site-packages/turtlebot3_msgs/msg/__init__.py
[4.750s] -- Up-to-date symlink: /home/fnikolay/turtlebot3_ws/install/turtlebot3_msgs/lib/python3.8/site-packages/turtlebot3_msgs/msg/_sensor_state.py
[4.751s] -- Up-to-date symlink: /home/fnikolay/turtlebot3_ws/install/turtlebot3_msgs/lib/python3.8/site-packages/turtlebot3_msgs/msg/_sound.py
[4.752s] -- Up-to-date symlink: /home/fnikolay/turtlebot3_ws/install/turtlebot3_msgs/lib/python3.8/site-packages/turtlebot3_msgs/msg/_version_info.py
[4.967s] -- Up-to-date symlink: /home/fnikolay/turtlebot3_ws/install/turtlebot3_msgs/lib/python3.8/site-packages/turtlebot3_msgs/srv/__init__.py
[4.969s] -- Up-to-date symlink: /home/fnikolay/turtlebot3_ws/install/turtlebot3_msgs/lib/python3.8/site-packages/turtlebot3_msgs/srv/_dqn.py
[4.971s] -- Up-to-date symlink: /home/fnikolay/turtlebot3_ws/install/turtlebot3_msgs/lib/python3.8/site-packages/turtlebot3_msgs/srv/_sound.py
[4.974s] -- Up-to-date symlink: /home/fnikolay/turtlebot3_ws/install/turtlebot3_msgs/lib/python3.8/site-packages/turtlebot3_msgs/action/__init__.py
[4.974s] -- Up-to-date symlink: /home/fnikolay/turtlebot3_ws/install/turtlebot3_msgs/lib/python3.8/site-packages/turtlebot3_msgs/action/_patrol.py
[4.974s] -- Up-to-date symlink: /home/fnikolay/turtlebot3_ws/install/turtlebot3_msgs/lib/python3.8/site-packages/turtlebot3_msgs/turtlebot3_msgs_s__rosidl_typesupport_fastrtps_c.cpython-38-x86_64-linux-gnu.so
[4.974s] -- Up-to-date symlink: /home/fnikolay/turtlebot3_ws/install/turtlebot3_msgs/lib/python3.8/site-packages/turtlebot3_msgs/turtlebot3_msgs_s__rosidl_typesupport_introspection_c.cpython-38-x86_64-linux-gnu.so
[4.974s] -- Up-to-date symlink: /home/fnikolay/turtlebot3_ws/install/turtlebot3_msgs/lib/python3.8/site-packages/turtlebot3_msgs/turtlebot3_msgs_s__rosidl_typesupport_c.cpython-38-x86_64-linux-gnu.so
[4.975s] -- Up-to-date symlink: /home/fnikolay/turtlebot3_ws/install/turtlebot3_msgs/lib/libturtlebot3_msgs__python.so
[4.976s] -- Up-to-date symlink: /home/fnikolay/turtlebot3_ws/install/turtlebot3_msgs/share/turtlebot3_msgs/msg/SensorState.idl
[4.977s] -- Up-to-date symlink: /home/fnikolay/turtlebot3_ws/install/turtlebot3_msgs/share/turtlebot3_msgs/msg/Sound.idl
[4.978s] -- Up-to-date symlink: /home/fnikolay/turtlebot3_ws/install/turtlebot3_msgs/share/turtlebot3_msgs/msg/VersionInfo.idl
[4.979s] -- Up-to-date symlink: /home/fnikolay/turtlebot3_ws/install/turtlebot3_msgs/share/turtlebot3_msgs/srv/Sound.idl
[5.072s] -- Up-to-date symlink: /home/fnikolay/turtlebot3_ws/install/turtlebot3_msgs/share/turtlebot3_msgs/srv/Dqn.idl
[5.072s] -- Up-to-date symlink: /home/fnikolay/turtlebot3_ws/install/turtlebot3_msgs/share/turtlebot3_msgs/action/Patrol.idl
[5.073s] -- Up-to-date symlink: /home/fnikolay/turtlebot3_ws/install/turtlebot3_msgs/share/turtlebot3_msgs/msg/SensorState.msg
[5.075s] -- Up-to-date symlink: /home/fnikolay/turtlebot3_ws/install/turtlebot3_msgs/share/turtlebot3_msgs/msg/Sound.msg
[5.108s] -- Up-to-date symlink: /home/fnikolay/turtlebot3_ws/install/turtlebot3_msgs/share/turtlebot3_msgs/msg/VersionInfo.msg
[5.109s] -- Up-to-date symlink: /home/fnikolay/turtlebot3_ws/install/turtlebot3_msgs/share/turtlebot3_msgs/srv/Sound.srv
[5.109s] -- Up-to-date symlink: /home/fnikolay/turtlebot3_ws/install/turtlebot3_msgs/share/turtlebot3_msgs/srv/Sound_Request.msg
[5.110s] -- Up-to-date symlink: /home/fnikolay/turtlebot3_ws/install/turtlebot3_msgs/share/turtlebot3_msgs/srv/Sound_Response.msg
[5.110s] -- Up-to-date symlink: /home/fnikolay/turtlebot3_ws/install/turtlebot3_msgs/share/turtlebot3_msgs/srv/Dqn.srv
[5.129s] -- Up-to-date symlink: /home/fnikolay/turtlebot3_ws/install/turtlebot3_msgs/share/turtlebot3_msgs/srv/Dqn_Request.msg
[5.131s] -- Up-to-date symlink: /home/fnikolay/turtlebot3_ws/install/turtlebot3_msgs/share/turtlebot3_msgs/srv/Dqn_Response.msg
[5.132s] -- Up-to-date symlink: /home/fnikolay/turtlebot3_ws/install/turtlebot3_msgs/share/turtlebot3_msgs/action/Patrol.action
[5.133s] -- Up-to-date symlink: /home/fnikolay/turtlebot3_ws/install/turtlebot3_msgs/share/ament_index/resource_index/package_run_dependencies/turtlebot3_msgs
[5.159s] -- Up-to-date symlink: /home/fnikolay/turtlebot3_ws/install/turtlebot3_msgs/share/ament_index/resource_index/parent_prefix_path/turtlebot3_msgs
[5.160s] -- Up-to-date symlink: /home/fnikolay/turtlebot3_ws/install/turtlebot3_msgs/share/turtlebot3_msgs/environment/ament_prefix_path.sh
[5.161s] -- Up-to-date symlink: /home/fnikolay/turtlebot3_ws/install/turtlebot3_msgs/share/turtlebot3_msgs/environment/ament_prefix_path.dsv
[5.162s] -- Up-to-date symlink: /home/fnikolay/turtlebot3_ws/install/turtlebot3_msgs/share/turtlebot3_msgs/environment/path.sh
[5.162s] -- Up-to-date symlink: /home/fnikolay/turtlebot3_ws/install/turtlebot3_msgs/share/turtlebot3_msgs/environment/path.dsv
[5.162s] -- Up-to-date symlink: /home/fnikolay/turtlebot3_ws/install/turtlebot3_msgs/share/turtlebot3_msgs/local_setup.bash
[5.169s] -- Up-to-date symlink: /home/fnikolay/turtlebot3_ws/install/turtlebot3_msgs/share/turtlebot3_msgs/local_setup.sh
[5.169s] -- Up-to-date symlink: /home/fnikolay/turtlebot3_ws/install/turtlebot3_msgs/share/turtlebot3_msgs/local_setup.zsh
[5.169s] -- Up-to-date symlink: /home/fnikolay/turtlebot3_ws/install/turtlebot3_msgs/share/turtlebot3_msgs/local_setup.dsv
[5.169s] -- Symlinking: /home/fnikolay/turtlebot3_ws/install/turtlebot3_msgs/share/turtlebot3_msgs/package.dsv
[5.180s] -- Up-to-date symlink: /home/fnikolay/turtlebot3_ws/install/turtlebot3_msgs/share/ament_index/resource_index/packages/turtlebot3_msgs
[5.183s] -- Up-to-date symlink: /home/fnikolay/turtlebot3_ws/install/turtlebot3_msgs/share/turtlebot3_msgs/cmake/rosidl_cmake-extras.cmake
[5.183s] -- Up-to-date symlink: /home/fnikolay/turtlebot3_ws/install/turtlebot3_msgs/share/turtlebot3_msgs/cmake/ament_cmake_export_dependencies-extras.cmake
[5.188s] -- Up-to-date symlink: /home/fnikolay/turtlebot3_ws/install/turtlebot3_msgs/share/turtlebot3_msgs/cmake/ament_cmake_export_libraries-extras.cmake
[5.188s] -- Up-to-date symlink: /home/fnikolay/turtlebot3_ws/install/turtlebot3_msgs/share/turtlebot3_msgs/cmake/ament_cmake_export_targets-extras.cmake
[5.188s] -- Up-to-date symlink: /home/fnikolay/turtlebot3_ws/install/turtlebot3_msgs/share/turtlebot3_msgs/cmake/ament_cmake_export_include_directories-extras.cmake
[5.188s] -- Up-to-date symlink: /home/fnikolay/turtlebot3_ws/install/turtlebot3_msgs/share/turtlebot3_msgs/cmake/rosidl_cmake_export_typesupport_libraries-extras.cmake
[5.188s] -- Up-to-date symlink: /home/fnikolay/turtlebot3_ws/install/turtlebot3_msgs/share/turtlebot3_msgs/cmake/rosidl_cmake_export_typesupport_targets-extras.cmake
[5.188s] -- Up-to-date symlink: /home/fnikolay/turtlebot3_ws/install/turtlebot3_msgs/share/turtlebot3_msgs/cmake/turtlebot3_msgsConfig.cmake
[5.203s] -- Up-to-date symlink: /home/fnikolay/turtlebot3_ws/install/turtlebot3_msgs/share/turtlebot3_msgs/cmake/turtlebot3_msgsConfig-version.cmake
[5.203s] -- Up-to-date symlink: /home/fnikolay/turtlebot3_ws/install/turtlebot3_msgs/share/turtlebot3_msgs/package.xml
[5.203s] -- Up-to-date: /home/fnikolay/turtlebot3_ws/install/turtlebot3_msgs/lib/libturtlebot3_msgs__rosidl_generator_c.so
[5.218s] -- Up-to-date: /home/fnikolay/turtlebot3_ws/install/turtlebot3_msgs/lib/libturtlebot3_msgs__rosidl_typesupport_introspection_c.so
[5.222s] -- Up-to-date: /home/fnikolay/turtlebot3_ws/install/turtlebot3_msgs/lib/libturtlebot3_msgs__rosidl_typesupport_c.so
[5.242s] -- Up-to-date: /home/fnikolay/turtlebot3_ws/install/turtlebot3_msgs/lib/libturtlebot3_msgs__rosidl_typesupport_introspection_cpp.so
[5.255s] -- Up-to-date: /home/fnikolay/turtlebot3_ws/install/turtlebot3_msgs/lib/libturtlebot3_msgs__rosidl_typesupport_cpp.so
[5.420s] -- Up-to-date: /home/fnikolay/turtlebot3_ws/install/turtlebot3_msgs/share/turtlebot3_msgs/cmake/turtlebot3_msgs__rosidl_generator_cExport.cmake
[5.420s] -- Up-to-date: /home/fnikolay/turtlebot3_ws/install/turtlebot3_msgs/share/turtlebot3_msgs/cmake/turtlebot3_msgs__rosidl_generator_cExport-noconfig.cmake
[5.420s] -- Up-to-date: /home/fnikolay/turtlebot3_ws/install/turtlebot3_msgs/share/turtlebot3_msgs/cmake/turtlebot3_msgs__rosidl_typesupport_introspection_cExport.cmake
[5.420s] -- Up-to-date: /home/fnikolay/turtlebot3_ws/install/turtlebot3_msgs/share/turtlebot3_msgs/cmake/turtlebot3_msgs__rosidl_typesupport_introspection_cExport-noconfig.cmake
[5.422s] -- Up-to-date: /home/fnikolay/turtlebot3_ws/install/turtlebot3_msgs/share/turtlebot3_msgs/cmake/turtlebot3_msgs__rosidl_typesupport_cExport.cmake
[5.422s] -- Up-to-date: /home/fnikolay/turtlebot3_ws/install/turtlebot3_msgs/share/turtlebot3_msgs/cmake/turtlebot3_msgs__rosidl_typesupport_cExport-noconfig.cmake
[5.423s] -- Up-to-date: /home/fnikolay/turtlebot3_ws/install/turtlebot3_msgs/share/turtlebot3_msgs/cmake/turtlebot3_msgs__rosidl_generator_cppExport.cmake
[5.423s] -- Up-to-date: /home/fnikolay/turtlebot3_ws/install/turtlebot3_msgs/share/turtlebot3_msgs/cmake/turtlebot3_msgs__rosidl_typesupport_introspection_cppExport.cmake
[5.423s] -- Up-to-date: /home/fnikolay/turtlebot3_ws/install/turtlebot3_msgs/share/turtlebot3_msgs/cmake/turtlebot3_msgs__rosidl_typesupport_introspection_cppExport-noconfig.cmake
[5.424s] -- Up-to-date: /home/fnikolay/turtlebot3_ws/install/turtlebot3_msgs/share/turtlebot3_msgs/cmake/turtlebot3_msgs__rosidl_typesupport_cppExport.cmake
[5.424s] -- Up-to-date: /home/fnikolay/turtlebot3_ws/install/turtlebot3_msgs/share/turtlebot3_msgs/cmake/turtlebot3_msgs__rosidl_typesupport_cppExport-noconfig.cmake
[5.621s] Invoked command in '/home/fnikolay/turtlebot3_ws/build/turtlebot3_msgs' returned '0': CMAKE_PREFIX_PATH=/opt/ros/foxy /usr/bin/cmake --install /home/fnikolay/turtlebot3_ws/build/turtlebot3_msgs
