[0.033s] Invoking command in '/home/fnikolay/turtlebot3_ws/build/dynamixel_sdk': CMAKE_PREFIX_PATH=/opt/ros/foxy /usr/bin/cmake /home/fnikolay/turtlebot3_ws/src/DynamixelSDK/dynamixel_sdk -DAMENT_CMAKE_SYMLINK_INSTALL=1 -DCMAKE_INSTALL_PREFIX=/home/fnikolay/turtlebot3_ws/install/dynamixel_sdk
[0.418s] -- Found ament_cmake: 0.9.9 (/opt/ros/foxy/share/ament_cmake/cmake)
[0.605s] -- Using PYTHON_EXECUTABLE: /usr/bin/python3
[1.001s] -- Override CMake install command with custom implementation using symlinks instead of copying resources
[1.491s] -- Configuring done
[1.991s] -- Generating done
[1.996s] -- Build files have been written to: /home/fnikolay/turtlebot3_ws/build/dynamixel_sdk
[1.999s] Invoked command in '/home/fnikolay/turtlebot3_ws/build/dynamixel_sdk' returned '0': CMAKE_PREFIX_PATH=/opt/ros/foxy /usr/bin/cmake /home/fnikolay/turtlebot3_ws/src/DynamixelSDK/dynamixel_sdk -DAMENT_CMAKE_SYMLINK_INSTALL=1 -DCMAKE_INSTALL_PREFIX=/home/fnikolay/turtlebot3_ws/install/dynamixel_sdk
[2.004s] Invoking command in '/home/fnikolay/turtlebot3_ws/build/dynamixel_sdk': CMAKE_PREFIX_PATH=/opt/ros/foxy /usr/bin/cmake --build /home/fnikolay/turtlebot3_ws/build/dynamixel_sdk -- -j4 -l4
[2.103s] [100%] Built target dynamixel_sdk
[2.114s] Invoked command in '/home/fnikolay/turtlebot3_ws/build/dynamixel_sdk' returned '0': CMAKE_PREFIX_PATH=/opt/ros/foxy /usr/bin/cmake --build /home/fnikolay/turtlebot3_ws/build/dynamixel_sdk -- -j4 -l4
[2.183s] Invoking command in '/home/fnikolay/turtlebot3_ws/build/dynamixel_sdk': CMAKE_PREFIX_PATH=/opt/ros/foxy /usr/bin/cmake --install /home/fnikolay/turtlebot3_ws/build/dynamixel_sdk
[2.192s] -- Install configuration: ""
[2.193s] -- Execute custom install script
[2.194s] -- Up-to-date symlink: /home/fnikolay/turtlebot3_ws/install/dynamixel_sdk/include//dynamixel_sdk/dynamixel_sdk.h
[2.194s] -- Up-to-date symlink: /home/fnikolay/turtlebot3_ws/install/dynamixel_sdk/include//dynamixel_sdk/group_bulk_read.h
[2.195s] -- Up-to-date symlink: /home/fnikolay/turtlebot3_ws/install/dynamixel_sdk/include//dynamixel_sdk/group_bulk_write.h
[2.195s] -- Up-to-date symlink: /home/fnikolay/turtlebot3_ws/install/dynamixel_sdk/include//dynamixel_sdk/group_sync_read.h
[2.195s] -- Up-to-date symlink: /home/fnikolay/turtlebot3_ws/install/dynamixel_sdk/include//dynamixel_sdk/group_sync_write.h
[2.195s] -- Up-to-date symlink: /home/fnikolay/turtlebot3_ws/install/dynamixel_sdk/include//dynamixel_sdk/packet_handler.h
[2.196s] -- Up-to-date symlink: /home/fnikolay/turtlebot3_ws/install/dynamixel_sdk/include//dynamixel_sdk/port_handler.h
[2.196s] -- Up-to-date symlink: /home/fnikolay/turtlebot3_ws/install/dynamixel_sdk/include//dynamixel_sdk/port_handler_arduino.h
[2.196s] -- Up-to-date symlink: /home/fnikolay/turtlebot3_ws/install/dynamixel_sdk/include//dynamixel_sdk/port_handler_linux.h
[2.196s] -- Up-to-date symlink: /home/fnikolay/turtlebot3_ws/install/dynamixel_sdk/include//dynamixel_sdk/port_handler_mac.h
[2.197s] -- Up-to-date symlink: /home/fnikolay/turtlebot3_ws/install/dynamixel_sdk/include//dynamixel_sdk/port_handler_windows.h
[2.197s] -- Up-to-date symlink: /home/fnikolay/turtlebot3_ws/install/dynamixel_sdk/include//dynamixel_sdk/protocol1_packet_handler.h
[2.197s] -- Up-to-date symlink: /home/fnikolay/turtlebot3_ws/install/dynamixel_sdk/include//dynamixel_sdk/protocol2_packet_handler.h
[2.197s] -- Up-to-date symlink: /home/fnikolay/turtlebot3_ws/install/dynamixel_sdk/lib/libdynamixel_sdk.so
[2.198s] -- Up-to-date symlink: /home/fnikolay/turtlebot3_ws/install/dynamixel_sdk/share/dynamixel_sdk/environment/library_path.sh
[2.198s] -- Up-to-date symlink: /home/fnikolay/turtlebot3_ws/install/dynamixel_sdk/share/dynamixel_sdk/environment/library_path.dsv
[2.198s] -- Up-to-date symlink: /home/fnikolay/turtlebot3_ws/install/dynamixel_sdk/share/ament_index/resource_index/package_run_dependencies/dynamixel_sdk
[2.199s] -- Up-to-date symlink: /home/fnikolay/turtlebot3_ws/install/dynamixel_sdk/share/ament_index/resource_index/parent_prefix_path/dynamixel_sdk
[2.199s] -- Up-to-date symlink: /home/fnikolay/turtlebot3_ws/install/dynamixel_sdk/share/dynamixel_sdk/environment/ament_prefix_path.sh
[2.200s] -- Up-to-date symlink: /home/fnikolay/turtlebot3_ws/install/dynamixel_sdk/share/dynamixel_sdk/environment/ament_prefix_path.dsv
[2.200s] -- Up-to-date symlink: /home/fnikolay/turtlebot3_ws/install/dynamixel_sdk/share/dynamixel_sdk/environment/path.sh
[2.200s] -- Up-to-date symlink: /home/fnikolay/turtlebot3_ws/install/dynamixel_sdk/share/dynamixel_sdk/environment/path.dsv
[2.201s] -- Up-to-date symlink: /home/fnikolay/turtlebot3_ws/install/dynamixel_sdk/share/dynamixel_sdk/local_setup.bash
[2.201s] -- Up-to-date symlink: /home/fnikolay/turtlebot3_ws/install/dynamixel_sdk/share/dynamixel_sdk/local_setup.sh
[2.201s] -- Up-to-date symlink: /home/fnikolay/turtlebot3_ws/install/dynamixel_sdk/share/dynamixel_sdk/local_setup.zsh
[2.201s] -- Up-to-date symlink: /home/fnikolay/turtlebot3_ws/install/dynamixel_sdk/share/dynamixel_sdk/local_setup.dsv
[2.202s] -- Symlinking: /home/fnikolay/turtlebot3_ws/install/dynamixel_sdk/share/dynamixel_sdk/package.dsv
[2.213s] -- Up-to-date symlink: /home/fnikolay/turtlebot3_ws/install/dynamixel_sdk/share/ament_index/resource_index/packages/dynamixel_sdk
[2.213s] -- Up-to-date symlink: /home/fnikolay/turtlebot3_ws/install/dynamixel_sdk/share/dynamixel_sdk/cmake/ament_cmake_export_include_directories-extras.cmake
[2.213s] -- Up-to-date symlink: /home/fnikolay/turtlebot3_ws/install/dynamixel_sdk/share/dynamixel_sdk/cmake/ament_cmake_export_libraries-extras.cmake
[2.214s] -- Up-to-date symlink: /home/fnikolay/turtlebot3_ws/install/dynamixel_sdk/share/dynamixel_sdk/cmake/dynamixel_sdkConfig.cmake
[2.214s] -- Up-to-date symlink: /home/fnikolay/turtlebot3_ws/install/dynamixel_sdk/share/dynamixel_sdk/cmake/dynamixel_sdkConfig-version.cmake
[2.214s] -- Up-to-date symlink: /home/fnikolay/turtlebot3_ws/install/dynamixel_sdk/share/dynamixel_sdk/package.xml
[2.219s] Invoked command in '/home/fnikolay/turtlebot3_ws/build/dynamixel_sdk' returned '0': CMAKE_PREFIX_PATH=/opt/ros/foxy /usr/bin/cmake --install /home/fnikolay/turtlebot3_ws/build/dynamixel_sdk
