[0.343s] Invoking command in '/home/fnikolay/turtlebot3_ws/build/turtlebot3_gazebo': AMENT_PREFIX_PATH=/home/fnikolay/turtlebot3_ws/install/turtlebot3_description:${AMENT_PREFIX_PATH} CMAKE_PREFIX_PATH=/home/fnikolay/turtlebot3_ws/install/turtlebot3_description:/opt/ros/foxy /usr/bin/cmake /home/fnikolay/turtlebot3_ws/src/turtlebot3_simulations/turtlebot3_gazebo -DCMAKE_INSTALL_PREFIX=/home/fnikolay/turtlebot3_ws/install/turtlebot3_gazebo
[0.363s] -- Found ament_cmake: 0.9.9 (/opt/ros/foxy/share/ament_cmake/cmake)
[0.396s] -- Using PYTHON_EXECUTABLE: /usr/bin/python3
[0.723s] -- Override CMake install command with custom implementation using symlinks instead of copying resources
[0.823s] -- Found DART: /usr/include (Required is at least version "6.6") found components: dart 
[0.916s] -- Found Protobuf: /usr/lib/x86_64-linux-gnu/libprotobuf.so;-lpthread (found version "3.6.1") 
[0.917s] -- Looking for ignition-math6 -- found version 6.11.0
[0.924s] -- Searching for dependencies of ignition-math6
[0.934s] -- Looking for OGRE...
[0.955s] -- Found Ogre Ghadamon (1.9.0)
[0.955s] -- Found OGRE: optimized;/usr/lib/x86_64-linux-gnu/libOgreMain.so;debug;/usr/lib/x86_64-linux-gnu/libOgreMain.so
[0.992s] -- Looking for OGRE_Paging...
[0.992s] -- Found OGRE_Paging: optimized;/usr/lib/x86_64-linux-gnu/libOgrePaging.so;debug;/usr/lib/x86_64-linux-gnu/libOgrePaging.so
[0.992s] -- Looking for OGRE_Terrain...
[0.992s] -- Found OGRE_Terrain: optimized;/usr/lib/x86_64-linux-gnu/libOgreTerrain.so;debug;/usr/lib/x86_64-linux-gnu/libOgreTerrain.so
[0.992s] -- Looking for OGRE_Property...
[0.993s] -- Found OGRE_Property: optimized;/usr/lib/x86_64-linux-gnu/libOgreProperty.so;debug;/usr/lib/x86_64-linux-gnu/libOgreProperty.so
[0.993s] -- Looking for OGRE_RTShaderSystem...
[0.993s] -- Found OGRE_RTShaderSystem: optimized;/usr/lib/x86_64-linux-gnu/libOgreRTShaderSystem.so;debug;/usr/lib/x86_64-linux-gnu/libOgreRTShaderSystem.so
[0.993s] -- Looking for OGRE_Volume...
[0.993s] -- Found OGRE_Volume: optimized;/usr/lib/x86_64-linux-gnu/libOgreVolume.so;debug;/usr/lib/x86_64-linux-gnu/libOgreVolume.so
[0.994s] -- Looking for OGRE_Overlay...
[0.995s] -- Found OGRE_Overlay: optimized;/usr/lib/x86_64-linux-gnu/libOgreOverlay.so;debug;/usr/lib/x86_64-linux-gnu/libOgreOverlay.so
[1.200s] -- Looking for ignition-math6 -- found version 6.11.0
[1.200s] -- Looking for ignition-transport8 -- found version 8.2.1
[1.201s] -- Searching for dependencies of ignition-transport8
[1.220s] -- Found Protobuf: /usr/lib/x86_64-linux-gnu/libprotobuf.so;-lpthread (found suitable version "3.6.1", minimum required is "3") 
[1.233s] -- Config-file not installed for ZeroMQ -- checking for pkg-config
[1.239s] -- Checking for module 'libzmq >= 4'
[1.262s] --   Found libzmq , version 4.3.2
[1.417s] -- Checking for module 'uuid'
[1.487s] --   Found uuid, version 2.34.0
[1.597s] -- Looking for ignition-msgs5 -- found version 5.9.0
[1.598s] -- Searching for dependencies of ignition-msgs5
[1.623s] -- Looking for ignition-math6 -- found version 6.11.0
[1.629s] -- Checking for module 'tinyxml2'
[1.658s] --   Found tinyxml2, version 6.2.0
[1.799s] -- Looking for ignition-msgs5 -- found version 5.9.0
[1.800s] -- Looking for ignition-common3 -- found version 3.14.0
[1.801s] -- Searching for dependencies of ignition-common3
[1.801s] -- Looking for dlfcn.h - found
[1.801s] -- Looking for libdl - found
[1.813s] -- Searching for <ignition-common3> component [graphics]
[1.815s] -- Looking for ignition-common3-graphics -- found version 3.14.0
[1.816s] -- Searching for dependencies of ignition-common3-graphics
[1.816s] -- Looking for ignition-math6 -- found version 6.11.0
[1.818s] -- Looking for ignition-fuel_tools4 -- found version 4.4.0
[1.819s] -- Searching for dependencies of ignition-fuel_tools4
[1.865s] -- Checking for module 'jsoncpp'
[1.898s] --   Found jsoncpp, version 1.7.4
[1.980s] -- Checking for module 'libzip'
[2.032s] --   Found libzip, version 1.5.1
[2.083s] -- Looking for ignition-common3 -- found version 3.14.0
[2.083s] -- Looking for ignition-math6 -- found version 6.11.0
[2.084s] -- Looking for ignition-msgs5 -- found version 5.9.0
[2.086s] -- Found gazebo_ros_pkgs: 3.5.3 (/opt/ros/foxy/share/gazebo_ros_pkgs/cmake)
[2.087s] -- Found geometry_msgs: 2.0.5 (/opt/ros/foxy/share/geometry_msgs/cmake)
[2.109s] -- Using all available rosidl_typesupport_c: rosidl_typesupport_fastrtps_c;rosidl_typesupport_introspection_c
[2.115s] -- Found rosidl_adapter: 1.2.1 (/opt/ros/foxy/share/rosidl_adapter/cmake)
[2.267s] -- Using all available rosidl_typesupport_cpp: rosidl_typesupport_fastrtps_cpp;rosidl_typesupport_introspection_cpp
[2.391s] -- Found nav_msgs: 2.0.5 (/opt/ros/foxy/share/nav_msgs/cmake)
[2.494s] -- Found rclcpp: 2.4.1 (/opt/ros/foxy/share/rclcpp/cmake)
[2.554s] -- Found rmw_implementation_cmake: 1.0.3 (/opt/ros/foxy/share/rmw_implementation_cmake/cmake)
[2.555s] -- Using RMW implementation 'rmw_fastrtps_cpp' as default
[2.767s] -- Found sensor_msgs: 2.0.5 (/opt/ros/foxy/share/sensor_msgs/cmake)
[2.865s] -- Found tf2: 0.13.13 (/opt/ros/foxy/share/tf2/cmake)
[2.958s] -- Configuring done
[3.015s] -- Generating done
[3.019s] -- Build files have been written to: /home/fnikolay/turtlebot3_ws/build/turtlebot3_gazebo
[3.038s] Invoked command in '/home/fnikolay/turtlebot3_ws/build/turtlebot3_gazebo' returned '0': AMENT_PREFIX_PATH=/home/fnikolay/turtlebot3_ws/install/turtlebot3_description:${AMENT_PREFIX_PATH} CMAKE_PREFIX_PATH=/home/fnikolay/turtlebot3_ws/install/turtlebot3_description:/opt/ros/foxy /usr/bin/cmake /home/fnikolay/turtlebot3_ws/src/turtlebot3_simulations/turtlebot3_gazebo -DCMAKE_INSTALL_PREFIX=/home/fnikolay/turtlebot3_ws/install/turtlebot3_gazebo
[3.040s] Invoking command in '/home/fnikolay/turtlebot3_ws/build/turtlebot3_gazebo': AMENT_PREFIX_PATH=/home/fnikolay/turtlebot3_ws/install/turtlebot3_description:${AMENT_PREFIX_PATH} CMAKE_PREFIX_PATH=/home/fnikolay/turtlebot3_ws/install/turtlebot3_description:/opt/ros/foxy /usr/bin/cmake --build /home/fnikolay/turtlebot3_ws/build/turtlebot3_gazebo -- -j4 -l4
[3.177s] [ 25%] Built target obstacle2
[3.184s] [ 50%] Built target turtlebot3_drive
[3.187s] [ 75%] Built target obstacle1
[3.194s] [100%] Built target obstacles
[3.213s] Invoked command in '/home/fnikolay/turtlebot3_ws/build/turtlebot3_gazebo' returned '0': AMENT_PREFIX_PATH=/home/fnikolay/turtlebot3_ws/install/turtlebot3_description:${AMENT_PREFIX_PATH} CMAKE_PREFIX_PATH=/home/fnikolay/turtlebot3_ws/install/turtlebot3_description:/opt/ros/foxy /usr/bin/cmake --build /home/fnikolay/turtlebot3_ws/build/turtlebot3_gazebo -- -j4 -l4
[3.331s] Invoking command in '/home/fnikolay/turtlebot3_ws/build/turtlebot3_gazebo': AMENT_PREFIX_PATH=/home/fnikolay/turtlebot3_ws/install/turtlebot3_description:${AMENT_PREFIX_PATH} CMAKE_PREFIX_PATH=/home/fnikolay/turtlebot3_ws/install/turtlebot3_description:/opt/ros/foxy /usr/bin/cmake --install /home/fnikolay/turtlebot3_ws/build/turtlebot3_gazebo
[3.345s] -- Install configuration: ""
[3.346s] -- Execute custom install script
[3.346s] -- Up-to-date symlink: /home/fnikolay/turtlebot3_ws/install/turtlebot3_gazebo/lib/turtlebot3_gazebo/turtlebot3_drive
[3.347s] -- Up-to-date symlink: /home/fnikolay/turtlebot3_ws/install/turtlebot3_gazebo/share/turtlebot3_gazebo//launch/empty_world.launch.py
[3.347s] -- Up-to-date symlink: /home/fnikolay/turtlebot3_ws/install/turtlebot3_gazebo/share/turtlebot3_gazebo//launch/robot_state_publisher.launch.py
[3.348s] -- Up-to-date symlink: /home/fnikolay/turtlebot3_ws/install/turtlebot3_gazebo/share/turtlebot3_gazebo//launch/turtlebot3_autorace.launch.py
[3.348s] -- Up-to-date symlink: /home/fnikolay/turtlebot3_ws/install/turtlebot3_gazebo/share/turtlebot3_gazebo//launch/turtlebot3_dqn_stage1.launch.py
[3.348s] -- Up-to-date symlink: /home/fnikolay/turtlebot3_ws/install/turtlebot3_gazebo/share/turtlebot3_gazebo//launch/turtlebot3_dqn_stage2.launch.py
[3.348s] -- Up-to-date symlink: /home/fnikolay/turtlebot3_ws/install/turtlebot3_gazebo/share/turtlebot3_gazebo//launch/turtlebot3_dqn_stage3.launch.py
[3.348s] -- Up-to-date symlink: /home/fnikolay/turtlebot3_ws/install/turtlebot3_gazebo/share/turtlebot3_gazebo//launch/turtlebot3_dqn_stage4.launch.py
[3.349s] -- Up-to-date symlink: /home/fnikolay/turtlebot3_ws/install/turtlebot3_gazebo/share/turtlebot3_gazebo//launch/turtlebot3_house.launch.py
[3.349s] -- Up-to-date symlink: /home/fnikolay/turtlebot3_ws/install/turtlebot3_gazebo/share/turtlebot3_gazebo//launch/turtlebot3_world.launch.py
[3.351s] -- Up-to-date symlink: /home/fnikolay/turtlebot3_ws/install/turtlebot3_gazebo/share/turtlebot3_gazebo//models/turtlebot3_autorace/course/materials/scripts/course.material
[3.351s] -- Up-to-date symlink: /home/fnikolay/turtlebot3_ws/install/turtlebot3_gazebo/share/turtlebot3_gazebo//models/turtlebot3_autorace/course/materials/textures/course.png
[3.351s] -- Up-to-date symlink: /home/fnikolay/turtlebot3_ws/install/turtlebot3_gazebo/share/turtlebot3_gazebo//models/turtlebot3_autorace/course/model.config
[3.351s] -- Up-to-date symlink: /home/fnikolay/turtlebot3_ws/install/turtlebot3_gazebo/share/turtlebot3_gazebo//models/turtlebot3_autorace/course/model.sdf
[3.352s] -- Up-to-date symlink: /home/fnikolay/turtlebot3_ws/install/turtlebot3_gazebo/share/turtlebot3_gazebo//models/turtlebot3_autorace/ground/model.config
[3.352s] -- Up-to-date symlink: /home/fnikolay/turtlebot3_ws/install/turtlebot3_gazebo/share/turtlebot3_gazebo//models/turtlebot3_autorace/ground/model.sdf
[3.353s] -- Up-to-date symlink: /home/fnikolay/turtlebot3_ws/install/turtlebot3_gazebo/share/turtlebot3_gazebo//models/turtlebot3_autorace/lights/model.config
[3.355s] -- Up-to-date symlink: /home/fnikolay/turtlebot3_ws/install/turtlebot3_gazebo/share/turtlebot3_gazebo//models/turtlebot3_autorace/lights/model.sdf
[3.355s] -- Up-to-date symlink: /home/fnikolay/turtlebot3_ws/install/turtlebot3_gazebo/share/turtlebot3_gazebo//models/turtlebot3_autorace/model.config
[3.355s] -- Up-to-date symlink: /home/fnikolay/turtlebot3_ws/install/turtlebot3_gazebo/share/turtlebot3_gazebo//models/turtlebot3_autorace/traffic_bar_down/materials/scripts/traffic_bar.material
[3.355s] -- Up-to-date symlink: /home/fnikolay/turtlebot3_ws/install/turtlebot3_gazebo/share/turtlebot3_gazebo//models/turtlebot3_autorace/traffic_bar_down/materials/textures/traffic_bar.png
[3.355s] -- Up-to-date symlink: /home/fnikolay/turtlebot3_ws/install/turtlebot3_gazebo/share/turtlebot3_gazebo//models/turtlebot3_autorace/traffic_bar_down/model.config
[3.356s] -- Up-to-date symlink: /home/fnikolay/turtlebot3_ws/install/turtlebot3_gazebo/share/turtlebot3_gazebo//models/turtlebot3_autorace/traffic_bar_down/model.sdf
[3.356s] -- Up-to-date symlink: /home/fnikolay/turtlebot3_ws/install/turtlebot3_gazebo/share/turtlebot3_gazebo//models/turtlebot3_autorace/traffic_bar_up/materials/scripts/traffic_bar.material
[3.356s] -- Up-to-date symlink: /home/fnikolay/turtlebot3_ws/install/turtlebot3_gazebo/share/turtlebot3_gazebo//models/turtlebot3_autorace/traffic_bar_up/materials/textures/traffic_bar.png
[3.357s] -- Up-to-date symlink: /home/fnikolay/turtlebot3_ws/install/turtlebot3_gazebo/share/turtlebot3_gazebo//models/turtlebot3_autorace/traffic_bar_up/model.config
[3.357s] -- Up-to-date symlink: /home/fnikolay/turtlebot3_ws/install/turtlebot3_gazebo/share/turtlebot3_gazebo//models/turtlebot3_autorace/traffic_bar_up/model.sdf
[3.357s] -- Up-to-date symlink: /home/fnikolay/turtlebot3_ws/install/turtlebot3_gazebo/share/turtlebot3_gazebo//models/turtlebot3_autorace/traffic_light_green/model.config
[3.357s] -- Up-to-date symlink: /home/fnikolay/turtlebot3_ws/install/turtlebot3_gazebo/share/turtlebot3_gazebo//models/turtlebot3_autorace/traffic_light_green/model.sdf
[3.357s] -- Up-to-date symlink: /home/fnikolay/turtlebot3_ws/install/turtlebot3_gazebo/share/turtlebot3_gazebo//models/turtlebot3_autorace/traffic_light_red/model.config
[3.358s] -- Up-to-date symlink: /home/fnikolay/turtlebot3_ws/install/turtlebot3_gazebo/share/turtlebot3_gazebo//models/turtlebot3_autorace/traffic_light_red/model.sdf
[3.358s] -- Up-to-date symlink: /home/fnikolay/turtlebot3_ws/install/turtlebot3_gazebo/share/turtlebot3_gazebo//models/turtlebot3_autorace/traffic_light_yellow/model.config
[3.358s] -- Up-to-date symlink: /home/fnikolay/turtlebot3_ws/install/turtlebot3_gazebo/share/turtlebot3_gazebo//models/turtlebot3_autorace/traffic_light_yellow/model.sdf
[3.358s] -- Up-to-date symlink: /home/fnikolay/turtlebot3_ws/install/turtlebot3_gazebo/share/turtlebot3_gazebo//models/turtlebot3_autorace/traffic_parking/materials/scripts/traffic_parking.material
[3.358s] -- Up-to-date symlink: /home/fnikolay/turtlebot3_ws/install/turtlebot3_gazebo/share/turtlebot3_gazebo//models/turtlebot3_autorace/traffic_parking/materials/textures/traffic_parking.png
[3.359s] -- Up-to-date symlink: /home/fnikolay/turtlebot3_ws/install/turtlebot3_gazebo/share/turtlebot3_gazebo//models/turtlebot3_autorace/traffic_parking/model.config
[3.359s] -- Up-to-date symlink: /home/fnikolay/turtlebot3_ws/install/turtlebot3_gazebo/share/turtlebot3_gazebo//models/turtlebot3_autorace/traffic_parking/model.sdf
[3.359s] -- Up-to-date symlink: /home/fnikolay/turtlebot3_ws/install/turtlebot3_gazebo/share/turtlebot3_gazebo//models/turtlebot3_autorace/traffic_stop/materials/scripts/traffic_stop.material
[3.359s] -- Up-to-date symlink: /home/fnikolay/turtlebot3_ws/install/turtlebot3_gazebo/share/turtlebot3_gazebo//models/turtlebot3_autorace/traffic_stop/materials/textures/traffic_stop.png
[3.360s] -- Up-to-date symlink: /home/fnikolay/turtlebot3_ws/install/turtlebot3_gazebo/share/turtlebot3_gazebo//models/turtlebot3_autorace/traffic_stop/model.config
[3.360s] -- Up-to-date symlink: /home/fnikolay/turtlebot3_ws/install/turtlebot3_gazebo/share/turtlebot3_gazebo//models/turtlebot3_autorace/traffic_stop/model.sdf
[3.360s] -- Up-to-date symlink: /home/fnikolay/turtlebot3_ws/install/turtlebot3_gazebo/share/turtlebot3_gazebo//models/turtlebot3_autorace/traffic_tunnel/materials/scripts/tunnel.material
[3.360s] -- Up-to-date symlink: /home/fnikolay/turtlebot3_ws/install/turtlebot3_gazebo/share/turtlebot3_gazebo//models/turtlebot3_autorace/traffic_tunnel/materials/textures/tunnel.png
[3.360s] -- Up-to-date symlink: /home/fnikolay/turtlebot3_ws/install/turtlebot3_gazebo/share/turtlebot3_gazebo//models/turtlebot3_autorace/traffic_tunnel/model.config
[3.361s] -- Up-to-date symlink: /home/fnikolay/turtlebot3_ws/install/turtlebot3_gazebo/share/turtlebot3_gazebo//models/turtlebot3_autorace/traffic_tunnel/model.sdf
[3.361s] -- Up-to-date symlink: /home/fnikolay/turtlebot3_ws/install/turtlebot3_gazebo/share/turtlebot3_gazebo//models/turtlebot3_autorace/tunnel_obstacles/model.config
[3.361s] -- Up-to-date symlink: /home/fnikolay/turtlebot3_ws/install/turtlebot3_gazebo/share/turtlebot3_gazebo//models/turtlebot3_autorace/tunnel_obstacles/model.sdf
[3.361s] -- Up-to-date symlink: /home/fnikolay/turtlebot3_ws/install/turtlebot3_gazebo/share/turtlebot3_gazebo//models/turtlebot3_autorace/tunnel_wall/model.config
[3.362s] -- Up-to-date symlink: /home/fnikolay/turtlebot3_ws/install/turtlebot3_gazebo/share/turtlebot3_gazebo//models/turtlebot3_autorace/tunnel_wall/model.sdf
[3.362s] -- Up-to-date symlink: /home/fnikolay/turtlebot3_ws/install/turtlebot3_gazebo/share/turtlebot3_gazebo//models/turtlebot3_burger/meshes/burger_base.dae
[3.362s] -- Up-to-date symlink: /home/fnikolay/turtlebot3_ws/install/turtlebot3_gazebo/share/turtlebot3_gazebo//models/turtlebot3_burger/meshes/lds.dae
[3.362s] -- Up-to-date symlink: /home/fnikolay/turtlebot3_ws/install/turtlebot3_gazebo/share/turtlebot3_gazebo//models/turtlebot3_burger/meshes/tire.dae
[3.362s] -- Up-to-date symlink: /home/fnikolay/turtlebot3_ws/install/turtlebot3_gazebo/share/turtlebot3_gazebo//models/turtlebot3_burger/model-1_4.sdf
[3.363s] -- Up-to-date symlink: /home/fnikolay/turtlebot3_ws/install/turtlebot3_gazebo/share/turtlebot3_gazebo//models/turtlebot3_burger/model.config
[3.363s] -- Up-to-date symlink: /home/fnikolay/turtlebot3_ws/install/turtlebot3_gazebo/share/turtlebot3_gazebo//models/turtlebot3_burger/model.sdf
[3.363s] -- Up-to-date symlink: /home/fnikolay/turtlebot3_ws/install/turtlebot3_gazebo/share/turtlebot3_gazebo//models/turtlebot3_dqn_world/goal_box/model.config
[3.363s] -- Up-to-date symlink: /home/fnikolay/turtlebot3_ws/install/turtlebot3_gazebo/share/turtlebot3_gazebo//models/turtlebot3_dqn_world/goal_box/model.sdf
[3.363s] -- Up-to-date symlink: /home/fnikolay/turtlebot3_ws/install/turtlebot3_gazebo/share/turtlebot3_gazebo//models/turtlebot3_dqn_world/inner_walls/model.config
[3.364s] -- Up-to-date symlink: /home/fnikolay/turtlebot3_ws/install/turtlebot3_gazebo/share/turtlebot3_gazebo//models/turtlebot3_dqn_world/inner_walls/model.sdf
[3.364s] -- Up-to-date symlink: /home/fnikolay/turtlebot3_ws/install/turtlebot3_gazebo/share/turtlebot3_gazebo//models/turtlebot3_dqn_world/model.config
[3.364s] -- Up-to-date symlink: /home/fnikolay/turtlebot3_ws/install/turtlebot3_gazebo/share/turtlebot3_gazebo//models/turtlebot3_dqn_world/model.sdf
[3.365s] -- Up-to-date symlink: /home/fnikolay/turtlebot3_ws/install/turtlebot3_gazebo/share/turtlebot3_gazebo//models/turtlebot3_dqn_world/obstacle1/model.config
[3.365s] -- Up-to-date symlink: /home/fnikolay/turtlebot3_ws/install/turtlebot3_gazebo/share/turtlebot3_gazebo//models/turtlebot3_dqn_world/obstacle1/model.sdf
[3.365s] -- Up-to-date symlink: /home/fnikolay/turtlebot3_ws/install/turtlebot3_gazebo/share/turtlebot3_gazebo//models/turtlebot3_dqn_world/obstacle2/model.config
[3.365s] -- Up-to-date symlink: /home/fnikolay/turtlebot3_ws/install/turtlebot3_gazebo/share/turtlebot3_gazebo//models/turtlebot3_dqn_world/obstacle2/model.sdf
[3.365s] -- Up-to-date symlink: /home/fnikolay/turtlebot3_ws/install/turtlebot3_gazebo/share/turtlebot3_gazebo//models/turtlebot3_dqn_world/obstacle_plugin/CMakeLists.txt
[3.366s] -- Up-to-date symlink: /home/fnikolay/turtlebot3_ws/install/turtlebot3_gazebo/share/turtlebot3_gazebo//models/turtlebot3_dqn_world/obstacle_plugin/obstacle1.cc
[3.366s] -- Up-to-date symlink: /home/fnikolay/turtlebot3_ws/install/turtlebot3_gazebo/share/turtlebot3_gazebo//models/turtlebot3_dqn_world/obstacle_plugin/obstacle2.cc
[3.366s] -- Up-to-date symlink: /home/fnikolay/turtlebot3_ws/install/turtlebot3_gazebo/share/turtlebot3_gazebo//models/turtlebot3_dqn_world/obstacle_plugin/obstacles.cc
[3.366s] -- Up-to-date symlink: /home/fnikolay/turtlebot3_ws/install/turtlebot3_gazebo/share/turtlebot3_gazebo//models/turtlebot3_dqn_world/obstacles/model.config
[3.366s] -- Up-to-date symlink: /home/fnikolay/turtlebot3_ws/install/turtlebot3_gazebo/share/turtlebot3_gazebo//models/turtlebot3_dqn_world/obstacles/model.sdf
[3.367s] -- Up-to-date symlink: /home/fnikolay/turtlebot3_ws/install/turtlebot3_gazebo/share/turtlebot3_gazebo//models/turtlebot3_house/model.config
[3.367s] -- Up-to-date symlink: /home/fnikolay/turtlebot3_ws/install/turtlebot3_gazebo/share/turtlebot3_gazebo//models/turtlebot3_house/model.sdf
[3.367s] -- Up-to-date symlink: /home/fnikolay/turtlebot3_ws/install/turtlebot3_gazebo/share/turtlebot3_gazebo//models/turtlebot3_waffle/meshes/lds.dae
[3.367s] -- Up-to-date symlink: /home/fnikolay/turtlebot3_ws/install/turtlebot3_gazebo/share/turtlebot3_gazebo//models/turtlebot3_waffle/meshes/r200.dae
[3.367s] -- Up-to-date symlink: /home/fnikolay/turtlebot3_ws/install/turtlebot3_gazebo/share/turtlebot3_gazebo//models/turtlebot3_waffle/meshes/tire.dae
[3.368s] -- Up-to-date symlink: /home/fnikolay/turtlebot3_ws/install/turtlebot3_gazebo/share/turtlebot3_gazebo//models/turtlebot3_waffle/meshes/waffle_base.dae
[3.368s] -- Up-to-date symlink: /home/fnikolay/turtlebot3_ws/install/turtlebot3_gazebo/share/turtlebot3_gazebo//models/turtlebot3_waffle/model-1_4.sdf
[3.368s] -- Up-to-date symlink: /home/fnikolay/turtlebot3_ws/install/turtlebot3_gazebo/share/turtlebot3_gazebo//models/turtlebot3_waffle/model.config
[3.368s] -- Up-to-date symlink: /home/fnikolay/turtlebot3_ws/install/turtlebot3_gazebo/share/turtlebot3_gazebo//models/turtlebot3_waffle/model.sdf
[3.369s] -- Up-to-date symlink: /home/fnikolay/turtlebot3_ws/install/turtlebot3_gazebo/share/turtlebot3_gazebo//models/turtlebot3_waffle_pi/meshes/lds.dae
[3.370s] -- Up-to-date symlink: /home/fnikolay/turtlebot3_ws/install/turtlebot3_gazebo/share/turtlebot3_gazebo//models/turtlebot3_waffle_pi/meshes/tire.dae
[3.370s] -- Up-to-date symlink: /home/fnikolay/turtlebot3_ws/install/turtlebot3_gazebo/share/turtlebot3_gazebo//models/turtlebot3_waffle_pi/meshes/waffle_pi_base.dae
[3.370s] -- Up-to-date symlink: /home/fnikolay/turtlebot3_ws/install/turtlebot3_gazebo/share/turtlebot3_gazebo//models/turtlebot3_waffle_pi/model-1_4_.sdf
[3.371s] -- Up-to-date symlink: /home/fnikolay/turtlebot3_ws/install/turtlebot3_gazebo/share/turtlebot3_gazebo//models/turtlebot3_waffle_pi/model.config
[3.372s] -- Up-to-date symlink: /home/fnikolay/turtlebot3_ws/install/turtlebot3_gazebo/share/turtlebot3_gazebo//models/turtlebot3_waffle_pi/model.sdf
[3.372s] -- Up-to-date symlink: /home/fnikolay/turtlebot3_ws/install/turtlebot3_gazebo/share/turtlebot3_gazebo//models/turtlebot3_world/meshes/hexagon.dae
[3.372s] -- Up-to-date symlink: /home/fnikolay/turtlebot3_ws/install/turtlebot3_gazebo/share/turtlebot3_gazebo//models/turtlebot3_world/meshes/wall.dae
[3.373s] -- Up-to-date symlink: /home/fnikolay/turtlebot3_ws/install/turtlebot3_gazebo/share/turtlebot3_gazebo//models/turtlebot3_world/model-1_4.sdf
[3.373s] -- Up-to-date symlink: /home/fnikolay/turtlebot3_ws/install/turtlebot3_gazebo/share/turtlebot3_gazebo//models/turtlebot3_world/model.config
[3.373s] -- Up-to-date symlink: /home/fnikolay/turtlebot3_ws/install/turtlebot3_gazebo/share/turtlebot3_gazebo//models/turtlebot3_world/model.sdf
[3.374s] -- Up-to-date symlink: /home/fnikolay/turtlebot3_ws/install/turtlebot3_gazebo/share/turtlebot3_gazebo//rviz/tb3_gazebo.rviz
[3.374s] -- Up-to-date symlink: /home/fnikolay/turtlebot3_ws/install/turtlebot3_gazebo/share/turtlebot3_gazebo//worlds/empty_worlds/burger.model
[3.375s] -- Up-to-date symlink: /home/fnikolay/turtlebot3_ws/install/turtlebot3_gazebo/share/turtlebot3_gazebo//worlds/empty_worlds/waffle.model
[3.375s] -- Up-to-date symlink: /home/fnikolay/turtlebot3_ws/install/turtlebot3_gazebo/share/turtlebot3_gazebo//worlds/empty_worlds/waffle_pi.model
[3.375s] -- Up-to-date symlink: /home/fnikolay/turtlebot3_ws/install/turtlebot3_gazebo/share/turtlebot3_gazebo//worlds/turtlebot3_autoraces/burger.model
[3.375s] -- Up-to-date symlink: /home/fnikolay/turtlebot3_ws/install/turtlebot3_gazebo/share/turtlebot3_gazebo//worlds/turtlebot3_autoraces/waffle.model
[3.375s] -- Up-to-date symlink: /home/fnikolay/turtlebot3_ws/install/turtlebot3_gazebo/share/turtlebot3_gazebo//worlds/turtlebot3_autoraces/waffle_pi.model
[3.376s] -- Up-to-date symlink: /home/fnikolay/turtlebot3_ws/install/turtlebot3_gazebo/share/turtlebot3_gazebo//worlds/turtlebot3_dqn_stage1/burger.model
[3.376s] -- Up-to-date symlink: /home/fnikolay/turtlebot3_ws/install/turtlebot3_gazebo/share/turtlebot3_gazebo//worlds/turtlebot3_dqn_stage1/waffle.model
[3.376s] -- Up-to-date symlink: /home/fnikolay/turtlebot3_ws/install/turtlebot3_gazebo/share/turtlebot3_gazebo//worlds/turtlebot3_dqn_stage1/waffle_pi.model
[3.376s] -- Up-to-date symlink: /home/fnikolay/turtlebot3_ws/install/turtlebot3_gazebo/share/turtlebot3_gazebo//worlds/turtlebot3_dqn_stage2/burger.model
[3.377s] -- Up-to-date symlink: /home/fnikolay/turtlebot3_ws/install/turtlebot3_gazebo/share/turtlebot3_gazebo//worlds/turtlebot3_dqn_stage2/waffle.model
[3.377s] -- Up-to-date symlink: /home/fnikolay/turtlebot3_ws/install/turtlebot3_gazebo/share/turtlebot3_gazebo//worlds/turtlebot3_dqn_stage2/waffle_pi.model
[3.377s] -- Up-to-date symlink: /home/fnikolay/turtlebot3_ws/install/turtlebot3_gazebo/share/turtlebot3_gazebo//worlds/turtlebot3_dqn_stage3/burger.model
[3.377s] -- Up-to-date symlink: /home/fnikolay/turtlebot3_ws/install/turtlebot3_gazebo/share/turtlebot3_gazebo//worlds/turtlebot3_dqn_stage3/waffle.model
[3.377s] -- Up-to-date symlink: /home/fnikolay/turtlebot3_ws/install/turtlebot3_gazebo/share/turtlebot3_gazebo//worlds/turtlebot3_dqn_stage3/waffle_pi.model
[3.378s] -- Up-to-date symlink: /home/fnikolay/turtlebot3_ws/install/turtlebot3_gazebo/share/turtlebot3_gazebo//worlds/turtlebot3_dqn_stage4/burger.model
[3.378s] -- Up-to-date symlink: /home/fnikolay/turtlebot3_ws/install/turtlebot3_gazebo/share/turtlebot3_gazebo//worlds/turtlebot3_dqn_stage4/waffle.model
[3.378s] -- Up-to-date symlink: /home/fnikolay/turtlebot3_ws/install/turtlebot3_gazebo/share/turtlebot3_gazebo//worlds/turtlebot3_dqn_stage4/waffle_pi.model
[3.378s] -- Up-to-date symlink: /home/fnikolay/turtlebot3_ws/install/turtlebot3_gazebo/share/turtlebot3_gazebo//worlds/turtlebot3_houses/burger.model
[3.379s] -- Up-to-date symlink: /home/fnikolay/turtlebot3_ws/install/turtlebot3_gazebo/share/turtlebot3_gazebo//worlds/turtlebot3_houses/waffle.model
[3.381s] -- Up-to-date symlink: /home/fnikolay/turtlebot3_ws/install/turtlebot3_gazebo/share/turtlebot3_gazebo//worlds/turtlebot3_houses/waffle_pi.model
[3.381s] -- Up-to-date symlink: /home/fnikolay/turtlebot3_ws/install/turtlebot3_gazebo/share/turtlebot3_gazebo//worlds/turtlebot3_worlds/burger.model
[3.381s] -- Up-to-date symlink: /home/fnikolay/turtlebot3_ws/install/turtlebot3_gazebo/share/turtlebot3_gazebo//worlds/turtlebot3_worlds/waffle.model
[3.382s] -- Up-to-date symlink: /home/fnikolay/turtlebot3_ws/install/turtlebot3_gazebo/share/turtlebot3_gazebo//worlds/turtlebot3_worlds/waffle_pi.model
[3.382s] -- Up-to-date symlink: /home/fnikolay/turtlebot3_ws/install/turtlebot3_gazebo/include//turtlebot3_gazebo/turtlebot3_drive.hpp
[3.382s] -- Up-to-date symlink: /home/fnikolay/turtlebot3_ws/install/turtlebot3_gazebo/share/ament_index/resource_index/package_run_dependencies/turtlebot3_gazebo
[3.382s] -- Up-to-date symlink: /home/fnikolay/turtlebot3_ws/install/turtlebot3_gazebo/share/ament_index/resource_index/parent_prefix_path/turtlebot3_gazebo
[3.382s] -- Up-to-date symlink: /home/fnikolay/turtlebot3_ws/install/turtlebot3_gazebo/share/turtlebot3_gazebo/environment/ament_prefix_path.sh
[3.382s] -- Up-to-date symlink: /home/fnikolay/turtlebot3_ws/install/turtlebot3_gazebo/share/turtlebot3_gazebo/environment/ament_prefix_path.dsv
[3.382s] -- Up-to-date symlink: /home/fnikolay/turtlebot3_ws/install/turtlebot3_gazebo/share/turtlebot3_gazebo/environment/path.sh
[3.382s] -- Up-to-date symlink: /home/fnikolay/turtlebot3_ws/install/turtlebot3_gazebo/share/turtlebot3_gazebo/environment/path.dsv
[3.382s] -- Up-to-date symlink: /home/fnikolay/turtlebot3_ws/install/turtlebot3_gazebo/share/turtlebot3_gazebo/local_setup.bash
[3.383s] -- Up-to-date symlink: /home/fnikolay/turtlebot3_ws/install/turtlebot3_gazebo/share/turtlebot3_gazebo/local_setup.sh
[3.383s] -- Up-to-date symlink: /home/fnikolay/turtlebot3_ws/install/turtlebot3_gazebo/share/turtlebot3_gazebo/local_setup.zsh
[3.383s] -- Up-to-date symlink: /home/fnikolay/turtlebot3_ws/install/turtlebot3_gazebo/share/turtlebot3_gazebo/local_setup.dsv
[3.384s] -- Symlinking: /home/fnikolay/turtlebot3_ws/install/turtlebot3_gazebo/share/turtlebot3_gazebo/package.dsv
[3.396s] -- Up-to-date symlink: /home/fnikolay/turtlebot3_ws/install/turtlebot3_gazebo/share/ament_index/resource_index/packages/turtlebot3_gazebo
[3.396s] -- Up-to-date symlink: /home/fnikolay/turtlebot3_ws/install/turtlebot3_gazebo/share/turtlebot3_gazebo/cmake/ament_cmake_export_include_directories-extras.cmake
[3.396s] -- Up-to-date symlink: /home/fnikolay/turtlebot3_ws/install/turtlebot3_gazebo/share/turtlebot3_gazebo/cmake/ament_cmake_export_dependencies-extras.cmake
[3.397s] -- Up-to-date symlink: /home/fnikolay/turtlebot3_ws/install/turtlebot3_gazebo/share/turtlebot3_gazebo/cmake/turtlebot3_gazeboConfig.cmake
[3.397s] -- Up-to-date symlink: /home/fnikolay/turtlebot3_ws/install/turtlebot3_gazebo/share/turtlebot3_gazebo/cmake/turtlebot3_gazeboConfig-version.cmake
[3.397s] -- Up-to-date symlink: /home/fnikolay/turtlebot3_ws/install/turtlebot3_gazebo/share/turtlebot3_gazebo/package.xml
[3.401s] Invoked command in '/home/fnikolay/turtlebot3_ws/build/turtlebot3_gazebo' returned '0': AMENT_PREFIX_PATH=/home/fnikolay/turtlebot3_ws/install/turtlebot3_description:${AMENT_PREFIX_PATH} CMAKE_PREFIX_PATH=/home/fnikolay/turtlebot3_ws/install/turtlebot3_description:/opt/ros/foxy /usr/bin/cmake --install /home/fnikolay/turtlebot3_ws/build/turtlebot3_gazebo
