[0.051s] Invoking command in '/home/fnikolay/turtlebot3_ws/build/turtlebot3_bringup': AMENT_PREFIX_PATH=/home/fnikolay/turtlebot3_ws/install/turtlebot3_node:/home/fnikolay/turtlebot3_ws/install/turtlebot3_msgs:/home/fnikolay/turtlebot3_ws/install/turtlebot3_description:/home/fnikolay/turtlebot3_ws/install/dynamixel_sdk:${AMENT_PREFIX_PATH} CMAKE_PREFIX_PATH=/home/fnikolay/turtlebot3_ws/install/turtlebot3_node:/home/fnikolay/turtlebot3_ws/install/turtlebot3_msgs:/home/fnikolay/turtlebot3_ws/install/turtlebot3_description:/home/fnikolay/turtlebot3_ws/install/dynamixel_sdk:/opt/ros/foxy LD_LIBRARY_PATH=/home/fnikolay/turtlebot3_ws/install/turtlebot3_msgs/lib:/home/fnikolay/turtlebot3_ws/install/dynamixel_sdk/lib:${LD_LIBRARY_PATH} PYTHONPATH=/home/fnikolay/turtlebot3_ws/install/turtlebot3_msgs/lib/python3.8/site-packages:${PYTHONPATH} /usr/bin/cmake --build /home/fnikolay/turtlebot3_ws/build/turtlebot3_bringup -- -j4 -l4
[0.106s] Invoked command in '/home/fnikolay/turtlebot3_ws/build/turtlebot3_bringup' returned '0': AMENT_PREFIX_PATH=/home/fnikolay/turtlebot3_ws/install/turtlebot3_node:/home/fnikolay/turtlebot3_ws/install/turtlebot3_msgs:/home/fnikolay/turtlebot3_ws/install/turtlebot3_description:/home/fnikolay/turtlebot3_ws/install/dynamixel_sdk:${AMENT_PREFIX_PATH} CMAKE_PREFIX_PATH=/home/fnikolay/turtlebot3_ws/install/turtlebot3_node:/home/fnikolay/turtlebot3_ws/install/turtlebot3_msgs:/home/fnikolay/turtlebot3_ws/install/turtlebot3_description:/home/fnikolay/turtlebot3_ws/install/dynamixel_sdk:/opt/ros/foxy LD_LIBRARY_PATH=/home/fnikolay/turtlebot3_ws/install/turtlebot3_msgs/lib:/home/fnikolay/turtlebot3_ws/install/dynamixel_sdk/lib:${LD_LIBRARY_PATH} PYTHONPATH=/home/fnikolay/turtlebot3_ws/install/turtlebot3_msgs/lib/python3.8/site-packages:${PYTHONPATH} /usr/bin/cmake --build /home/fnikolay/turtlebot3_ws/build/turtlebot3_bringup -- -j4 -l4
[0.135s] Invoking command in '/home/fnikolay/turtlebot3_ws/build/turtlebot3_bringup': AMENT_PREFIX_PATH=/home/fnikolay/turtlebot3_ws/install/turtlebot3_node:/home/fnikolay/turtlebot3_ws/install/turtlebot3_msgs:/home/fnikolay/turtlebot3_ws/install/turtlebot3_description:/home/fnikolay/turtlebot3_ws/install/dynamixel_sdk:${AMENT_PREFIX_PATH} CMAKE_PREFIX_PATH=/home/fnikolay/turtlebot3_ws/install/turtlebot3_node:/home/fnikolay/turtlebot3_ws/install/turtlebot3_msgs:/home/fnikolay/turtlebot3_ws/install/turtlebot3_description:/home/fnikolay/turtlebot3_ws/install/dynamixel_sdk:/opt/ros/foxy LD_LIBRARY_PATH=/home/fnikolay/turtlebot3_ws/install/turtlebot3_msgs/lib:/home/fnikolay/turtlebot3_ws/install/dynamixel_sdk/lib:${LD_LIBRARY_PATH} PYTHONPATH=/home/fnikolay/turtlebot3_ws/install/turtlebot3_msgs/lib/python3.8/site-packages:${PYTHONPATH} /usr/bin/cmake --install /home/fnikolay/turtlebot3_ws/build/turtlebot3_bringup
[0.149s] -- Install configuration: ""
[0.149s] -- Execute custom install script
[0.149s] -- Up-to-date symlink: /home/fnikolay/turtlebot3_ws/install/turtlebot3_bringup/share/turtlebot3_bringup/launch/robot.launch.py
[0.150s] -- Up-to-date symlink: /home/fnikolay/turtlebot3_ws/install/turtlebot3_bringup/share/turtlebot3_bringup/launch/rviz2.launch.py
[0.150s] -- Up-to-date symlink: /home/fnikolay/turtlebot3_ws/install/turtlebot3_bringup/share/turtlebot3_bringup/launch/turtlebot3_state_publisher.launch.py
[0.151s] -- Up-to-date symlink: /home/fnikolay/turtlebot3_ws/install/turtlebot3_bringup/share/turtlebot3_bringup/param/burger.yaml
[0.151s] -- Up-to-date symlink: /home/fnikolay/turtlebot3_ws/install/turtlebot3_bringup/share/turtlebot3_bringup/param/waffle.yaml
[0.151s] -- Up-to-date symlink: /home/fnikolay/turtlebot3_ws/install/turtlebot3_bringup/share/turtlebot3_bringup/param/waffle_pi.yaml
[0.153s] -- Up-to-date symlink: /home/fnikolay/turtlebot3_ws/install/turtlebot3_bringup/share/turtlebot3_bringup/script/99-turtlebot3-cdc.rules
[0.156s] -- Up-to-date symlink: /home/fnikolay/turtlebot3_ws/install/turtlebot3_bringup/share/turtlebot3_bringup/script/create_udev_rules
[0.157s] -- Up-to-date symlink: /home/fnikolay/turtlebot3_ws/install/turtlebot3_bringup/share/ament_index/resource_index/package_run_dependencies/turtlebot3_bringup
[0.157s] -- Up-to-date symlink: /home/fnikolay/turtlebot3_ws/install/turtlebot3_bringup/share/ament_index/resource_index/parent_prefix_path/turtlebot3_bringup
[0.157s] -- Up-to-date symlink: /home/fnikolay/turtlebot3_ws/install/turtlebot3_bringup/share/turtlebot3_bringup/environment/ament_prefix_path.sh
[0.157s] -- Up-to-date symlink: /home/fnikolay/turtlebot3_ws/install/turtlebot3_bringup/share/turtlebot3_bringup/environment/ament_prefix_path.dsv
[0.157s] -- Up-to-date symlink: /home/fnikolay/turtlebot3_ws/install/turtlebot3_bringup/share/turtlebot3_bringup/environment/path.sh
[0.158s] -- Up-to-date symlink: /home/fnikolay/turtlebot3_ws/install/turtlebot3_bringup/share/turtlebot3_bringup/environment/path.dsv
[0.158s] -- Up-to-date symlink: /home/fnikolay/turtlebot3_ws/install/turtlebot3_bringup/share/turtlebot3_bringup/local_setup.bash
[0.158s] -- Up-to-date symlink: /home/fnikolay/turtlebot3_ws/install/turtlebot3_bringup/share/turtlebot3_bringup/local_setup.sh
[0.158s] -- Up-to-date symlink: /home/fnikolay/turtlebot3_ws/install/turtlebot3_bringup/share/turtlebot3_bringup/local_setup.zsh
[0.158s] -- Up-to-date symlink: /home/fnikolay/turtlebot3_ws/install/turtlebot3_bringup/share/turtlebot3_bringup/local_setup.dsv
[0.158s] -- Symlinking: /home/fnikolay/turtlebot3_ws/install/turtlebot3_bringup/share/turtlebot3_bringup/package.dsv
[0.167s] -- Up-to-date symlink: /home/fnikolay/turtlebot3_ws/install/turtlebot3_bringup/share/ament_index/resource_index/packages/turtlebot3_bringup
[0.168s] -- Up-to-date symlink: /home/fnikolay/turtlebot3_ws/install/turtlebot3_bringup/share/turtlebot3_bringup/cmake/turtlebot3_bringupConfig.cmake
[0.168s] -- Up-to-date symlink: /home/fnikolay/turtlebot3_ws/install/turtlebot3_bringup/share/turtlebot3_bringup/cmake/turtlebot3_bringupConfig-version.cmake
[0.168s] -- Up-to-date symlink: /home/fnikolay/turtlebot3_ws/install/turtlebot3_bringup/share/turtlebot3_bringup/package.xml
[0.173s] Invoked command in '/home/fnikolay/turtlebot3_ws/build/turtlebot3_bringup' returned '0': AMENT_PREFIX_PATH=/home/fnikolay/turtlebot3_ws/install/turtlebot3_node:/home/fnikolay/turtlebot3_ws/install/turtlebot3_msgs:/home/fnikolay/turtlebot3_ws/install/turtlebot3_description:/home/fnikolay/turtlebot3_ws/install/dynamixel_sdk:${AMENT_PREFIX_PATH} CMAKE_PREFIX_PATH=/home/fnikolay/turtlebot3_ws/install/turtlebot3_node:/home/fnikolay/turtlebot3_ws/install/turtlebot3_msgs:/home/fnikolay/turtlebot3_ws/install/turtlebot3_description:/home/fnikolay/turtlebot3_ws/install/dynamixel_sdk:/opt/ros/foxy LD_LIBRARY_PATH=/home/fnikolay/turtlebot3_ws/install/turtlebot3_msgs/lib:/home/fnikolay/turtlebot3_ws/install/dynamixel_sdk/lib:${LD_LIBRARY_PATH} PYTHONPATH=/home/fnikolay/turtlebot3_ws/install/turtlebot3_msgs/lib/python3.8/site-packages:${PYTHONPATH} /usr/bin/cmake --install /home/fnikolay/turtlebot3_ws/build/turtlebot3_bringup
