[0.058s] Invoking command in '/home/fnikolay/turtlebot3_ws/build/turtlebot3_msgs': CMAKE_PREFIX_PATH=${CMAKE_PREFIX_PATH}:/opt/ros/foxy:/home/fnikolay/turtlebot3_ws/install/turtlebot3_teleop:/home/fnikolay/turtlebot3_ws/install/turtlebot3_example:/opt/ros/galactic /usr/bin/cmake /home/fnikolay/turtlebot3_ws/src/turtlebot3_msgs -DAMENT_CMAKE_SYMLINK_INSTALL=1 -DCMAKE_INSTALL_PREFIX=/home/fnikolay/turtlebot3_ws/install/turtlebot3_msgs
[0.494s] -- The C compiler identification is GNU 9.4.0
[0.588s] -- The CXX compiler identification is GNU 9.4.0
[0.595s] -- Check for working C compiler: /usr/bin/cc
[0.714s] -- Check for working C compiler: /usr/bin/cc -- works
[0.715s] -- Detecting C compiler ABI info
[0.823s] -- Detecting C compiler ABI info - done
[0.833s] -- Detecting C compile features
[0.834s] -- Detecting C compile features - done
[0.837s] -- Check for working CXX compiler: /usr/bin/c++
[0.945s] -- Check for working CXX compiler: /usr/bin/c++ -- works
[0.948s] -- Detecting CXX compiler ABI info
[1.076s] -- Detecting CXX compiler ABI info - done
[1.091s] -- Detecting CXX compile features
[1.092s] -- Detecting CXX compile features - done
[1.111s] -- Found action_msgs: 1.0.0 (/opt/ros/foxy/share/action_msgs/cmake)
[1.142s] -- Found PythonInterp: /usr/bin/python3 (found suitable version "3.8.10", minimum required is "3") 
[1.144s] -- Using PYTHON_EXECUTABLE: /usr/bin/python3
[1.423s] -- Override CMake install command with custom implementation using symlinks instead of copying resources
[1.788s] -- Using all available rosidl_typesupport_c: rosidl_typesupport_fastrtps_c;rosidl_typesupport_introspection_c
[1.905s] -- Found rosidl_adapter: 1.2.1 (/opt/ros/foxy/share/rosidl_adapter/cmake)
[2.443s] -- Found OpenSSL: /usr/lib/x86_64-linux-gnu/libcrypto.so (found version "1.1.1f")  
[2.537s] -- Found FastRTPS: /opt/ros/foxy/include  
[2.802s] -- Using all available rosidl_typesupport_cpp: rosidl_typesupport_fastrtps_cpp;rosidl_typesupport_introspection_cpp
[3.369s] -- Found rosidl_default_generators: 1.0.1 (/opt/ros/foxy/share/rosidl_default_generators/cmake)
[3.410s] -- Found std_msgs: 2.0.5 (/opt/ros/foxy/share/std_msgs/cmake)
[3.482s] -- Found PythonInterp: /usr/bin/python3 (found version "3.8.10") 
[3.772s] -- Found ament_cmake_cppcheck: 0.9.6 (/opt/ros/foxy/share/ament_cmake_cppcheck/cmake)
[3.788s] -- Found ament_cmake_cpplint: 0.9.6 (/opt/ros/foxy/share/ament_cmake_cpplint/cmake)
[3.795s] -- Found ament_cmake_uncrustify: 0.9.6 (/opt/ros/foxy/share/ament_cmake_uncrustify/cmake)
[3.799s] -- Found ament_cmake_ros: 0.9.2 (/opt/ros/foxy/share/ament_cmake_ros/cmake)
[4.102s] -- Using all available rosidl_typesupport_c: rosidl_typesupport_fastrtps_c;rosidl_typesupport_introspection_c
[4.218s] -- Using all available rosidl_typesupport_cpp: rosidl_typesupport_fastrtps_cpp;rosidl_typesupport_introspection_cpp
[4.255s] -- Found PythonInterp: /usr/bin/python3 (found suitable version "3.8.10", minimum required is "3.5") 
[4.257s] -- Found python_cmake_module: 0.8.1 (/opt/ros/foxy/share/python_cmake_module/cmake)
[4.293s] -- Found PythonLibs: /usr/lib/x86_64-linux-gnu/libpython3.8.so (found suitable version "3.8.10", minimum required is "3.5") 
[4.293s] -- Using PYTHON_EXECUTABLE: /usr/bin/python3
[4.293s] -- Using PYTHON_INCLUDE_DIRS: /usr/include/python3.8
[4.293s] -- Using PYTHON_LIBRARIES: /usr/lib/x86_64-linux-gnu/libpython3.8.so
[4.320s] -- Found PythonExtra: .so  
[4.453s] -- Found ament_cmake_flake8: 0.9.6 (/opt/ros/foxy/share/ament_cmake_flake8/cmake)
[4.460s] -- Found ament_cmake_pep257: 0.9.6 (/opt/ros/foxy/share/ament_cmake_pep257/cmake)
[4.493s] -- Configuring done
[4.702s] -- Generating done
[4.706s] -- Build files have been written to: /home/fnikolay/turtlebot3_ws/build/turtlebot3_msgs
[4.965s] Invoked command in '/home/fnikolay/turtlebot3_ws/build/turtlebot3_msgs' returned '0': CMAKE_PREFIX_PATH=${CMAKE_PREFIX_PATH}:/opt/ros/foxy:/home/fnikolay/turtlebot3_ws/install/turtlebot3_teleop:/home/fnikolay/turtlebot3_ws/install/turtlebot3_example:/opt/ros/galactic /usr/bin/cmake /home/fnikolay/turtlebot3_ws/src/turtlebot3_msgs -DAMENT_CMAKE_SYMLINK_INSTALL=1 -DCMAKE_INSTALL_PREFIX=/home/fnikolay/turtlebot3_ws/install/turtlebot3_msgs
[4.969s] Invoking command in '/home/fnikolay/turtlebot3_ws/build/turtlebot3_msgs': CMAKE_PREFIX_PATH=${CMAKE_PREFIX_PATH}:/opt/ros/foxy:/home/fnikolay/turtlebot3_ws/install/turtlebot3_teleop:/home/fnikolay/turtlebot3_ws/install/turtlebot3_example:/opt/ros/galactic /usr/bin/cmake --build /home/fnikolay/turtlebot3_ws/build/turtlebot3_msgs -- -j4 -l4
[5.046s] [35m[1mScanning dependencies of target turtlebot3_msgs__cpp[0m
[5.065s] [  1%] [34m[1mGenerating C code for ROS interfaces[0m
[5.068s] [  2%] [34m[1mGenerating C++ code for ROS interfaces[0m
[6.989s] [35m[1mScanning dependencies of target turtlebot3_msgs__rosidl_generator_c[0m
[7.156s] [  4%] [32mBuilding C object CMakeFiles/turtlebot3_msgs__rosidl_generator_c.dir/rosidl_generator_c/turtlebot3_msgs/msg/detail/sensor_state__functions.c.o[0m
[7.160s] [  5%] [32mBuilding C object CMakeFiles/turtlebot3_msgs__rosidl_generator_c.dir/rosidl_generator_c/turtlebot3_msgs/msg/detail/sound__functions.c.o[0m
[7.202s] [  5%] Built target turtlebot3_msgs__cpp
[7.212s] [  7%] [32mBuilding C object CMakeFiles/turtlebot3_msgs__rosidl_generator_c.dir/rosidl_generator_c/turtlebot3_msgs/msg/detail/version_info__functions.c.o[0m
[7.246s] [  8%] [32mBuilding C object CMakeFiles/turtlebot3_msgs__rosidl_generator_c.dir/rosidl_generator_c/turtlebot3_msgs/srv/detail/sound__functions.c.o[0m
[7.276s] [  9%] [32mBuilding C object CMakeFiles/turtlebot3_msgs__rosidl_generator_c.dir/rosidl_generator_c/turtlebot3_msgs/srv/detail/dqn__functions.c.o[0m
[7.300s] [ 11%] [32mBuilding C object CMakeFiles/turtlebot3_msgs__rosidl_generator_c.dir/rosidl_generator_c/turtlebot3_msgs/action/detail/patrol__functions.c.o[0m
[7.339s] [ 12%] [34m[1mGenerating C++ type support dispatch for ROS interfaces[0m
[7.386s] [ 14%] [34m[1mGenerating C++ type support for eProsima Fast-RTPS[0m
[7.443s] [ 15%] [34m[1mGenerating C++ introspection for ROS interfaces[0m
[7.541s] [ 16%] [32m[1mLinking C shared library libturtlebot3_msgs__rosidl_generator_c.so[0m
[7.766s] [ 16%] Built target turtlebot3_msgs__rosidl_generator_c
[7.781s] [ 18%] [34m[1mGenerating C type support dispatch for ROS interfaces[0m
[8.333s] [35m[1mScanning dependencies of target turtlebot3_msgs__rosidl_typesupport_cpp[0m
[8.480s] [ 19%] [32mBuilding CXX object CMakeFiles/turtlebot3_msgs__rosidl_typesupport_cpp.dir/rosidl_typesupport_cpp/turtlebot3_msgs/msg/sensor_state__type_support.cpp.o[0m
[8.784s] [35m[1mScanning dependencies of target turtlebot3_msgs__rosidl_typesupport_introspection_cpp[0m
[8.809s] [35m[1mScanning dependencies of target turtlebot3_msgs__rosidl_typesupport_c[0m
[8.829s] [ 21%] [32mBuilding CXX object CMakeFiles/turtlebot3_msgs__rosidl_typesupport_introspection_cpp.dir/rosidl_typesupport_introspection_cpp/turtlebot3_msgs/msg/detail/sensor_state__type_support.cpp.o[0m
[8.870s] [ 22%] [32mBuilding CXX object CMakeFiles/turtlebot3_msgs__rosidl_typesupport_c.dir/rosidl_typesupport_c/turtlebot3_msgs/msg/sensor_state__type_support.cpp.o[0m
[8.968s] [35m[1mScanning dependencies of target turtlebot3_msgs__rosidl_typesupport_fastrtps_cpp[0m
[8.974s] [ 23%] [32mBuilding CXX object CMakeFiles/turtlebot3_msgs__rosidl_typesupport_c.dir/rosidl_typesupport_c/turtlebot3_msgs/msg/sound__type_support.cpp.o[0m
[9.001s] [ 25%] [32mBuilding CXX object CMakeFiles/turtlebot3_msgs__rosidl_typesupport_cpp.dir/rosidl_typesupport_cpp/turtlebot3_msgs/msg/sound__type_support.cpp.o[0m
[9.010s] [ 26%] [32mBuilding CXX object CMakeFiles/turtlebot3_msgs__rosidl_typesupport_c.dir/rosidl_typesupport_c/turtlebot3_msgs/msg/version_info__type_support.cpp.o[0m
[9.035s] [ 28%] [32mBuilding CXX object CMakeFiles/turtlebot3_msgs__rosidl_typesupport_fastrtps_cpp.dir/rosidl_typesupport_fastrtps_cpp/turtlebot3_msgs/msg/detail/dds_fastrtps/sensor_state__type_support.cpp.o[0m
[9.083s] [ 29%] [32mBuilding CXX object CMakeFiles/turtlebot3_msgs__rosidl_typesupport_c.dir/rosidl_typesupport_c/turtlebot3_msgs/srv/sound__type_support.cpp.o[0m
[9.201s] [ 30%] [32mBuilding CXX object CMakeFiles/turtlebot3_msgs__rosidl_typesupport_c.dir/rosidl_typesupport_c/turtlebot3_msgs/srv/dqn__type_support.cpp.o[0m
[9.253s] [ 32%] [32mBuilding CXX object CMakeFiles/turtlebot3_msgs__rosidl_typesupport_c.dir/rosidl_typesupport_c/turtlebot3_msgs/action/patrol__type_support.cpp.o[0m
[9.354s] [ 33%] [32m[1mLinking CXX shared library libturtlebot3_msgs__rosidl_typesupport_c.so[0m
[9.398s] [ 35%] [32mBuilding CXX object CMakeFiles/turtlebot3_msgs__rosidl_typesupport_introspection_cpp.dir/rosidl_typesupport_introspection_cpp/turtlebot3_msgs/msg/detail/sound__type_support.cpp.o[0m
[9.471s] [ 35%] Built target turtlebot3_msgs__rosidl_typesupport_c
[9.485s] [ 36%] [34m[1mGenerating C introspection for ROS interfaces[0m
[9.496s] [ 38%] [32mBuilding CXX object CMakeFiles/turtlebot3_msgs__rosidl_typesupport_cpp.dir/rosidl_typesupport_cpp/turtlebot3_msgs/msg/version_info__type_support.cpp.o[0m
[9.654s] [ 39%] [32mBuilding CXX object CMakeFiles/turtlebot3_msgs__rosidl_typesupport_fastrtps_cpp.dir/rosidl_typesupport_fastrtps_cpp/turtlebot3_msgs/msg/detail/dds_fastrtps/sound__type_support.cpp.o[0m
[9.867s] [ 40%] [32mBuilding CXX object CMakeFiles/turtlebot3_msgs__rosidl_typesupport_introspection_cpp.dir/rosidl_typesupport_introspection_cpp/turtlebot3_msgs/msg/detail/version_info__type_support.cpp.o[0m
[10.018s] [ 42%] [32mBuilding CXX object CMakeFiles/turtlebot3_msgs__rosidl_typesupport_cpp.dir/rosidl_typesupport_cpp/turtlebot3_msgs/srv/sound__type_support.cpp.o[0m
[10.171s] [ 43%] [32mBuilding CXX object CMakeFiles/turtlebot3_msgs__rosidl_typesupport_fastrtps_cpp.dir/rosidl_typesupport_fastrtps_cpp/turtlebot3_msgs/msg/detail/dds_fastrtps/version_info__type_support.cpp.o[0m
[10.247s] [ 45%] [32mBuilding CXX object CMakeFiles/turtlebot3_msgs__rosidl_typesupport_introspection_cpp.dir/rosidl_typesupport_introspection_cpp/turtlebot3_msgs/srv/detail/sound__type_support.cpp.o[0m
[10.499s] [ 46%] [32mBuilding CXX object CMakeFiles/turtlebot3_msgs__rosidl_typesupport_cpp.dir/rosidl_typesupport_cpp/turtlebot3_msgs/srv/dqn__type_support.cpp.o[0m
[10.671s] [ 47%] [32mBuilding CXX object CMakeFiles/turtlebot3_msgs__rosidl_typesupport_introspection_cpp.dir/rosidl_typesupport_introspection_cpp/turtlebot3_msgs/srv/detail/dqn__type_support.cpp.o[0m
[10.695s] [ 49%] [32mBuilding CXX object CMakeFiles/turtlebot3_msgs__rosidl_typesupport_fastrtps_cpp.dir/rosidl_typesupport_fastrtps_cpp/turtlebot3_msgs/srv/detail/dds_fastrtps/sound__type_support.cpp.o[0m
[10.760s] [35m[1mScanning dependencies of target turtlebot3_msgs__rosidl_typesupport_introspection_c[0m
[10.866s] [ 50%] [32mBuilding C object CMakeFiles/turtlebot3_msgs__rosidl_typesupport_introspection_c.dir/rosidl_typesupport_introspection_c/turtlebot3_msgs/msg/detail/sensor_state__type_support.c.o[0m
[10.929s] [ 52%] [32mBuilding C object CMakeFiles/turtlebot3_msgs__rosidl_typesupport_introspection_c.dir/rosidl_typesupport_introspection_c/turtlebot3_msgs/msg/detail/sound__type_support.c.o[0m
[10.970s] [ 53%] [32mBuilding C object CMakeFiles/turtlebot3_msgs__rosidl_typesupport_introspection_c.dir/rosidl_typesupport_introspection_c/turtlebot3_msgs/msg/detail/version_info__type_support.c.o[0m
[10.997s] [ 54%] [32mBuilding CXX object CMakeFiles/turtlebot3_msgs__rosidl_typesupport_cpp.dir/rosidl_typesupport_cpp/turtlebot3_msgs/action/patrol__type_support.cpp.o[0m
[11.018s] [ 56%] [32mBuilding C object CMakeFiles/turtlebot3_msgs__rosidl_typesupport_introspection_c.dir/rosidl_typesupport_introspection_c/turtlebot3_msgs/srv/detail/sound__type_support.c.o[0m
[11.133s] [ 57%] [32mBuilding C object CMakeFiles/turtlebot3_msgs__rosidl_typesupport_introspection_c.dir/rosidl_typesupport_introspection_c/turtlebot3_msgs/srv/detail/dqn__type_support.c.o[0m
[11.186s] [ 59%] [32mBuilding C object CMakeFiles/turtlebot3_msgs__rosidl_typesupport_introspection_c.dir/rosidl_typesupport_introspection_c/turtlebot3_msgs/action/detail/patrol__type_support.c.o[0m
[11.231s] [ 60%] [32mBuilding CXX object CMakeFiles/turtlebot3_msgs__rosidl_typesupport_introspection_cpp.dir/rosidl_typesupport_introspection_cpp/turtlebot3_msgs/action/detail/patrol__type_support.cpp.o[0m
[11.256s] [ 61%] [32m[1mLinking C shared library libturtlebot3_msgs__rosidl_typesupport_introspection_c.so[0m
[11.330s] [ 61%] Built target turtlebot3_msgs__rosidl_typesupport_introspection_c
[11.350s] [ 63%] [32mBuilding CXX object CMakeFiles/turtlebot3_msgs__rosidl_typesupport_fastrtps_cpp.dir/rosidl_typesupport_fastrtps_cpp/turtlebot3_msgs/srv/detail/dds_fastrtps/dqn__type_support.cpp.o[0m
[11.365s] [ 64%] [32mBuilding CXX object CMakeFiles/turtlebot3_msgs__rosidl_typesupport_fastrtps_cpp.dir/rosidl_typesupport_fastrtps_cpp/turtlebot3_msgs/action/detail/dds_fastrtps/patrol__type_support.cpp.o[0m
[11.677s] [ 66%] [32m[1mLinking CXX shared library libturtlebot3_msgs__rosidl_typesupport_cpp.so[0m
[11.749s] [ 67%] [32m[1mLinking CXX shared library libturtlebot3_msgs__rosidl_typesupport_introspection_cpp.so[0m
[11.810s] [ 67%] Built target turtlebot3_msgs__rosidl_typesupport_cpp
[11.887s] [ 67%] Built target turtlebot3_msgs__rosidl_typesupport_introspection_cpp
[12.141s] [ 69%] [32m[1mLinking CXX shared library libturtlebot3_msgs__rosidl_typesupport_fastrtps_cpp.so[0m
[12.257s] [ 69%] Built target turtlebot3_msgs__rosidl_typesupport_fastrtps_cpp
[12.270s] [ 70%] [34m[1mGenerating C type support for eProsima Fast-RTPS[0m
[13.234s] [35m[1mScanning dependencies of target turtlebot3_msgs__rosidl_typesupport_fastrtps_c[0m
[13.264s] [ 71%] [32mBuilding CXX object CMakeFiles/turtlebot3_msgs__rosidl_typesupport_fastrtps_c.dir/rosidl_typesupport_fastrtps_c/turtlebot3_msgs/msg/detail/sensor_state__type_support_c.cpp.o[0m
[13.265s] [ 73%] [32mBuilding CXX object CMakeFiles/turtlebot3_msgs__rosidl_typesupport_fastrtps_c.dir/rosidl_typesupport_fastrtps_c/turtlebot3_msgs/msg/detail/sound__type_support_c.cpp.o[0m
[13.266s] [ 74%] [32mBuilding CXX object CMakeFiles/turtlebot3_msgs__rosidl_typesupport_fastrtps_c.dir/rosidl_typesupport_fastrtps_c/turtlebot3_msgs/msg/detail/version_info__type_support_c.cpp.o[0m
[13.275s] [ 76%] [32mBuilding CXX object CMakeFiles/turtlebot3_msgs__rosidl_typesupport_fastrtps_c.dir/rosidl_typesupport_fastrtps_c/turtlebot3_msgs/srv/detail/sound__type_support_c.cpp.o[0m
[13.771s] [ 77%] [32mBuilding CXX object CMakeFiles/turtlebot3_msgs__rosidl_typesupport_fastrtps_c.dir/rosidl_typesupport_fastrtps_c/turtlebot3_msgs/srv/detail/dqn__type_support_c.cpp.o[0m
[13.807s] [ 78%] [32mBuilding CXX object CMakeFiles/turtlebot3_msgs__rosidl_typesupport_fastrtps_c.dir/rosidl_typesupport_fastrtps_c/turtlebot3_msgs/action/detail/patrol__type_support_c.cpp.o[0m
[14.290s] [ 80%] [32m[1mLinking CXX shared library libturtlebot3_msgs__rosidl_typesupport_fastrtps_c.so[0m
[14.397s] [ 80%] Built target turtlebot3_msgs__rosidl_typesupport_fastrtps_c
[14.409s] [35m[1mScanning dependencies of target turtlebot3_msgs[0m
[14.420s] [ 80%] Built target turtlebot3_msgs
[14.432s] [35m[1mScanning dependencies of target turtlebot3_msgs__py[0m
[14.445s] [ 81%] [34m[1mGenerating Python code for ROS interfaces[0m
[16.588s] [ 81%] Built target turtlebot3_msgs__py
[16.600s] [35m[1mScanning dependencies of target turtlebot3_msgs__python[0m
[16.632s] [ 83%] [32mBuilding C object CMakeFiles/turtlebot3_msgs__python.dir/rosidl_generator_py/turtlebot3_msgs/msg/_sensor_state_s.c.o[0m
[16.632s] [ 84%] [32mBuilding C object CMakeFiles/turtlebot3_msgs__python.dir/rosidl_generator_py/turtlebot3_msgs/msg/_sound_s.c.o[0m
[16.633s] [ 85%] [32mBuilding C object CMakeFiles/turtlebot3_msgs__python.dir/rosidl_generator_py/turtlebot3_msgs/msg/_version_info_s.c.o[0m
[16.643s] [ 87%] [32mBuilding C object CMakeFiles/turtlebot3_msgs__python.dir/rosidl_generator_py/turtlebot3_msgs/srv/_sound_s.c.o[0m
[16.772s] [ 88%] [32mBuilding C object CMakeFiles/turtlebot3_msgs__python.dir/rosidl_generator_py/turtlebot3_msgs/srv/_dqn_s.c.o[0m
[16.791s] [ 90%] [32mBuilding C object CMakeFiles/turtlebot3_msgs__python.dir/rosidl_generator_py/turtlebot3_msgs/action/_patrol_s.c.o[0m
[16.943s] [ 91%] [32m[1mLinking C shared library rosidl_generator_py/turtlebot3_msgs/libturtlebot3_msgs__python.so[0m
[16.996s] [ 91%] Built target turtlebot3_msgs__python
[17.008s] [35m[1mScanning dependencies of target turtlebot3_msgs__rosidl_typesupport_fastrtps_c__pyext[0m
[17.008s] [35m[1mScanning dependencies of target turtlebot3_msgs__rosidl_typesupport_introspection_c__pyext[0m
[17.009s] [35m[1mScanning dependencies of target turtlebot3_msgs__rosidl_typesupport_c__pyext[0m
[17.036s] [ 94%] [32mBuilding C object CMakeFiles/turtlebot3_msgs__rosidl_typesupport_c__pyext.dir/rosidl_generator_py/turtlebot3_msgs/_turtlebot3_msgs_s.ep.rosidl_typesupport_c.c.o[0m
[17.036s] [ 94%] [32mBuilding C object CMakeFiles/turtlebot3_msgs__rosidl_typesupport_introspection_c__pyext.dir/rosidl_generator_py/turtlebot3_msgs/_turtlebot3_msgs_s.ep.rosidl_typesupport_introspection_c.c.o[0m
[17.039s] [ 95%] [32mBuilding C object CMakeFiles/turtlebot3_msgs__rosidl_typesupport_fastrtps_c__pyext.dir/rosidl_generator_py/turtlebot3_msgs/_turtlebot3_msgs_s.ep.rosidl_typesupport_fastrtps_c.c.o[0m
[17.198s] [ 97%] [32m[1mLinking C shared library rosidl_generator_py/turtlebot3_msgs/turtlebot3_msgs_s__rosidl_typesupport_c.cpython-38-x86_64-linux-gnu.so[0m
[17.204s] [ 98%] [32m[1mLinking C shared library rosidl_generator_py/turtlebot3_msgs/turtlebot3_msgs_s__rosidl_typesupport_introspection_c.cpython-38-x86_64-linux-gnu.so[0m
[17.229s] [100%] [32m[1mLinking CXX shared library rosidl_generator_py/turtlebot3_msgs/turtlebot3_msgs_s__rosidl_typesupport_fastrtps_c.cpython-38-x86_64-linux-gnu.so[0m
[17.251s] [100%] Built target turtlebot3_msgs__rosidl_typesupport_c__pyext
[17.262s] [100%] Built target turtlebot3_msgs__rosidl_typesupport_introspection_c__pyext
[17.309s] [100%] Built target turtlebot3_msgs__rosidl_typesupport_fastrtps_c__pyext
[17.323s] Invoked command in '/home/fnikolay/turtlebot3_ws/build/turtlebot3_msgs' returned '0': CMAKE_PREFIX_PATH=${CMAKE_PREFIX_PATH}:/opt/ros/foxy:/home/fnikolay/turtlebot3_ws/install/turtlebot3_teleop:/home/fnikolay/turtlebot3_ws/install/turtlebot3_example:/opt/ros/galactic /usr/bin/cmake --build /home/fnikolay/turtlebot3_ws/build/turtlebot3_msgs -- -j4 -l4
[17.455s] Invoking command in '/home/fnikolay/turtlebot3_ws/build/turtlebot3_msgs': CMAKE_PREFIX_PATH=${CMAKE_PREFIX_PATH}:/opt/ros/foxy:/home/fnikolay/turtlebot3_ws/install/turtlebot3_teleop:/home/fnikolay/turtlebot3_ws/install/turtlebot3_example:/opt/ros/galactic /usr/bin/cmake --install /home/fnikolay/turtlebot3_ws/build/turtlebot3_msgs
[17.465s] -- Install configuration: ""
[17.466s] -- Execute custom install script
[17.466s] -- Symlinking: /home/fnikolay/turtlebot3_ws/install/turtlebot3_msgs/share/ament_index/resource_index/rosidl_interfaces/turtlebot3_msgs
[17.478s] -- Symlinking: /home/fnikolay/turtlebot3_ws/install/turtlebot3_msgs/include/turtlebot3_msgs/action/detail/patrol__functions.h
[17.488s] -- Symlinking: /home/fnikolay/turtlebot3_ws/install/turtlebot3_msgs/include/turtlebot3_msgs/action/detail/patrol__struct.h
[17.498s] -- Symlinking: /home/fnikolay/turtlebot3_ws/install/turtlebot3_msgs/include/turtlebot3_msgs/action/detail/patrol__type_support.h
[17.509s] -- Symlinking: /home/fnikolay/turtlebot3_ws/install/turtlebot3_msgs/include/turtlebot3_msgs/action/patrol.h
[17.519s] -- Symlinking: /home/fnikolay/turtlebot3_ws/install/turtlebot3_msgs/include/turtlebot3_msgs/msg/detail/sensor_state__functions.h
[17.529s] -- Symlinking: /home/fnikolay/turtlebot3_ws/install/turtlebot3_msgs/include/turtlebot3_msgs/msg/detail/sensor_state__struct.h
[17.539s] -- Symlinking: /home/fnikolay/turtlebot3_ws/install/turtlebot3_msgs/include/turtlebot3_msgs/msg/detail/sensor_state__type_support.h
[17.550s] -- Symlinking: /home/fnikolay/turtlebot3_ws/install/turtlebot3_msgs/include/turtlebot3_msgs/msg/detail/sound__functions.h
[17.561s] -- Symlinking: /home/fnikolay/turtlebot3_ws/install/turtlebot3_msgs/include/turtlebot3_msgs/msg/detail/sound__struct.h
[17.570s] -- Symlinking: /home/fnikolay/turtlebot3_ws/install/turtlebot3_msgs/include/turtlebot3_msgs/msg/detail/sound__type_support.h
[17.581s] -- Symlinking: /home/fnikolay/turtlebot3_ws/install/turtlebot3_msgs/include/turtlebot3_msgs/msg/detail/version_info__functions.h
[17.591s] -- Symlinking: /home/fnikolay/turtlebot3_ws/install/turtlebot3_msgs/include/turtlebot3_msgs/msg/detail/version_info__struct.h
[17.601s] -- Symlinking: /home/fnikolay/turtlebot3_ws/install/turtlebot3_msgs/include/turtlebot3_msgs/msg/detail/version_info__type_support.h
[17.612s] -- Symlinking: /home/fnikolay/turtlebot3_ws/install/turtlebot3_msgs/include/turtlebot3_msgs/msg/rosidl_generator_c__visibility_control.h
[17.622s] -- Symlinking: /home/fnikolay/turtlebot3_ws/install/turtlebot3_msgs/include/turtlebot3_msgs/msg/sensor_state.h
[17.632s] -- Symlinking: /home/fnikolay/turtlebot3_ws/install/turtlebot3_msgs/include/turtlebot3_msgs/msg/sound.h
[17.642s] -- Symlinking: /home/fnikolay/turtlebot3_ws/install/turtlebot3_msgs/include/turtlebot3_msgs/msg/version_info.h
[17.653s] -- Symlinking: /home/fnikolay/turtlebot3_ws/install/turtlebot3_msgs/include/turtlebot3_msgs/srv/detail/dqn__functions.h
[17.663s] -- Symlinking: /home/fnikolay/turtlebot3_ws/install/turtlebot3_msgs/include/turtlebot3_msgs/srv/detail/dqn__struct.h
[17.673s] -- Symlinking: /home/fnikolay/turtlebot3_ws/install/turtlebot3_msgs/include/turtlebot3_msgs/srv/detail/dqn__type_support.h
[17.683s] -- Symlinking: /home/fnikolay/turtlebot3_ws/install/turtlebot3_msgs/include/turtlebot3_msgs/srv/detail/sound__functions.h
[17.694s] -- Symlinking: /home/fnikolay/turtlebot3_ws/install/turtlebot3_msgs/include/turtlebot3_msgs/srv/detail/sound__struct.h
[17.704s] -- Symlinking: /home/fnikolay/turtlebot3_ws/install/turtlebot3_msgs/include/turtlebot3_msgs/srv/detail/sound__type_support.h
[17.714s] -- Symlinking: /home/fnikolay/turtlebot3_ws/install/turtlebot3_msgs/include/turtlebot3_msgs/srv/dqn.h
[17.724s] -- Symlinking: /home/fnikolay/turtlebot3_ws/install/turtlebot3_msgs/include/turtlebot3_msgs/srv/sound.h
[17.735s] -- Symlinking: /home/fnikolay/turtlebot3_ws/install/turtlebot3_msgs/share/turtlebot3_msgs/environment/library_path.sh
[17.745s] -- Symlinking: /home/fnikolay/turtlebot3_ws/install/turtlebot3_msgs/share/turtlebot3_msgs/environment/library_path.dsv
[17.756s] -- Symlinking: /home/fnikolay/turtlebot3_ws/install/turtlebot3_msgs/include/turtlebot3_msgs/action/detail/patrol__rosidl_typesupport_fastrtps_c.h
[17.767s] -- Symlinking: /home/fnikolay/turtlebot3_ws/install/turtlebot3_msgs/include/turtlebot3_msgs/msg/detail/sensor_state__rosidl_typesupport_fastrtps_c.h
[17.777s] -- Symlinking: /home/fnikolay/turtlebot3_ws/install/turtlebot3_msgs/include/turtlebot3_msgs/msg/detail/sound__rosidl_typesupport_fastrtps_c.h
[17.787s] -- Symlinking: /home/fnikolay/turtlebot3_ws/install/turtlebot3_msgs/include/turtlebot3_msgs/msg/detail/version_info__rosidl_typesupport_fastrtps_c.h
[17.798s] -- Symlinking: /home/fnikolay/turtlebot3_ws/install/turtlebot3_msgs/include/turtlebot3_msgs/msg/rosidl_typesupport_fastrtps_c__visibility_control.h
[17.808s] -- Symlinking: /home/fnikolay/turtlebot3_ws/install/turtlebot3_msgs/include/turtlebot3_msgs/srv/detail/dqn__rosidl_typesupport_fastrtps_c.h
[17.818s] -- Symlinking: /home/fnikolay/turtlebot3_ws/install/turtlebot3_msgs/include/turtlebot3_msgs/srv/detail/sound__rosidl_typesupport_fastrtps_c.h
[17.828s] -- Symlinking: /home/fnikolay/turtlebot3_ws/install/turtlebot3_msgs/lib/libturtlebot3_msgs__rosidl_typesupport_fastrtps_c.so
[17.841s] -- Symlinking: /home/fnikolay/turtlebot3_ws/install/turtlebot3_msgs/include/turtlebot3_msgs/action/detail/patrol__rosidl_typesupport_fastrtps_cpp.hpp
[17.850s] -- Symlinking: /home/fnikolay/turtlebot3_ws/install/turtlebot3_msgs/include/turtlebot3_msgs/msg/detail/sensor_state__rosidl_typesupport_fastrtps_cpp.hpp
[17.861s] -- Symlinking: /home/fnikolay/turtlebot3_ws/install/turtlebot3_msgs/include/turtlebot3_msgs/msg/detail/sound__rosidl_typesupport_fastrtps_cpp.hpp
[17.871s] -- Symlinking: /home/fnikolay/turtlebot3_ws/install/turtlebot3_msgs/include/turtlebot3_msgs/msg/detail/version_info__rosidl_typesupport_fastrtps_cpp.hpp
[17.881s] -- Symlinking: /home/fnikolay/turtlebot3_ws/install/turtlebot3_msgs/include/turtlebot3_msgs/msg/rosidl_typesupport_fastrtps_cpp__visibility_control.h
[17.892s] -- Symlinking: /home/fnikolay/turtlebot3_ws/install/turtlebot3_msgs/include/turtlebot3_msgs/srv/detail/dqn__rosidl_typesupport_fastrtps_cpp.hpp
[17.902s] -- Symlinking: /home/fnikolay/turtlebot3_ws/install/turtlebot3_msgs/include/turtlebot3_msgs/srv/detail/sound__rosidl_typesupport_fastrtps_cpp.hpp
[17.913s] -- Symlinking: /home/fnikolay/turtlebot3_ws/install/turtlebot3_msgs/lib/libturtlebot3_msgs__rosidl_typesupport_fastrtps_cpp.so
[17.924s] -- Symlinking: /home/fnikolay/turtlebot3_ws/install/turtlebot3_msgs/include/turtlebot3_msgs/action/detail/patrol__rosidl_typesupport_introspection_c.h
[17.934s] -- Symlinking: /home/fnikolay/turtlebot3_ws/install/turtlebot3_msgs/include/turtlebot3_msgs/msg/detail/sensor_state__rosidl_typesupport_introspection_c.h
[17.945s] -- Symlinking: /home/fnikolay/turtlebot3_ws/install/turtlebot3_msgs/include/turtlebot3_msgs/msg/detail/sound__rosidl_typesupport_introspection_c.h
[17.955s] -- Symlinking: /home/fnikolay/turtlebot3_ws/install/turtlebot3_msgs/include/turtlebot3_msgs/msg/detail/version_info__rosidl_typesupport_introspection_c.h
[17.965s] -- Symlinking: /home/fnikolay/turtlebot3_ws/install/turtlebot3_msgs/include/turtlebot3_msgs/msg/rosidl_typesupport_introspection_c__visibility_control.h
[17.976s] -- Symlinking: /home/fnikolay/turtlebot3_ws/install/turtlebot3_msgs/include/turtlebot3_msgs/srv/detail/dqn__rosidl_typesupport_introspection_c.h
[17.986s] -- Symlinking: /home/fnikolay/turtlebot3_ws/install/turtlebot3_msgs/include/turtlebot3_msgs/srv/detail/sound__rosidl_typesupport_introspection_c.h
[17.997s] -- Symlinking: /home/fnikolay/turtlebot3_ws/install/turtlebot3_msgs/include/turtlebot3_msgs/action/detail/patrol__builder.hpp
[18.008s] -- Symlinking: /home/fnikolay/turtlebot3_ws/install/turtlebot3_msgs/include/turtlebot3_msgs/action/detail/patrol__struct.hpp
[18.017s] -- Symlinking: /home/fnikolay/turtlebot3_ws/install/turtlebot3_msgs/include/turtlebot3_msgs/action/detail/patrol__traits.hpp
[18.029s] -- Symlinking: /home/fnikolay/turtlebot3_ws/install/turtlebot3_msgs/include/turtlebot3_msgs/action/patrol.hpp
[18.038s] -- Symlinking: /home/fnikolay/turtlebot3_ws/install/turtlebot3_msgs/include/turtlebot3_msgs/msg/detail/sensor_state__builder.hpp
[18.049s] -- Symlinking: /home/fnikolay/turtlebot3_ws/install/turtlebot3_msgs/include/turtlebot3_msgs/msg/detail/sensor_state__struct.hpp
[18.060s] -- Symlinking: /home/fnikolay/turtlebot3_ws/install/turtlebot3_msgs/include/turtlebot3_msgs/msg/detail/sensor_state__traits.hpp
[18.070s] -- Symlinking: /home/fnikolay/turtlebot3_ws/install/turtlebot3_msgs/include/turtlebot3_msgs/msg/detail/sound__builder.hpp
[18.080s] -- Symlinking: /home/fnikolay/turtlebot3_ws/install/turtlebot3_msgs/include/turtlebot3_msgs/msg/detail/sound__struct.hpp
[18.091s] -- Symlinking: /home/fnikolay/turtlebot3_ws/install/turtlebot3_msgs/include/turtlebot3_msgs/msg/detail/sound__traits.hpp
[18.101s] -- Symlinking: /home/fnikolay/turtlebot3_ws/install/turtlebot3_msgs/include/turtlebot3_msgs/msg/detail/version_info__builder.hpp
[18.111s] -- Symlinking: /home/fnikolay/turtlebot3_ws/install/turtlebot3_msgs/include/turtlebot3_msgs/msg/detail/version_info__struct.hpp
[18.121s] -- Symlinking: /home/fnikolay/turtlebot3_ws/install/turtlebot3_msgs/include/turtlebot3_msgs/msg/detail/version_info__traits.hpp
[18.132s] -- Symlinking: /home/fnikolay/turtlebot3_ws/install/turtlebot3_msgs/include/turtlebot3_msgs/msg/sensor_state.hpp
[18.142s] -- Symlinking: /home/fnikolay/turtlebot3_ws/install/turtlebot3_msgs/include/turtlebot3_msgs/msg/sound.hpp
[18.155s] -- Symlinking: /home/fnikolay/turtlebot3_ws/install/turtlebot3_msgs/include/turtlebot3_msgs/msg/version_info.hpp
[18.167s] -- Symlinking: /home/fnikolay/turtlebot3_ws/install/turtlebot3_msgs/include/turtlebot3_msgs/srv/detail/dqn__builder.hpp
[18.177s] -- Symlinking: /home/fnikolay/turtlebot3_ws/install/turtlebot3_msgs/include/turtlebot3_msgs/srv/detail/dqn__struct.hpp
[18.187s] -- Symlinking: /home/fnikolay/turtlebot3_ws/install/turtlebot3_msgs/include/turtlebot3_msgs/srv/detail/dqn__traits.hpp
[18.198s] -- Symlinking: /home/fnikolay/turtlebot3_ws/install/turtlebot3_msgs/include/turtlebot3_msgs/srv/detail/sound__builder.hpp
[18.209s] -- Symlinking: /home/fnikolay/turtlebot3_ws/install/turtlebot3_msgs/include/turtlebot3_msgs/srv/detail/sound__struct.hpp
[18.219s] -- Symlinking: /home/fnikolay/turtlebot3_ws/install/turtlebot3_msgs/include/turtlebot3_msgs/srv/detail/sound__traits.hpp
[18.230s] -- Symlinking: /home/fnikolay/turtlebot3_ws/install/turtlebot3_msgs/include/turtlebot3_msgs/srv/dqn.hpp
[18.242s] -- Symlinking: /home/fnikolay/turtlebot3_ws/install/turtlebot3_msgs/include/turtlebot3_msgs/srv/sound.hpp
[18.252s] -- Symlinking: /home/fnikolay/turtlebot3_ws/install/turtlebot3_msgs/include/turtlebot3_msgs/action/detail/patrol__rosidl_typesupport_introspection_cpp.hpp
[18.263s] -- Symlinking: /home/fnikolay/turtlebot3_ws/install/turtlebot3_msgs/include/turtlebot3_msgs/msg/detail/sensor_state__rosidl_typesupport_introspection_cpp.hpp
[18.273s] -- Symlinking: /home/fnikolay/turtlebot3_ws/install/turtlebot3_msgs/include/turtlebot3_msgs/msg/detail/sound__rosidl_typesupport_introspection_cpp.hpp
[18.284s] -- Symlinking: /home/fnikolay/turtlebot3_ws/install/turtlebot3_msgs/include/turtlebot3_msgs/msg/detail/version_info__rosidl_typesupport_introspection_cpp.hpp
[18.294s] -- Symlinking: /home/fnikolay/turtlebot3_ws/install/turtlebot3_msgs/include/turtlebot3_msgs/srv/detail/dqn__rosidl_typesupport_introspection_cpp.hpp
[18.305s] -- Symlinking: /home/fnikolay/turtlebot3_ws/install/turtlebot3_msgs/include/turtlebot3_msgs/srv/detail/sound__rosidl_typesupport_introspection_cpp.hpp
[18.315s] -- Symlinking: /home/fnikolay/turtlebot3_ws/install/turtlebot3_msgs/share/turtlebot3_msgs/environment/pythonpath.sh
[18.326s] -- Symlinking: /home/fnikolay/turtlebot3_ws/install/turtlebot3_msgs/share/turtlebot3_msgs/environment/pythonpath.dsv
[18.337s] -- Symlinking: /home/fnikolay/turtlebot3_ws/install/turtlebot3_msgs/lib/python3.8/site-packages/turtlebot3_msgs/__init__.py
[18.348s] -- Symlinking: /home/fnikolay/turtlebot3_ws/install/turtlebot3_msgs/lib/python3.8/site-packages/turtlebot3_msgs/msg/__init__.py
[18.359s] -- Symlinking: /home/fnikolay/turtlebot3_ws/install/turtlebot3_msgs/lib/python3.8/site-packages/turtlebot3_msgs/msg/_sensor_state.py
[18.369s] -- Symlinking: /home/fnikolay/turtlebot3_ws/install/turtlebot3_msgs/lib/python3.8/site-packages/turtlebot3_msgs/msg/_sound.py
[18.380s] -- Symlinking: /home/fnikolay/turtlebot3_ws/install/turtlebot3_msgs/lib/python3.8/site-packages/turtlebot3_msgs/msg/_version_info.py
[18.391s] -- Symlinking: /home/fnikolay/turtlebot3_ws/install/turtlebot3_msgs/lib/python3.8/site-packages/turtlebot3_msgs/srv/__init__.py
[18.402s] -- Symlinking: /home/fnikolay/turtlebot3_ws/install/turtlebot3_msgs/lib/python3.8/site-packages/turtlebot3_msgs/srv/_dqn.py
[18.412s] -- Symlinking: /home/fnikolay/turtlebot3_ws/install/turtlebot3_msgs/lib/python3.8/site-packages/turtlebot3_msgs/srv/_sound.py
[18.423s] -- Symlinking: /home/fnikolay/turtlebot3_ws/install/turtlebot3_msgs/lib/python3.8/site-packages/turtlebot3_msgs/action/__init__.py
[18.434s] -- Symlinking: /home/fnikolay/turtlebot3_ws/install/turtlebot3_msgs/lib/python3.8/site-packages/turtlebot3_msgs/action/_patrol.py
[18.445s] -- Symlinking: /home/fnikolay/turtlebot3_ws/install/turtlebot3_msgs/lib/python3.8/site-packages/turtlebot3_msgs/turtlebot3_msgs_s__rosidl_typesupport_fastrtps_c.cpython-38-x86_64-linux-gnu.so
[18.456s] -- Symlinking: /home/fnikolay/turtlebot3_ws/install/turtlebot3_msgs/lib/python3.8/site-packages/turtlebot3_msgs/turtlebot3_msgs_s__rosidl_typesupport_introspection_c.cpython-38-x86_64-linux-gnu.so
[18.468s] -- Symlinking: /home/fnikolay/turtlebot3_ws/install/turtlebot3_msgs/lib/python3.8/site-packages/turtlebot3_msgs/turtlebot3_msgs_s__rosidl_typesupport_c.cpython-38-x86_64-linux-gnu.so
[18.479s] -- Symlinking: /home/fnikolay/turtlebot3_ws/install/turtlebot3_msgs/lib/libturtlebot3_msgs__python.so
[18.489s] -- Symlinking: /home/fnikolay/turtlebot3_ws/install/turtlebot3_msgs/share/turtlebot3_msgs/msg/SensorState.idl
[18.500s] -- Symlinking: /home/fnikolay/turtlebot3_ws/install/turtlebot3_msgs/share/turtlebot3_msgs/msg/Sound.idl
[18.510s] -- Symlinking: /home/fnikolay/turtlebot3_ws/install/turtlebot3_msgs/share/turtlebot3_msgs/msg/VersionInfo.idl
[18.521s] -- Symlinking: /home/fnikolay/turtlebot3_ws/install/turtlebot3_msgs/share/turtlebot3_msgs/srv/Sound.idl
[18.531s] -- Symlinking: /home/fnikolay/turtlebot3_ws/install/turtlebot3_msgs/share/turtlebot3_msgs/srv/Dqn.idl
[18.542s] -- Symlinking: /home/fnikolay/turtlebot3_ws/install/turtlebot3_msgs/share/turtlebot3_msgs/action/Patrol.idl
[18.553s] -- Symlinking: /home/fnikolay/turtlebot3_ws/install/turtlebot3_msgs/share/turtlebot3_msgs/msg/SensorState.msg
[18.563s] -- Symlinking: /home/fnikolay/turtlebot3_ws/install/turtlebot3_msgs/share/turtlebot3_msgs/msg/Sound.msg
[18.574s] -- Symlinking: /home/fnikolay/turtlebot3_ws/install/turtlebot3_msgs/share/turtlebot3_msgs/msg/VersionInfo.msg
[18.584s] -- Symlinking: /home/fnikolay/turtlebot3_ws/install/turtlebot3_msgs/share/turtlebot3_msgs/srv/Sound.srv
[18.595s] -- Symlinking: /home/fnikolay/turtlebot3_ws/install/turtlebot3_msgs/share/turtlebot3_msgs/srv/Sound_Request.msg
[18.605s] -- Symlinking: /home/fnikolay/turtlebot3_ws/install/turtlebot3_msgs/share/turtlebot3_msgs/srv/Sound_Response.msg
[18.616s] -- Symlinking: /home/fnikolay/turtlebot3_ws/install/turtlebot3_msgs/share/turtlebot3_msgs/srv/Dqn.srv
[18.627s] -- Symlinking: /home/fnikolay/turtlebot3_ws/install/turtlebot3_msgs/share/turtlebot3_msgs/srv/Dqn_Request.msg
[18.637s] -- Symlinking: /home/fnikolay/turtlebot3_ws/install/turtlebot3_msgs/share/turtlebot3_msgs/srv/Dqn_Response.msg
[18.648s] -- Symlinking: /home/fnikolay/turtlebot3_ws/install/turtlebot3_msgs/share/turtlebot3_msgs/action/Patrol.action
[18.659s] -- Symlinking: /home/fnikolay/turtlebot3_ws/install/turtlebot3_msgs/share/ament_index/resource_index/package_run_dependencies/turtlebot3_msgs
[18.670s] -- Symlinking: /home/fnikolay/turtlebot3_ws/install/turtlebot3_msgs/share/ament_index/resource_index/parent_prefix_path/turtlebot3_msgs
[18.680s] -- Symlinking: /home/fnikolay/turtlebot3_ws/install/turtlebot3_msgs/share/turtlebot3_msgs/environment/ament_prefix_path.sh
[18.691s] -- Symlinking: /home/fnikolay/turtlebot3_ws/install/turtlebot3_msgs/share/turtlebot3_msgs/environment/ament_prefix_path.dsv
[18.701s] -- Symlinking: /home/fnikolay/turtlebot3_ws/install/turtlebot3_msgs/share/turtlebot3_msgs/environment/path.sh
[18.712s] -- Symlinking: /home/fnikolay/turtlebot3_ws/install/turtlebot3_msgs/share/turtlebot3_msgs/environment/path.dsv
[18.722s] -- Symlinking: /home/fnikolay/turtlebot3_ws/install/turtlebot3_msgs/share/turtlebot3_msgs/local_setup.bash
[18.732s] -- Symlinking: /home/fnikolay/turtlebot3_ws/install/turtlebot3_msgs/share/turtlebot3_msgs/local_setup.sh
[18.743s] -- Symlinking: /home/fnikolay/turtlebot3_ws/install/turtlebot3_msgs/share/turtlebot3_msgs/local_setup.zsh
[18.753s] -- Symlinking: /home/fnikolay/turtlebot3_ws/install/turtlebot3_msgs/share/turtlebot3_msgs/local_setup.dsv
[18.764s] -- Symlinking: /home/fnikolay/turtlebot3_ws/install/turtlebot3_msgs/share/turtlebot3_msgs/package.dsv
[18.775s] -- Symlinking: /home/fnikolay/turtlebot3_ws/install/turtlebot3_msgs/share/ament_index/resource_index/packages/turtlebot3_msgs
[18.785s] -- Symlinking: /home/fnikolay/turtlebot3_ws/install/turtlebot3_msgs/share/turtlebot3_msgs/cmake/rosidl_cmake-extras.cmake
[18.795s] -- Symlinking: /home/fnikolay/turtlebot3_ws/install/turtlebot3_msgs/share/turtlebot3_msgs/cmake/ament_cmake_export_dependencies-extras.cmake
[18.806s] -- Symlinking: /home/fnikolay/turtlebot3_ws/install/turtlebot3_msgs/share/turtlebot3_msgs/cmake/ament_cmake_export_libraries-extras.cmake
[18.816s] -- Symlinking: /home/fnikolay/turtlebot3_ws/install/turtlebot3_msgs/share/turtlebot3_msgs/cmake/ament_cmake_export_targets-extras.cmake
[18.827s] -- Symlinking: /home/fnikolay/turtlebot3_ws/install/turtlebot3_msgs/share/turtlebot3_msgs/cmake/ament_cmake_export_include_directories-extras.cmake
[18.837s] -- Symlinking: /home/fnikolay/turtlebot3_ws/install/turtlebot3_msgs/share/turtlebot3_msgs/cmake/rosidl_cmake_export_typesupport_libraries-extras.cmake
[18.848s] -- Symlinking: /home/fnikolay/turtlebot3_ws/install/turtlebot3_msgs/share/turtlebot3_msgs/cmake/rosidl_cmake_export_typesupport_targets-extras.cmake
[18.858s] -- Symlinking: /home/fnikolay/turtlebot3_ws/install/turtlebot3_msgs/share/turtlebot3_msgs/cmake/turtlebot3_msgsConfig.cmake
[18.868s] -- Symlinking: /home/fnikolay/turtlebot3_ws/install/turtlebot3_msgs/share/turtlebot3_msgs/cmake/turtlebot3_msgsConfig-version.cmake
[18.879s] -- Symlinking: /home/fnikolay/turtlebot3_ws/install/turtlebot3_msgs/share/turtlebot3_msgs/package.xml
[18.890s] -- Installing: /home/fnikolay/turtlebot3_ws/install/turtlebot3_msgs/lib/libturtlebot3_msgs__rosidl_generator_c.so
[18.890s] -- Set runtime path of "/home/fnikolay/turtlebot3_ws/install/turtlebot3_msgs/lib/libturtlebot3_msgs__rosidl_generator_c.so" to ""
[18.892s] -- Installing: /home/fnikolay/turtlebot3_ws/install/turtlebot3_msgs/lib/libturtlebot3_msgs__rosidl_typesupport_introspection_c.so
[18.892s] -- Set runtime path of "/home/fnikolay/turtlebot3_ws/install/turtlebot3_msgs/lib/libturtlebot3_msgs__rosidl_typesupport_introspection_c.so" to ""
[18.892s] -- Installing: /home/fnikolay/turtlebot3_ws/install/turtlebot3_msgs/lib/libturtlebot3_msgs__rosidl_typesupport_c.so
[18.892s] -- Set runtime path of "/home/fnikolay/turtlebot3_ws/install/turtlebot3_msgs/lib/libturtlebot3_msgs__rosidl_typesupport_c.so" to ""
[18.893s] -- Installing: /home/fnikolay/turtlebot3_ws/install/turtlebot3_msgs/lib/libturtlebot3_msgs__rosidl_typesupport_introspection_cpp.so
[18.893s] -- Set runtime path of "/home/fnikolay/turtlebot3_ws/install/turtlebot3_msgs/lib/libturtlebot3_msgs__rosidl_typesupport_introspection_cpp.so" to ""
[18.893s] -- Installing: /home/fnikolay/turtlebot3_ws/install/turtlebot3_msgs/lib/libturtlebot3_msgs__rosidl_typesupport_cpp.so
[18.893s] -- Set runtime path of "/home/fnikolay/turtlebot3_ws/install/turtlebot3_msgs/lib/libturtlebot3_msgs__rosidl_typesupport_cpp.so" to ""
[18.930s] Compiling '/home/fnikolay/turtlebot3_ws/install/turtlebot3_msgs/lib/python3.8/site-packages/turtlebot3_msgs/__init__.py'...
[18.935s] -- Installing: /home/fnikolay/turtlebot3_ws/install/turtlebot3_msgs/share/turtlebot3_msgs/cmake/turtlebot3_msgs__rosidl_generator_cExport.cmake
[18.935s] -- Installing: /home/fnikolay/turtlebot3_ws/install/turtlebot3_msgs/share/turtlebot3_msgs/cmake/turtlebot3_msgs__rosidl_generator_cExport-noconfig.cmake
[18.935s] -- Installing: /home/fnikolay/turtlebot3_ws/install/turtlebot3_msgs/share/turtlebot3_msgs/cmake/turtlebot3_msgs__rosidl_typesupport_introspection_cExport.cmake
[18.935s] -- Installing: /home/fnikolay/turtlebot3_ws/install/turtlebot3_msgs/share/turtlebot3_msgs/cmake/turtlebot3_msgs__rosidl_typesupport_introspection_cExport-noconfig.cmake
[18.935s] -- Installing: /home/fnikolay/turtlebot3_ws/install/turtlebot3_msgs/share/turtlebot3_msgs/cmake/turtlebot3_msgs__rosidl_typesupport_cExport.cmake
[18.936s] -- Installing: /home/fnikolay/turtlebot3_ws/install/turtlebot3_msgs/share/turtlebot3_msgs/cmake/turtlebot3_msgs__rosidl_typesupport_cExport-noconfig.cmake
[18.936s] -- Installing: /home/fnikolay/turtlebot3_ws/install/turtlebot3_msgs/share/turtlebot3_msgs/cmake/turtlebot3_msgs__rosidl_generator_cppExport.cmake
[18.936s] -- Installing: /home/fnikolay/turtlebot3_ws/install/turtlebot3_msgs/share/turtlebot3_msgs/cmake/turtlebot3_msgs__rosidl_typesupport_introspection_cppExport.cmake
[18.936s] -- Installing: /home/fnikolay/turtlebot3_ws/install/turtlebot3_msgs/share/turtlebot3_msgs/cmake/turtlebot3_msgs__rosidl_typesupport_introspection_cppExport-noconfig.cmake
[18.936s] -- Installing: /home/fnikolay/turtlebot3_ws/install/turtlebot3_msgs/share/turtlebot3_msgs/cmake/turtlebot3_msgs__rosidl_typesupport_cppExport.cmake
[18.937s] -- Installing: /home/fnikolay/turtlebot3_ws/install/turtlebot3_msgs/share/turtlebot3_msgs/cmake/turtlebot3_msgs__rosidl_typesupport_cppExport-noconfig.cmake
[18.941s] Invoked command in '/home/fnikolay/turtlebot3_ws/build/turtlebot3_msgs' returned '0': CMAKE_PREFIX_PATH=${CMAKE_PREFIX_PATH}:/opt/ros/foxy:/home/fnikolay/turtlebot3_ws/install/turtlebot3_teleop:/home/fnikolay/turtlebot3_ws/install/turtlebot3_example:/opt/ros/galactic /usr/bin/cmake --install /home/fnikolay/turtlebot3_ws/build/turtlebot3_msgs
