[0.029s] Invoking command in '/home/fnikolay/turtlebot3_ws/build/turtlebot3_description': CMAKE_PREFIX_PATH=/opt/ros/foxy /usr/bin/cmake /home/fnikolay/turtlebot3_ws/src/turtlebot3/turtlebot3_description -DCMAKE_INSTALL_PREFIX=/home/fnikolay/turtlebot3_ws/install/turtlebot3_description
[0.096s] -- Found ament_cmake: 0.9.9 (/opt/ros/foxy/share/ament_cmake/cmake)
[0.096s] -- Using PYTHON_EXECUTABLE: /usr/bin/python3
[0.381s] -- Override CMake install command with custom implementation using symlinks instead of copying resources
[0.390s] -- Found urdf: 2.4.0 (/opt/ros/foxy/share/urdf/cmake)
[0.543s] -- Configuring done
[0.546s] -- Generating done
[0.549s] -- Build files have been written to: /home/fnikolay/turtlebot3_ws/build/turtlebot3_description
[0.556s] Invoked command in '/home/fnikolay/turtlebot3_ws/build/turtlebot3_description' returned '0': CMAKE_PREFIX_PATH=/opt/ros/foxy /usr/bin/cmake /home/fnikolay/turtlebot3_ws/src/turtlebot3/turtlebot3_description -DCMAKE_INSTALL_PREFIX=/home/fnikolay/turtlebot3_ws/install/turtlebot3_description
[0.564s] Invoking command in '/home/fnikolay/turtlebot3_ws/build/turtlebot3_description': CMAKE_PREFIX_PATH=/opt/ros/foxy /usr/bin/cmake --build /home/fnikolay/turtlebot3_ws/build/turtlebot3_description -- -j4 -l4
[0.633s] Invoked command in '/home/fnikolay/turtlebot3_ws/build/turtlebot3_description' returned '0': CMAKE_PREFIX_PATH=/opt/ros/foxy /usr/bin/cmake --build /home/fnikolay/turtlebot3_ws/build/turtlebot3_description -- -j4 -l4
[0.721s] Invoking command in '/home/fnikolay/turtlebot3_ws/build/turtlebot3_description': CMAKE_PREFIX_PATH=/opt/ros/foxy /usr/bin/cmake --install /home/fnikolay/turtlebot3_ws/build/turtlebot3_description
[0.735s] -- Install configuration: ""
[0.736s] -- Execute custom install script
[0.737s] -- Up-to-date symlink: /home/fnikolay/turtlebot3_ws/install/turtlebot3_description/share/turtlebot3_description/meshes/bases/burger_base.stl
[0.737s] -- Up-to-date symlink: /home/fnikolay/turtlebot3_ws/install/turtlebot3_description/share/turtlebot3_description/meshes/bases/waffle_base.stl
[0.737s] -- Up-to-date symlink: /home/fnikolay/turtlebot3_ws/install/turtlebot3_description/share/turtlebot3_description/meshes/bases/waffle_pi_base.stl
[0.737s] -- Up-to-date symlink: /home/fnikolay/turtlebot3_ws/install/turtlebot3_description/share/turtlebot3_description/meshes/sensors/astra.dae
[0.738s] -- Up-to-date symlink: /home/fnikolay/turtlebot3_ws/install/turtlebot3_description/share/turtlebot3_description/meshes/sensors/astra.jpg
[0.738s] -- Up-to-date symlink: /home/fnikolay/turtlebot3_ws/install/turtlebot3_description/share/turtlebot3_description/meshes/sensors/lds.stl
[0.738s] -- Up-to-date symlink: /home/fnikolay/turtlebot3_ws/install/turtlebot3_description/share/turtlebot3_description/meshes/sensors/r200.dae
[0.738s] -- Up-to-date symlink: /home/fnikolay/turtlebot3_ws/install/turtlebot3_description/share/turtlebot3_description/meshes/sensors/r200.jpg
[0.739s] -- Up-to-date symlink: /home/fnikolay/turtlebot3_ws/install/turtlebot3_description/share/turtlebot3_description/meshes/wheels/left_tire.stl
[0.739s] -- Up-to-date symlink: /home/fnikolay/turtlebot3_ws/install/turtlebot3_description/share/turtlebot3_description/meshes/wheels/right_tire.stl
[0.739s] -- Up-to-date symlink: /home/fnikolay/turtlebot3_ws/install/turtlebot3_description/share/turtlebot3_description/rviz/model.rviz
[0.740s] -- Up-to-date symlink: /home/fnikolay/turtlebot3_ws/install/turtlebot3_description/share/turtlebot3_description/urdf/common_properties.urdf
[0.740s] -- Up-to-date symlink: /home/fnikolay/turtlebot3_ws/install/turtlebot3_description/share/turtlebot3_description/urdf/turtlebot3_burger.urdf
[0.740s] -- Up-to-date symlink: /home/fnikolay/turtlebot3_ws/install/turtlebot3_description/share/turtlebot3_description/urdf/turtlebot3_waffle.urdf
[0.741s] -- Up-to-date symlink: /home/fnikolay/turtlebot3_ws/install/turtlebot3_description/share/turtlebot3_description/urdf/turtlebot3_waffle_pi.urdf
[0.741s] -- Up-to-date symlink: /home/fnikolay/turtlebot3_ws/install/turtlebot3_description/share/ament_index/resource_index/package_run_dependencies/turtlebot3_description
[0.741s] -- Up-to-date symlink: /home/fnikolay/turtlebot3_ws/install/turtlebot3_description/share/ament_index/resource_index/parent_prefix_path/turtlebot3_description
[0.742s] -- Up-to-date symlink: /home/fnikolay/turtlebot3_ws/install/turtlebot3_description/share/turtlebot3_description/environment/ament_prefix_path.sh
[0.742s] -- Up-to-date symlink: /home/fnikolay/turtlebot3_ws/install/turtlebot3_description/share/turtlebot3_description/environment/ament_prefix_path.dsv
[0.743s] -- Up-to-date symlink: /home/fnikolay/turtlebot3_ws/install/turtlebot3_description/share/turtlebot3_description/environment/path.sh
[0.743s] -- Up-to-date symlink: /home/fnikolay/turtlebot3_ws/install/turtlebot3_description/share/turtlebot3_description/environment/path.dsv
[0.744s] -- Up-to-date symlink: /home/fnikolay/turtlebot3_ws/install/turtlebot3_description/share/turtlebot3_description/local_setup.bash
[0.744s] -- Up-to-date symlink: /home/fnikolay/turtlebot3_ws/install/turtlebot3_description/share/turtlebot3_description/local_setup.sh
[0.744s] -- Up-to-date symlink: /home/fnikolay/turtlebot3_ws/install/turtlebot3_description/share/turtlebot3_description/local_setup.zsh
[0.748s] -- Up-to-date symlink: /home/fnikolay/turtlebot3_ws/install/turtlebot3_description/share/turtlebot3_description/local_setup.dsv
[0.748s] -- Symlinking: /home/fnikolay/turtlebot3_ws/install/turtlebot3_description/share/turtlebot3_description/package.dsv
[0.760s] -- Up-to-date symlink: /home/fnikolay/turtlebot3_ws/install/turtlebot3_description/share/ament_index/resource_index/packages/turtlebot3_description
[0.768s] -- Up-to-date symlink: /home/fnikolay/turtlebot3_ws/install/turtlebot3_description/share/turtlebot3_description/cmake/turtlebot3_descriptionConfig.cmake
[0.770s] -- Up-to-date symlink: /home/fnikolay/turtlebot3_ws/install/turtlebot3_description/share/turtlebot3_description/cmake/turtlebot3_descriptionConfig-version.cmake
[0.772s] -- Up-to-date symlink: /home/fnikolay/turtlebot3_ws/install/turtlebot3_description/share/turtlebot3_description/package.xml
[0.774s] Invoked command in '/home/fnikolay/turtlebot3_ws/build/turtlebot3_description' returned '0': CMAKE_PREFIX_PATH=/opt/ros/foxy /usr/bin/cmake --install /home/fnikolay/turtlebot3_ws/build/turtlebot3_description
