[0.848s] Invoking command in '/home/fnikolay/turtlebot3_ws/src/kf_move': PYTHONPATH=/home/fnikolay/turtlebot3_ws/install/kf_move/lib/python3.8/site-packages:${PYTHONPATH} /usr/bin/python3 setup.py egg_info --egg-base ../../build/kf_move build --build-base /home/fnikolay/turtlebot3_ws/build/kf_move/build install --prefix /home/fnikolay/turtlebot3_ws/install/kf_move --record /home/fnikolay/turtlebot3_ws/build/kf_move/install.log --single-version-externally-managed
[1.150s] running egg_info
[1.151s] writing ../../build/kf_move/kf_move.egg-info/PKG-INFO
[1.151s] writing dependency_links to ../../build/kf_move/kf_move.egg-info/dependency_links.txt
[1.151s] writing entry points to ../../build/kf_move/kf_move.egg-info/entry_points.txt
[1.151s] writing requirements to ../../build/kf_move/kf_move.egg-info/requires.txt
[1.152s] writing top-level names to ../../build/kf_move/kf_move.egg-info/top_level.txt
[1.194s] reading manifest file '../../build/kf_move/kf_move.egg-info/SOURCES.txt'
[1.195s] writing manifest file '../../build/kf_move/kf_move.egg-info/SOURCES.txt'
[1.195s] running build
[1.195s] running build_py
[1.196s] running install
[1.196s] running install_lib
[1.198s] running install_data
[1.198s] running install_egg_info
[1.200s] removing '/home/fnikolay/turtlebot3_ws/install/kf_move/lib/python3.8/site-packages/kf_move-0.0.0-py3.8.egg-info' (and everything under it)
[1.200s] Copying ../../build/kf_move/kf_move.egg-info to /home/fnikolay/turtlebot3_ws/install/kf_move/lib/python3.8/site-packages/kf_move-0.0.0-py3.8.egg-info
[1.201s] running install_scripts
[1.220s] writing list of installed files to '/home/fnikolay/turtlebot3_ws/build/kf_move/install.log'
[1.246s] Invoked command in '/home/fnikolay/turtlebot3_ws/src/kf_move' returned '0': PYTHONPATH=/home/fnikolay/turtlebot3_ws/install/kf_move/lib/python3.8/site-packages:${PYTHONPATH} /usr/bin/python3 setup.py egg_info --egg-base ../../build/kf_move build --build-base /home/fnikolay/turtlebot3_ws/build/kf_move/build install --prefix /home/fnikolay/turtlebot3_ws/install/kf_move --record /home/fnikolay/turtlebot3_ws/build/kf_move/install.log --single-version-externally-managed
