[0.039s] Invoking command in '/home/fnikolay/turtlebot3_ws/build/turtlebot3_fake_node': AMENT_PREFIX_PATH=/home/fnikolay/turtlebot3_ws/install/turtlebot3_msgs:${AMENT_PREFIX_PATH} CMAKE_PREFIX_PATH=/home/fnikolay/turtlebot3_ws/install/turtlebot3_msgs:/opt/ros/foxy LD_LIBRARY_PATH=/home/fnikolay/turtlebot3_ws/install/turtlebot3_msgs/lib:${LD_LIBRARY_PATH} PYTHONPATH=/home/fnikolay/turtlebot3_ws/install/turtlebot3_msgs/lib/python3.8/site-packages:${PYTHONPATH} /usr/bin/cmake /home/fnikolay/turtlebot3_ws/src/turtlebot3_simulations/turtlebot3_fake_node -DCMAKE_INSTALL_PREFIX=/home/fnikolay/turtlebot3_ws/install/turtlebot3_fake_node
[0.066s] -- Found ament_cmake: 0.9.9 (/opt/ros/foxy/share/ament_cmake/cmake)
[0.108s] -- Using PYTHON_EXECUTABLE: /usr/bin/python3
[0.506s] -- Override CMake install command with custom implementation using symlinks instead of copying resources
[0.518s] -- Found geometry_msgs: 2.0.5 (/opt/ros/foxy/share/geometry_msgs/cmake)
[0.554s] -- Using all available rosidl_typesupport_c: rosidl_typesupport_fastrtps_c;rosidl_typesupport_introspection_c
[0.559s] -- Found rosidl_adapter: 1.2.1 (/opt/ros/foxy/share/rosidl_adapter/cmake)
[0.768s] -- Using all available rosidl_typesupport_cpp: rosidl_typesupport_fastrtps_cpp;rosidl_typesupport_introspection_cpp
[0.931s] -- Found nav_msgs: 2.0.5 (/opt/ros/foxy/share/nav_msgs/cmake)
[1.054s] -- Found rclcpp: 2.4.1 (/opt/ros/foxy/share/rclcpp/cmake)
[1.114s] -- Found rmw_implementation_cmake: 1.0.3 (/opt/ros/foxy/share/rmw_implementation_cmake/cmake)
[1.114s] -- Using RMW implementation 'rmw_fastrtps_cpp' as default
[1.335s] -- Found sensor_msgs: 2.0.5 (/opt/ros/foxy/share/sensor_msgs/cmake)
[1.439s] -- Found tf2: 0.13.13 (/opt/ros/foxy/share/tf2/cmake)
[1.452s] -- Found tf2_msgs: 0.13.13 (/opt/ros/foxy/share/tf2_msgs/cmake)
[1.705s] -- Found turtlebot3_msgs: 2.2.1 (/home/fnikolay/turtlebot3_ws/install/turtlebot3_msgs/share/turtlebot3_msgs/cmake)
[1.908s] -- Configuring done
[1.923s] -- Generating done
[1.925s] -- Build files have been written to: /home/fnikolay/turtlebot3_ws/build/turtlebot3_fake_node
[1.935s] Invoked command in '/home/fnikolay/turtlebot3_ws/build/turtlebot3_fake_node' returned '0': AMENT_PREFIX_PATH=/home/fnikolay/turtlebot3_ws/install/turtlebot3_msgs:${AMENT_PREFIX_PATH} CMAKE_PREFIX_PATH=/home/fnikolay/turtlebot3_ws/install/turtlebot3_msgs:/opt/ros/foxy LD_LIBRARY_PATH=/home/fnikolay/turtlebot3_ws/install/turtlebot3_msgs/lib:${LD_LIBRARY_PATH} PYTHONPATH=/home/fnikolay/turtlebot3_ws/install/turtlebot3_msgs/lib/python3.8/site-packages:${PYTHONPATH} /usr/bin/cmake /home/fnikolay/turtlebot3_ws/src/turtlebot3_simulations/turtlebot3_fake_node -DCMAKE_INSTALL_PREFIX=/home/fnikolay/turtlebot3_ws/install/turtlebot3_fake_node
[1.939s] Invoking command in '/home/fnikolay/turtlebot3_ws/build/turtlebot3_fake_node': AMENT_PREFIX_PATH=/home/fnikolay/turtlebot3_ws/install/turtlebot3_msgs:${AMENT_PREFIX_PATH} CMAKE_PREFIX_PATH=/home/fnikolay/turtlebot3_ws/install/turtlebot3_msgs:/opt/ros/foxy LD_LIBRARY_PATH=/home/fnikolay/turtlebot3_ws/install/turtlebot3_msgs/lib:${LD_LIBRARY_PATH} PYTHONPATH=/home/fnikolay/turtlebot3_ws/install/turtlebot3_msgs/lib/python3.8/site-packages:${PYTHONPATH} /usr/bin/cmake --build /home/fnikolay/turtlebot3_ws/build/turtlebot3_fake_node -- -j4 -l4
[2.008s] [100%] Built target turtlebot3_fake_node
[2.020s] Invoked command in '/home/fnikolay/turtlebot3_ws/build/turtlebot3_fake_node' returned '0': AMENT_PREFIX_PATH=/home/fnikolay/turtlebot3_ws/install/turtlebot3_msgs:${AMENT_PREFIX_PATH} CMAKE_PREFIX_PATH=/home/fnikolay/turtlebot3_ws/install/turtlebot3_msgs:/opt/ros/foxy LD_LIBRARY_PATH=/home/fnikolay/turtlebot3_ws/install/turtlebot3_msgs/lib:${LD_LIBRARY_PATH} PYTHONPATH=/home/fnikolay/turtlebot3_ws/install/turtlebot3_msgs/lib/python3.8/site-packages:${PYTHONPATH} /usr/bin/cmake --build /home/fnikolay/turtlebot3_ws/build/turtlebot3_fake_node -- -j4 -l4
[2.050s] Invoking command in '/home/fnikolay/turtlebot3_ws/build/turtlebot3_fake_node': AMENT_PREFIX_PATH=/home/fnikolay/turtlebot3_ws/install/turtlebot3_msgs:${AMENT_PREFIX_PATH} CMAKE_PREFIX_PATH=/home/fnikolay/turtlebot3_ws/install/turtlebot3_msgs:/opt/ros/foxy LD_LIBRARY_PATH=/home/fnikolay/turtlebot3_ws/install/turtlebot3_msgs/lib:${LD_LIBRARY_PATH} PYTHONPATH=/home/fnikolay/turtlebot3_ws/install/turtlebot3_msgs/lib/python3.8/site-packages:${PYTHONPATH} /usr/bin/cmake --install /home/fnikolay/turtlebot3_ws/build/turtlebot3_fake_node
[2.060s] -- Install configuration: ""
[2.061s] -- Execute custom install script
[2.061s] -- Up-to-date symlink: /home/fnikolay/turtlebot3_ws/install/turtlebot3_fake_node/lib/turtlebot3_fake_node/turtlebot3_fake_node
[2.062s] -- Up-to-date symlink: /home/fnikolay/turtlebot3_ws/install/turtlebot3_fake_node/share/turtlebot3_fake_node/launch/rviz2.launch.py
[2.062s] -- Up-to-date symlink: /home/fnikolay/turtlebot3_ws/install/turtlebot3_fake_node/share/turtlebot3_fake_node/launch/turtlebot3_fake_node.launch.py
[2.062s] -- Up-to-date symlink: /home/fnikolay/turtlebot3_ws/install/turtlebot3_fake_node/share/turtlebot3_fake_node/param/burger.yaml
[2.062s] -- Up-to-date symlink: /home/fnikolay/turtlebot3_ws/install/turtlebot3_fake_node/share/turtlebot3_fake_node/param/waffle.yaml
[2.063s] -- Up-to-date symlink: /home/fnikolay/turtlebot3_ws/install/turtlebot3_fake_node/share/turtlebot3_fake_node/param/waffle_pi.yaml
[2.063s] -- Up-to-date symlink: /home/fnikolay/turtlebot3_ws/install/turtlebot3_fake_node/share/turtlebot3_fake_node/rviz/model.rviz
[2.064s] -- Up-to-date symlink: /home/fnikolay/turtlebot3_ws/install/turtlebot3_fake_node/include//turtlebot3_fake_node/turtlebot3_fake_node.hpp
[2.064s] -- Up-to-date symlink: /home/fnikolay/turtlebot3_ws/install/turtlebot3_fake_node/share/ament_index/resource_index/package_run_dependencies/turtlebot3_fake_node
[2.064s] -- Up-to-date symlink: /home/fnikolay/turtlebot3_ws/install/turtlebot3_fake_node/share/ament_index/resource_index/parent_prefix_path/turtlebot3_fake_node
[2.065s] -- Up-to-date symlink: /home/fnikolay/turtlebot3_ws/install/turtlebot3_fake_node/share/turtlebot3_fake_node/environment/ament_prefix_path.sh
[2.065s] -- Up-to-date symlink: /home/fnikolay/turtlebot3_ws/install/turtlebot3_fake_node/share/turtlebot3_fake_node/environment/ament_prefix_path.dsv
[2.065s] -- Up-to-date symlink: /home/fnikolay/turtlebot3_ws/install/turtlebot3_fake_node/share/turtlebot3_fake_node/environment/path.sh
[2.066s] -- Up-to-date symlink: /home/fnikolay/turtlebot3_ws/install/turtlebot3_fake_node/share/turtlebot3_fake_node/environment/path.dsv
[2.066s] -- Up-to-date symlink: /home/fnikolay/turtlebot3_ws/install/turtlebot3_fake_node/share/turtlebot3_fake_node/local_setup.bash
[2.066s] -- Up-to-date symlink: /home/fnikolay/turtlebot3_ws/install/turtlebot3_fake_node/share/turtlebot3_fake_node/local_setup.sh
[2.067s] -- Up-to-date symlink: /home/fnikolay/turtlebot3_ws/install/turtlebot3_fake_node/share/turtlebot3_fake_node/local_setup.zsh
[2.067s] -- Up-to-date symlink: /home/fnikolay/turtlebot3_ws/install/turtlebot3_fake_node/share/turtlebot3_fake_node/local_setup.dsv
[2.067s] -- Symlinking: /home/fnikolay/turtlebot3_ws/install/turtlebot3_fake_node/share/turtlebot3_fake_node/package.dsv
[2.078s] -- Up-to-date symlink: /home/fnikolay/turtlebot3_ws/install/turtlebot3_fake_node/share/ament_index/resource_index/packages/turtlebot3_fake_node
[2.079s] -- Up-to-date symlink: /home/fnikolay/turtlebot3_ws/install/turtlebot3_fake_node/share/turtlebot3_fake_node/cmake/ament_cmake_export_include_directories-extras.cmake
[2.079s] -- Up-to-date symlink: /home/fnikolay/turtlebot3_ws/install/turtlebot3_fake_node/share/turtlebot3_fake_node/cmake/ament_cmake_export_dependencies-extras.cmake
[2.079s] -- Up-to-date symlink: /home/fnikolay/turtlebot3_ws/install/turtlebot3_fake_node/share/turtlebot3_fake_node/cmake/turtlebot3_fake_nodeConfig.cmake
[2.079s] -- Up-to-date symlink: /home/fnikolay/turtlebot3_ws/install/turtlebot3_fake_node/share/turtlebot3_fake_node/cmake/turtlebot3_fake_nodeConfig-version.cmake
[2.080s] -- Up-to-date symlink: /home/fnikolay/turtlebot3_ws/install/turtlebot3_fake_node/share/turtlebot3_fake_node/package.xml
[2.084s] Invoked command in '/home/fnikolay/turtlebot3_ws/build/turtlebot3_fake_node' returned '0': AMENT_PREFIX_PATH=/home/fnikolay/turtlebot3_ws/install/turtlebot3_msgs:${AMENT_PREFIX_PATH} CMAKE_PREFIX_PATH=/home/fnikolay/turtlebot3_ws/install/turtlebot3_msgs:/opt/ros/foxy LD_LIBRARY_PATH=/home/fnikolay/turtlebot3_ws/install/turtlebot3_msgs/lib:${LD_LIBRARY_PATH} PYTHONPATH=/home/fnikolay/turtlebot3_ws/install/turtlebot3_msgs/lib/python3.8/site-packages:${PYTHONPATH} /usr/bin/cmake --install /home/fnikolay/turtlebot3_ws/build/turtlebot3_fake_node
