[0.051s] Invoking command in '/home/fnikolay/turtlebot3_ws/build/turtlebot3_simulations': AMENT_PREFIX_PATH=/home/fnikolay/turtlebot3_ws/install/turtlebot3_gazebo:/home/fnikolay/turtlebot3_ws/install/turtlebot3_fake_node:/home/fnikolay/turtlebot3_ws/install/turtlebot3_msgs:/home/fnikolay/turtlebot3_ws/install/turtlebot3_description:${AMENT_PREFIX_PATH} CMAKE_PREFIX_PATH=/home/fnikolay/turtlebot3_ws/install/turtlebot3_gazebo:/home/fnikolay/turtlebot3_ws/install/turtlebot3_fake_node:/home/fnikolay/turtlebot3_ws/install/turtlebot3_msgs:/home/fnikolay/turtlebot3_ws/install/turtlebot3_description:/opt/ros/foxy LD_LIBRARY_PATH=/home/fnikolay/turtlebot3_ws/install/turtlebot3_msgs/lib:${LD_LIBRARY_PATH} PYTHONPATH=/home/fnikolay/turtlebot3_ws/install/turtlebot3_msgs/lib/python3.8/site-packages:${PYTHONPATH} /usr/bin/cmake --build /home/fnikolay/turtlebot3_ws/build/turtlebot3_simulations -- -j4 -l4
[0.113s] Invoked command in '/home/fnikolay/turtlebot3_ws/build/turtlebot3_simulations' returned '0': AMENT_PREFIX_PATH=/home/fnikolay/turtlebot3_ws/install/turtlebot3_gazebo:/home/fnikolay/turtlebot3_ws/install/turtlebot3_fake_node:/home/fnikolay/turtlebot3_ws/install/turtlebot3_msgs:/home/fnikolay/turtlebot3_ws/install/turtlebot3_description:${AMENT_PREFIX_PATH} CMAKE_PREFIX_PATH=/home/fnikolay/turtlebot3_ws/install/turtlebot3_gazebo:/home/fnikolay/turtlebot3_ws/install/turtlebot3_fake_node:/home/fnikolay/turtlebot3_ws/install/turtlebot3_msgs:/home/fnikolay/turtlebot3_ws/install/turtlebot3_description:/opt/ros/foxy LD_LIBRARY_PATH=/home/fnikolay/turtlebot3_ws/install/turtlebot3_msgs/lib:${LD_LIBRARY_PATH} PYTHONPATH=/home/fnikolay/turtlebot3_ws/install/turtlebot3_msgs/lib/python3.8/site-packages:${PYTHONPATH} /usr/bin/cmake --build /home/fnikolay/turtlebot3_ws/build/turtlebot3_simulations -- -j4 -l4
[0.150s] Invoking command in '/home/fnikolay/turtlebot3_ws/build/turtlebot3_simulations': AMENT_PREFIX_PATH=/home/fnikolay/turtlebot3_ws/install/turtlebot3_gazebo:/home/fnikolay/turtlebot3_ws/install/turtlebot3_fake_node:/home/fnikolay/turtlebot3_ws/install/turtlebot3_msgs:/home/fnikolay/turtlebot3_ws/install/turtlebot3_description:${AMENT_PREFIX_PATH} CMAKE_PREFIX_PATH=/home/fnikolay/turtlebot3_ws/install/turtlebot3_gazebo:/home/fnikolay/turtlebot3_ws/install/turtlebot3_fake_node:/home/fnikolay/turtlebot3_ws/install/turtlebot3_msgs:/home/fnikolay/turtlebot3_ws/install/turtlebot3_description:/opt/ros/foxy LD_LIBRARY_PATH=/home/fnikolay/turtlebot3_ws/install/turtlebot3_msgs/lib:${LD_LIBRARY_PATH} PYTHONPATH=/home/fnikolay/turtlebot3_ws/install/turtlebot3_msgs/lib/python3.8/site-packages:${PYTHONPATH} /usr/bin/cmake --install /home/fnikolay/turtlebot3_ws/build/turtlebot3_simulations
[0.157s] -- Install configuration: ""
[0.158s] -- Execute custom install script
[0.158s] -- Up-to-date symlink: /home/fnikolay/turtlebot3_ws/install/turtlebot3_simulations/share/ament_index/resource_index/package_run_dependencies/turtlebot3_simulations
[0.159s] -- Up-to-date symlink: /home/fnikolay/turtlebot3_ws/install/turtlebot3_simulations/share/ament_index/resource_index/parent_prefix_path/turtlebot3_simulations
[0.159s] -- Up-to-date symlink: /home/fnikolay/turtlebot3_ws/install/turtlebot3_simulations/share/turtlebot3_simulations/environment/ament_prefix_path.sh
[0.159s] -- Up-to-date symlink: /home/fnikolay/turtlebot3_ws/install/turtlebot3_simulations/share/turtlebot3_simulations/environment/ament_prefix_path.dsv
[0.160s] -- Up-to-date symlink: /home/fnikolay/turtlebot3_ws/install/turtlebot3_simulations/share/turtlebot3_simulations/environment/path.sh
[0.160s] -- Up-to-date symlink: /home/fnikolay/turtlebot3_ws/install/turtlebot3_simulations/share/turtlebot3_simulations/environment/path.dsv
[0.160s] -- Up-to-date symlink: /home/fnikolay/turtlebot3_ws/install/turtlebot3_simulations/share/turtlebot3_simulations/local_setup.bash
[0.163s] -- Up-to-date symlink: /home/fnikolay/turtlebot3_ws/install/turtlebot3_simulations/share/turtlebot3_simulations/local_setup.sh
[0.164s] -- Up-to-date symlink: /home/fnikolay/turtlebot3_ws/install/turtlebot3_simulations/share/turtlebot3_simulations/local_setup.zsh
[0.167s] -- Up-to-date symlink: /home/fnikolay/turtlebot3_ws/install/turtlebot3_simulations/share/turtlebot3_simulations/local_setup.dsv
[0.167s] -- Symlinking: /home/fnikolay/turtlebot3_ws/install/turtlebot3_simulations/share/turtlebot3_simulations/package.dsv
[0.180s] -- Up-to-date symlink: /home/fnikolay/turtlebot3_ws/install/turtlebot3_simulations/share/ament_index/resource_index/packages/turtlebot3_simulations
[0.180s] -- Up-to-date symlink: /home/fnikolay/turtlebot3_ws/install/turtlebot3_simulations/share/turtlebot3_simulations/cmake/turtlebot3_simulationsConfig.cmake
[0.180s] -- Up-to-date symlink: /home/fnikolay/turtlebot3_ws/install/turtlebot3_simulations/share/turtlebot3_simulations/cmake/turtlebot3_simulationsConfig-version.cmake
[0.180s] -- Up-to-date symlink: /home/fnikolay/turtlebot3_ws/install/turtlebot3_simulations/share/turtlebot3_simulations/package.xml
[0.181s] Invoked command in '/home/fnikolay/turtlebot3_ws/build/turtlebot3_simulations' returned '0': AMENT_PREFIX_PATH=/home/fnikolay/turtlebot3_ws/install/turtlebot3_gazebo:/home/fnikolay/turtlebot3_ws/install/turtlebot3_fake_node:/home/fnikolay/turtlebot3_ws/install/turtlebot3_msgs:/home/fnikolay/turtlebot3_ws/install/turtlebot3_description:${AMENT_PREFIX_PATH} CMAKE_PREFIX_PATH=/home/fnikolay/turtlebot3_ws/install/turtlebot3_gazebo:/home/fnikolay/turtlebot3_ws/install/turtlebot3_fake_node:/home/fnikolay/turtlebot3_ws/install/turtlebot3_msgs:/home/fnikolay/turtlebot3_ws/install/turtlebot3_description:/opt/ros/foxy LD_LIBRARY_PATH=/home/fnikolay/turtlebot3_ws/install/turtlebot3_msgs/lib:${LD_LIBRARY_PATH} PYTHONPATH=/home/fnikolay/turtlebot3_ws/install/turtlebot3_msgs/lib/python3.8/site-packages:${PYTHONPATH} /usr/bin/cmake --install /home/fnikolay/turtlebot3_ws/build/turtlebot3_simulations
