[0.885s] Invoking command in '/home/fnikolay/turtlebot3_ws/build/kf_move': PYTHONPATH=/home/fnikolay/turtlebot3_ws/install/kf_move/lib/python3.8/site-packages:${PYTHONPATH} /usr/bin/python3 setup.py develop --prefix /home/fnikolay/turtlebot3_ws/install/kf_move --uninstall --editable --build-directory /home/fnikolay/turtlebot3_ws/build/kf_move/build
[1.241s] running develop
[1.487s] Invoked command in '/home/fnikolay/turtlebot3_ws/build/kf_move' returned '0': PYTHONPATH=/home/fnikolay/turtlebot3_ws/install/kf_move/lib/python3.8/site-packages:${PYTHONPATH} /usr/bin/python3 setup.py develop --prefix /home/fnikolay/turtlebot3_ws/install/kf_move --uninstall --editable --build-directory /home/fnikolay/turtlebot3_ws/build/kf_move/build
[1.488s] Invoking command in '/home/fnikolay/turtlebot3_ws/src/kf_move': PYTHONPATH=/home/fnikolay/turtlebot3_ws/install/kf_move/lib/python3.8/site-packages:${PYTHONPATH} /usr/bin/python3 setup.py egg_info --egg-base ../../build/kf_move build --build-base /home/fnikolay/turtlebot3_ws/build/kf_move/build install --prefix /home/fnikolay/turtlebot3_ws/install/kf_move --record /home/fnikolay/turtlebot3_ws/build/kf_move/install.log --single-version-externally-managed
[1.783s] running egg_info
[1.783s] writing ../../build/kf_move/kf_move.egg-info/PKG-INFO
[1.784s] writing dependency_links to ../../build/kf_move/kf_move.egg-info/dependency_links.txt
[1.784s] writing entry points to ../../build/kf_move/kf_move.egg-info/entry_points.txt
[1.784s] writing requirements to ../../build/kf_move/kf_move.egg-info/requires.txt
[1.784s] writing top-level names to ../../build/kf_move/kf_move.egg-info/top_level.txt
[1.824s] reading manifest file '../../build/kf_move/kf_move.egg-info/SOURCES.txt'
[1.825s] writing manifest file '../../build/kf_move/kf_move.egg-info/SOURCES.txt'
[1.825s] running build
[1.825s] running build_py
[1.826s] copying kf_move/__init__.py -> /home/fnikolay/turtlebot3_ws/build/kf_move/build/lib/kf_move
[1.826s] running install
[1.826s] running install_lib
[1.827s] copying /home/fnikolay/turtlebot3_ws/build/kf_move/build/lib/kf_move/__init__.py -> /home/fnikolay/turtlebot3_ws/install/kf_move/lib/python3.8/site-packages/kf_move
[1.828s] byte-compiling /home/fnikolay/turtlebot3_ws/install/kf_move/lib/python3.8/site-packages/kf_move/__init__.py to __init__.cpython-38.pyc
[1.829s] running install_data
[1.829s] copying resource/kf_move -> /home/fnikolay/turtlebot3_ws/install/kf_move/share/ament_index/resource_index/packages
[1.830s] copying package.xml -> /home/fnikolay/turtlebot3_ws/install/kf_move/share/kf_move
[1.830s] running install_egg_info
[1.831s] removing '/home/fnikolay/turtlebot3_ws/install/kf_move/lib/python3.8/site-packages/kf_move-0.0.0-py3.8.egg-info' (and everything under it)
[1.831s] Copying ../../build/kf_move/kf_move.egg-info to /home/fnikolay/turtlebot3_ws/install/kf_move/lib/python3.8/site-packages/kf_move-0.0.0-py3.8.egg-info
[1.832s] running install_scripts
[1.850s] writing list of installed files to '/home/fnikolay/turtlebot3_ws/build/kf_move/install.log'
[1.874s] Invoked command in '/home/fnikolay/turtlebot3_ws/src/kf_move' returned '0': PYTHONPATH=/home/fnikolay/turtlebot3_ws/install/kf_move/lib/python3.8/site-packages:${PYTHONPATH} /usr/bin/python3 setup.py egg_info --egg-base ../../build/kf_move build --build-base /home/fnikolay/turtlebot3_ws/build/kf_move/build install --prefix /home/fnikolay/turtlebot3_ws/install/kf_move --record /home/fnikolay/turtlebot3_ws/build/kf_move/install.log --single-version-externally-managed
