[0.014s] Invoking command in '/home/fnikolay/turtlebot3_ws/build/turtlebot3_cartographer': CMAKE_PREFIX_PATH=${CMAKE_PREFIX_PATH}:/opt/ros/foxy:/home/fnikolay/turtlebot3_ws/install/turtlebot3_teleop:/home/fnikolay/turtlebot3_ws/install/turtlebot3_example:/opt/ros/galactic /usr/bin/cmake /home/fnikolay/turtlebot3_ws/src/turtlebot3/turtlebot3_cartographer -DAMENT_CMAKE_SYMLINK_INSTALL=1 -DCMAKE_INSTALL_PREFIX=/home/fnikolay/turtlebot3_ws/install/turtlebot3_cartographer
[0.078s] -- The C compiler identification is GNU 9.4.0
[0.138s] -- The CXX compiler identification is GNU 9.4.0
[0.145s] -- Check for working C compiler: /usr/bin/cc
[0.225s] -- Check for working C compiler: /usr/bin/cc -- works
[0.226s] -- Detecting C compiler ABI info
[0.307s] -- Detecting C compiler ABI info - done
[0.322s] -- Detecting C compile features
[0.322s] -- Detecting C compile features - done
[0.325s] -- Check for working CXX compiler: /usr/bin/c++
[0.428s] -- Check for working CXX compiler: /usr/bin/c++ -- works
[0.429s] -- Detecting CXX compiler ABI info
[0.519s] -- Detecting CXX compiler ABI info - done
[0.532s] -- Detecting CXX compile features
[0.533s] -- Detecting CXX compile features - done
[0.536s] -- Found ament_cmake: 0.9.9 (/opt/ros/foxy/share/ament_cmake/cmake)
[0.564s] -- Found PythonInterp: /usr/bin/python3 (found suitable version "3.8.10", minimum required is "3") 
[0.564s] -- Using PYTHON_EXECUTABLE: /usr/bin/python3
[0.841s] -- Override CMake install command with custom implementation using symlinks instead of copying resources
[0.946s] -- Configuring done
[0.947s] -- Generating done
[0.949s] -- Build files have been written to: /home/fnikolay/turtlebot3_ws/build/turtlebot3_cartographer
[0.954s] Invoked command in '/home/fnikolay/turtlebot3_ws/build/turtlebot3_cartographer' returned '0': CMAKE_PREFIX_PATH=${CMAKE_PREFIX_PATH}:/opt/ros/foxy:/home/fnikolay/turtlebot3_ws/install/turtlebot3_teleop:/home/fnikolay/turtlebot3_ws/install/turtlebot3_example:/opt/ros/galactic /usr/bin/cmake /home/fnikolay/turtlebot3_ws/src/turtlebot3/turtlebot3_cartographer -DAMENT_CMAKE_SYMLINK_INSTALL=1 -DCMAKE_INSTALL_PREFIX=/home/fnikolay/turtlebot3_ws/install/turtlebot3_cartographer
[0.955s] Invoking command in '/home/fnikolay/turtlebot3_ws/build/turtlebot3_cartographer': CMAKE_PREFIX_PATH=${CMAKE_PREFIX_PATH}:/opt/ros/foxy:/home/fnikolay/turtlebot3_ws/install/turtlebot3_teleop:/home/fnikolay/turtlebot3_ws/install/turtlebot3_example:/opt/ros/galactic /usr/bin/cmake --build /home/fnikolay/turtlebot3_ws/build/turtlebot3_cartographer -- -j4 -l4
[1.015s] Invoked command in '/home/fnikolay/turtlebot3_ws/build/turtlebot3_cartographer' returned '0': CMAKE_PREFIX_PATH=${CMAKE_PREFIX_PATH}:/opt/ros/foxy:/home/fnikolay/turtlebot3_ws/install/turtlebot3_teleop:/home/fnikolay/turtlebot3_ws/install/turtlebot3_example:/opt/ros/galactic /usr/bin/cmake --build /home/fnikolay/turtlebot3_ws/build/turtlebot3_cartographer -- -j4 -l4
[1.040s] Invoking command in '/home/fnikolay/turtlebot3_ws/build/turtlebot3_cartographer': CMAKE_PREFIX_PATH=${CMAKE_PREFIX_PATH}:/opt/ros/foxy:/home/fnikolay/turtlebot3_ws/install/turtlebot3_teleop:/home/fnikolay/turtlebot3_ws/install/turtlebot3_example:/opt/ros/galactic /usr/bin/cmake --install /home/fnikolay/turtlebot3_ws/build/turtlebot3_cartographer
[1.051s] -- Install configuration: ""
[1.051s] -- Execute custom install script
[1.052s] -- Symlinking: /home/fnikolay/turtlebot3_ws/install/turtlebot3_cartographer/share/turtlebot3_cartographer/config/turtlebot3_lds_2d.lua
[1.062s] -- Symlinking: /home/fnikolay/turtlebot3_ws/install/turtlebot3_cartographer/share/turtlebot3_cartographer/launch/cartographer.launch.py
[1.072s] -- Symlinking: /home/fnikolay/turtlebot3_ws/install/turtlebot3_cartographer/share/turtlebot3_cartographer/launch/occupancy_grid.launch.py
[1.083s] -- Symlinking: /home/fnikolay/turtlebot3_ws/install/turtlebot3_cartographer/share/turtlebot3_cartographer/rviz/tb3_cartographer.rviz
[1.093s] -- Symlinking: /home/fnikolay/turtlebot3_ws/install/turtlebot3_cartographer/share/ament_index/resource_index/package_run_dependencies/turtlebot3_cartographer
[1.113s] -- Symlinking: /home/fnikolay/turtlebot3_ws/install/turtlebot3_cartographer/share/ament_index/resource_index/parent_prefix_path/turtlebot3_cartographer
[1.124s] -- Symlinking: /home/fnikolay/turtlebot3_ws/install/turtlebot3_cartographer/share/turtlebot3_cartographer/environment/ament_prefix_path.sh
[1.136s] -- Symlinking: /home/fnikolay/turtlebot3_ws/install/turtlebot3_cartographer/share/turtlebot3_cartographer/environment/ament_prefix_path.dsv
[1.149s] -- Symlinking: /home/fnikolay/turtlebot3_ws/install/turtlebot3_cartographer/share/turtlebot3_cartographer/environment/path.sh
[1.160s] -- Symlinking: /home/fnikolay/turtlebot3_ws/install/turtlebot3_cartographer/share/turtlebot3_cartographer/environment/path.dsv
[1.171s] -- Symlinking: /home/fnikolay/turtlebot3_ws/install/turtlebot3_cartographer/share/turtlebot3_cartographer/local_setup.bash
[1.184s] -- Symlinking: /home/fnikolay/turtlebot3_ws/install/turtlebot3_cartographer/share/turtlebot3_cartographer/local_setup.sh
[1.195s] -- Symlinking: /home/fnikolay/turtlebot3_ws/install/turtlebot3_cartographer/share/turtlebot3_cartographer/local_setup.zsh
[1.206s] -- Symlinking: /home/fnikolay/turtlebot3_ws/install/turtlebot3_cartographer/share/turtlebot3_cartographer/local_setup.dsv
[1.216s] -- Symlinking: /home/fnikolay/turtlebot3_ws/install/turtlebot3_cartographer/share/turtlebot3_cartographer/package.dsv
[1.227s] -- Symlinking: /home/fnikolay/turtlebot3_ws/install/turtlebot3_cartographer/share/ament_index/resource_index/packages/turtlebot3_cartographer
[1.237s] -- Symlinking: /home/fnikolay/turtlebot3_ws/install/turtlebot3_cartographer/share/turtlebot3_cartographer/cmake/turtlebot3_cartographerConfig.cmake
[1.248s] -- Symlinking: /home/fnikolay/turtlebot3_ws/install/turtlebot3_cartographer/share/turtlebot3_cartographer/cmake/turtlebot3_cartographerConfig-version.cmake
[1.259s] -- Symlinking: /home/fnikolay/turtlebot3_ws/install/turtlebot3_cartographer/share/turtlebot3_cartographer/package.xml
[1.280s] Invoked command in '/home/fnikolay/turtlebot3_ws/build/turtlebot3_cartographer' returned '0': CMAKE_PREFIX_PATH=${CMAKE_PREFIX_PATH}:/opt/ros/foxy:/home/fnikolay/turtlebot3_ws/install/turtlebot3_teleop:/home/fnikolay/turtlebot3_ws/install/turtlebot3_example:/opt/ros/galactic /usr/bin/cmake --install /home/fnikolay/turtlebot3_ws/build/turtlebot3_cartographer
