[2.846s] Invoking command in '/home/fnikolay/turtlebot3_ws/build/kf_move': PYTHONPATH=/home/fnikolay/turtlebot3_ws/install/kf_move/lib/python3.8/site-packages:${PYTHONPATH} /usr/bin/python3 setup.py develop --prefix /home/fnikolay/turtlebot3_ws/install/kf_move --uninstall --editable --build-directory /home/fnikolay/turtlebot3_ws/build/kf_move/build
[3.160s] running develop
[3.410s] Invoked command in '/home/fnikolay/turtlebot3_ws/build/kf_move' returned '0': PYTHONPATH=/home/fnikolay/turtlebot3_ws/install/kf_move/lib/python3.8/site-packages:${PYTHONPATH} /usr/bin/python3 setup.py develop --prefix /home/fnikolay/turtlebot3_ws/install/kf_move --uninstall --editable --build-directory /home/fnikolay/turtlebot3_ws/build/kf_move/build
[3.413s] Invoking command in '/home/fnikolay/turtlebot3_ws/src/kf_move': PYTHONPATH=/home/fnikolay/turtlebot3_ws/install/kf_move/lib/python3.8/site-packages:${PYTHONPATH} /usr/bin/python3 setup.py egg_info --egg-base ../../build/kf_move build --build-base /home/fnikolay/turtlebot3_ws/build/kf_move/build install --prefix /home/fnikolay/turtlebot3_ws/install/kf_move --record /home/fnikolay/turtlebot3_ws/build/kf_move/install.log --single-version-externally-managed
[3.683s] running egg_info
[3.684s] writing ../../build/kf_move/kf_move.egg-info/PKG-INFO
[3.684s] writing dependency_links to ../../build/kf_move/kf_move.egg-info/dependency_links.txt
[3.684s] writing entry points to ../../build/kf_move/kf_move.egg-info/entry_points.txt
[3.684s] writing requirements to ../../build/kf_move/kf_move.egg-info/requires.txt
[3.684s] writing top-level names to ../../build/kf_move/kf_move.egg-info/top_level.txt
[3.764s] reading manifest file '../../build/kf_move/kf_move.egg-info/SOURCES.txt'
[3.780s] writing manifest file '../../build/kf_move/kf_move.egg-info/SOURCES.txt'
[3.781s] running build
[3.781s] running build_py
[3.781s] running install
[3.782s] running install_lib
[3.783s] running install_data
[3.784s] running install_egg_info
[3.785s] removing '/home/fnikolay/turtlebot3_ws/install/kf_move/lib/python3.8/site-packages/kf_move-0.0.0-py3.8.egg-info' (and everything under it)
[3.802s] Copying ../../build/kf_move/kf_move.egg-info to /home/fnikolay/turtlebot3_ws/install/kf_move/lib/python3.8/site-packages/kf_move-0.0.0-py3.8.egg-info
[3.812s] running install_scripts
[3.830s] Installing kf_move script to /home/fnikolay/turtlebot3_ws/install/kf_move/lib/kf_move
[3.831s] writing list of installed files to '/home/fnikolay/turtlebot3_ws/build/kf_move/install.log'
[3.866s] Invoked command in '/home/fnikolay/turtlebot3_ws/src/kf_move' returned '0': PYTHONPATH=/home/fnikolay/turtlebot3_ws/install/kf_move/lib/python3.8/site-packages:${PYTHONPATH} /usr/bin/python3 setup.py egg_info --egg-base ../../build/kf_move build --build-base /home/fnikolay/turtlebot3_ws/build/kf_move/build install --prefix /home/fnikolay/turtlebot3_ws/install/kf_move --record /home/fnikolay/turtlebot3_ws/build/kf_move/install.log --single-version-externally-managed
