[1.195s] Invoking command in '/home/fnikolay/turtlebot3_ws/build/turtlebot3_example': CMAKE_PREFIX_PATH=/home/fnikolay/turtlebot3_ws/install/turtlebot3_msgs:/home/fnikolay/turtlebot3_ws/install/turtlebot3:/home/fnikolay/turtlebot3_ws/install/turtlebot3_simulations:/home/fnikolay/turtlebot3_ws/install/turtlebot3_bringup:/home/fnikolay/turtlebot3_ws/install/turtlebot3_node:/home/fnikolay/turtlebot3_ws/install/turtlebot3_navigation2:/home/fnikolay/turtlebot3_ws/install/turtlebot3_fake_node:/home/fnikolay/turtlebot3_ws/install/turtlebot3_gazebo:/home/fnikolay/turtlebot3_ws/install/turtlebot3_description:/home/fnikolay/turtlebot3_ws/install/turtlebot3_cartographer:/home/fnikolay/turtlebot3_ws/install/dynamixel_sdk_examples:/home/fnikolay/turtlebot3_ws/install/dynamixel_sdk_custom_interfaces:/home/fnikolay/turtlebot3_ws/install/dynamixel_sdk PYTHONPATH=/home/fnikolay/turtlebot3_ws/install/turtlebot3_example/lib/python3.8/site-packages:/home/fnikolay/turtlebot3_ws/install/turtlebot3_msgs/lib/python3.8/site-packages:/home/fnikolay/turtlebot3_ws/install/turtlebot3_teleop/lib/python3.8/site-packages:/home/fnikolay/turtlebot3_ws/build/turtlebot3_example:/home/fnikolay/turtlebot3_ws/install/turtlebot3_example/lib/python3.8/site-packages:/home/fnikolay/turtlebot3_ws/install/dynamixel_sdk_custom_interfaces/lib/python3.8/site-packages:/opt/ros/foxy/lib/python3.8/site-packages:/opt/ros/galactic/lib/python3.8/site-packages /usr/bin/python3 setup.py develop --prefix /home/fnikolay/turtlebot3_ws/install/turtlebot3_example --uninstall --editable --build-directory /home/fnikolay/turtlebot3_ws/build/turtlebot3_example/build
[1.553s] running develop
[1.805s] Removing /home/fnikolay/turtlebot3_ws/install/turtlebot3_example/lib/python3.8/site-packages/turtlebot3-example.egg-link (link to .)
[1.844s] Invoked command in '/home/fnikolay/turtlebot3_ws/build/turtlebot3_example' returned '0': CMAKE_PREFIX_PATH=/home/fnikolay/turtlebot3_ws/install/turtlebot3_msgs:/home/fnikolay/turtlebot3_ws/install/turtlebot3:/home/fnikolay/turtlebot3_ws/install/turtlebot3_simulations:/home/fnikolay/turtlebot3_ws/install/turtlebot3_bringup:/home/fnikolay/turtlebot3_ws/install/turtlebot3_node:/home/fnikolay/turtlebot3_ws/install/turtlebot3_navigation2:/home/fnikolay/turtlebot3_ws/install/turtlebot3_fake_node:/home/fnikolay/turtlebot3_ws/install/turtlebot3_gazebo:/home/fnikolay/turtlebot3_ws/install/turtlebot3_description:/home/fnikolay/turtlebot3_ws/install/turtlebot3_cartographer:/home/fnikolay/turtlebot3_ws/install/dynamixel_sdk_examples:/home/fnikolay/turtlebot3_ws/install/dynamixel_sdk_custom_interfaces:/home/fnikolay/turtlebot3_ws/install/dynamixel_sdk PYTHONPATH=/home/fnikolay/turtlebot3_ws/install/turtlebot3_example/lib/python3.8/site-packages:/home/fnikolay/turtlebot3_ws/install/turtlebot3_msgs/lib/python3.8/site-packages:/home/fnikolay/turtlebot3_ws/install/turtlebot3_teleop/lib/python3.8/site-packages:/home/fnikolay/turtlebot3_ws/build/turtlebot3_example:/home/fnikolay/turtlebot3_ws/install/turtlebot3_example/lib/python3.8/site-packages:/home/fnikolay/turtlebot3_ws/install/dynamixel_sdk_custom_interfaces/lib/python3.8/site-packages:/opt/ros/foxy/lib/python3.8/site-packages:/opt/ros/galactic/lib/python3.8/site-packages /usr/bin/python3 setup.py develop --prefix /home/fnikolay/turtlebot3_ws/install/turtlebot3_example --uninstall --editable --build-directory /home/fnikolay/turtlebot3_ws/build/turtlebot3_example/build
[1.845s] Invoking command in '/home/fnikolay/turtlebot3_ws/src/turtlebot3/turtlebot3_example': CMAKE_PREFIX_PATH=/home/fnikolay/turtlebot3_ws/install/turtlebot3_msgs:/home/fnikolay/turtlebot3_ws/install/turtlebot3:/home/fnikolay/turtlebot3_ws/install/turtlebot3_simulations:/home/fnikolay/turtlebot3_ws/install/turtlebot3_bringup:/home/fnikolay/turtlebot3_ws/install/turtlebot3_node:/home/fnikolay/turtlebot3_ws/install/turtlebot3_navigation2:/home/fnikolay/turtlebot3_ws/install/turtlebot3_fake_node:/home/fnikolay/turtlebot3_ws/install/turtlebot3_gazebo:/home/fnikolay/turtlebot3_ws/install/turtlebot3_description:/home/fnikolay/turtlebot3_ws/install/turtlebot3_cartographer:/home/fnikolay/turtlebot3_ws/install/dynamixel_sdk_examples:/home/fnikolay/turtlebot3_ws/install/dynamixel_sdk_custom_interfaces:/home/fnikolay/turtlebot3_ws/install/dynamixel_sdk PYTHONPATH=/home/fnikolay/turtlebot3_ws/install/turtlebot3_example/lib/python3.8/site-packages:/home/fnikolay/turtlebot3_ws/install/turtlebot3_msgs/lib/python3.8/site-packages:/home/fnikolay/turtlebot3_ws/install/turtlebot3_teleop/lib/python3.8/site-packages:/home/fnikolay/turtlebot3_ws/build/turtlebot3_example:/home/fnikolay/turtlebot3_ws/install/turtlebot3_example/lib/python3.8/site-packages:/home/fnikolay/turtlebot3_ws/install/dynamixel_sdk_custom_interfaces/lib/python3.8/site-packages:/opt/ros/foxy/lib/python3.8/site-packages:/opt/ros/galactic/lib/python3.8/site-packages /usr/bin/python3 setup.py egg_info --egg-base ../../../build/turtlebot3_example build --build-base /home/fnikolay/turtlebot3_ws/build/turtlebot3_example/build install --prefix /home/fnikolay/turtlebot3_ws/install/turtlebot3_example --record /home/fnikolay/turtlebot3_ws/build/turtlebot3_example/install.log --single-version-externally-managed
[2.179s] running egg_info
[2.180s] writing ../../../build/turtlebot3_example/turtlebot3_example.egg-info/PKG-INFO
[2.181s] writing dependency_links to ../../../build/turtlebot3_example/turtlebot3_example.egg-info/dependency_links.txt
[2.181s] writing entry points to ../../../build/turtlebot3_example/turtlebot3_example.egg-info/entry_points.txt
[2.182s] writing requirements to ../../../build/turtlebot3_example/turtlebot3_example.egg-info/requires.txt
[2.182s] writing top-level names to ../../../build/turtlebot3_example/turtlebot3_example.egg-info/top_level.txt
[2.228s] reading manifest file '../../../build/turtlebot3_example/turtlebot3_example.egg-info/SOURCES.txt'
[2.241s] writing manifest file '../../../build/turtlebot3_example/turtlebot3_example.egg-info/SOURCES.txt'
[2.242s] running build
[2.242s] running build_py
[2.242s] creating /home/fnikolay/turtlebot3_ws/build/turtlebot3_example/build
[2.243s] creating /home/fnikolay/turtlebot3_ws/build/turtlebot3_example/build/lib
[2.243s] creating /home/fnikolay/turtlebot3_ws/build/turtlebot3_example/build/lib/turtlebot3_example
[2.243s] copying turtlebot3_example/__init__.py -> /home/fnikolay/turtlebot3_ws/build/turtlebot3_example/build/lib/turtlebot3_example
[2.243s] creating /home/fnikolay/turtlebot3_ws/build/turtlebot3_example/build/lib/turtlebot3_example/turtlebot3_patrol_server
[2.244s] copying turtlebot3_example/turtlebot3_patrol_server/main.py -> /home/fnikolay/turtlebot3_ws/build/turtlebot3_example/build/lib/turtlebot3_example/turtlebot3_patrol_server
[2.266s] copying turtlebot3_example/turtlebot3_patrol_server/turtlebot3_patrol_server.py -> /home/fnikolay/turtlebot3_ws/build/turtlebot3_example/build/lib/turtlebot3_example/turtlebot3_patrol_server
[2.276s] copying turtlebot3_example/turtlebot3_patrol_server/__init__.py -> /home/fnikolay/turtlebot3_ws/build/turtlebot3_example/build/lib/turtlebot3_example/turtlebot3_patrol_server
[2.277s] copying turtlebot3_example/turtlebot3_patrol_server/turtlebot3_path.py -> /home/fnikolay/turtlebot3_ws/build/turtlebot3_example/build/lib/turtlebot3_example/turtlebot3_patrol_server
[2.277s] creating /home/fnikolay/turtlebot3_ws/build/turtlebot3_example/build/lib/turtlebot3_example/turtlebot3_position_control
[2.279s] copying turtlebot3_example/turtlebot3_position_control/main.py -> /home/fnikolay/turtlebot3_ws/build/turtlebot3_example/build/lib/turtlebot3_example/turtlebot3_position_control
[2.282s] copying turtlebot3_example/turtlebot3_position_control/__init__.py -> /home/fnikolay/turtlebot3_ws/build/turtlebot3_example/build/lib/turtlebot3_example/turtlebot3_position_control
[2.285s] copying turtlebot3_example/turtlebot3_position_control/turtlebot3_path.py -> /home/fnikolay/turtlebot3_ws/build/turtlebot3_example/build/lib/turtlebot3_example/turtlebot3_position_control
[2.288s] copying turtlebot3_example/turtlebot3_position_control/turtlebot3_position_control.py -> /home/fnikolay/turtlebot3_ws/build/turtlebot3_example/build/lib/turtlebot3_example/turtlebot3_position_control
[2.294s] creating /home/fnikolay/turtlebot3_ws/build/turtlebot3_example/build/lib/turtlebot3_example/turtlebot3_patrol_client
[2.294s] copying turtlebot3_example/turtlebot3_patrol_client/main.py -> /home/fnikolay/turtlebot3_ws/build/turtlebot3_example/build/lib/turtlebot3_example/turtlebot3_patrol_client
[2.296s] copying turtlebot3_example/turtlebot3_patrol_client/turtlebot3_patrol_client.py -> /home/fnikolay/turtlebot3_ws/build/turtlebot3_example/build/lib/turtlebot3_example/turtlebot3_patrol_client
[2.296s] copying turtlebot3_example/turtlebot3_patrol_client/__init__.py -> /home/fnikolay/turtlebot3_ws/build/turtlebot3_example/build/lib/turtlebot3_example/turtlebot3_patrol_client
[2.297s] creating /home/fnikolay/turtlebot3_ws/build/turtlebot3_example/build/lib/turtlebot3_example/turtlebot3_obstacle_detection
[2.297s] copying turtlebot3_example/turtlebot3_obstacle_detection/main.py -> /home/fnikolay/turtlebot3_ws/build/turtlebot3_example/build/lib/turtlebot3_example/turtlebot3_obstacle_detection
[2.297s] copying turtlebot3_example/turtlebot3_obstacle_detection/turtlebot3_obstacle_detection.py -> /home/fnikolay/turtlebot3_ws/build/turtlebot3_example/build/lib/turtlebot3_example/turtlebot3_obstacle_detection
[2.298s] copying turtlebot3_example/turtlebot3_obstacle_detection/__init__.py -> /home/fnikolay/turtlebot3_ws/build/turtlebot3_example/build/lib/turtlebot3_example/turtlebot3_obstacle_detection
[2.299s] running install
[2.300s] running install_lib
[2.301s] creating /home/fnikolay/turtlebot3_ws/install/turtlebot3_example/lib/python3.8/site-packages/turtlebot3_example
[2.301s] creating /home/fnikolay/turtlebot3_ws/install/turtlebot3_example/lib/python3.8/site-packages/turtlebot3_example/turtlebot3_patrol_server
[2.302s] copying /home/fnikolay/turtlebot3_ws/build/turtlebot3_example/build/lib/turtlebot3_example/turtlebot3_patrol_server/main.py -> /home/fnikolay/turtlebot3_ws/install/turtlebot3_example/lib/python3.8/site-packages/turtlebot3_example/turtlebot3_patrol_server
[2.302s] copying /home/fnikolay/turtlebot3_ws/build/turtlebot3_example/build/lib/turtlebot3_example/turtlebot3_patrol_server/turtlebot3_patrol_server.py -> /home/fnikolay/turtlebot3_ws/install/turtlebot3_example/lib/python3.8/site-packages/turtlebot3_example/turtlebot3_patrol_server
[2.302s] copying /home/fnikolay/turtlebot3_ws/build/turtlebot3_example/build/lib/turtlebot3_example/turtlebot3_patrol_server/__init__.py -> /home/fnikolay/turtlebot3_ws/install/turtlebot3_example/lib/python3.8/site-packages/turtlebot3_example/turtlebot3_patrol_server
[2.303s] copying /home/fnikolay/turtlebot3_ws/build/turtlebot3_example/build/lib/turtlebot3_example/turtlebot3_patrol_server/turtlebot3_path.py -> /home/fnikolay/turtlebot3_ws/install/turtlebot3_example/lib/python3.8/site-packages/turtlebot3_example/turtlebot3_patrol_server
[2.303s] creating /home/fnikolay/turtlebot3_ws/install/turtlebot3_example/lib/python3.8/site-packages/turtlebot3_example/turtlebot3_position_control
[2.303s] copying /home/fnikolay/turtlebot3_ws/build/turtlebot3_example/build/lib/turtlebot3_example/turtlebot3_position_control/main.py -> /home/fnikolay/turtlebot3_ws/install/turtlebot3_example/lib/python3.8/site-packages/turtlebot3_example/turtlebot3_position_control
[2.304s] copying /home/fnikolay/turtlebot3_ws/build/turtlebot3_example/build/lib/turtlebot3_example/turtlebot3_position_control/__init__.py -> /home/fnikolay/turtlebot3_ws/install/turtlebot3_example/lib/python3.8/site-packages/turtlebot3_example/turtlebot3_position_control
[2.304s] copying /home/fnikolay/turtlebot3_ws/build/turtlebot3_example/build/lib/turtlebot3_example/turtlebot3_position_control/turtlebot3_path.py -> /home/fnikolay/turtlebot3_ws/install/turtlebot3_example/lib/python3.8/site-packages/turtlebot3_example/turtlebot3_position_control
[2.304s] copying /home/fnikolay/turtlebot3_ws/build/turtlebot3_example/build/lib/turtlebot3_example/turtlebot3_position_control/turtlebot3_position_control.py -> /home/fnikolay/turtlebot3_ws/install/turtlebot3_example/lib/python3.8/site-packages/turtlebot3_example/turtlebot3_position_control
[2.304s] copying /home/fnikolay/turtlebot3_ws/build/turtlebot3_example/build/lib/turtlebot3_example/__init__.py -> /home/fnikolay/turtlebot3_ws/install/turtlebot3_example/lib/python3.8/site-packages/turtlebot3_example
[2.305s] creating /home/fnikolay/turtlebot3_ws/install/turtlebot3_example/lib/python3.8/site-packages/turtlebot3_example/turtlebot3_patrol_client
[2.305s] copying /home/fnikolay/turtlebot3_ws/build/turtlebot3_example/build/lib/turtlebot3_example/turtlebot3_patrol_client/main.py -> /home/fnikolay/turtlebot3_ws/install/turtlebot3_example/lib/python3.8/site-packages/turtlebot3_example/turtlebot3_patrol_client
[2.305s] copying /home/fnikolay/turtlebot3_ws/build/turtlebot3_example/build/lib/turtlebot3_example/turtlebot3_patrol_client/turtlebot3_patrol_client.py -> /home/fnikolay/turtlebot3_ws/install/turtlebot3_example/lib/python3.8/site-packages/turtlebot3_example/turtlebot3_patrol_client
[2.306s] copying /home/fnikolay/turtlebot3_ws/build/turtlebot3_example/build/lib/turtlebot3_example/turtlebot3_patrol_client/__init__.py -> /home/fnikolay/turtlebot3_ws/install/turtlebot3_example/lib/python3.8/site-packages/turtlebot3_example/turtlebot3_patrol_client
[2.306s] creating /home/fnikolay/turtlebot3_ws/install/turtlebot3_example/lib/python3.8/site-packages/turtlebot3_example/turtlebot3_obstacle_detection
[2.306s] copying /home/fnikolay/turtlebot3_ws/build/turtlebot3_example/build/lib/turtlebot3_example/turtlebot3_obstacle_detection/main.py -> /home/fnikolay/turtlebot3_ws/install/turtlebot3_example/lib/python3.8/site-packages/turtlebot3_example/turtlebot3_obstacle_detection
[2.306s] copying /home/fnikolay/turtlebot3_ws/build/turtlebot3_example/build/lib/turtlebot3_example/turtlebot3_obstacle_detection/turtlebot3_obstacle_detection.py -> /home/fnikolay/turtlebot3_ws/install/turtlebot3_example/lib/python3.8/site-packages/turtlebot3_example/turtlebot3_obstacle_detection
[2.307s] copying /home/fnikolay/turtlebot3_ws/build/turtlebot3_example/build/lib/turtlebot3_example/turtlebot3_obstacle_detection/__init__.py -> /home/fnikolay/turtlebot3_ws/install/turtlebot3_example/lib/python3.8/site-packages/turtlebot3_example/turtlebot3_obstacle_detection
[2.308s] byte-compiling /home/fnikolay/turtlebot3_ws/install/turtlebot3_example/lib/python3.8/site-packages/turtlebot3_example/turtlebot3_patrol_server/main.py to main.cpython-38.pyc
[2.316s] byte-compiling /home/fnikolay/turtlebot3_ws/install/turtlebot3_example/lib/python3.8/site-packages/turtlebot3_example/turtlebot3_patrol_server/turtlebot3_patrol_server.py to turtlebot3_patrol_server.cpython-38.pyc
[2.318s] byte-compiling /home/fnikolay/turtlebot3_ws/install/turtlebot3_example/lib/python3.8/site-packages/turtlebot3_example/turtlebot3_patrol_server/__init__.py to __init__.cpython-38.pyc
[2.318s] byte-compiling /home/fnikolay/turtlebot3_ws/install/turtlebot3_example/lib/python3.8/site-packages/turtlebot3_example/turtlebot3_patrol_server/turtlebot3_path.py to turtlebot3_path.cpython-38.pyc
[2.319s] byte-compiling /home/fnikolay/turtlebot3_ws/install/turtlebot3_example/lib/python3.8/site-packages/turtlebot3_example/turtlebot3_position_control/main.py to main.cpython-38.pyc
[2.319s] byte-compiling /home/fnikolay/turtlebot3_ws/install/turtlebot3_example/lib/python3.8/site-packages/turtlebot3_example/turtlebot3_position_control/__init__.py to __init__.cpython-38.pyc
[2.320s] byte-compiling /home/fnikolay/turtlebot3_ws/install/turtlebot3_example/lib/python3.8/site-packages/turtlebot3_example/turtlebot3_position_control/turtlebot3_path.py to turtlebot3_path.cpython-38.pyc
[2.320s] byte-compiling /home/fnikolay/turtlebot3_ws/install/turtlebot3_example/lib/python3.8/site-packages/turtlebot3_example/turtlebot3_position_control/turtlebot3_position_control.py to turtlebot3_position_control.cpython-38.pyc
[2.321s] byte-compiling /home/fnikolay/turtlebot3_ws/install/turtlebot3_example/lib/python3.8/site-packages/turtlebot3_example/__init__.py to __init__.cpython-38.pyc
[2.322s] byte-compiling /home/fnikolay/turtlebot3_ws/install/turtlebot3_example/lib/python3.8/site-packages/turtlebot3_example/turtlebot3_patrol_client/main.py to main.cpython-38.pyc
[2.322s] byte-compiling /home/fnikolay/turtlebot3_ws/install/turtlebot3_example/lib/python3.8/site-packages/turtlebot3_example/turtlebot3_patrol_client/turtlebot3_patrol_client.py to turtlebot3_patrol_client.cpython-38.pyc
[2.323s] byte-compiling /home/fnikolay/turtlebot3_ws/install/turtlebot3_example/lib/python3.8/site-packages/turtlebot3_example/turtlebot3_patrol_client/__init__.py to __init__.cpython-38.pyc
[2.324s] byte-compiling /home/fnikolay/turtlebot3_ws/install/turtlebot3_example/lib/python3.8/site-packages/turtlebot3_example/turtlebot3_obstacle_detection/main.py to main.cpython-38.pyc
[2.325s] byte-compiling /home/fnikolay/turtlebot3_ws/install/turtlebot3_example/lib/python3.8/site-packages/turtlebot3_example/turtlebot3_obstacle_detection/turtlebot3_obstacle_detection.py to turtlebot3_obstacle_detection.cpython-38.pyc
[2.326s] byte-compiling /home/fnikolay/turtlebot3_ws/install/turtlebot3_example/lib/python3.8/site-packages/turtlebot3_example/turtlebot3_obstacle_detection/__init__.py to __init__.cpython-38.pyc
[2.327s] running install_data
[2.329s] copying resource/turtlebot3_example -> /home/fnikolay/turtlebot3_ws/install/turtlebot3_example/share/ament_index/resource_index/packages
[2.333s] copying package.xml -> /home/fnikolay/turtlebot3_ws/install/turtlebot3_example/share/turtlebot3_example
[2.336s] running install_egg_info
[2.343s] Copying ../../../build/turtlebot3_example/turtlebot3_example.egg-info to /home/fnikolay/turtlebot3_ws/install/turtlebot3_example/lib/python3.8/site-packages/turtlebot3_example-2.1.4-py3.8.egg-info
[2.366s] running install_scripts
[2.387s] Installing turtlebot3_obstacle_detection script to /home/fnikolay/turtlebot3_ws/install/turtlebot3_example/lib/turtlebot3_example
[2.387s] Installing turtlebot3_patrol_client script to /home/fnikolay/turtlebot3_ws/install/turtlebot3_example/lib/turtlebot3_example
[2.388s] Installing turtlebot3_patrol_server script to /home/fnikolay/turtlebot3_ws/install/turtlebot3_example/lib/turtlebot3_example
[2.388s] Installing turtlebot3_position_control script to /home/fnikolay/turtlebot3_ws/install/turtlebot3_example/lib/turtlebot3_example
[2.390s] writing list of installed files to '/home/fnikolay/turtlebot3_ws/build/turtlebot3_example/install.log'
[2.438s] Invoked command in '/home/fnikolay/turtlebot3_ws/src/turtlebot3/turtlebot3_example' returned '0': CMAKE_PREFIX_PATH=/home/fnikolay/turtlebot3_ws/install/turtlebot3_msgs:/home/fnikolay/turtlebot3_ws/install/turtlebot3:/home/fnikolay/turtlebot3_ws/install/turtlebot3_simulations:/home/fnikolay/turtlebot3_ws/install/turtlebot3_bringup:/home/fnikolay/turtlebot3_ws/install/turtlebot3_node:/home/fnikolay/turtlebot3_ws/install/turtlebot3_navigation2:/home/fnikolay/turtlebot3_ws/install/turtlebot3_fake_node:/home/fnikolay/turtlebot3_ws/install/turtlebot3_gazebo:/home/fnikolay/turtlebot3_ws/install/turtlebot3_description:/home/fnikolay/turtlebot3_ws/install/turtlebot3_cartographer:/home/fnikolay/turtlebot3_ws/install/dynamixel_sdk_examples:/home/fnikolay/turtlebot3_ws/install/dynamixel_sdk_custom_interfaces:/home/fnikolay/turtlebot3_ws/install/dynamixel_sdk PYTHONPATH=/home/fnikolay/turtlebot3_ws/install/turtlebot3_example/lib/python3.8/site-packages:/home/fnikolay/turtlebot3_ws/install/turtlebot3_msgs/lib/python3.8/site-packages:/home/fnikolay/turtlebot3_ws/install/turtlebot3_teleop/lib/python3.8/site-packages:/home/fnikolay/turtlebot3_ws/build/turtlebot3_example:/home/fnikolay/turtlebot3_ws/install/turtlebot3_example/lib/python3.8/site-packages:/home/fnikolay/turtlebot3_ws/install/dynamixel_sdk_custom_interfaces/lib/python3.8/site-packages:/opt/ros/foxy/lib/python3.8/site-packages:/opt/ros/galactic/lib/python3.8/site-packages /usr/bin/python3 setup.py egg_info --egg-base ../../../build/turtlebot3_example build --build-base /home/fnikolay/turtlebot3_ws/build/turtlebot3_example/build install --prefix /home/fnikolay/turtlebot3_ws/install/turtlebot3_example --record /home/fnikolay/turtlebot3_ws/build/turtlebot3_example/install.log --single-version-externally-managed
