[0.042s] Invoking command in '/home/fnikolay/turtlebot3_ws/build/turtlebot3_cartographer': CMAKE_PREFIX_PATH=${CMAKE_PREFIX_PATH}:/home/fnikolay/turtlebot3_ws/install/turtlebot3_teleop:/home/fnikolay/turtlebot3_ws/install/turtlebot3_example:/home/fnikolay/turtlebot3_ws/install/my_package:/home/fnikolay/turtlebot3_ws/install/kf_move:/opt/ros/foxy /usr/bin/cmake --build /home/fnikolay/turtlebot3_ws/build/turtlebot3_cartographer -- -j4 -l4
[0.126s] Invoked command in '/home/fnikolay/turtlebot3_ws/build/turtlebot3_cartographer' returned '0': CMAKE_PREFIX_PATH=${CMAKE_PREFIX_PATH}:/home/fnikolay/turtlebot3_ws/install/turtlebot3_teleop:/home/fnikolay/turtlebot3_ws/install/turtlebot3_example:/home/fnikolay/turtlebot3_ws/install/my_package:/home/fnikolay/turtlebot3_ws/install/kf_move:/opt/ros/foxy /usr/bin/cmake --build /home/fnikolay/turtlebot3_ws/build/turtlebot3_cartographer -- -j4 -l4
[0.152s] Invoking command in '/home/fnikolay/turtlebot3_ws/build/turtlebot3_cartographer': CMAKE_PREFIX_PATH=${CMAKE_PREFIX_PATH}:/home/fnikolay/turtlebot3_ws/install/turtlebot3_teleop:/home/fnikolay/turtlebot3_ws/install/turtlebot3_example:/home/fnikolay/turtlebot3_ws/install/my_package:/home/fnikolay/turtlebot3_ws/install/kf_move:/opt/ros/foxy /usr/bin/cmake --install /home/fnikolay/turtlebot3_ws/build/turtlebot3_cartographer
[0.174s] -- Install configuration: ""
[0.186s] -- Execute custom install script
[0.194s] -- Up-to-date symlink: /home/fnikolay/turtlebot3_ws/install/turtlebot3_cartographer/share/turtlebot3_cartographer/config/turtlebot3_lds_2d.lua
[0.195s] -- Up-to-date symlink: /home/fnikolay/turtlebot3_ws/install/turtlebot3_cartographer/share/turtlebot3_cartographer/launch/cartographer.launch.py
[0.196s] -- Up-to-date symlink: /home/fnikolay/turtlebot3_ws/install/turtlebot3_cartographer/share/turtlebot3_cartographer/launch/occupancy_grid.launch.py
[0.197s] -- Up-to-date symlink: /home/fnikolay/turtlebot3_ws/install/turtlebot3_cartographer/share/turtlebot3_cartographer/rviz/tb3_cartographer.rviz
[0.198s] -- Up-to-date symlink: /home/fnikolay/turtlebot3_ws/install/turtlebot3_cartographer/share/ament_index/resource_index/package_run_dependencies/turtlebot3_cartographer
[0.200s] -- Up-to-date symlink: /home/fnikolay/turtlebot3_ws/install/turtlebot3_cartographer/share/ament_index/resource_index/parent_prefix_path/turtlebot3_cartographer
[0.201s] -- Up-to-date symlink: /home/fnikolay/turtlebot3_ws/install/turtlebot3_cartographer/share/turtlebot3_cartographer/environment/ament_prefix_path.sh
[0.204s] -- Up-to-date symlink: /home/fnikolay/turtlebot3_ws/install/turtlebot3_cartographer/share/turtlebot3_cartographer/environment/ament_prefix_path.dsv
[0.207s] -- Up-to-date symlink: /home/fnikolay/turtlebot3_ws/install/turtlebot3_cartographer/share/turtlebot3_cartographer/environment/path.sh
[0.208s] -- Up-to-date symlink: /home/fnikolay/turtlebot3_ws/install/turtlebot3_cartographer/share/turtlebot3_cartographer/environment/path.dsv
[0.212s] -- Up-to-date symlink: /home/fnikolay/turtlebot3_ws/install/turtlebot3_cartographer/share/turtlebot3_cartographer/local_setup.bash
[0.213s] -- Up-to-date symlink: /home/fnikolay/turtlebot3_ws/install/turtlebot3_cartographer/share/turtlebot3_cartographer/local_setup.sh
[0.213s] -- Up-to-date symlink: /home/fnikolay/turtlebot3_ws/install/turtlebot3_cartographer/share/turtlebot3_cartographer/local_setup.zsh
[0.214s] -- Up-to-date symlink: /home/fnikolay/turtlebot3_ws/install/turtlebot3_cartographer/share/turtlebot3_cartographer/local_setup.dsv
[0.214s] -- Symlinking: /home/fnikolay/turtlebot3_ws/install/turtlebot3_cartographer/share/turtlebot3_cartographer/package.dsv
[0.266s] -- Up-to-date symlink: /home/fnikolay/turtlebot3_ws/install/turtlebot3_cartographer/share/ament_index/resource_index/packages/turtlebot3_cartographer
[0.266s] -- Up-to-date symlink: /home/fnikolay/turtlebot3_ws/install/turtlebot3_cartographer/share/turtlebot3_cartographer/cmake/turtlebot3_cartographerConfig.cmake
[0.267s] -- Up-to-date symlink: /home/fnikolay/turtlebot3_ws/install/turtlebot3_cartographer/share/turtlebot3_cartographer/cmake/turtlebot3_cartographerConfig-version.cmake
[0.287s] -- Up-to-date symlink: /home/fnikolay/turtlebot3_ws/install/turtlebot3_cartographer/share/turtlebot3_cartographer/package.xml
[0.290s] Invoked command in '/home/fnikolay/turtlebot3_ws/build/turtlebot3_cartographer' returned '0': CMAKE_PREFIX_PATH=${CMAKE_PREFIX_PATH}:/home/fnikolay/turtlebot3_ws/install/turtlebot3_teleop:/home/fnikolay/turtlebot3_ws/install/turtlebot3_example:/home/fnikolay/turtlebot3_ws/install/my_package:/home/fnikolay/turtlebot3_ws/install/kf_move:/opt/ros/foxy /usr/bin/cmake --install /home/fnikolay/turtlebot3_ws/build/turtlebot3_cartographer
