[3.873s] Invoking command in '/home/fnikolay/turtlebot3_ws/build/kf_move': PYTHONPATH=/home/fnikolay/turtlebot3_ws/install/kf_move/lib/python3.8/site-packages:${PYTHONPATH} /usr/bin/python3 setup.py develop --prefix /home/fnikolay/turtlebot3_ws/install/kf_move --uninstall --editable --build-directory /home/fnikolay/turtlebot3_ws/build/kf_move/build
[4.205s] running develop
[4.573s] Invoked command in '/home/fnikolay/turtlebot3_ws/build/kf_move' returned '0': PYTHONPATH=/home/fnikolay/turtlebot3_ws/install/kf_move/lib/python3.8/site-packages:${PYTHONPATH} /usr/bin/python3 setup.py develop --prefix /home/fnikolay/turtlebot3_ws/install/kf_move --uninstall --editable --build-directory /home/fnikolay/turtlebot3_ws/build/kf_move/build
[4.577s] Invoking command in '/home/fnikolay/turtlebot3_ws/src/kf_move': PYTHONPATH=/home/fnikolay/turtlebot3_ws/install/kf_move/lib/python3.8/site-packages:${PYTHONPATH} /usr/bin/python3 setup.py egg_info --egg-base ../../build/kf_move build --build-base /home/fnikolay/turtlebot3_ws/build/kf_move/build install --prefix /home/fnikolay/turtlebot3_ws/install/kf_move --record /home/fnikolay/turtlebot3_ws/build/kf_move/install.log --single-version-externally-managed
[4.876s] running egg_info
[4.876s] writing ../../build/kf_move/kf_move.egg-info/PKG-INFO
[4.877s] writing dependency_links to ../../build/kf_move/kf_move.egg-info/dependency_links.txt
[4.877s] writing entry points to ../../build/kf_move/kf_move.egg-info/entry_points.txt
[4.877s] writing requirements to ../../build/kf_move/kf_move.egg-info/requires.txt
[4.877s] writing top-level names to ../../build/kf_move/kf_move.egg-info/top_level.txt
[5.096s] reading manifest file '../../build/kf_move/kf_move.egg-info/SOURCES.txt'
[5.107s] writing manifest file '../../build/kf_move/kf_move.egg-info/SOURCES.txt'
[5.107s] running build
[5.107s] running build_py
[5.107s] copying kf_move/kf_move.py -> /home/fnikolay/turtlebot3_ws/build/kf_move/build/lib/kf_move
[5.135s] running install
[5.136s] running install_lib
[5.161s] copying /home/fnikolay/turtlebot3_ws/build/kf_move/build/lib/kf_move/kf_move.py -> /home/fnikolay/turtlebot3_ws/install/kf_move/lib/python3.8/site-packages/kf_move
[5.225s] byte-compiling /home/fnikolay/turtlebot3_ws/install/kf_move/lib/python3.8/site-packages/kf_move/kf_move.py to kf_move.cpython-38.pyc
[5.227s] running install_data
[5.228s] running install_egg_info
[5.229s] removing '/home/fnikolay/turtlebot3_ws/install/kf_move/lib/python3.8/site-packages/kf_move-0.0.0-py3.8.egg-info' (and everything under it)
[5.246s] Copying ../../build/kf_move/kf_move.egg-info to /home/fnikolay/turtlebot3_ws/install/kf_move/lib/python3.8/site-packages/kf_move-0.0.0-py3.8.egg-info
[5.254s] running install_scripts
[5.276s] Installing kf_move script to /home/fnikolay/turtlebot3_ws/install/kf_move/lib/kf_move
[5.277s] writing list of installed files to '/home/fnikolay/turtlebot3_ws/build/kf_move/install.log'
[5.342s] Invoked command in '/home/fnikolay/turtlebot3_ws/src/kf_move' returned '0': PYTHONPATH=/home/fnikolay/turtlebot3_ws/install/kf_move/lib/python3.8/site-packages:${PYTHONPATH} /usr/bin/python3 setup.py egg_info --egg-base ../../build/kf_move build --build-base /home/fnikolay/turtlebot3_ws/build/kf_move/build install --prefix /home/fnikolay/turtlebot3_ws/install/kf_move --record /home/fnikolay/turtlebot3_ws/build/kf_move/install.log --single-version-externally-managed
